2016-07-21 16:29:06,727 - app.origin - INFO - 人皇纪64免费章节
2016-07-21 16:29:06,819 - app.origin - INFO - 已写入第一章 诸夏之亡
2016-07-21 16:29:06,853 - app.origin - INFO - 已写入第二章 再世为人
2016-07-21 16:29:06,893 - app.origin - INFO - 已写入第三章 改变自己
2016-07-21 16:29:06,927 - app.origin - INFO - 已写入第四章 王家的危机
2016-07-21 16:29:06,965 - app.origin - INFO - 已写入第五章 王家第一高手
2016-07-21 16:29:06,999 - app.origin - INFO - 已写入第六章 君子报仇
2016-07-21 16:29:07,034 - app.origin - INFO - 已写入第七章 激怒姚风
2016-07-21 16:29:07,067 - app.origin - INFO - 已写入第八章  大闹广鹤楼
2016-07-21 16:29:07,104 - app.origin - INFO - 已写入第九章 越闹越大
2016-07-21 16:29:07,143 - app.origin - INFO - 已写入第十章 狠狠教训姚风
2016-07-21 16:29:07,179 - app.origin - INFO - 已写入第十一章 王冲劝父
2016-07-21 16:29:07,214 - app.origin - INFO - 已写入第十二章  洞察秋毫
2016-07-21 16:29:07,245 - app.origin - INFO - 已写入第十三章 姚广异的怀疑
2016-07-21 16:29:07,281 - app.origin - INFO - 已写入第十四章 卢廷的耳边风
2016-07-21 16:29:07,322 - app.origin - INFO - 已写入第十五章 发财的机会
2016-07-21 16:29:07,355 - app.origin - INFO - 已写入第十六章 轩然大波
2016-07-21 16:29:07,388 - app.origin - INFO - 已写入第十七章 王冲的发现
2016-07-21 16:29:07,423 - app.origin - INFO - 已写入第十八章 身毒胡僧
2016-07-21 16:29:07,457 - app.origin - INFO - 已写入第十九章 海德拉巴矿石
2016-07-21 16:29:07,489 - app.origin - INFO - 已写入第二十章 新奇的销售总代理
2016-07-21 16:29:07,523 - app.origin - INFO - 已写入第二十一章 惊人的九万两！
2016-07-21 16:29:07,555 - app.origin - INFO - 已写入第二十二章 堂姐王朱颜
2016-07-21 16:29:07,585 - app.origin - INFO - 已写入第二十三章 姊弟演戏
2016-07-21 16:29:07,617 - app.origin - INFO - 已写入第二十四章 八神阁
2016-07-21 16:29:07,649 - app.origin - INFO - 已写入第二十五章 王冲的发小
2016-07-21 16:29:07,683 - app.origin - INFO - 已写入第二十六章  借鸡生蛋
2016-07-21 16:29:07,725 - app.origin - INFO - 已写入第二十七章 苏柏的算计
2016-07-21 16:29:07,757 - app.origin - INFO - 已写入第二十八章 一千七百两黄金
2016-07-21 16:29:07,789 - app.origin - INFO - 已写入第二十九章 王夫人的家法
2016-07-21 16:29:07,823 - app.origin - INFO - 已写入第三十章 宋王的赏赐
2016-07-21 16:29:07,857 - app.origin - INFO - 已写入第三十一章 京城张家
2016-07-21 16:29:07,889 - app.origin - INFO - 已写入第三十二章 王冲的自信
2016-07-21 16:29:07,924 - app.origin - INFO - 已写入第三十三章 龙骨术
2016-07-21 16:29:07,955 - app.origin - INFO - 已写入第三十四章 魏家铁场
2016-07-21 16:29:07,987 - app.origin - INFO - 已写入第三十五章 超越时代的冷煅
2016-07-21 16:29:08,019 - app.origin - INFO - 已写入第三十六章 京师轰动
2016-07-21 16:29:08,050 - app.origin - INFO - 已写入第三十七章 愤怒的齐王
2016-07-21 16:29:08,085 - app.origin - INFO - 已写入第三十八章 家族的重视
2016-07-21 16:29:08,120 - app.origin - INFO - 已写入第三十九章 锋芒毕露
2016-07-21 16:29:08,151 - app.origin - INFO - 已写入第四十章 一鸣惊人！
2016-07-21 16:29:08,184 - app.origin - INFO - 已写入第四十一章  姚家老爷子
2016-07-21 16:29:08,215 - app.origin - INFO - 已写入第四十二章 命运之石
2016-07-21 16:29:08,248 - app.origin - INFO - 已写入第四十三章 五种奖励
2016-07-21 16:29:08,282 - app.origin - INFO - 已写入第四十四章 东窗事发
2016-07-21 16:29:08,316 - app.origin - INFO - 已写入第四十五章  划时代的淬火技术
2016-07-21 16:29:08,353 - app.origin - INFO - 已写入第四十六章 世界上第一柄乌兹钢武器！
2016-07-21 16:29:08,385 - app.origin - INFO - 已写入第四十七章 王冲的计划
2016-07-21 16:29:08,422 - app.origin - INFO - 已写入第四十八章 四大铸剑世家的轻视
2016-07-21 16:29:08,453 - app.origin - INFO - 已写入第四十九章 张淙、张检的不安
2016-07-21 16:29:08,486 - app.origin - INFO - 已写入第五十章 安抚身毒胡僧【盟主加更】
2016-07-21 16:29:08,519 - app.origin - INFO - 已写入第五十一章 条支商人莫赛德
2016-07-21 16:29:08,553 - app.origin - INFO - 已写入第五十二章 刀剑赌斗
2016-07-21 16:29:08,588 - app.origin - INFO - 已写入第五十三章 禁军出现！
2016-07-21 16:29:08,622 - app.origin - INFO - 已写入第五十四章 未来禁军大统领
2016-07-21 16:29:08,656 - app.origin - INFO - 已写入第五十五章 拒绝！【加更！】
2016-07-21 16:29:08,689 - app.origin - INFO - 已写入第五十六章  最后一日！
2016-07-21 16:29:08,726 - app.origin - INFO - 已写入第五十七章 青凤楼上！
2016-07-21 16:29:08,760 - app.origin - INFO - 已写入第五十八章 技惊全场
2016-07-21 16:29:08,794 - app.origin - INFO - 已写入第五十九章  炙手可热！
2016-07-21 16:29:08,827 - app.origin - INFO - 已写入第六十章 激烈争夺！
2016-07-21 16:29:08,862 - app.origin - INFO - 已写入第六十一章  双双拒绝！
2016-07-21 16:29:08,892 - app.origin - INFO - 已写入第六十二章 未来的【大人物】
2016-07-21 16:29:08,924 - app.origin - INFO - 已写入第六十三章 程家家主
2016-07-21 16:29:08,954 - app.origin - INFO - 已写入第六十四章  八方关注
2016-07-21 16:46:05,628 - app.origin - INFO - 我的美女老师1219免费章节
2016-07-21 16:46:05,667 - app.origin - INFO - 已写入第一章 都是盒饭惹的祸
2016-07-21 16:46:05,703 - app.origin - INFO - 已写入第二章 天降奇缘
2016-07-21 16:46:05,737 - app.origin - INFO - 已写入第三章 保安也嚣张
2016-07-21 16:46:05,769 - app.origin - INFO - 已写入第四章 老子就是天
2016-07-21 16:46:05,804 - app.origin - INFO - 已写入第五章 一个嘴巴扇不响
2016-07-21 16:46:05,839 - app.origin - INFO - 已写入第六章 找你老婆闹去
2016-07-21 16:46:05,875 - app.origin - INFO - 已写入第七章 女恶魔
2016-07-21 16:46:05,913 - app.origin - INFO - 已写入第八章 多管闲事的人
2016-07-21 16:46:05,945 - app.origin - INFO - 已写入第九章 巷子里的恶斗
2016-07-21 16:46:05,988 - app.origin - INFO - 已写入第十章 邻家初长成
2016-07-21 16:46:06,075 - app.origin - INFO - 已写入第十一章 开摩托要像开火箭
2016-07-21 16:46:06,108 - app.origin - INFO - 已写入第十二章 番茄酱好吃咩
2016-07-21 16:46:06,143 - app.origin - INFO - 已写入第十三章 神出鬼没
2016-07-21 16:46:06,177 - app.origin - INFO - 已写入第十四章 我要吃酸菜穿白肉
2016-07-21 16:46:06,212 - app.origin - INFO - 已写入第十五章 俩小人
2016-07-21 16:46:06,251 - app.origin - INFO - 已写入第十六章 农用拖拉机的威力
2016-07-21 16:46:06,285 - app.origin - INFO - 已写入第十七章 就这样从楼上坠落
2016-07-21 16:46:06,317 - app.origin - INFO - 已写入第十八章 惊现空空
2016-07-21 16:46:06,349 - app.origin - INFO - 已写入第十九章 你们这对狗男女
2016-07-21 16:46:06,432 - app.origin - INFO - 已写入第二十章 升官发财
2016-07-21 16:46:06,469 - app.origin - INFO - 已写入第二十一章 苏南市的明日之星
2016-07-21 16:46:06,503 - app.origin - INFO - 已写入第二十二章 小小蛇妖
2016-07-21 16:46:06,535 - app.origin - INFO - 已写入第二十三章 女恶魔的烦恼
2016-07-21 16:46:06,571 - app.origin - INFO - 已写入第二十四章 校园自杀事件
2016-07-21 16:46:06,603 - app.origin - INFO - 已写入第二十五章 你是江湖骗子
2016-07-21 16:46:06,643 - app.origin - INFO - 已写入第二十六章 红衣服的厉鬼
2016-07-21 16:46:06,683 - app.origin - INFO - 已写入第二十七章 不是女鬼是美女
2016-07-21 16:46:06,725 - app.origin - INFO - 已写入第二十八章 送你一个愿望
2016-07-21 16:46:06,766 - app.origin - INFO - 已写入第二十九章 和灵魂的交谈
2016-07-21 16:46:06,802 - app.origin - INFO - 已写入第三十章 带着美女回家睡
2016-07-21 16:46:06,838 - app.origin - INFO - 已写入第三十一章 赐给我吧
2016-07-21 16:46:06,878 - app.origin - INFO - 已写入第三十二章 做我的厨师吧
2016-07-21 16:46:06,915 - app.origin - INFO - 已写入第三十三章 发威
2016-07-21 16:46:06,952 - app.origin - INFO - 已写入第三十四章 一山不容二虎
2016-07-21 16:46:06,990 - app.origin - INFO - 已写入第三十五章 海啸前的平静【第一更】
2016-07-21 16:46:07,027 - app.origin - INFO - 已写入第三十六章 谁是老大【第二更】
2016-07-21 16:46:07,063 - app.origin - INFO - 已写入第三十七章 我只是借个火【第三更】
2016-07-21 16:46:07,095 - app.origin - INFO - 已写入第三十八章 我来索命【第一更】
2016-07-21 16:46:07,129 - app.origin - INFO - 已写入第三十九章 保证你不疼【第二更】
2016-07-21 16:46:07,164 - app.origin - INFO - 已写入第四十章 一颗子弹的威力【第三更】
2016-07-21 16:46:07,197 - app.origin - INFO - 已写入第四十一章 神奇的破案速度【第一更】
2016-07-21 16:46:07,231 - app.origin - INFO - 已写入第四十二章 这一场的风起云涌【第二更】
2016-07-21 16:46:07,264 - app.origin - INFO - 已写入第四十三章 十字路口的恶魔【第三更】
2016-07-21 16:46:07,303 - app.origin - INFO - 已写入第四十四章 大家一起来跑操【第一更】
2016-07-21 16:46:07,389 - app.origin - INFO - 已写入第四十五章 我也要开卡宴【第二更】
2016-07-21 16:46:07,423 - app.origin - INFO - 已写入第四十六章 永久小跑王【第三更】
2016-07-21 16:46:07,463 - app.origin - INFO - 已写入第四十七章 斗牛要不要【第一更】
2016-07-21 16:46:07,496 - app.origin - INFO - 已写入第四十八章 一球定江山【第二更】
2016-07-21 16:46:07,529 - app.origin - INFO - 已写入第四十九章 李娜恋爱了【第三更】
2016-07-21 16:46:07,563 - app.origin - INFO - 已写入第五十章 迟钝的男人【第一更】
2016-07-21 16:46:07,595 - app.origin - INFO - 已写入第五十一章 我是和尚你尼姑【第二更】
2016-07-21 16:46:07,659 - app.origin - INFO - 已写入第五十二章 要合租【第三更】
2016-07-21 16:46:07,693 - app.origin - INFO - 已写入第五十三章 一进宫【第一更】
2016-07-21 16:46:07,727 - app.origin - INFO - 已写入第五十四章 特殊爱好的黄律师【第二更】
2016-07-21 16:46:07,764 - app.origin - INFO - 已写入第五十五章 嚣张的社长【第三更】
2016-07-21 16:46:07,799 - app.origin - INFO - 已写入第五十六章 热舞的苏姬【第一更】
2016-07-21 16:46:07,832 - app.origin - INFO - 已写入第五十七章 一张嘴五十万【第二更】
2016-07-21 16:46:07,864 - app.origin - INFO - 已写入第五十八章 冤家路窄啊【第三更】
2016-07-21 16:46:07,896 - app.origin - INFO - 已写入第五十九章 我要清场了【第一更】
2016-07-21 16:46:07,934 - app.origin - INFO - 已写入第六十章 别来惹我【第二更】
2016-07-21 16:46:07,965 - app.origin - INFO - 已写入第六十一章 药店的误会【第三更】
2016-07-21 16:46:07,998 - app.origin - INFO - 已写入第六十二章 别招惹我妹妹【第一更】
2016-07-21 16:46:08,031 - app.origin - INFO - 已写入第六十三章 观想罗德【第二更】
2016-07-21 16:46:08,063 - app.origin - INFO - 已写入第六十四章 阎罗门【第三更】
2016-07-21 16:46:08,097 - app.origin - INFO - 已写入第六十六章 是男人不搞基【第一更】
2016-07-21 16:46:08,130 - app.origin - INFO - 已写入第六十六章 孙晓峰暴走【第二更】
2016-07-21 16:46:08,163 - app.origin - INFO - 已写入第六十七章 快递和手电筒【第三更】
2016-07-21 16:46:08,200 - app.origin - INFO - 已写入第六十八章 地下车场的刺杀【新年第四更】
2016-07-21 16:46:08,231 - app.origin - INFO - 已写入第六十九章 把苏妃带回家【第一更】
2016-07-21 16:46:08,265 - app.origin - INFO - 已写入第七十章 苏妃要借宿【第二更】
2016-07-21 16:46:08,298 - app.origin - INFO - 已写入第七十一章 犯错误【第三更】
2016-07-21 16:46:08,332 - app.origin - INFO - 已写入第七十二章 这就是苏南市【第一更】
2016-07-21 16:46:08,364 - app.origin - INFO - 已写入第七十三章 做我的女朋友吧【第二更】
2016-07-21 16:46:08,397 - app.origin - INFO - 已写入第七十四章 深夜追逐【第三更】
2016-07-21 16:46:08,431 - app.origin - INFO - 已写入第七十五章 来抱一个【第一更】
2016-07-21 16:46:08,464 - app.origin - INFO - 已写入第七十六章 我要吃糖醋排骨【第二更】
2016-07-21 16:46:08,499 - app.origin - INFO - 已写入第七十七章 打得很不爽【第三更】
2016-07-21 16:46:08,533 - app.origin - INFO - 已写入第七十八章 夜幕下的杀手【第一更】
2016-07-21 16:46:08,567 - app.origin - INFO - 已写入第七十九章 杀人如麻【第二更】
2016-07-21 16:46:08,603 - app.origin - INFO - 已写入第八十章 你没死吧【第三更】
2016-07-21 16:46:08,635 - app.origin - INFO - 已写入第八十一章 你们都是花拳绣腿
2016-07-21 16:46:08,721 - app.origin - INFO - 已写入第八十二章 这是神马道
2016-07-21 16:46:08,767 - app.origin - INFO - 已写入第八十三章 妖兽门的门主
2016-07-21 16:46:08,803 - app.origin - INFO - 已写入第八十四章 专治各种不服
2016-07-21 16:46:08,837 - app.origin - INFO - 已写入第八十五章 强力的管家
2016-07-21 16:46:08,873 - app.origin - INFO - 已写入第八十六章 带你老婆让我照两张
2016-07-21 16:46:08,905 - app.origin - INFO - 已写入第八十七章 吃货
2016-07-21 16:46:08,939 - app.origin - INFO - 已写入第八十八章 高傲的富家萝莉
2016-07-21 16:46:08,971 - app.origin - INFO - 已写入第八十九章 你的王牌保镖
2016-07-21 16:46:09,005 - app.origin - INFO - 已写入第九十章 吃蛋糕吧
2016-07-21 16:46:09,044 - app.origin - INFO - 已写入第九十一章 来了个吸血鬼
2016-07-21 16:46:09,077 - app.origin - INFO - 已写入第九十二章 触手情节【第一更】
2016-07-21 16:46:09,111 - app.origin - INFO - 已写入第九十三章 挥刀自宫【第二更】
2016-07-21 16:46:09,145 - app.origin - INFO - 已写入第九十四章 上门要债【第三更】
2016-07-21 16:46:09,178 - app.origin - INFO - 已写入第九十五章 谈笑间房价灰飞烟灭【第一更】
2016-07-21 16:46:09,211 - app.origin - INFO - 已写入第九十六章 牺牲一下【第二更】
2016-07-21 16:46:09,245 - app.origin - INFO - 已写入第九十七章 和尚与金刚经【第三更】
2016-07-21 16:46:09,278 - app.origin - INFO - 已写入第九十八章 释放大师的徒弟
2016-07-21 16:46:09,367 - app.origin - INFO - 已写入第九十九章 谁敢拦我
2016-07-21 16:46:09,403 - app.origin - INFO - 已写入第一百章 温柔的小保姆【第一更】
2016-07-21 16:46:09,433 - app.origin - INFO - 已写入第一百零一章 傲娇萝莉【第二更】
2016-07-21 16:46:09,466 - app.origin - INFO - 已写入第一百零二章 第二个愿望【第三更】
2016-07-21 16:46:09,498 - app.origin - INFO - 已写入第一百零三章 披着人皮的猪精
2016-07-21 16:46:09,532 - app.origin - INFO - 已写入第一百零四章 魔罗汉
2016-07-21 16:46:09,573 - app.origin - INFO - 已写入第一百零五章 咖啡进行曲
2016-07-21 16:46:09,604 - app.origin - INFO - 已写入第一百零六章 保镖PK富家女
2016-07-21 16:46:09,635 - app.origin - INFO - 已写入第一百零七章 又见奶牛MM
2016-07-21 16:46:09,672 - app.origin - INFO - 已写入第一百零八章 PSP玩出的祸
2016-07-21 16:46:09,704 - app.origin - INFO - 已写入第一百零九章 养成游戏【第一更】
2016-07-21 16:46:09,735 - app.origin - INFO - 已写入第一百一十章 女人反抗赛【第二更】
2016-07-21 16:46:09,766 - app.origin - INFO - 已写入第一百一十一章 吃顿饭也不容易【第三更】
2016-07-21 16:46:09,798 - app.origin - INFO - 已写入第一百一十二章 吃饭要吃七分饱【第一更】
2016-07-21 16:46:09,837 - app.origin - INFO - 已写入第一百一十三章 四面楚歌【第二更】
2016-07-21 16:46:09,868 - app.origin - INFO - 已写入第一百一十四章 不信你看【第三更】
2016-07-21 16:46:09,901 - app.origin - INFO - 已写入第一百一十五章 跳楼【第一更】
2016-07-21 16:46:09,933 - app.origin - INFO - 已写入第一百一十六章 不一样的余露【第二更】
2016-07-21 16:46:09,966 - app.origin - INFO - 已写入第一百一十七章 煲汤之中的爱意【第三更】
2016-07-21 16:46:10,000 - app.origin - INFO - 已写入第一百一十八章 在那大雄宝殿上
2016-07-21 16:46:10,032 - app.origin - INFO - 已写入第一百一十九章 别咬啊
2016-07-21 16:46:10,073 - app.origin - INFO - 已写入第一百二十章 都是冰淇淋惹的祸【第一更】
2016-07-21 16:46:10,104 - app.origin - INFO - 已写入第一百二十一章 不给力的大摆锤【第二更】
2016-07-21 16:46:10,135 - app.origin - INFO - 已写入第一百二十二章 快乐的赌注【第三更】
2016-07-21 16:46:10,167 - app.origin - INFO - 已写入第一百二十三章 鬼屋冒险记
2016-07-21 16:46:10,202 - app.origin - INFO - 已写入第一百二十四章 悲剧的工作人员
2016-07-21 16:46:10,252 - app.origin - INFO - 已写入第一百二十五章 子弹也不怕【第一更】
2016-07-21 16:46:10,284 - app.origin - INFO - 已写入第一百二十六章 鬼屋里的故事【第二更】
2016-07-21 16:46:10,316 - app.origin - INFO - 已写入第一百二十七章 遇到俩个人【第三更】
2016-07-21 16:46:10,350 - app.origin - INFO - 已写入第一百二十八章 自由落体【第一更】
2016-07-21 16:46:10,381 - app.origin - INFO - 已写入第一百二十九章 和死亡追逐【第二更】
2016-07-21 16:46:10,416 - app.origin - INFO - 已写入第一百三十章 我的永久二八【第三更】
2016-07-21 16:46:10,457 - app.origin - INFO - 已写入第一百三十一章 无奈的迷路了【第一更】
2016-07-21 16:46:10,492 - app.origin - INFO - 已写入第一百三十二章 我要学煲汤【第二更】
2016-07-21 16:46:10,525 - app.origin - INFO - 已写入第一百三十三章 厨房的战斗【第三更】
2016-07-21 16:46:10,583 - app.origin - INFO - 已写入第一百三十四章 喝汤吧
2016-07-21 16:46:10,615 - app.origin - INFO - 已写入第一百三十五章 谁是你的未婚妻
2016-07-21 16:46:10,648 - app.origin - INFO - 已写入第一百三十六章 魔鬼终结者【第一更】
2016-07-21 16:46:10,679 - app.origin - INFO - 已写入第一百三十七章 还吃啊【第二更】
2016-07-21 16:46:10,714 - app.origin - INFO - 已写入第一百三十八章 控制廖莎莎【第三更】
2016-07-21 16:46:10,755 - app.origin - INFO - 已写入第一百三十九章 离魂夜
2016-07-21 16:46:10,785 - app.origin - INFO - 已写入第一百四十章 下地狱
2016-07-21 16:46:10,818 - app.origin - INFO - 已写入第一百四十一章 鬼门关【第一更】
2016-07-21 16:46:10,852 - app.origin - INFO - 已写入第一百四十二章 遇到一个小萝莉【第二更】
2016-07-21 16:46:10,885 - app.origin - INFO - 已写入第一百四十三章 强横的魔罗汉【第三更】
2016-07-21 16:46:10,921 - app.origin - INFO - 已写入第一百四十四章 没有欢乐豆啊
2016-07-21 16:46:10,952 - app.origin - INFO - 已写入第一百四十五章 痴肥的默爷
2016-07-21 16:46:10,985 - app.origin - INFO - 已写入第一百四十六章 鬼王的能力【第一更】
2016-07-21 16:46:11,021 - app.origin - INFO - 已写入第一百四十七章 人家没有吸引力【第二更】
2016-07-21 16:46:11,052 - app.origin - INFO - 已写入第一百四十八章 罗德复苏【第三更】
2016-07-21 16:46:11,086 - app.origin - INFO - 已写入第一百四十九章 我们同归于尽【第一更】
2016-07-21 16:46:11,117 - app.origin - INFO - 已写入第一百五十章 宝宝的妈妈【第二更】
2016-07-21 16:46:11,154 - app.origin - INFO - 已写入第一百五十一章 重生的机会【第三更】
2016-07-21 16:46:11,185 - app.origin - INFO - 已写入第一百五十二章 不平静的一家
2016-07-21 16:46:11,221 - app.origin - INFO - 已写入第一百五十三章 神秘女忍者
2016-07-21 16:46:11,255 - app.origin - INFO - 已写入第一百五十四章 余露被绑案
2016-07-21 16:46:11,287 - app.origin - INFO - 已写入第一百五十五章 街头卖花女
2016-07-21 16:46:11,320 - app.origin - INFO - 已写入第一百五十六章 黑暗中的枪手
2016-07-21 16:46:11,351 - app.origin - INFO - 已写入第一百五十七章 月夜下的魔神
2016-07-21 16:46:11,383 - app.origin - INFO - 已写入第一百五十八章 我太帅了
2016-07-21 16:46:11,418 - app.origin - INFO - 已写入第一百五十九章 洒家这辈子也值了
2016-07-21 16:46:11,451 - app.origin - INFO - 已写入第一百六十章 吊起来
2016-07-21 16:46:11,481 - app.origin - INFO - 已写入第一百六十一章 战胜女忍者
2016-07-21 16:46:11,515 - app.origin - INFO - 已写入第一百六十二章 名牌内衣店【第一更】
2016-07-21 16:46:11,552 - app.origin - INFO - 已写入第一百六十三章 是爷们不【第二更】
2016-07-21 16:46:11,587 - app.origin - INFO - 已写入第一百六十四章 酒吧里的火拼【第三更】
2016-07-21 16:46:11,621 - app.origin - INFO - 已写入第一百六十五章 只是个保镖【第一更】
2016-07-21 16:46:11,652 - app.origin - INFO - 已写入第一百六十六章 我是秦朝【第二更】
2016-07-21 16:46:11,683 - app.origin - INFO - 已写入第一百六十七章 未来老板娘【第三更】
2016-07-21 16:46:11,716 - app.origin - INFO - 已写入第一百六十八章 卫生间的对话
2016-07-21 16:46:11,753 - app.origin - INFO - 已写入第一百六十九章 我俩是清白的
2016-07-21 16:46:11,786 - app.origin - INFO - 已写入第一百七十章 楼梯里的作怪
2016-07-21 16:46:11,818 - app.origin - INFO - 已写入第一百七十一章 怎么治病
2016-07-21 16:46:11,852 - app.origin - INFO - 已写入第一百七十二章 难缠的女人
2016-07-21 16:46:11,885 - app.origin - INFO - 已写入第一百七十三章 吃了回元丹
2016-07-21 16:46:11,916 - app.origin - INFO - 已写入第一百七十四章 赶紧生个娃
2016-07-21 16:46:11,953 - app.origin - INFO - 已写入第一百七十五章 董事长争夺战
2016-07-21 16:46:11,997 - app.origin - INFO - 已写入第一百七十六章 我是董事长【第一更】
2016-07-21 16:46:12,033 - app.origin - INFO - 已写入第一百七十七章 江湖尊称秦爷【第二更】
2016-07-21 16:46:12,065 - app.origin - INFO - 已写入第一百七十八章 一口喝光哦【第三更】
2016-07-21 16:46:12,101 - app.origin - INFO - 已写入第一百七十九章 大叔滚开【第一更】
2016-07-21 16:46:12,135 - app.origin - INFO - 已写入第一百八十章 都喝多了【第二更】
2016-07-21 16:46:12,167 - app.origin - INFO - 已写入第一百八十一章 囚魂锁•终结【第三更】
2016-07-21 16:46:12,203 - app.origin - INFO - 已写入第一百八十二章 魔犬附体【第一更】
2016-07-21 16:46:12,241 - app.origin - INFO - 已写入第一百八十三章 让您躺着回去【第二更】
2016-07-21 16:46:12,271 - app.origin - INFO - 已写入第一百八十四章 那家伙不中用【第三更】
2016-07-21 16:46:12,304 - app.origin - INFO - 已写入第一百八十五章 我不当小三
2016-07-21 16:46:12,386 - app.origin - INFO - 已写入第一百八十六章 医院里的冲突
2016-07-21 16:46:12,441 - app.origin - INFO - 已写入第一百八十七章 我的苏姬
2016-07-21 16:46:12,474 - app.origin - INFO - 已写入第一百八十八章 难缠的和尚
2016-07-21 16:46:12,511 - app.origin - INFO - 已写入第一百八十九章 超度了你吧
2016-07-21 16:46:12,546 - app.origin - INFO - 已写入第一百九十章 救命的蛇妖
2016-07-21 16:46:12,580 - app.origin - INFO - 已写入第一百九十一章 罗德你大爷
2016-07-21 16:46:12,615 - app.origin - INFO - 已写入第一百九十二章 宝剑出鞘
2016-07-21 16:46:12,651 - app.origin - INFO - 已写入第一百九十三章 恶魔的赠礼
2016-07-21 16:46:12,685 - app.origin - INFO - 已写入第一百九十四章 不找男朋友
2016-07-21 16:46:12,716 - app.origin - INFO - 已写入第一百九十五章 疯子女警察【第一更】
2016-07-21 16:46:12,751 - app.origin - INFO - 已写入第一百九十六章 叫声哥哥【第二更】
2016-07-21 16:46:12,785 - app.origin - INFO - 已写入第一百九十七章 给我蹲着去【第三更】
2016-07-21 16:46:12,824 - app.origin - INFO - 已写入第一百九十八章 踏过我的尸体【第一更】
2016-07-21 16:46:12,914 - app.origin - INFO - 已写入第一百九十九章 女警花【第二更】
2016-07-21 16:46:12,951 - app.origin - INFO - 已写入第二百章 岳父要驾到【第三更】
2016-07-21 16:46:12,982 - app.origin - INFO - 已写入第二百零一章 秦曹，我要约你此饭
2016-07-21 16:46:13,015 - app.origin - INFO - 已写入第二百零二章 小小狐妖
2016-07-21 16:46:13,047 - app.origin - INFO - 已写入第二百零三章 聚众闹事
2016-07-21 16:46:13,077 - app.origin - INFO - 已写入第二百零四章 想杀我的人，都死了
2016-07-21 16:46:13,112 - app.origin - INFO - 已写入第二百零五章 非抓你不可
2016-07-21 16:46:13,143 - app.origin - INFO - 已写入第二百零六章 极度危险的犯人
2016-07-21 16:46:13,176 - app.origin - INFO - 已写入第二百零七章 征服女恶魔
2016-07-21 16:46:13,212 - app.origin - INFO - 已写入第二百零八章 双胞胎同车行
2016-07-21 16:46:13,245 - app.origin - INFO - 已写入第二百零九章 难道是秦朝
2016-07-21 16:46:13,280 - app.origin - INFO - 已写入第二百一十章 给我反思去
2016-07-21 16:46:13,312 - app.origin - INFO - 已写入第二百一十一章 龙贝儿的酒吧【第一更】
2016-07-21 16:46:13,346 - app.origin - INFO - 已写入第二百一十二章 哭着向我道歉【第二更】
2016-07-21 16:46:13,381 - app.origin - INFO - 已写入第二百一十三章 百合女【第三更】
2016-07-21 16:46:13,414 - app.origin - INFO - 已写入第二百一十四章 打了你【第一更】
2016-07-21 16:46:13,455 - app.origin - INFO - 已写入第二百一十五章 只是吓唬你【第二更】
2016-07-21 16:46:13,487 - app.origin - INFO - 已写入第二百一十六章 送礼要送猪头肉【第三更】
2016-07-21 16:46:13,521 - app.origin - INFO - 已写入第二百一十七章 请吃饭
2016-07-21 16:46:13,555 - app.origin - INFO - 已写入第二百一十八章 老师和空姐
2016-07-21 16:46:13,592 - app.origin - INFO - 已写入第二百一十九章 人靠衣装【第一更】
2016-07-21 16:46:13,625 - app.origin - INFO - 已写入第二百二十章 赔门吧【第二更】
2016-07-21 16:46:13,659 - app.origin - INFO - 已写入第二百二十一章 貌似是熟人【第三更】
2016-07-21 16:46:13,693 - app.origin - INFO - 已写入第二百二十二章 睡觉做噩梦【第四更】
2016-07-21 16:46:13,725 - app.origin - INFO - 已写入第二百二十三章 你只是一穷二白
2016-07-21 16:46:13,759 - app.origin - INFO - 已写入第二百二十四章 你也不是大人物
2016-07-21 16:46:13,790 - app.origin - INFO - 已写入第二百二十五章 一年之约
2016-07-21 16:46:13,822 - app.origin - INFO - 已写入第二百二十六章 介绍工作
2016-07-21 16:46:13,861 - app.origin - INFO - 已写入第二百二十七章 故意整我
2016-07-21 16:46:13,895 - app.origin - INFO - 已写入第二百二十八章 冰山老太婆
2016-07-21 16:46:13,931 - app.origin - INFO - 已写入第二百二十九章 不伦不类【第一更】
2016-07-21 16:46:13,964 - app.origin - INFO - 已写入第二百三十章 谁是经理【第二更】
2016-07-21 16:46:13,999 - app.origin - INFO - 已写入第二百三十一章 竟然要坐公交车【第三更】
2016-07-21 16:46:14,031 - app.origin - INFO - 已写入第二百三十二章 百度一下【第一更】
2016-07-21 16:46:14,062 - app.origin - INFO - 已写入第二百三十三章 一罐可乐【第二更】
2016-07-21 16:46:14,093 - app.origin - INFO - 已写入第二百三十四章 一杯换三杯【第三更】
2016-07-21 16:46:14,126 - app.origin - INFO - 已写入第二百三十五章 喝多少我陪你
2016-07-21 16:46:14,156 - app.origin - INFO - 已写入第二百三十六章 我不是杨帆
2016-07-21 16:46:14,191 - app.origin - INFO - 已写入第二百三十七章 拿你试一试
2016-07-21 16:46:14,222 - app.origin - INFO - 已写入第二百三十八章 我看你敢不敢吊
2016-07-21 16:46:14,255 - app.origin - INFO - 已写入第二百三十九章 我不是情圣
2016-07-21 16:46:14,288 - app.origin - INFO - 已写入第二百四十章 我就是你
2016-07-21 16:46:14,322 - app.origin - INFO - 已写入第二百四十一章 苏姬的法印【第一更】
2016-07-21 16:46:14,356 - app.origin - INFO - 已写入第二百四十二章 邪王剑【第二更】
2016-07-21 16:46:14,391 - app.origin - INFO - 已写入第二百四十三章 御剑飞行【第三更】
2016-07-21 16:46:14,423 - app.origin - INFO - 已写入第二百四十四章 恶魔说话不算数【第四更】
2016-07-21 16:46:14,455 - app.origin - INFO - 已写入第二百四十五章 洗头房鬼混【第一更】
2016-07-21 16:46:14,492 - app.origin - INFO - 已写入第二百四十六章 我的冤家【第二更】
2016-07-21 16:46:14,524 - app.origin - INFO - 已写入第二百四十七章 办公室传说【第三更】
2016-07-21 16:46:14,557 - app.origin - INFO - 已写入第二百四十八章 就这样死了么【第四更】
2016-07-21 16:46:14,592 - app.origin - INFO - 已写入第二百四十九章 鬼犬的尸体
2016-07-21 16:46:14,627 - app.origin - INFO - 已写入第二百五十章 激情公路赛
2016-07-21 16:46:14,661 - app.origin - INFO - 已写入第二百五十一章 石鑫的男友
2016-07-21 16:46:14,695 - app.origin - INFO - 已写入第二百五十二章 大家来跳舞
2016-07-21 16:46:14,727 - app.origin - INFO - 已写入第二百五十三章 舞池中的情愫
2016-07-21 16:46:14,762 - app.origin - INFO - 已写入第二百五十四章 牵着你的手
2016-07-21 16:46:14,793 - app.origin - INFO - 已写入第二百五十五章 蜀山弟子
2016-07-21 16:46:14,824 - app.origin - INFO - 已写入第二百五十六章 你是谁
2016-07-21 16:46:14,860 - app.origin - INFO - 已写入第二百五十七章 剑斗
2016-07-21 16:46:14,896 - app.origin - INFO - 已写入第二百五十八章 哇，仙女
2016-07-21 16:46:14,932 - app.origin - INFO - 已写入第二百五十九章 飘渺云罗袖
2016-07-21 16:46:14,967 - app.origin - INFO - 已写入第二百六十章 落到我手中
2016-07-21 16:46:15,001 - app.origin - INFO - 已写入第二百六十一章 来，喝咖啡
2016-07-21 16:46:15,034 - app.origin - INFO - 已写入第二百六十二章 秦朝哥哥
2016-07-21 16:46:15,068 - app.origin - INFO - 已写入第二百六十三章 小心你的腿【第一更】
2016-07-21 16:46:15,101 - app.origin - INFO - 已写入第二百六十四章 九幽毒蛛【第二更】
2016-07-21 16:46:15,133 - app.origin - INFO - 已写入第二百六十五章 香水百合【第三更】
2016-07-21 16:46:15,172 - app.origin - INFO - 已写入第二百六十六章 内讧【祝李醋生日快乐】
2016-07-21 16:46:15,206 - app.origin - INFO - 已写入第二百六十七章 僵尸道术【第一更】
2016-07-21 16:46:15,242 - app.origin - INFO - 已写入第二百六十八章 沈清发威【第二更】
2016-07-21 16:46:15,275 - app.origin - INFO - 已写入第二百六十九章 魔罗汉显威【第三更】
2016-07-21 16:46:15,309 - app.origin - INFO - 已写入第二百七十章 一人一招
2016-07-21 16:46:15,343 - app.origin - INFO - 已写入第二百七十一章 不守信用
2016-07-21 16:46:15,425 - app.origin - INFO - 已写入第二百七十二章 我是老实人
2016-07-21 16:46:15,483 - app.origin - INFO - 已写入第二百七十三章 美丽与杀气
2016-07-21 16:46:15,517 - app.origin - INFO - 已写入第二百七十四章 二佛相争
2016-07-21 16:46:15,551 - app.origin - INFO - 已写入第二百七十五章 蛇妖和蜀山
2016-07-21 16:46:15,584 - app.origin - INFO - 已写入第二百七十六章 天雷之威
2016-07-21 16:46:15,621 - app.origin - INFO - 已写入第二百七十七章 黑手
2016-07-21 16:46:15,653 - app.origin - INFO - 已写入第二百七十八章 危机重重
2016-07-21 16:46:15,687 - app.origin - INFO - 已写入第二百七十九章 金色的剑
2016-07-21 16:46:15,724 - app.origin - INFO - 已写入第二百八十章 一起下地狱吧【第一更】
2016-07-21 16:46:15,758 - app.origin - INFO - 已写入第二百八十一章 来日方长【第二更】
2016-07-21 16:46:15,791 - app.origin - INFO - 已写入第二百八十二章 防御小三刀【第三更】
2016-07-21 16:46:15,823 - app.origin - INFO - 已写入第二百八十三章 收买
2016-07-21 16:46:15,858 - app.origin - INFO - 已写入第二百八十四章 又是他
2016-07-21 16:46:15,891 - app.origin - INFO - 已写入第二百八十五章 你就吹吧
2016-07-21 16:46:15,924 - app.origin - INFO - 已写入第二百八十六章 有人跟踪
2016-07-21 16:46:15,956 - app.origin - INFO - 已写入第二百八十七章 忍者部队
2016-07-21 16:46:15,992 - app.origin - INFO - 已写入第二百八十八章 一脚踩死
2016-07-21 16:46:16,031 - app.origin - INFO - 已写入第二百八十九章 天狗的计划
2016-07-21 16:46:16,062 - app.origin - INFO - 已写入第二百九十章 背叛
2016-07-21 16:46:16,093 - app.origin - INFO - 已写入写给手机读者的信
2016-07-21 16:46:16,130 - app.origin - INFO - 已写入第二百九十一章 不要打女人
2016-07-21 16:46:16,163 - app.origin - INFO - 已写入第二百九十二章 进来帮个忙
2016-07-21 16:46:16,196 - app.origin - INFO - 已写入第二百九十三章 走错女厕所
2016-07-21 16:46:16,231 - app.origin - INFO - 已写入第二百九十四章 拆穿你的嘴脸
2016-07-21 16:46:16,263 - app.origin - INFO - 已写入第二百九十五章 为了宝宝【第一更】
2016-07-21 16:46:16,300 - app.origin - INFO - 已写入第二百九十六章 天生力大【第二更】
2016-07-21 16:46:16,336 - app.origin - INFO - 已写入第二百九十七章 火车站【第三更】
2016-07-21 16:46:16,395 - app.origin - INFO - 已写入开单章，来支持女恶魔罗茜~
2016-07-21 16:46:16,456 - app.origin - INFO - 已写入第二百九十八章 耍流氓【第一更】
2016-07-21 16:46:16,562 - app.origin - INFO - 已写入第二百九十九章 以后跟你混【第二更】
2016-07-21 16:46:16,594 - app.origin - INFO - 已写入第三百章 你是特工【第三更】
2016-07-21 16:46:16,627 - app.origin - INFO - 已写入第三百零一章 请你吃海鲜
2016-07-21 16:46:16,661 - app.origin - INFO - 已写入第三百零二章 上忍
2016-07-21 16:46:16,693 - app.origin - INFO - 已写入第三百零三章 白鸟先生
2016-07-21 16:46:16,726 - app.origin - INFO - 已写入第三百零四章 九幽邪虎
2016-07-21 16:46:16,760 - app.origin - INFO - 已写入第三百零五章 你变聪明了
2016-07-21 16:46:16,795 - app.origin - INFO - 已写入第三百零六章 乌鸦天狗
2016-07-21 16:46:16,851 - app.origin - INFO - 已写入第三百零七章 诡异出租车
2016-07-21 16:46:16,883 - app.origin - INFO - 已写入第三百零八章 你到底是谁
2016-07-21 16:46:16,916 - app.origin - INFO - 已写入第三百零九章 第七科
2016-07-21 16:46:16,950 - app.origin - INFO - 已写入第三百一十章 特殊部门
2016-07-21 16:46:16,982 - app.origin - INFO - 已写入第三百一十一章 第七科的福利【第一更】
2016-07-21 16:46:17,015 - app.origin - INFO - 已写入第三百一十二章 帮人看病【第二更】
2016-07-21 16:46:17,051 - app.origin - INFO - 已写入第三百一十三章 哪里来的死鬼【第三更】
2016-07-21 16:46:17,082 - app.origin - INFO - 已写入第三百一十四章 神医啊神医【第一更】
2016-07-21 16:46:17,112 - app.origin - INFO - 已写入第三百一十五章 大阴阳邪王剑【第二更】
2016-07-21 16:46:17,147 - app.origin - INFO - 已写入第三百一十六章 山花小镇【第三更】
2016-07-21 16:46:17,178 - app.origin - INFO - 已写入第三百一十七章 这疯子是谁
2016-07-21 16:46:17,211 - app.origin - INFO - 已写入第三百一十八章 残心剑阵
2016-07-21 16:46:17,243 - app.origin - INFO - 已写入第三百一十九章 固执的老和尚
2016-07-21 16:46:17,275 - app.origin - INFO - 已写入第三百二十章 老衲要收了你
2016-07-21 16:46:17,306 - app.origin - INFO - 已写入第三百二十一章 被镇压
2016-07-21 16:46:17,336 - app.origin - INFO - 已写入第三百二十二章 大阴阳邪王杀
2016-07-21 16:46:17,370 - app.origin - INFO - 已写入第三百二十三章 金刚菩提手
2016-07-21 16:46:17,403 - app.origin - INFO - 已写入第三百二十四章 老子看他不爽
2016-07-21 16:46:17,435 - app.origin - INFO - 已写入第三百二十五章 捡了大便宜
2016-07-21 16:46:17,466 - app.origin - INFO - 已写入第三百二十六章 来嘛，许个愿
2016-07-21 16:46:17,501 - app.origin - INFO - 已写入第三百二十七章 当我们是善堂吗
2016-07-21 16:46:17,532 - app.origin - INFO - 已写入第三百二十八章 妹妹的男朋友
2016-07-21 16:46:17,564 - app.origin - INFO - 已写入第三百二十九章 寻找僵尸王
2016-07-21 16:46:17,596 - app.origin - INFO - 已写入第三百三十章 更年期到了
2016-07-21 16:46:17,630 - app.origin - INFO - 已写入第三百三十一章 在乎她【第一更】
2016-07-21 16:46:17,661 - app.origin - INFO - 已写入第三百三十二章 爆发吧，小宇宙【第二更】
2016-07-21 16:46:17,694 - app.origin - INFO - 已写入第三百三十三章 给我安静点【第三更】
2016-07-21 16:46:17,732 - app.origin - INFO - 已写入第三百三十四章 照顾好你自己【第一更】
2016-07-21 16:46:17,764 - app.origin - INFO - 已写入第三百三十五章 同学会的电话【第二更】
2016-07-21 16:46:17,796 - app.origin - INFO - 已写入第三百三十六章 女伴问题【第三更】
2016-07-21 16:46:17,827 - app.origin - INFO - 已写入第三百三十七章 你在做神马？
2016-07-21 16:46:17,862 - app.origin - INFO - 已写入第三百三十八章 神算
2016-07-21 16:46:17,893 - app.origin - INFO - 已写入第三百三十九章 大蒜味
2016-07-21 16:46:17,928 - app.origin - INFO - 已写入第三百四十章 当个清洁工
2016-07-21 16:46:17,961 - app.origin - INFO - 已写入第三百四十一章 大明星驾到
2016-07-21 16:46:17,994 - app.origin - INFO - 已写入第三百四十二章 排骨很好吃啊
2016-07-21 16:46:18,028 - app.origin - INFO - 已写入第三百四十三章 公主的日子【第一更】
2016-07-21 16:46:18,061 - app.origin - INFO - 已写入第三百四十四章 做错了吗【第二更】
2016-07-21 16:46:18,094 - app.origin - INFO - 已写入第三百四十五章 女恶魔的魅力【第三更】
2016-07-21 16:46:18,127 - app.origin - INFO - 已写入第三百四十六章 苍蝇来了【第一更】
2016-07-21 16:46:18,161 - app.origin - INFO - 已写入第三百四十七章 罗茜的魅力【第二更】
2016-07-21 16:46:18,195 - app.origin - INFO - 已写入第三百四十八章 杀人豁免权【第三更】
2016-07-21 16:46:18,233 - app.origin - INFO - 已写入第三百四十九章 我的女恶魔
2016-07-21 16:46:18,266 - app.origin - INFO - 已写入第三百五十章 不能逃
2016-07-21 16:46:18,297 - app.origin - INFO - 已写入第三百五十一章 杀人不用帮忙
2016-07-21 16:46:18,330 - app.origin - INFO - 已写入第三百五十二章 给你自由
2016-07-21 16:46:18,364 - app.origin - INFO - 已写入第三百五十三章 当小受
2016-07-21 16:46:18,398 - app.origin - INFO - 已写入第三百五十四章 偷渡
2016-07-21 16:46:18,430 - app.origin - INFO - 已写入第三百五十五章 给老子脱了
2016-07-21 16:46:18,466 - app.origin - INFO - 已写入第三百五十六章 人性
2016-07-21 16:46:18,499 - app.origin - INFO - 已写入第三百五十七章 鲨鱼
2016-07-21 16:46:18,533 - app.origin - INFO - 已写入第三百五十八章 关于熙的联想
2016-07-21 16:46:18,564 - app.origin - INFO - 已写入第三百五十九章 渔船傀儡【第一更】
2016-07-21 16:46:18,598 - app.origin - INFO - 已写入第三百六十章 我的代号【第二更】
2016-07-21 16:46:18,631 - app.origin - INFO - 已写入第三百六十一章 自己找死【第三更】
2016-07-21 16:46:18,665 - app.origin - INFO - 已写入第三百六十二章 你就是空姐【第一更】
2016-07-21 16:46:18,699 - app.origin - INFO - 已写入第三百六十三章 基因兽【第二更】
2016-07-21 16:46:18,730 - app.origin - INFO - 已写入第三百六十四章 宅男必备【第三更】
2016-07-21 16:46:18,765 - app.origin - INFO - 已写入第三百六十五章 会跑的门【第一更】
2016-07-21 16:46:18,796 - app.origin - INFO - 已写入第三百六十六章 仁武会馆【第二更】
2016-07-21 16:46:18,839 - app.origin - INFO - 已写入第三百六十七章 美丽女师姐【第三更】
2016-07-21 16:46:18,870 - app.origin - INFO - 已写入第三百六十八章 你打我也打
2016-07-21 16:46:18,905 - app.origin - INFO - 已写入第三百六十九章 挑战书
2016-07-21 16:46:18,937 - app.origin - INFO - 已写入第三百七十章 退钱退钱
2016-07-21 16:46:18,970 - app.origin - INFO - 已写入第三百七十一章 安晴右三
2016-07-21 16:46:19,009 - app.origin - INFO - 已写入第三百七十二章 鬼将修罗
2016-07-21 16:46:19,041 - app.origin - INFO - 已写入第三百七十三章 把他的父母抓来
2016-07-21 16:46:19,073 - app.origin - INFO - 已写入第三百七十四章 式神我要了
2016-07-21 16:46:19,104 - app.origin - INFO - 已写入第三百七十五章 安晴倍熙
2016-07-21 16:46:19,136 - app.origin - INFO - 已写入第三百七十六章 安能辩你是雌雄【第一更】
2016-07-21 16:46:19,168 - app.origin - INFO - 已写入第三百七十七章 天下第一杀手【第二更】
2016-07-21 16:46:19,200 - app.origin - INFO - 已写入第三百七十八章 下任家主【第三更】
2016-07-21 16:46:19,230 - app.origin - INFO - 已写入第三百七十九章 传承之物【第一更】
2016-07-21 16:46:19,262 - app.origin - INFO - 已写入第三百八十章 不归顺，就去死【第二更】
2016-07-21 16:46:19,293 - app.origin - INFO - 已写入第三百八十一章 造神计划【第三更】
2016-07-21 16:46:19,328 - app.origin - INFO - 已写入第三百八十二章 选一款吧
2016-07-21 16:46:19,361 - app.origin - INFO - 已写入第三百八十三章 你很暴力
2016-07-21 16:46:19,394 - app.origin - INFO - 已写入第三百八十四章 你是个好人
2016-07-21 16:46:19,428 - app.origin - INFO - 已写入第三百八十五章 我是小白脸
2016-07-21 16:46:19,463 - app.origin - INFO - 已写入第三百八十六章 牛叉的鱼竿
2016-07-21 16:46:19,500 - app.origin - INFO - 已写入第三百八十七章 师兄弟？
2016-07-21 16:46:19,534 - app.origin - INFO - 已写入第三百八十八章 神从天降
2016-07-21 16:46:19,565 - app.origin - INFO - 已写入第三百八十九章 神一样的男人
2016-07-21 16:46:19,597 - app.origin - INFO - 已写入第三百九十章 诡计
2016-07-21 16:46:19,630 - app.origin - INFO - 已写入第三百九十一章 手机掏出去
2016-07-21 16:46:19,660 - app.origin - INFO - 已写入第三百九十二章 喝酒赔罪
2016-07-21 16:46:19,692 - app.origin - INFO - 已写入第三百九十三章 不差钱
2016-07-21 16:46:19,725 - app.origin - INFO - 已写入第三百九十四章 喝了药了
2016-07-21 16:46:19,755 - app.origin - INFO - 已写入第三百九十五章 便宜师父
2016-07-21 16:46:19,798 - app.origin - INFO - 已写入第三百九十六章 一锅羊肉
2016-07-21 16:46:19,881 - app.origin - INFO - 已写入第三百九十七章 神之左手
2016-07-21 16:46:19,913 - app.origin - INFO - 已写入第三百九十八章 惩罚
2016-07-21 16:46:19,952 - app.origin - INFO - 已写入第三百九十九章 三点式咖啡厅
2016-07-21 16:46:20,009 - app.origin - INFO - 已写入第四百章 赌约
2016-07-21 16:46:20,062 - app.origin - INFO - 已写入第四百零一章 咖啡派送员
2016-07-21 16:46:20,096 - app.origin - INFO - 已写入第四百零二章 没有不可能
2016-07-21 16:46:20,131 - app.origin - INFO - 已写入第四百零三章 我的男朋友？
2016-07-21 16:46:20,164 - app.origin - INFO - 已写入第四百零四章 处理自己？
2016-07-21 16:46:20,195 - app.origin - INFO - 已写入第四百零五章 又是他
2016-07-21 16:46:20,231 - app.origin - INFO - 已写入第四百零六章 师姐的心事
2016-07-21 16:46:20,262 - app.origin - INFO - 已写入第四百零七章 运输工具
2016-07-21 16:46:20,294 - app.origin - INFO - 已写入第四百零八章 大意念术
2016-07-21 16:46:20,330 - app.origin - INFO - 已写入第四百零九章 干掉天皇
2016-07-21 16:46:20,364 - app.origin - INFO - 已写入第四百一十章 想要就送你
2016-07-21 16:46:20,399 - app.origin - INFO - 已写入第四百一十一章 大补
2016-07-21 16:46:20,482 - app.origin - INFO - 已写入第四百一十二章 angel
2016-07-21 16:46:20,559 - app.origin - INFO - 已写入第四百一十三章 成神之路
2016-07-21 16:46:20,650 - app.origin - INFO - 已写入第四百一十四章 X
2016-07-21 16:46:20,682 - app.origin - INFO - 已写入第四百一十五章 哥哥我怕
2016-07-21 16:46:20,716 - app.origin - INFO - 已写入第四百一十六章 哥哥是剑仙
2016-07-21 16:46:20,749 - app.origin - INFO - 已写入第四百一十七章 天使降临
2016-07-21 16:46:20,780 - app.origin - INFO - 已写入第四百一十八章 天使还是恶魔
2016-07-21 16:46:20,813 - app.origin - INFO - 已写入第四百一十九章 要不要一起睡
2016-07-21 16:46:20,849 - app.origin - INFO - 已写入第四百二十章 保安太嚣张【第一更】
2016-07-21 16:46:20,883 - app.origin - INFO - 已写入第四百二十一章 西城达【第二更】
2016-07-21 16:46:20,916 - app.origin - INFO - 已写入第四百二十二章 抽烟不【第三更】
2016-07-21 16:46:20,955 - app.origin - INFO - 已写入第四百二十三章 一招制敌【第一更】
2016-07-21 16:46:20,989 - app.origin - INFO - 已写入第四百二十四章 小角色【第二更】
2016-07-21 16:46:21,019 - app.origin - INFO - 已写入第四百二十五章 把女儿嫁给你【第三更】
2016-07-21 16:46:21,059 - app.origin - INFO - 已写入第四百二十六章 你的弱点
2016-07-21 16:46:21,091 - app.origin - INFO - 已写入第四百二十七章 地府黑名单
2016-07-21 16:46:21,121 - app.origin - INFO - 已写入第四百二十八章 天上第一战将
2016-07-21 16:46:21,155 - app.origin - INFO - 已写入第四百二十九章 狗屎运
2016-07-21 16:46:21,189 - app.origin - INFO - 已写入第四百三十章 免费帮忙
2016-07-21 16:46:21,219 - app.origin - INFO - 已写入第四百三十一章 动情
2016-07-21 16:46:21,252 - app.origin - INFO - 已写入第四百三十二章 再来赌一次
2016-07-21 16:46:21,284 - app.origin - INFO - 已写入第四百三十三章 不差钱
2016-07-21 16:46:21,318 - app.origin - INFO - 已写入第四百三十四章 不如巧克力
2016-07-21 16:46:21,352 - app.origin - INFO - 已写入第四百三十五章 真人射击游戏
2016-07-21 16:46:21,383 - app.origin - INFO - 已写入第四百三十六章 埋伏
2016-07-21 16:46:21,414 - app.origin - INFO - 已写入第四百三十七章 身份暴露
2016-07-21 16:46:21,449 - app.origin - INFO - 已写入第四百三十八章 忍者终结者【第一更】
2016-07-21 16:46:21,483 - app.origin - INFO - 已写入第四百三十九章 暴力女师姐【第二更】
2016-07-21 16:46:21,515 - app.origin - INFO - 已写入第四百四十章 御前映思【第三更】
2016-07-21 16:46:21,549 - app.origin - INFO - 已写入第四百四十一章 鬼将择主
2016-07-21 16:46:21,581 - app.origin - INFO - 已写入第四百四十二章 第四魔傀
2016-07-21 16:46:21,615 - app.origin - INFO - 已写入第四百四十三章 结束你的罪恶
2016-07-21 16:46:21,648 - app.origin - INFO - 已写入第四百四十四章 最终的任务
2016-07-21 16:46:21,683 - app.origin - INFO - 已写入第四百四十五章 你怎么在这呀
2016-07-21 16:46:21,719 - app.origin - INFO - 已写入第四百四十六章 我想要个孩子
2016-07-21 16:46:21,749 - app.origin - INFO - 已写入第四百四十七章 拍卖开始
2016-07-21 16:46:21,780 - app.origin - INFO - 已写入第四百四十八章 充满爱的拍卖会
2016-07-21 16:46:21,810 - app.origin - INFO - 已写入第四百四十九章 象牙
2016-07-21 16:46:21,840 - app.origin - INFO - 已写入第四百五十章 龙英雄口
2016-07-21 16:46:21,870 - app.origin - INFO - 已写入老纸心情不爽，加班回来，是开单章骂人的
2016-07-21 16:46:21,900 - app.origin - INFO - 已写入第四百五十一章 计划倒计时【第一更】
2016-07-21 16:46:21,932 - app.origin - INFO - 已写入第四百五十二章 让我来惩罚【第二更】
2016-07-21 16:46:21,968 - app.origin - INFO - 已写入第四百五十三章 我是你们的神【第三更】
2016-07-21 16:46:22,003 - app.origin - INFO - 已写入第四百五十四章 我是屠神的人【第一更】
2016-07-21 16:46:22,040 - app.origin - INFO - 已写入第四百五十五章 第五层力量【第二更】
2016-07-21 16:46:22,072 - app.origin - INFO - 已写入第四百五十六章 地下三十层【第三更】
2016-07-21 16:46:22,104 - app.origin - INFO - 已写入第四百五十七章 实验手札
2016-07-21 16:46:22,136 - app.origin - INFO - 已写入第四百五十八章 实验室的故事
2016-07-21 16:46:22,169 - app.origin - INFO - 已写入第四百五十九章 金属战士
2016-07-21 16:46:22,201 - app.origin - INFO - 已写入第四百六十章 打开地狱的大门
2016-07-21 16:46:22,236 - app.origin - INFO - 已写入第四百六十一章 粉碎你的梦
2016-07-21 16:46:22,268 - app.origin - INFO - 已写入第四百六十二章 离开倒计时
2016-07-21 16:46:22,298 - app.origin - INFO - 已写入第四百六十三章 你还能活十分钟
2016-07-21 16:46:22,340 - app.origin - INFO - 已写入第四百六十四章 你必须死
2016-07-21 16:46:22,377 - app.origin - INFO - 已写入第四百六十五章 金身也要哭
2016-07-21 16:46:22,409 - app.origin - INFO - 已写入第四百六十六章 逃生姐妹花
2016-07-21 16:46:22,449 - app.origin - INFO - 已写入第四百六十七章 逃离东京计划
2016-07-21 16:46:22,488 - app.origin - INFO - 已写入第四百六十八章 天职就是服从
2016-07-21 16:46:22,523 - app.origin - INFO - 已写入第四百六十九章 真是赛亚人【第一更】
2016-07-21 16:46:22,562 - app.origin - INFO - 已写入第四百七十章 三头六臂【第二更】
2016-07-21 16:46:22,591 - app.origin - INFO - 已写入第四百七十一章 胭脂发威【第三更】
2016-07-21 16:46:22,623 - app.origin - INFO - 已写入第四百七十二章 末日大恶魔【第四更】
2016-07-21 16:46:22,659 - app.origin - INFO - 已写入第四百七十三章 修真VS科技【第五更】
2016-07-21 16:46:22,691 - app.origin - INFO - 已写入第四百七十四章 愤怒的小钢炮
2016-07-21 16:46:22,721 - app.origin - INFO - 已写入第四百七十五章 地狱小宠物
2016-07-21 16:46:22,753 - app.origin - INFO - 已写入第四百七十六章 撕裂
2016-07-21 16:46:22,785 - app.origin - INFO - 已写入第四百七十七章 真的是人吗
2016-07-21 16:46:22,819 - app.origin - INFO - 已写入第四百七十八章 只能迁都了
2016-07-21 16:46:22,859 - app.origin - INFO - 已写入第四百七十九章 彻底玩完了
2016-07-21 16:46:22,942 - app.origin - INFO - 已写入第四百八十章 一夜回到解放前
2016-07-21 16:46:23,025 - app.origin - INFO - 已写入第四百八十一章 神之力
2016-07-21 16:46:23,058 - app.origin - INFO - 已写入第四百八十二章 大不大
2016-07-21 16:46:23,089 - app.origin - INFO - 已写入第四百八十三章 齐人之福
2016-07-21 16:46:23,120 - app.origin - INFO - 已写入第四百八十四章 情侣间
2016-07-21 16:46:23,152 - app.origin - INFO - 已写入第四百八十五章 真是个误会
2016-07-21 16:46:23,188 - app.origin - INFO - 已写入第四百八十六章 又偷窥了【第一更】
2016-07-21 16:46:23,226 - app.origin - INFO - 已写入第四百八十七章 保安总动员【第二更】
2016-07-21 16:46:23,263 - app.origin - INFO - 已写入第四百八十八章 她哭了【第三更】
2016-07-21 16:46:23,300 - app.origin - INFO - 已写入第四百八十九章 大学委的心事
2016-07-21 16:46:23,333 - app.origin - INFO - 已写入第四百九十章 我不知道你做什么
2016-07-21 16:46:23,364 - app.origin - INFO - 已写入第四百九十一章 喜欢吃什么牌子【第一更】
2016-07-21 16:46:23,394 - app.origin - INFO - 已写入第四百九十二章 要嫁人的蛇妖【第二更】
2016-07-21 16:46:23,424 - app.origin - INFO - 已写入第四百九十三章 花娘的心事【第三更】
2016-07-21 16:46:23,453 - app.origin - INFO - 已写入第四百九十四章 尝尝什么味道【第四更】
2016-07-21 16:46:23,487 - app.origin - INFO - 已写入第四百九十五章 一剑杀了你【第五更】
2016-07-21 16:46:23,578 - app.origin - INFO - 已写入第四百九十六章 沈清的心思
2016-07-21 16:46:23,614 - app.origin - INFO - 已写入第四百九十七章 女人开的车
2016-07-21 16:46:23,647 - app.origin - INFO - 已写入第四百九十八章 赶紧换衣服
2016-07-21 16:46:23,679 - app.origin - INFO - 已写入第四百九十九章 孩他妈
2016-07-21 16:46:23,711 - app.origin - INFO - 已写入第五百章 拜见娘家人
2016-07-21 16:46:23,743 - app.origin - INFO - 已写入第五百零一章 遇到酒鬼
2016-07-21 16:46:23,780 - app.origin - INFO - 已写入第五百零二章 把他抓起来
2016-07-21 16:46:23,812 - app.origin - INFO - 已写入第五百零三章 洛家的争吵
2016-07-21 16:46:23,844 - app.origin - INFO - 已写入第五百零四章 下三滥【第一更】
2016-07-21 16:46:23,928 - app.origin - INFO - 已写入第五百零五章 一直跟着你【第二更】
2016-07-21 16:46:23,960 - app.origin - INFO - 已写入第五百零六章 大闹洛家【第三更】
2016-07-21 16:46:23,995 - app.origin - INFO - 已写入第五百零七章 只是说大话【第四更】
2016-07-21 16:46:24,028 - app.origin - INFO - 已写入第五百零八章 第七科的历史
2016-07-21 16:46:24,058 - app.origin - INFO - 已写入第五百零九章 瞎子女友
2016-07-21 16:46:24,120 - app.origin - INFO - 已写入第五百一十章 我要当扛把子【加更】
2016-07-21 16:46:24,151 - app.origin - INFO - 已写入求票！加更！
2016-07-21 16:46:24,184 - app.origin - INFO - 已写入第五百一十一章 宝刀未老【第一更】
2016-07-21 16:46:24,219 - app.origin - INFO - 已写入第五百一十二章 中华小神医【第二更】
2016-07-21 16:46:24,253 - app.origin - INFO - 已写入第五百一十三章 我要跟你混【第三更】
2016-07-21 16:46:24,281 - app.origin - INFO - 已写入继续单张，求票，5更岌岌可危~
2016-07-21 16:46:24,313 - app.origin - INFO - 已写入第五百一十四章 讲故事有风格
2016-07-21 16:46:24,348 - app.origin - INFO - 已写入第五百一十五章 蓝色妖姬
2016-07-21 16:46:24,376 - app.origin - INFO - 已写入最后一次关于投票，这次不是求票~
2016-07-21 16:46:24,408 - app.origin - INFO - 已写入第五百一十六章 给你们一个机会【加更】
2016-07-21 16:46:24,441 - app.origin - INFO - 已写入第五百一十七章 把花还给我【第一更】
2016-07-21 16:46:24,473 - app.origin - INFO - 已写入第五百一十八章 真的很可怕【第二更】
2016-07-21 16:46:24,508 - app.origin - INFO - 已写入第五百一十九章 到你了【第三更】
2016-07-21 16:46:24,540 - app.origin - INFO - 已写入第五百二十章 推倒韩家【第四更】
2016-07-21 16:46:24,571 - app.origin - INFO - 已写入第五百二十一章 一脚立威【第五更】
2016-07-21 16:46:24,609 - app.origin - INFO - 已写入第五百二十二章 摧心术
2016-07-21 16:46:24,643 - app.origin - INFO - 已写入第五百二十三章 一波又起
2016-07-21 16:46:24,678 - app.origin - INFO - 已写入第五百二十四章 吴欣出事【第一更】
2016-07-21 16:46:24,712 - app.origin - INFO - 已写入第五百二十五章 你是我侄女【第二更】
2016-07-21 16:46:24,753 - app.origin - INFO - 已写入第五百二十六章 都是为了钱【第三更】
2016-07-21 16:46:24,790 - app.origin - INFO - 已写入第五百二十七章 我相信你【第一更】
2016-07-21 16:46:24,822 - app.origin - INFO - 已写入第五百二十八章 秦朝，你大爷【第二更】
2016-07-21 16:46:24,855 - app.origin - INFO - 已写入第五百二十九章 砸啥算啥【第三更】
2016-07-21 16:46:24,887 - app.origin - INFO - 已写入第五百三十章 小白和千代
2016-07-21 16:46:24,919 - app.origin - INFO - 已写入第五百三十一章 谁是第一
2016-07-21 16:46:24,951 - app.origin - INFO - 已写入第五百三十二章 打个赌
2016-07-21 16:46:24,985 - app.origin - INFO - 已写入第五百三十三章 会议室的阴谋
2016-07-21 16:46:25,020 - app.origin - INFO - 已写入第五百三十四章 跳下来找我
2016-07-21 16:46:25,052 - app.origin - INFO - 已写入第五百三十五章 再坐两圈吧
2016-07-21 16:46:25,088 - app.origin - INFO - 已写入第五百三十六章 给我拿包
2016-07-21 16:46:25,122 - app.origin - INFO - 已写入第五百三十七章 皇极门
2016-07-21 16:46:25,208 - app.origin - INFO - 已写入第五百三十八章 久违的修真界【第一更】
2016-07-21 16:46:25,241 - app.origin - INFO - 已写入第五百三十九章 这是大魔神【第二更】
2016-07-21 16:46:25,272 - app.origin - INFO - 已写入第五百四十章 跑路吧【第三更】
2016-07-21 16:46:25,303 - app.origin - INFO - 已写入第五百四十一章 我是个好人【第四更】
2016-07-21 16:46:25,338 - app.origin - INFO - 已写入第五百四十二章 我只说一次【第五更】
2016-07-21 16:46:25,395 - app.origin - INFO - 已写入第五百四十三章 生死时速【第六更】
2016-07-21 16:46:25,430 - app.origin - INFO - 已写入第五百四十四章 差距太大
2016-07-21 16:46:25,467 - app.origin - INFO - 已写入第五百四十五章 找我的女人
2016-07-21 16:46:25,498 - app.origin - INFO - 已写入第五百四十六章 用命去赚【第一更】
2016-07-21 16:46:25,533 - app.origin - INFO - 已写入第五百四十七章 吴欣在哪里【第二更】
2016-07-21 16:46:25,567 - app.origin - INFO - 已写入第五百四十八章 有我在，没事了【第三更】
2016-07-21 16:46:25,600 - app.origin - INFO - 已写入第五百四十九章 再见韩小帆
2016-07-21 16:46:25,634 - app.origin - INFO - 已写入第五百五十章 带儿媳回家
2016-07-21 16:46:25,668 - app.origin - INFO - 已写入第五百五十一章 爱我吧
2016-07-21 16:46:25,719 - app.origin - INFO - 已写入第五百五十二章 真正的英雄
2016-07-21 16:46:25,823 - app.origin - INFO - 已写入第五百五十三章 我没听过
2016-07-21 16:46:25,858 - app.origin - INFO - 已写入第五百五十四章 高档衣服
2016-07-21 16:46:25,897 - app.origin - INFO - 已写入第五百五十五章 地摊货
2016-07-21 16:46:25,940 - app.origin - INFO - 已写入第五百五十六章 求婚
2016-07-21 16:46:26,022 - app.origin - INFO - 已写入第五百五十七章 找你签名
2016-07-21 16:46:26,058 - app.origin - INFO - 已写入第五百五十八章 死神来了
2016-07-21 16:46:26,101 - app.origin - INFO - 已写入第五百五十九章 金乌战将
2016-07-21 16:46:26,135 - app.origin - INFO - 已写入第五百六十章 帮你个忙
2016-07-21 16:46:26,166 - app.origin - INFO - 已写入公告，原19群冠名取消。
2016-07-21 16:46:26,197 - app.origin - INFO - 已写入第五百六十一章 夺你仙魄【第一更】
2016-07-21 16:46:26,231 - app.origin - INFO - 已写入第五百六十二章 法相和白蛇【第二更】
2016-07-21 16:46:26,263 - app.origin - INFO - 已写入第五百六十三章 花娘神威【第三更】
2016-07-21 16:46:26,296 - app.origin - INFO - 已写入第五百六十四章 人性化管理
2016-07-21 16:46:26,328 - app.origin - INFO - 已写入第五百六十五章 突然袭击
2016-07-21 16:46:26,359 - app.origin - INFO - 已写入第五百六十六章 玩自爆
2016-07-21 16:46:26,392 - app.origin - INFO - 已写入第五百六十七章 再见老岳父
2016-07-21 16:46:26,425 - app.origin - INFO - 已写入第五百六十八章 搞垮苏家
2016-07-21 16:46:26,458 - app.origin - INFO - 已写入第五百六十九章 满意而归
2016-07-21 16:46:26,491 - app.origin - INFO - 已写入第五百七十章 又是吸血鬼
2016-07-21 16:46:26,526 - app.origin - INFO - 已写入第五百七十一章 一个礼拜
2016-07-21 16:46:26,558 - app.origin - INFO - 已写入第五百七十二章 给您让地方
2016-07-21 16:46:26,592 - app.origin - INFO - 已写入第五百七十三章 终于回家了
2016-07-21 16:46:26,624 - app.origin - INFO - 已写入第五百七十四章 你才是司机
2016-07-21 16:46:26,658 - app.origin - INFO - 已写入第五百七十五章 一口值千金
2016-07-21 16:46:26,690 - app.origin - INFO - 已写入第五百七十六章 这是我大哥【第一更】
2016-07-21 16:46:26,726 - app.origin - INFO - 已写入第五百七十七章 出示驾驶证【第二更】
2016-07-21 16:46:26,760 - app.origin - INFO - 已写入第五百七十八章 黑帽子兵团【第三更】
2016-07-21 16:46:26,792 - app.origin - INFO - 已写入第五百七十九章 自己的床
2016-07-21 16:46:26,828 - app.origin - INFO - 已写入第五百八十章 刘畅来电
2016-07-21 16:46:26,862 - app.origin - INFO - 已写入第五百八十一章 飞往美国
2016-07-21 16:46:26,897 - app.origin - INFO - 已写入第五百八十二章 圣彼得大教堂
2016-07-21 16:46:26,930 - app.origin - INFO - 已写入第五百八十三章 女骑士和裁判长
2016-07-21 16:46:26,967 - app.origin - INFO - 已写入第五百八十四章 罗马教会
2016-07-21 16:46:27,050 - app.origin - INFO - 已写入第五百八十五章 给你抹个零
2016-07-21 16:46:27,087 - app.origin - INFO - 已写入第五百八十六章 撒旦之子
2016-07-21 16:46:27,120 - app.origin - INFO - 已写入第五百八十七章 黑暗教会
2016-07-21 16:46:27,157 - app.origin - INFO - 已写入第五百八十八章 死亡军团
2016-07-21 16:46:27,193 - app.origin - INFO - 已写入第五百八十九章 地下空间
2016-07-21 16:46:27,226 - app.origin - INFO - 已写入第五百九十章 巨人算个P
2016-07-21 16:46:27,281 - app.origin - INFO - 已写入第五百九十一章 山海墓【第一更】
2016-07-21 16:46:27,365 - app.origin - INFO - 已写入第五百九十二章 凶兽之王【第二更】
2016-07-21 16:46:27,397 - app.origin - INFO - 已写入第五百九十三章 暗部十二星【第三更】
2016-07-21 16:46:27,430 - app.origin - INFO - 已写入第五百九十四章 力量之共享结界【第一更】
2016-07-21 16:46:27,466 - app.origin - INFO - 已写入第五百九十五章 师姐发威【第二更】
2016-07-21 16:46:27,499 - app.origin - INFO - 已写入第五百九十六章 危机又起【第三更】
2016-07-21 16:46:27,530 - app.origin - INFO - 已写入第五百九十七章 凤凰祭品【第四更】
2016-07-21 16:46:27,563 - app.origin - INFO - 已写入第五百九十八章 浴火重生【五更结束】
2016-07-21 16:46:27,597 - app.origin - INFO - 已写入第五百九十九章 绝杀大阵
2016-07-21 16:46:27,629 - app.origin - INFO - 已写入第六百章 更好的能力
2016-07-21 16:46:27,665 - app.origin - INFO - 已写入第六百零一章 接她回来
2016-07-21 16:46:27,696 - app.origin - INFO - 已写入第六百零二章 哥们神了
2016-07-21 16:46:27,728 - app.origin - INFO - 已写入第六百零三章 随多少礼
2016-07-21 16:46:27,759 - app.origin - INFO - 已写入第六百零四章 给人家疗伤
2016-07-21 16:46:27,793 - app.origin - INFO - 已写入第六百零五章 可爱的小黑
2016-07-21 16:46:27,827 - app.origin - INFO - 已写入第六百零六章 另类一点
2016-07-21 16:46:27,877 - app.origin - INFO - 已写入第六百零七章 让他下地狱【第一更】
2016-07-21 16:46:27,910 - app.origin - INFO - 已写入第六百零八章 不热？【第二更】
2016-07-21 16:46:27,948 - app.origin - INFO - 已写入第六百零九章 回去怎么走【第三更】
2016-07-21 16:46:27,979 - app.origin - INFO - 已写入第六百一十章 我们都是好孩子【第一更】
2016-07-21 16:46:28,011 - app.origin - INFO - 已写入第六百一十一章 活下去【第二更】
2016-07-21 16:46:28,041 - app.origin - INFO - 已写入第六百一十二章 苏家吸血鬼【第三更】
2016-07-21 16:46:28,075 - app.origin - INFO - 已写入第六百一十三章 才不嫁给你
2016-07-21 16:46:28,107 - app.origin - INFO - 已写入第六百一十四章 告诉苏老师
2016-07-21 16:46:28,146 - app.origin - INFO - 已写入第六百一十五章 不嫁这家伙
2016-07-21 16:46:28,183 - app.origin - INFO - 已写入第六百一十六章 要你命
2016-07-21 16:46:28,247 - app.origin - INFO - 已写入第六百一十七章 找你办事
2016-07-21 16:46:28,280 - app.origin - INFO - 已写入第六百一十八章 地元灵丹
2016-07-21 16:46:28,315 - app.origin - INFO - 已写入第六百一十九章 看谁军火多
2016-07-21 16:46:28,346 - app.origin - INFO - 已写入第六百二十章 他们来了
2016-07-21 16:46:28,377 - app.origin - INFO - 已写入第六百二十一章 谁跟你是自家人
2016-07-21 16:46:28,410 - app.origin - INFO - 已写入第六百二十二章 教训你一顿
2016-07-21 16:46:28,442 - app.origin - INFO - 已写入第六百二十三章 英雄萨姆
2016-07-21 16:46:28,478 - app.origin - INFO - 已写入第六百二十四章 我来教训他
2016-07-21 16:46:28,509 - app.origin - INFO - 已写入第六百二十五章 谁更牛逼
2016-07-21 16:46:28,541 - app.origin - INFO - 已写入第六百二十六章 你有几个好哥哥【第一更】
2016-07-21 16:46:28,576 - app.origin - INFO - 已写入第六百二十七章 很强的组织【第二更】
2016-07-21 16:46:28,610 - app.origin - INFO - 已写入第六百二十八章 一起三国杀【第三更】
2016-07-21 16:46:28,643 - app.origin - INFO - 已写入第六百二十九章 跟他没什么
2016-07-21 16:46:28,678 - app.origin - INFO - 已写入第六百三十章 空中跳伞
2016-07-21 16:46:28,710 - app.origin - INFO - 已写入第六百三十一章 空袭警报
2016-07-21 16:46:28,747 - app.origin - INFO - 已写入第六百三十二章 要你的命
2016-07-21 16:46:28,785 - app.origin - INFO - 已写入第六百三十三章 取了你魔丹
2016-07-21 16:46:28,819 - app.origin - INFO - 已写入第六百三十四章 罗德恋爱史
2016-07-21 16:46:28,850 - app.origin - INFO - 已写入第六百三十五章 女人很可怕
2016-07-21 16:46:28,888 - app.origin - INFO - 已写入第六百三十六章 超级胭脂
2016-07-21 16:46:28,919 - app.origin - INFO - 已写入第六百三十七章 回来吧，秦朝
2016-07-21 16:46:28,951 - app.origin - INFO - 已写入第六百三十八章 残心剑阵
2016-07-21 16:46:28,984 - app.origin - INFO - 已写入第六百三十九章 谁是胡丽丽【第一更】
2016-07-21 16:46:29,021 - app.origin - INFO - 已写入第六百四十章 罗刹门门主【第二更】
2016-07-21 16:46:29,055 - app.origin - INFO - 已写入第六百四十一章 打秦爷【第三更】
2016-07-21 16:46:29,086 - app.origin - INFO - 已写入第六百四十二章 拜拜啦【第四更】
2016-07-21 16:46:29,116 - app.origin - INFO - 已写入第六百四十三章 女教皇【第一更】
2016-07-21 16:46:29,150 - app.origin - INFO - 已写入第六百四十四章 小游戏【第二更】
2016-07-21 16:46:29,185 - app.origin - INFO - 已写入第六百四十五章 独一无二的你【第三更】
2016-07-21 16:46:29,219 - app.origin - INFO - 已写入第六百四十六章 不速之客【第一更】
2016-07-21 16:46:29,250 - app.origin - INFO - 已写入第六百四十七章 圣骑士【第二更】
2016-07-21 16:46:29,281 - app.origin - INFO - 已写入第六百四十八章 暴怒骑士【第三更】
2016-07-21 16:46:29,323 - app.origin - INFO - 已写入第六百四十九章 同步附体
2016-07-21 16:46:29,357 - app.origin - INFO - 已写入第六百五十章 巨象对天皇
2016-07-21 16:46:29,389 - app.origin - INFO - 已写入第六百五十一章 不分胜负
2016-07-21 16:46:29,424 - app.origin - INFO - 已写入第六百五十二章 三个名额
2016-07-21 16:46:29,455 - app.origin - INFO - 已写入第六百五十三章 过年要回家
2016-07-21 16:46:29,492 - app.origin - INFO - 已写入第六百五十四章 早点回来
2016-07-21 16:46:29,531 - app.origin - INFO - 已写入第六百五十五章 景阳站【第一更】
2016-07-21 16:46:29,589 - app.origin - INFO - 已写入第六百五十六章 红葡萄汁【第二更】
2016-07-21 16:46:29,627 - app.origin - INFO - 已写入第六百五十七章 自己像打劫的【第三更】
2016-07-21 16:46:29,655 - app.origin - INFO - 已写入手机17K用户请看
2016-07-21 16:46:29,687 - app.origin - INFO - 已写入第六百五十八章 悲惨王德标
2016-07-21 16:46:29,720 - app.origin - INFO - 已写入第六百五十九章 秦氏一大家
2016-07-21 16:46:29,753 - app.origin - INFO - 已写入第六百六十章 我的小女友？【第一更】
2016-07-21 16:46:29,786 - app.origin - INFO - 已写入第六百六十一章 大舅哥【第二更】
2016-07-21 16:46:29,816 - app.origin - INFO - 已写入第六百六十二章 廖家苏家大PK【第三更】
2016-07-21 16:46:29,848 - app.origin - INFO - 已写入第六百六十三章 抢着做饭
2016-07-21 16:46:29,933 - app.origin - INFO - 已写入第六百六十四章 明星来拜年
2016-07-21 16:46:29,990 - app.origin - INFO - 已写入第六百六十五章 最开心的年
2016-07-21 16:46:30,023 - app.origin - INFO - 已写入第六百六十六章 应天，我要你死
2016-07-21 16:46:30,055 - app.origin - INFO - 已写入第六百六十七章 拍戏了
2016-07-21 16:46:30,087 - app.origin - INFO - 已写入第六百六十八章 演个死尸
2016-07-21 16:46:30,117 - app.origin - INFO - 已写入第六百六十九章 千代出手【第一更】
2016-07-21 16:46:30,151 - app.origin - INFO - 已写入第六百七十章 无敌小白【第二更】
2016-07-21 16:46:30,186 - app.origin - INFO - 已写入第六百七十一章 再战昊天【第三更】
2016-07-21 16:46:30,217 - app.origin - INFO - 已写入第六百七十二章 藏剑术【第四更】
2016-07-21 16:46:30,248 - app.origin - INFO - 已写入第六百七十三章 我是谁【第五更】
2016-07-21 16:46:30,281 - app.origin - INFO - 已写入第六百七十四章 看病花钱【第六更】
2016-07-21 16:46:30,312 - app.origin - INFO - 已写入第六百七十五章 排队去【第七更】
2016-07-21 16:46:30,346 - app.origin - INFO - 已写入第六百七十六章 四大名菜【第一更】
2016-07-21 16:46:30,380 - app.origin - INFO - 已写入第六百七十七章 探望苏妃【第二更】
2016-07-21 16:46:30,414 - app.origin - INFO - 已写入第六百七十八章 斯科菲尔德【第三更】
2016-07-21 16:46:30,446 - app.origin - INFO - 已写入第六百七十九章 武当山下【第四更】
2016-07-21 16:46:30,480 - app.origin - INFO - 已写入第六百八十章 说不好就打【第五更】
2016-07-21 16:46:30,516 - app.origin - INFO - 已写入第六百八十一章 战斗方式【第六更】
2016-07-21 16:46:30,553 - app.origin - INFO - 已写入第六百八十二章 还好有熟人【第七更】
2016-07-21 16:46:30,581 - app.origin - INFO - 已写入开单章，白羊求帮助
2016-07-21 16:46:30,617 - app.origin - INFO - 已写入第六百八十三章 劫难的源头【第一更】
2016-07-21 16:46:30,653 - app.origin - INFO - 已写入第六百八十四章 第七个愿望【第二更】
2016-07-21 16:46:30,687 - app.origin - INFO - 已写入第六百八十五章 第八个愿望【第三更】
2016-07-21 16:46:30,721 - app.origin - INFO - 已写入第六百八十六章 大战蜀山【第四更】
2016-07-21 16:46:30,755 - app.origin - INFO - 已写入第六百八十七章 无敌龙凤胎【第五更】
2016-07-21 16:46:30,817 - app.origin - INFO - 已写入第六百八十八章 下去找你【第六更】
2016-07-21 16:46:30,857 - app.origin - INFO - 已写入第六百八十九章 大阴阳邪王·藏剑术【七】
2016-07-21 16:46:30,921 - app.origin - INFO - 已写入开单章，请大家喝酒。
2016-07-21 16:46:30,982 - app.origin - INFO - 已写入第六百九十章 剑网恢恢【第八更】
2016-07-21 16:46:31,043 - app.origin - INFO - 已写入第六百九十一章 秦门主的脾气【第九更】
2016-07-21 16:46:31,076 - app.origin - INFO - 已写入第六百九十二章 条件【第十更】
2016-07-21 16:46:31,108 - app.origin - INFO - 已写入第六百九十三章 蛤蟆精【第一更】
2016-07-21 16:46:31,141 - app.origin - INFO - 已写入第六百九十四章 和缘梦同行【第二更】
2016-07-21 16:46:31,176 - app.origin - INFO - 已写入第六百九十五章 没大脑？【第三更】
2016-07-21 16:46:31,209 - app.origin - INFO - 已写入第六百九十六章 缘梦的选秀
2016-07-21 16:46:31,248 - app.origin - INFO - 已写入第六百九十七章 苏姬的反应
2016-07-21 16:46:31,281 - app.origin - INFO - 已写入第六百九十八章 免费试吃活动
2016-07-21 16:46:31,316 - app.origin - INFO - 已写入第六百九十九章 同门
2016-07-21 16:46:31,348 - app.origin - INFO - 已写入第七百章 我的罗刹门
2016-07-21 16:46:31,382 - app.origin - INFO - 已写入第七百零一章 秦大哥的威风
2016-07-21 16:46:31,417 - app.origin - INFO - 已写入第七百零二章 聪明的小狐狸
2016-07-21 16:46:31,449 - app.origin - INFO - 已写入第七百零三章 峨眉山焚魔谷
2016-07-21 16:46:31,484 - app.origin - INFO - 已写入第七百零四章 无辜的缘梦
2016-07-21 16:46:31,516 - app.origin - INFO - 已写入第七百零五章 吸收
2016-07-21 16:46:31,549 - app.origin - INFO - 已写入第七百零六章 李百山的身份
2016-07-21 16:46:31,614 - app.origin - INFO - 已写入第七百零七章 小白的异状
2016-07-21 16:46:31,649 - app.origin - INFO - 已写入第七百零八章 嫉妒骑士
2016-07-21 16:46:31,681 - app.origin - INFO - 已写入第七百零九章 我的战场
2016-07-21 16:46:31,721 - app.origin - INFO - 已写入第七百一十章 继承教皇吧
2016-07-21 16:46:31,755 - app.origin - INFO - 已写入第七百一十一章 饕餮骑士
2016-07-21 16:46:31,788 - app.origin - INFO - 已写入第七百一十二章 疯狂的行为
2016-07-21 16:46:31,822 - app.origin - INFO - 已写入第七百一十三章 送去投胎吧
2016-07-21 16:46:31,857 - app.origin - INFO - 已写入第七百一十四章 曹禺？
2016-07-21 16:46:31,890 - app.origin - INFO - 已写入第七百一十五章 不准收徒
2016-07-21 16:46:31,924 - app.origin - INFO - 已写入第七百一十六章 休息室
2016-07-21 16:46:31,957 - app.origin - INFO - 已写入第七百一十七章 和师姐PK
2016-07-21 16:46:31,988 - app.origin - INFO - 已写入第七百一十八章 武术协会
2016-07-21 16:46:32,021 - app.origin - INFO - 已写入第七百一十九章 比武吧
2016-07-21 16:46:32,055 - app.origin - INFO - 已写入第七百二十章 师弟也要锻炼
2016-07-21 16:46:32,088 - app.origin - INFO - 已写入第七百二十一章 谁能打疼我
2016-07-21 16:46:32,124 - app.origin - INFO - 已写入第七百二十二章 滚回去
2016-07-21 16:46:32,157 - app.origin - INFO - 已写入第七百二十三章 各国挑战
2016-07-21 16:46:32,189 - app.origin - INFO - 已写入回敬那些觉得我恃才傲物的读者的话
2016-07-21 16:46:32,225 - app.origin - INFO - 已写入第七百二十四章 凶兽的愤怒
2016-07-21 16:46:32,257 - app.origin - INFO - 已写入第七百二十五章 轮到我了
2016-07-21 16:46:32,289 - app.origin - INFO - 已写入第七百二十六章 最强的战斗生物
2016-07-21 16:46:32,324 - app.origin - INFO - 已写入第七百二十七章 第一大魔头
2016-07-21 16:46:32,358 - app.origin - INFO - 已写入第七百二十八章 犼的强大
2016-07-21 16:46:32,391 - app.origin - INFO - 已写入第七百二十九章 圆满
2016-07-21 16:46:32,424 - app.origin - INFO - 已写入第七百三十章 罗刹
2016-07-21 16:46:32,457 - app.origin - INFO - 已写入第七百三十一章 记不起的那个人
2016-07-21 16:46:32,494 - app.origin - INFO - 已写入第七百三十二章 被人盯上了
2016-07-21 16:46:32,527 - app.origin - INFO - 已写入第七百三十三章 你男朋友呢
2016-07-21 16:46:32,561 - app.origin - INFO - 已写入第七百三十四章 我要去酒吧
2016-07-21 16:46:32,596 - app.origin - INFO - 已写入第七百三十五章 有多了解呀
2016-07-21 16:46:32,631 - app.origin - INFO - 已写入第七百三十六章 WHO怕WHO啊
2016-07-21 16:46:32,666 - app.origin - INFO - 已写入第七百三十七章 要你一条腿吧
2016-07-21 16:46:32,700 - app.origin - INFO - 已写入第七百三十八章 青龙堂白虎堂
2016-07-21 16:46:32,733 - app.origin - INFO - 已写入第七百三十九章 好牛逼的大叔
2016-07-21 16:46:32,768 - app.origin - INFO - 已写入第七百四十章 玩的开心就好
2016-07-21 16:46:32,803 - app.origin - INFO - 已写入第七百四十一章 电玩小霸王
2016-07-21 16:46:32,835 - app.origin - INFO - 已写入第七百四十二章 惨败啊
2016-07-21 16:46:32,869 - app.origin - INFO - 已写入第七百四十三章 你要干啥
2016-07-21 16:46:32,904 - app.origin - INFO - 已写入第七百四十四章 杨莉的小心思
2016-07-21 16:46:32,939 - app.origin - INFO - 已写入第七百四十五章 杨莉的体贴
2016-07-21 16:46:32,973 - app.origin - INFO - 已写入第七百四十六章 秦老师
2016-07-21 16:46:33,006 - app.origin - INFO - 已写入第七百四十七章 快走吧
2016-07-21 16:46:33,039 - app.origin - INFO - 已写入第七百四十八章 瑶池上仙
2016-07-21 16:46:33,074 - app.origin - INFO - 已写入第七百四十九章 飞仙对飞仙
2016-07-21 16:46:33,111 - app.origin - INFO - 已写入第七百五十章 仙子天降
2016-07-21 16:46:33,146 - app.origin - INFO - 已写入第七百五十一章 九龙环的威力
2016-07-21 16:46:33,179 - app.origin - INFO - 已写入第七百五十二章 怕老婆的仙尊
2016-07-21 16:46:33,213 - app.origin - INFO - 已写入第七百五十三章 陈昕演唱会
2016-07-21 16:46:33,245 - app.origin - INFO - 已写入第七百五十四章 火了
2016-07-21 16:46:33,283 - app.origin - INFO - 已写入第七百五十五章 和她的见面
2016-07-21 16:46:33,318 - app.origin - INFO - 已写入第七百五十六章 完全体的九龙铠
2016-07-21 16:46:33,352 - app.origin - INFO - 已写入第七百五十七章 洗掉记忆
2016-07-21 16:46:33,385 - app.origin - INFO - 已写入第七百五十八章 罗刹门大典
2016-07-21 16:46:33,419 - app.origin - INFO - 已写入第七百五十九章 北堂家族
2016-07-21 16:46:33,454 - app.origin - INFO - 已写入第七百六十章 门派轮番上
2016-07-21 16:46:33,488 - app.origin - INFO - 已写入第七百六十一章 三千罗刹鬼
2016-07-21 16:46:33,520 - app.origin - INFO - 已写入第七百六十二章 力挫群雄
2016-07-21 16:46:33,554 - app.origin - INFO - 已写入第七百六十三章 还是比你强
2016-07-21 16:46:33,587 - app.origin - INFO - 已写入第七百六十四章 倒霉的青洪无极帮
2016-07-21 16:46:33,620 - app.origin - INFO - 已写入第七百六十五章 可怕的罗刹门
2016-07-21 16:46:33,655 - app.origin - INFO - 已写入第七百六十六章 谁敢裸婚
2016-07-21 16:46:33,689 - app.origin - INFO - 已写入第七百六十七章 撞人了
2016-07-21 16:46:33,723 - app.origin - INFO - 已写入第七百六十八章 哪里有诚心
2016-07-21 16:46:33,757 - app.origin - INFO - 已写入第七百六十九章 方雯的请求
2016-07-21 16:46:33,791 - app.origin - INFO - 已写入第七百七十章 互相威胁
2016-07-21 16:46:33,825 - app.origin - INFO - 已写入第七百七十一章 让我上课
2016-07-21 16:46:33,860 - app.origin - INFO - 已写入第七百七十二章 秦老师的第一课
2016-07-21 16:46:33,895 - app.origin - INFO - 已写入第七百七十三章 司亚倩来访
2016-07-21 16:46:33,930 - app.origin - INFO - 已写入第七百七十四章 无敌韩冰
2016-07-21 16:46:33,966 - app.origin - INFO - 已写入第七百七十五章 恶魔
2016-07-21 16:46:34,002 - app.origin - INFO - 已写入第七百七十六章 方雯的身世
2016-07-21 16:46:34,037 - app.origin - INFO - 已写入第七百七十七章 你是老公公
2016-07-21 16:46:34,070 - app.origin - INFO - 已写入第七百七十八章 方氏集团
2016-07-21 16:46:34,106 - app.origin - INFO - 已写入第七百七十九章 霸道的方百川
2016-07-21 16:46:34,139 - app.origin - INFO - 已写入第七百八十章 不普通的晚餐
2016-07-21 16:46:34,176 - app.origin - INFO - 已写入第七百八十一章 强悍妈妈
2016-07-21 16:46:34,211 - app.origin - INFO - 已写入第七百八十二章 司亚倩的目的
2016-07-21 16:46:34,243 - app.origin - INFO - 已写入第七百八十三章 喝茶而已
2016-07-21 16:46:34,275 - app.origin - INFO - 已写入第七百八十四章 露馅了
2016-07-21 16:46:34,308 - app.origin - INFO - 已写入第七百八十五章 韩冰的提醒
2016-07-21 16:46:34,344 - app.origin - INFO - 已写入第七百八十六章 做我女朋友吧
2016-07-21 16:46:34,376 - app.origin - INFO - 已写入第七百八十七章 和苏姬的第一次逛街
2016-07-21 16:46:34,468 - app.origin - INFO - 已写入第七百八十八章 三个人的情侣衫
2016-07-21 16:46:34,503 - app.origin - INFO - 已写入第七百八十九章 遇到龙贝儿
2016-07-21 16:46:34,541 - app.origin - INFO - 已写入第七百九十章 咱们谈谈吧
2016-07-21 16:46:34,574 - app.origin - INFO - 已写入第七百九十一章 姐姐会喜欢的人
2016-07-21 16:46:34,610 - app.origin - INFO - 已写入第七百九十二章 惹麻烦的
2016-07-21 16:46:34,645 - app.origin - INFO - 已写入第七百九十三章 欠我个人情
2016-07-21 16:46:34,679 - app.origin - INFO - 已写入第七百九十四章 永远爱着你
2016-07-21 16:46:34,714 - app.origin - INFO - 已写入第七百九十五章 求你帮忙
2016-07-21 16:46:34,747 - app.origin - INFO - 已写入第七百九十六章 救人如救火
2016-07-21 16:46:34,779 - app.origin - INFO - 已写入第七百九十七章 坐劳斯莱斯的保安
2016-07-21 16:46:34,817 - app.origin - INFO - 已写入第七百九十八章 漂亮女友
2016-07-21 16:46:34,853 - app.origin - INFO - 已写入第七百九十九章 又是任务
2016-07-21 16:46:34,886 - app.origin - INFO - 已写入第八百章 再见方雯
2016-07-21 16:46:34,919 - app.origin - INFO - 已写入第八百零一章 天天麻辣面
2016-07-21 16:46:34,954 - app.origin - INFO - 已写入第八百零二章 出价吧
2016-07-21 16:46:34,989 - app.origin - INFO - 已写入第八百零三章 麻辣面和二锅头
2016-07-21 16:46:35,027 - app.origin - INFO - 已写入第八百零四章 摆平
2016-07-21 16:46:35,058 - app.origin - INFO - 已写入第八百零五章 不出现就开除
2016-07-21 16:46:35,092 - app.origin - INFO - 已写入第八百零六章 任务上门
2016-07-21 16:46:35,124 - app.origin - INFO - 已写入第八百零七章 前往上海
2016-07-21 16:46:35,158 - app.origin - INFO - 已写入第八百零八章 小小的比试
2016-07-21 16:46:35,191 - app.origin - INFO - 已写入第八百零九章 有发-票么
2016-07-21 16:46:35,225 - app.origin - INFO - 已写入第八百一十章 吃霸王餐
2016-07-21 16:46:35,261 - app.origin - INFO - 已写入第八百一十一章 一场闹剧
2016-07-21 16:46:35,295 - app.origin - INFO - 已写入第八百一十二章 梅菲斯特
2016-07-21 16:46:35,327 - app.origin - INFO - 已写入第八百一十三章 罗茜怎么了
2016-07-21 16:46:35,363 - app.origin - INFO - 已写入第八百一十四章 李晓爱
2016-07-21 16:46:35,395 - app.origin - INFO - 已写入第八百一十五章 来检查一下
2016-07-21 16:46:35,431 - app.origin - INFO - 已写入第八百一十六章 噩梦
2016-07-21 16:46:35,475 - app.origin - INFO - 已写入第八百一十七章 偷偷跑了
2016-07-21 16:46:35,507 - app.origin - INFO - 已写入第八百一十八章 魔窟
2016-07-21 16:46:35,542 - app.origin - INFO - 已写入第八百一十九章 一批新货
2016-07-21 16:46:35,575 - app.origin - INFO - 已写入第八百二十章 挑破魔窟
2016-07-21 16:46:35,610 - app.origin - INFO - 已写入第八百二十一章 追杀孟婆
2016-07-21 16:46:35,643 - app.origin - INFO - 已写入第八百二十二章 先不杀你
2016-07-21 16:46:35,677 - app.origin - INFO - 已写入第八百二十三章 道歉吧
2016-07-21 16:46:35,712 - app.origin - INFO - 已写入第八百二十四章 寻找罗茜
2016-07-21 16:46:35,744 - app.origin - INFO - 已写入第八百二十五章 噩梦
2016-07-21 16:46:35,776 - app.origin - INFO - 已写入第八百二十六章 询问韩冰
2016-07-21 16:46:35,814 - app.origin - INFO - 已写入第八百二十七章 秦樱
2016-07-21 16:46:35,846 - app.origin - INFO - 已写入第八百二十八章 我的女儿
2016-07-21 16:46:35,880 - app.origin - INFO - 已写入第八百二十九章 全家总动员
2016-07-21 16:46:35,916 - app.origin - INFO - 已写入第八百三十章 秦毅
2016-07-21 16:46:35,948 - app.origin - INFO - 已写入第八百三十一章 有人拦路
2016-07-21 16:46:35,987 - app.origin - INFO - 已写入第八百三十二章 轩辕之殇
2016-07-21 16:46:36,024 - app.origin - INFO - 已写入第八百三十三章 应天出现
2016-07-21 16:46:36,056 - app.origin - INFO - 已写入第八百三十四章 白泽的方法
2016-07-21 16:46:36,088 - app.origin - INFO - 已写入第八百三十五章 李百山的新任务
2016-07-21 16:46:36,123 - app.origin - INFO - 已写入第八百三十六章 一个交易
2016-07-21 16:46:36,156 - app.origin - INFO - 已写入第八百三十七章 大明星了
2016-07-21 16:46:36,188 - app.origin - INFO - 已写入第八百三十八章 当李娜遇到苏姬
2016-07-21 16:46:36,220 - app.origin - INFO - 已写入第八百三十九章 贪婪骑士
2016-07-21 16:46:36,254 - app.origin - INFO - 已写入第八百四十章 忘掉的人
2016-07-21 16:46:36,287 - app.origin - INFO - 已写入第八百四十一章 天使的审判
2016-07-21 16:46:36,321 - app.origin - INFO - 已写入第八百四十二章 前往梵蒂冈
2016-07-21 16:46:36,354 - app.origin - INFO - 已写入第八百四十三章 韩冰的阻拦
2016-07-21 16:46:36,388 - app.origin - INFO - 已写入第八百四十四章 新的教皇
2016-07-21 16:46:36,424 - app.origin - INFO - 已写入第八百四十五章 审判秦朝
2016-07-21 16:46:36,458 - app.origin - INFO - 已写入第八百四十六章 阿格斯的请求
2016-07-21 16:46:36,490 - app.origin - INFO - 已写入第八百四十七章 追逐阿格斯
2016-07-21 16:46:36,523 - app.origin - INFO - 已写入第八百四十八章 李凡凡
2016-07-21 16:46:36,607 - app.origin - INFO - 已写入第八百四十九章 天使之光
2016-07-21 16:46:36,693 - app.origin - INFO - 已写入第八百五十章 拯救约翰
2016-07-21 16:46:36,735 - app.origin - INFO - 已写入第八百五十一章 摧毁天使
2016-07-21 16:46:36,772 - app.origin - INFO - 已写入第八百五十二章 巧遇美丽空姐
2016-07-21 16:46:36,805 - app.origin - INFO - 已写入第八百五十三章 上官燕的麻烦
2016-07-21 16:46:36,842 - app.origin - INFO - 已写入第八百五十四章 上官燕的过去
2016-07-21 16:46:36,874 - app.origin - INFO - 已写入第八百五十五章 麻烦缠身
2016-07-21 16:46:36,906 - app.origin - INFO - 已写入第八百五十六章 小樱不见了
2016-07-21 16:46:36,938 - app.origin - INFO - 已写入第八百五十七章 换到你爽
2016-07-21 16:46:36,973 - app.origin - INFO - 已写入第八百五十八章 终极进化
2016-07-21 16:46:37,006 - app.origin - INFO - 已写入第八百五十九章 凄惨的死法
2016-07-21 16:46:37,046 - app.origin - INFO - 已写入第八百六十章 秦毅流浪记
2016-07-21 16:46:37,078 - app.origin - INFO - 已写入第八百六十一章 父子相遇
2016-07-21 16:46:37,111 - app.origin - INFO - 已写入第八百六十二章 带儿子追美
2016-07-21 16:46:37,143 - app.origin - INFO - 已写入第八百六十三章 又遇韩恩熙
2016-07-21 16:46:37,178 - app.origin - INFO - 已写入第八百六十四章 老妈找来了
2016-07-21 16:46:37,209 - app.origin - INFO - 已写入第八百六十五章 打老婆那点事
2016-07-21 16:46:37,243 - app.origin - INFO - 已写入第八百六十六章 摘星塔
2016-07-21 16:46:37,276 - app.origin - INFO - 已写入第八百六十七章 仙魄残片
2016-07-21 16:46:37,309 - app.origin - INFO - 已写入第八百六十八章 石鑫的求助
2016-07-21 16:46:37,343 - app.origin - INFO - 已写入第八百六十九章 石鑫的同学会
2016-07-21 16:46:37,375 - app.origin - INFO - 已写入第八百七十章 奇怪的学生
2016-07-21 16:46:37,411 - app.origin - INFO - 已写入第八百七十一章 天使契约
2016-07-21 16:46:37,445 - app.origin - INFO - 已写入第八百七十二章 违反契约
2016-07-21 16:46:37,481 - app.origin - INFO - 已写入第八百七十三章 同学再聚首
2016-07-21 16:46:37,514 - app.origin - INFO - 已写入第八百七十四章 江少爷
2016-07-21 16:46:37,559 - app.origin - INFO - 已写入第八百七十五章 被人羡慕的石鑫
2016-07-21 16:46:37,593 - app.origin - INFO - 已写入第八百七十六章 地狱的拜访
2016-07-21 16:46:37,626 - app.origin - INFO - 已写入第八百七十七章 前往地狱
2016-07-21 16:46:37,666 - app.origin - INFO - 已写入第八百七十八章 被打散
2016-07-21 16:46:37,700 - app.origin - INFO - 已写入第八百七十九章 法朵
2016-07-21 16:46:37,763 - app.origin - INFO - 已写入第八百八十章 搜刮姑娘的
2016-07-21 16:46:37,797 - app.origin - INFO - 已写入第八百八十一章 带着恶魔上路
2016-07-21 16:46:37,832 - app.origin - INFO - 已写入第八百八十二章 野炊
2016-07-21 16:46:37,865 - app.origin - INFO - 已写入第八百八十三章 追军
2016-07-21 16:46:37,949 - app.origin - INFO - 已写入第八百八十四章 杀人不成反被抢
2016-07-21 16:46:37,982 - app.origin - INFO - 已写入第八百八十五章 征兵处
2016-07-21 16:46:38,015 - app.origin - INFO - 已写入第八百八十六章 洗澡也服侍
2016-07-21 16:46:38,048 - app.origin - INFO - 已写入第八百八十七章 大力水手
2016-07-21 16:46:38,135 - app.origin - INFO - 已写入第八百八十八章 又见法尔蓝
2016-07-21 16:46:38,167 - app.origin - INFO - 已写入第八百八十九章 谁都拦不住
2016-07-21 16:46:38,199 - app.origin - INFO - 已写入第八百九十章 第九小队
2016-07-21 16:46:38,234 - app.origin - INFO - 已写入第八百九十一章 派拉山地
2016-07-21 16:46:38,265 - app.origin - INFO - 已写入第八百九十二章 死亡任务
2016-07-21 16:46:38,297 - app.origin - INFO - 已写入第八百九十三章 別西卜军队
2016-07-21 16:46:38,330 - app.origin - INFO - 已写入第八百九十四章 挑战大恶魔
2016-07-21 16:46:38,362 - app.origin - INFO - 已写入第八百九十五章 屠城
2016-07-21 16:46:39,076 - app.origin - INFO - 已写入第八百九十六章 打到你门口
2016-07-21 16:46:39,160 - app.origin - INFO - 已写入第八百九十七章 圈套
2016-07-21 16:46:39,209 - app.origin - INFO - 已写入第八百九十八章 反杀
2016-07-21 16:46:39,245 - app.origin - INFO - 已写入第八百九十九章 终于突破了
2016-07-21 16:46:39,281 - app.origin - INFO - 已写入第九百章 对战別西卜
2016-07-21 16:46:39,313 - app.origin - INFO - 已写入第九百零一章 真的是人类吗
2016-07-21 16:46:39,346 - app.origin - INFO - 已写入第九百零二章 BOSS也撂倒
2016-07-21 16:46:39,377 - app.origin - INFO - 已写入第九百零三章 一波又起
2016-07-21 16:46:39,410 - app.origin - INFO - 已写入第九百零四章 又是魔神
2016-07-21 16:46:39,444 - app.origin - INFO - 已写入第九百零五章 求合作
2016-07-21 16:46:39,496 - app.origin - INFO - 已写入第九百零六章 小白的察觉
2016-07-21 16:46:39,529 - app.origin - INFO - 已写入第九百零七章 喝血吃肉
2016-07-21 16:46:39,563 - app.origin - INFO - 已写入第九百零八章 电梯情缘
2016-07-21 16:46:39,604 - app.origin - INFO - 已写入第九百零九章 不准偷看
2016-07-21 16:46:39,636 - app.origin - INFO - 已写入第九百一十章 吃火锅也麻烦
2016-07-21 16:46:39,667 - app.origin - INFO - 已写入第九百一十一章 暗斗
2016-07-21 16:46:39,698 - app.origin - INFO - 已写入第九百一十二章 闷倒驴
2016-07-21 16:46:39,730 - app.origin - INFO - 已写入第九百一十三章 李雪耍酒疯
2016-07-21 16:46:39,764 - app.origin - INFO - 已写入第九百一十四章 深夜福利
2016-07-21 16:46:39,795 - app.origin - INFO - 已写入第九百一十五章 龙贝儿的挑衅
2016-07-21 16:46:39,827 - app.origin - INFO - 已写入第九百一十六章 赔我阿玛尼
2016-07-21 16:46:39,866 - app.origin - INFO - 已写入第九百一十七章 惹了煞星了
2016-07-21 16:46:39,897 - app.origin - INFO - 已写入第九百一十八章 带俩回家
2016-07-21 16:46:39,935 - app.origin - INFO - 已写入第九百一十九章 邻家妹妹情缘
2016-07-21 16:46:39,969 - app.origin - INFO - 已写入第九百二十章 情妹妹
2016-07-21 16:46:40,002 - app.origin - INFO - 已写入第九百二十一章 两个小美眉
2016-07-21 16:46:40,034 - app.origin - INFO - 已写入第九百二十二章 搞他
2016-07-21 16:46:40,065 - app.origin - INFO - 已写入第九百二十三章 走了后门
2016-07-21 16:46:40,098 - app.origin - INFO - 已写入第九百二十四章 帮忙
2016-07-21 16:46:40,131 - app.origin - INFO - 已写入第九百二十五章 邀请
2016-07-21 16:46:40,164 - app.origin - INFO - 已写入第九百二十六章 小樱上幼稚园
2016-07-21 16:46:40,195 - app.origin - INFO - 已写入第九百二十七章 惊神掌
2016-07-21 16:46:40,227 - app.origin - INFO - 已写入第九百二十八章 白泽来访
2016-07-21 16:46:40,311 - app.origin - INFO - 已写入第九百二十九章 勒令
2016-07-21 16:46:40,345 - app.origin - INFO - 已写入第九百三十章 科林斯号
2016-07-21 16:46:40,379 - app.origin - INFO - 已写入第九百三十一章 夫妻赌博
2016-07-21 16:46:40,412 - app.origin - INFO - 已写入第九百三十二章 引蛇出洞
2016-07-21 16:46:40,445 - app.origin - INFO - 已写入第九百三十三章 合作【第一更】
2016-07-21 16:46:40,481 - app.origin - INFO - 已写入第九百三十四章 小白是催化剂【第二更】
2016-07-21 16:46:40,514 - app.origin - INFO - 已写入第九百三十五章 晚宴【第三更】
2016-07-21 16:46:40,545 - app.origin - INFO - 已写入第九百三十六章 翻脸了
2016-07-21 16:46:40,578 - app.origin - INFO - 已写入第九百三十七章 召唤魔神
2016-07-21 16:46:40,613 - app.origin - INFO - 已写入第九百三十八章 和你好好玩玩【第一更】
2016-07-21 16:46:40,646 - app.origin - INFO - 已写入第九百三十九章 打不过就跑【第二更】
2016-07-21 16:46:40,679 - app.origin - INFO - 已写入第九百四十章 苏耀的麻烦【第三更】
2016-07-21 16:46:40,714 - app.origin - INFO - 已写入第九百四十一章 异变
2016-07-21 16:46:40,746 - app.origin - INFO - 已写入第九百四十二章 麻烦上门
2016-07-21 16:46:40,780 - app.origin - INFO - 已写入第九百四十三章 慵懒的一指
2016-07-21 16:46:40,826 - app.origin - INFO - 已写入第九百四十四章 那村那坟头
2016-07-21 16:46:40,867 - app.origin - INFO - 已写入第九百四十五章 甄氏女
2016-07-21 16:46:40,902 - app.origin - INFO - 已写入第九百四十六章 坟墓里的事
2016-07-21 16:46:40,934 - app.origin - INFO - 已写入第九百四十七章 神秘军师
2016-07-21 16:46:40,968 - app.origin - INFO - 已写入第九百四十八章 隐藏的危机
2016-07-21 16:46:41,002 - app.origin - INFO - 已写入第九百四十九章 新婚请柬
2016-07-21 16:46:41,034 - app.origin - INFO - 已写入第九百五十章 金仙门
2016-07-21 16:46:41,065 - app.origin - INFO - 已写入第九百五十一章 一只小雪猿
2016-07-21 16:46:41,098 - app.origin - INFO - 已写入第九百五十二章 划出道来吧
2016-07-21 16:46:41,131 - app.origin - INFO - 已写入第九百五十三章 金狮剑气
2016-07-21 16:46:41,164 - app.origin - INFO - 已写入第九百五十四章 姬媛媛
2016-07-21 16:46:41,199 - app.origin - INFO - 已写入第九百五十五章 炼丹
2016-07-21 16:46:41,232 - app.origin - INFO - 已写入第九百五十六章 花娘会白蛇
2016-07-21 16:46:41,263 - app.origin - INFO - 已写入第九百五十七章 飘渺峰上是非多
2016-07-21 16:46:41,296 - app.origin - INFO - 已写入第九百五十八章 烛龙夜战东方
2016-07-21 16:46:41,332 - app.origin - INFO - 已写入第九百五十九章 深夜幽会
2016-07-21 16:46:41,364 - app.origin - INFO - 已写入第九百六十章 男人这东西
2016-07-21 16:46:41,402 - app.origin - INFO - 已写入第九百六十一章 四象大阵
2016-07-21 16:46:41,433 - app.origin - INFO - 已写入第九百六十二章 拐卖女掌门
2016-07-21 16:46:41,471 - app.origin - INFO - 已写入第九百六十三章 抢亲去
2016-07-21 16:46:41,506 - app.origin - INFO - 已写入第九百六十四章 我来抢人的
2016-07-21 16:46:41,538 - app.origin - INFO - 已写入第九百六十五章 该爆发了
2016-07-21 16:46:41,570 - app.origin - INFO - 已写入第九百六十六章 魔傀释放术
2016-07-21 16:46:41,608 - app.origin - INFO - 已写入第九百六十七章 罗刹对飘渺
2016-07-21 16:46:41,641 - app.origin - INFO - 已写入第九百六十八章 没人能救你
2016-07-21 16:46:41,676 - app.origin - INFO - 已写入第九百六十九章 为了保护朋友
2016-07-21 16:46:41,711 - app.origin - INFO - 已写入第九百七十章 香艳的惩罚
2016-07-21 16:46:41,744 - app.origin - INFO - 已写入第九百七十一章 当蛇妖碰到蛇贩
2016-07-21 16:46:41,781 - app.origin - INFO - 已写入第九百七十二章 到底谁更黑
2016-07-21 16:46:41,814 - app.origin - INFO - 已写入第九百七十三章 送上惊喜
2016-07-21 16:46:41,847 - app.origin - INFO - 已写入第九百七十四章 小李娜进京
2016-07-21 16:46:41,882 - app.origin - INFO - 已写入第九百七十五章 给你扒鸡蛋
2016-07-21 16:46:41,916 - app.origin - INFO - 已写入第九百七十六章 谁的车
2016-07-21 16:46:41,964 - app.origin - INFO - 已写入第九百七十七章 霸道的秘书长
2016-07-21 16:46:41,998 - app.origin - INFO - 已写入第九百七十八章 李娜的宿舍
2016-07-21 16:46:42,031 - app.origin - INFO - 已写入第九百七十九章 顺便救你
2016-07-21 16:46:42,064 - app.origin - INFO - 已写入第九百八十章 天王JO
2016-07-21 16:46:42,148 - app.origin - INFO - 已写入第九百八十一章 不能唱我的歌
2016-07-21 16:46:42,205 - app.origin - INFO - 已写入第九百八十二章 天界大患
2016-07-21 16:46:42,240 - app.origin - INFO - 已写入第九百八十三章 九幽黑寡妇
2016-07-21 16:46:42,272 - app.origin - INFO - 已写入第九百八十四章 罗德的那些妞们
2016-07-21 16:46:42,334 - app.origin - INFO - 已写入第九百八十五章 苏姬发威
2016-07-21 16:46:42,365 - app.origin - INFO - 已写入第九百八十六章 变态杀人狂
2016-07-21 16:46:42,398 - app.origin - INFO - 已写入第九百八十七章 学生里的扛把子
2016-07-21 16:46:42,489 - app.origin - INFO - 已写入第九百八十八章 我是学生妹
2016-07-21 16:46:42,522 - app.origin - INFO - 已写入第九百八十九章 无奈的刘畅
2016-07-21 16:46:42,558 - app.origin - INFO - 已写入第九百九十章 大战三百回合
2016-07-21 16:46:42,591 - app.origin - INFO - 已写入第九百九十一章 洞穴里的女子
2016-07-21 16:46:42,623 - app.origin - INFO - 已写入第九百九十二章 鸿蒙道会开始
2016-07-21 16:46:42,655 - app.origin - INFO - 已写入第九百九十三章 灭了罗刹门
2016-07-21 16:46:42,692 - app.origin - INFO - 已写入第九百九十四章 神秘人杀人
2016-07-21 16:46:42,724 - app.origin - INFO - 已写入第九百九十五章 找上门来
2016-07-21 16:46:42,755 - app.origin - INFO - 已写入第九百九十六章 师姐1V2
2016-07-21 16:46:42,788 - app.origin - INFO - 已写入第九百九十七章 女人的仇恨
2016-07-21 16:46:42,821 - app.origin - INFO - 已写入第九百九十八章 牛逼的女人
2016-07-21 16:46:42,882 - app.origin - INFO - 已写入第九百九十九章 女人的战争
2016-07-21 16:46:42,915 - app.origin - INFO - 已写入第一千章 魔傀合一
2016-07-21 16:46:42,947 - app.origin - INFO - 已写入第一千零一章 我不是罗德【第1更】
2016-07-21 16:46:42,984 - app.origin - INFO - 已写入第一千零二章 飞仙级的战斗【第2更】
2016-07-21 16:46:43,017 - app.origin - INFO - 已写入第一千零三章 罗刹门的太上长老【第3更】
2016-07-21 16:46:43,051 - app.origin - INFO - 已写入第一千零四章 最后的方法【第4更】
2016-07-21 16:46:43,086 - app.origin - INFO - 已写入第一千零五章 赵晶晶发威【第5更】
2016-07-21 16:46:43,120 - app.origin - INFO - 已写入第一千零六章 都是一挑三【第6更】
2016-07-21 16:46:43,457 - app.origin - INFO - 已写入第一千零七章 别小看萝莉【第7更】
2016-07-21 16:46:43,513 - app.origin - INFO - 已写入第一千零八章 连胜三场【第8更】
2016-07-21 16:46:43,570 - app.origin - INFO - 已写入第一千零九章 楚风加油吧【第9更】
2016-07-21 16:46:43,602 - app.origin - INFO - 已写入第一千零一十章 天下第一门【第10更】
2016-07-21 16:46:43,634 - app.origin - INFO - 已写入第一千零一十一章 两个孩子的打擂【11】
2016-07-21 16:46:43,666 - app.origin - INFO - 已写入第一千零一十二章 给哥哥准备的【12更】
2016-07-21 16:46:43,701 - app.origin - INFO - 已写入第一千零一十三章 最后争霸【13更】
2016-07-21 16:46:43,733 - app.origin - INFO - 已写入第一千零一十四章 被虐惨了【14更】
2016-07-21 16:46:43,764 - app.origin - INFO - 已写入第一千零一十五章 我是神【15更】
2016-07-21 16:46:43,795 - app.origin - INFO - 已写入第一千零一十六章 群众的敌人【16更】
2016-07-21 16:46:43,827 - app.origin - INFO - 已写入第一千零一十七章 一夜回到解放前【17】
2016-07-21 16:46:43,861 - app.origin - INFO - 已写入第一千零一十八章 九九天威【18更】
2016-07-21 16:46:43,892 - app.origin - INFO - 已写入第一千零一十九章 和天做对【19更】
2016-07-21 16:46:43,925 - app.origin - INFO - 已写入第一千零二十章 是男人就坚持99下【廿】
2016-07-21 16:46:43,963 - app.origin - INFO - 已写入第一千零二十一章 小白的痴情【21更】
2016-07-21 16:46:44,000 - app.origin - INFO - 已写入第一千零二十二章 军师在哪【22更】
2016-07-21 16:46:44,037 - app.origin - INFO - 已写入第一千零二十三章 修真大全【23更】
2016-07-21 16:46:44,069 - app.origin - INFO - 已写入第一千零二十四章 继续PK【24更】
2016-07-21 16:46:44,101 - app.origin - INFO - 已写入第一千零二十五章 人带走，宝贝留下
2016-07-21 16:46:44,134 - app.origin - INFO - 已写入第一千零二十六章 飘渺四大仙【26更】
2016-07-21 16:46:44,168 - app.origin - INFO - 已写入第一千零二十七章 别乱来【27更】
2016-07-21 16:46:44,202 - app.origin - INFO - 已写入第一千零二十八章 飘渺宝库【28更】
2016-07-21 16:46:44,234 - app.origin - INFO - 已写入第一千零二十九章 只是摸骨【29更】
2016-07-21 16:46:44,271 - app.origin - INFO - 已写入第一千零三十章 保安挨揍事件【30更】
2016-07-21 16:46:44,302 - app.origin - INFO - 已写入第一千零三十一章 交给你个任务【31更】
2016-07-21 16:46:44,333 - app.origin - INFO - 已写入第一千零三十二章 司家少爷挖墙脚【32】
2016-07-21 16:46:44,373 - app.origin - INFO - 已写入第一千零三十三章 山寨玫瑰【33更】
2016-07-21 16:46:44,404 - app.origin - INFO - 已写入第一千零三十四章 少爷挨揍【34更】
2016-07-21 16:46:44,445 - app.origin - INFO - 已写入第一千零三十五章 给你揉揉肩【35更】
2016-07-21 16:46:44,476 - app.origin - INFO - 已写入第一千零三十六章 跪下道歉吧【36更】
2016-07-21 16:46:44,560 - app.origin - INFO - 已写入第一千零三十七章 我是管家【37更】
2016-07-21 16:46:44,594 - app.origin - INFO - 已写入第一千零三十八章 司家不会放过你【38】
2016-07-21 16:46:44,625 - app.origin - INFO - 已写入第一千零三十九章 切根【39更】
2016-07-21 16:46:44,662 - app.origin - INFO - 已写入第一千零四十章 被苏姬惩罚【40更】
2016-07-21 16:46:44,697 - app.origin - INFO - 已写入第一千零四十一章 降头【41更】
2016-07-21 16:46:44,732 - app.origin - INFO - 已写入第一千零四十二章 余露的病【42更】
2016-07-21 16:46:44,766 - app.origin - INFO - 已写入第一千零四十三章 谁能解降【43更】
2016-07-21 16:46:44,801 - app.origin - INFO - 已写入第一千零四十四章 喝两杯【44更】
2016-07-21 16:46:44,835 - app.origin - INFO - 已写入第一千零四十五章 第一个任务【45更】
2016-07-21 16:46:44,869 - app.origin - INFO - 已写入第一千零四十六章 请援手【46更】
2016-07-21 16:46:44,903 - app.origin - INFO - 已写入第一千零四十七章 我是女骑士【47更】
2016-07-21 16:46:44,935 - app.origin - INFO - 已写入第一千零四十八章 翻盘【48更】
2016-07-21 16:46:44,967 - app.origin - INFO - 已写入第一千零四十九章 泰国降头师【49更】
2016-07-21 16:46:45,001 - app.origin - INFO - 已写入第一千零五十章 惹上修真者【50更】
2016-07-21 16:46:45,033 - app.origin - INFO - 已写入第一千零五十一章 杀人换命【51更】
2016-07-21 16:46:45,068 - app.origin - INFO - 已写入第一千零五十二章 身体杀人计划【补】
2016-07-21 16:46:45,102 - app.origin - INFO - 已写入第一千零五十三章 你的影子【52更】
2016-07-21 16:46:45,133 - app.origin - INFO - 已写入第一千零五十四章 老友见面会【53更】
2016-07-21 16:46:45,174 - app.origin - INFO - 已写入第一千零五十五章 吴欣的追求者【54更】
2016-07-21 16:46:45,257 - app.origin - INFO - 已写入第一千零五十六章 穷*丝的爱情【55更】
2016-07-21 16:46:45,297 - app.origin - INFO - 已写入第一千零五十七章 情歌对唱【56更】
2016-07-21 16:46:45,332 - app.origin - INFO - 已写入第一千零五十八章 一场戏【57更】
2016-07-21 16:46:45,366 - app.origin - INFO - 已写入第一千零五十九章 断臂【58更】
2016-07-21 16:46:45,404 - app.origin - INFO - 已写入第一千零六十章 找个地方唱情歌【59更】
2016-07-21 16:46:45,437 - app.origin - INFO - 已写入第一千零六十一章 秦朝的赌约【60更】
2016-07-21 16:46:45,472 - app.origin - INFO - 已写入第一千零六十二章 欺负我的就是你【61】
2016-07-21 16:46:45,504 - app.origin - INFO - 已写入第一千零六十三章 半夜遛鸟【62更】
2016-07-21 16:46:45,539 - app.origin - INFO - 已写入第一千零六十四章 先打了再说【63更】
2016-07-21 16:46:45,570 - app.origin - INFO - 已写入第一千零六十五章 碰到拦路女【64更】
2016-07-21 16:46:45,603 - app.origin - INFO - 已写入第一千零六十六章 正道秘密集会【65更】
2016-07-21 16:46:45,634 - app.origin - INFO - 已写入第一千零六十七章 谁说我们没关系【66】
2016-07-21 16:46:45,670 - app.origin - INFO - 已写入第一千零六十八章 天丹子的条件【67更】
2016-07-21 16:46:45,702 - app.origin - INFO - 已写入第一千零六十九章 西门雨情上门【68更】
2016-07-21 16:46:45,735 - app.origin - INFO - 已写入第一千零七十章 该吃就吃【69更】
2016-07-21 16:46:45,766 - app.origin - INFO - 已写入第一千零七十一章 夜会东方【70更】
2016-07-21 16:46:45,800 - app.origin - INFO - 已写入第一千零七十二章 缘梦也来了【71】
2016-07-21 16:46:45,835 - app.origin - INFO - 已写入第一千零七十三章 山臊发怒了【72】
2016-07-21 16:46:45,870 - app.origin - INFO - 已写入第一千零七十四章 山臊的疑惑【73】
2016-07-21 16:46:45,908 - app.origin - INFO - 已写入第一千零七十五章 名门叫阵【74】
2016-07-21 16:46:45,947 - app.origin - INFO - 已写入第一千零七十六章 山臊出马【75】
2016-07-21 16:46:45,994 - app.origin - INFO - 已写入第一千零七十七章 忘记的那个人【76】
2016-07-21 16:46:46,030 - app.origin - INFO - 已写入第一千零七十八章 我会护着你【77】
2016-07-21 16:46:46,062 - app.origin - INFO - 已写入第一千零七十九章 力破华山【78】
2016-07-21 16:46:46,096 - app.origin - INFO - 已写入第一千零八十章 再退昆仑【79】
2016-07-21 16:46:46,130 - app.origin - INFO - 已写入第一千零八十一章 又要拜托你【80】
2016-07-21 16:46:46,163 - app.origin - INFO - 已写入第一千零八十二章 做你的妖奴【81】
2016-07-21 16:46:46,198 - app.origin - INFO - 已写入第一千零八十三章 地元灵丹【82】
2016-07-21 16:46:46,231 - app.origin - INFO - 已写入第一千零八十四章 差距太大了【83】
2016-07-21 16:46:46,266 - app.origin - INFO - 已写入第一千零八十五章 新的任务【84】
2016-07-21 16:46:46,302 - app.origin - INFO - 已写入第一千零八十六章 制定任务【85】
2016-07-21 16:46:46,333 - app.origin - INFO - 已写入第一千零八十七章 动我女人的代价【86】
2016-07-21 16:46:46,421 - app.origin - INFO - 已写入第一千零八十八章 程英的魅力
2016-07-21 16:46:46,451 - app.origin - INFO - 已写入第一千零八十九章 偷FBI的钱包
2016-07-21 16:46:46,485 - app.origin - INFO - 已写入第一千零九十章 成功嫁祸
2016-07-21 16:46:46,517 - app.origin - INFO - 已写入第一千零九十一章 和你睡觉
2016-07-21 16:46:46,551 - app.origin - INFO - 已写入第一千零九十二章 是你惹我的
2016-07-21 16:46:46,581 - app.origin - INFO - 已写入第一千零九十三章 任务前准备
2016-07-21 16:46:46,611 - app.origin - INFO - 已写入第一千零九十四章 他能靠得住么【1更】
2016-07-21 16:46:46,651 - app.origin - INFO - 已写入第一千零九十五章 抓好我【2更】
2016-07-21 16:46:46,737 - app.origin - INFO - 已写入第一千零九十六章 传说中的郑思琪【3更】
2016-07-21 16:46:46,769 - app.origin - INFO - 已写入第一千零九十七章 证不离手
2016-07-21 16:46:46,804 - app.origin - INFO - 已写入第一千零九十八章 我是刘爱国
2016-07-21 16:46:46,835 - app.origin - INFO - 已写入第一千零九十九章 回去看动画片
2016-07-21 16:46:46,868 - app.origin - INFO - 已写入第一千一百章 突然表白
2016-07-21 16:46:46,901 - app.origin - INFO - 已写入第一千一百零一章 跟着我
2016-07-21 16:46:46,931 - app.origin - INFO - 已写入第一千一百零二章 逃离
2016-07-21 16:46:46,963 - app.origin - INFO - 已写入第一千一百零三章 我要研究你【1更】
2016-07-21 16:46:46,994 - app.origin - INFO - 已写入第一千一百零四章 为了大韩民国【2更】
2016-07-21 16:46:47,028 - app.origin - INFO - 已写入第一千一百零五章 换成井空老师【3更】
2016-07-21 16:46:47,063 - app.origin - INFO - 已写入第一千一百零六章 极品飞车
2016-07-21 16:46:47,093 - app.origin - INFO - 已写入第一千一百零七章 我相信我的判断
2016-07-21 16:46:47,123 - app.origin - INFO - 已写入第一千一百零八章 肉拳打坦克【加更】
2016-07-21 16:46:47,155 - app.origin - INFO - 已写入第一千一百零九章 恐高症
2016-07-21 16:46:47,190 - app.origin - INFO - 已写入第一千一百一十章 船上的风采
2016-07-21 16:46:47,224 - app.origin - INFO - 已写入第一千一百一十一章 黑麒麟
2016-07-21 16:46:47,256 - app.origin - INFO - 已写入第一千一百一十二章 超能力赌术
2016-07-21 16:46:47,289 - app.origin - INFO - 已写入第一千一百一十三章 翻脸赖账
2016-07-21 16:46:47,321 - app.origin - INFO - 已写入第一千一百一十四章 你喜欢哪种片
2016-07-21 16:46:47,353 - app.origin - INFO - 已写入第一千一百一十五章 你出去
2016-07-21 16:46:47,383 - app.origin - INFO - 已写入第一千一百一十六章 水下大作战
2016-07-21 16:46:47,414 - app.origin - INFO - 已写入第一千一百一十七章 食人鱼【1更】
2016-07-21 16:46:47,445 - app.origin - INFO - 已写入第一千一百一十八章 人体研究【2更】
2016-07-21 16:46:47,476 - app.origin - INFO - 已写入第一千一百一十九章 研究失败【3更】
2016-07-21 16:46:47,506 - app.origin - INFO - 已写入第一千一百二十章 老板有请【4更】
2016-07-21 16:46:47,548 - app.origin - INFO - 已写入第一千一百二十一章 逆鳞【1更】
2016-07-21 16:46:47,580 - app.origin - INFO - 已写入第一千一百二十二章 山寨货【2更】
2016-07-21 16:46:47,611 - app.origin - INFO - 已写入第一千一百二十三章 主人，刚把带【3更】
2016-07-21 16:46:47,642 - app.origin - INFO - 已写入第一千一百二十四章 偷天计划【4更】
2016-07-21 16:46:47,677 - app.origin - INFO - 已写入第一千一百二十五章 真正的毁灭者【1更】
2016-07-21 16:46:47,708 - app.origin - INFO - 已写入第一千一百二十六章 机甲破坏狂【2更】
2016-07-21 16:46:47,744 - app.origin - INFO - 已写入第一千一百二十七章 我是个神父【3更】
2016-07-21 16:46:47,775 - app.origin - INFO - 已写入第一千一百二十八章 鸟人也来凑热闹【4】
2016-07-21 16:46:47,810 - app.origin - INFO - 已写入第一千一百二十九章 生命魔法【1更】
2016-07-21 16:46:47,840 - app.origin - INFO - 已写入第一千一百三十章 我选择活着【2更】
2016-07-21 16:46:47,871 - app.origin - INFO - 已写入第一千一百三十一章 救兵到了【3更】
2016-07-21 16:46:47,902 - app.origin - INFO - 已写入第一千一百三十二章 疗伤的办法【4更】
2016-07-21 16:46:47,932 - app.origin - INFO - 已写入第一千一百三十三章 灌注神之力【1更 】
2016-07-21 16:46:47,963 - app.origin - INFO - 已写入第一千一百三十四章 激情小旅店【2更】
2016-07-21 16:46:47,994 - app.origin - INFO - 已写入第一千一百三十五章 战斗【3更】
2016-07-21 16:46:48,025 - app.origin - INFO - 已写入第一千一百三十六章 不速之客【4更】
2016-07-21 16:46:48,060 - app.origin - INFO - 已写入第一千一百三十七章 表演给我看【1更】
2016-07-21 16:46:48,092 - app.origin - INFO - 已写入第一千一百三十八章 程女侠的梦【2更】
2016-07-21 16:46:48,124 - app.origin - INFO - 已写入第一千一百三十九章 真实和虚幻【3更】
2016-07-21 16:46:48,154 - app.origin - INFO - 已写入第一千一百四十章 梦里的疯狂【4更】
2016-07-21 16:46:48,190 - app.origin - INFO - 已写入第一千一百四十一章 梦里的女人【5更】
2016-07-21 16:46:48,221 - app.origin - INFO - 已写入第一千一百四十二章 中奖了【1更】
2016-07-21 16:46:48,255 - app.origin - INFO - 已写入第一千一百四十三章 你爸发财了【2更】
2016-07-21 16:46:48,292 - app.origin - INFO - 已写入第一千一百四十四章 大城市钱好赚【3更】
2016-07-21 16:46:48,323 - app.origin - INFO - 已写入第一千一百四十五章 不要钱，只要手【4】
2016-07-21 16:46:48,357 - app.origin - INFO - 已写入第一千一百四十六章 我骗他的【5更】
2016-07-21 16:46:48,390 - app.origin - INFO - 已写入第一千一百四十七章 完美寡妇【1更】
2016-07-21 16:46:48,420 - app.origin - INFO - 已写入第一千一百四十八章 请付款【2更】
2016-07-21 16:46:48,454 - app.origin - INFO - 已写入第一千一百四十九章 倒霉的钱铁龙【3更】
2016-07-21 16:46:48,487 - app.origin - INFO - 已写入第一千一百五十章 驻颜术【4更】
2016-07-21 16:46:48,521 - app.origin - INFO - 已写入第一千一百五十一章 水木遭打假【5更】
2016-07-21 16:46:48,555 - app.origin - INFO - 已写入第一千一百五十二章 讲个鬼故事【1更】
2016-07-21 16:46:48,589 - app.origin - INFO - 已写入第一千一百五十三章 老三的梦话【2更】
2016-07-21 16:46:48,620 - app.origin - INFO - 已写入第一千一百五十四章 噩梦般的过去【3更】
2016-07-21 16:46:48,651 - app.origin - INFO - 已写入第一千一百五十五章 石颖的故事【4更】
2016-07-21 16:46:48,683 - app.origin - INFO - 已写入第一千一百五十六章 厨房暗战【5更】
2016-07-21 16:46:48,715 - app.origin - INFO - 已写入第一千一百五十七章 石颖的温柔
2016-07-21 16:46:48,748 - app.origin - INFO - 已写入第一千一百五十八章 去家里整死他
2016-07-21 16:46:48,781 - app.origin - INFO - 已写入第一千一百五十九章 把我腿敲折
2016-07-21 16:46:48,814 - app.origin - INFO - 已写入第一千一百六十章 又见毁灭者
2016-07-21 16:46:48,854 - app.origin - INFO - 已写入第一千一百六十一章 投桃报李
2016-07-21 16:46:48,885 - app.origin - INFO - 已写入第一千一百六十二章 毁灭基地
2016-07-21 16:46:48,918 - app.origin - INFO - 已写入第一千一百六十三章 到底谁强悍
2016-07-21 16:46:48,950 - app.origin - INFO - 已写入第一千一百六十四章 你是个修真者
2016-07-21 16:46:48,981 - app.origin - INFO - 已写入第一千一百六十五章 逃命吧
2016-07-21 16:46:49,013 - app.origin - INFO - 已写入第一千一百六十六章 鄙视小白脸
2016-07-21 16:46:49,044 - app.origin - INFO - 已写入第一千一百六十七章 表白
2016-07-21 16:46:49,081 - app.origin - INFO - 已写入第一千一百六十八章 宿舍大作战
2016-07-21 16:46:49,115 - app.origin - INFO - 已写入第一千一百六十九章 独立的小娜娜【1更】
2016-07-21 16:46:49,151 - app.origin - INFO - 已写入第一千一百七十章 李娜的想法【2更】
2016-07-21 16:46:49,185 - app.origin - INFO - 已写入第一千一百七十一章 补习老师【3更】
2016-07-21 16:46:49,217 - app.origin - INFO - 已写入第一千一百七十二章 少爷的坏心思
2016-07-21 16:46:49,250 - app.origin - INFO - 已写入第一千一百七十三章 七天绝命琴
2016-07-21 16:46:49,282 - app.origin - INFO - 已写入第一千一百七十四章 邪恶造神方式
2016-07-21 16:46:49,373 - app.origin - INFO - 已写入第一千一百七十五章 地府
2016-07-21 16:46:49,416 - app.origin - INFO - 已写入第一千一百七十六章 金明峰有约
2016-07-21 16:46:49,450 - app.origin - INFO - 已写入第一千一百七十七章 青青茶楼
2016-07-21 16:46:49,482 - app.origin - INFO - 已写入第一千一百七十八章 特殊的要求
2016-07-21 16:46:49,513 - app.origin - INFO - 已写入第一千一百七十九章 神秘邀约
2016-07-21 16:46:49,550 - app.origin - INFO - 已写入第一千一百八十章 和小明的约定
2016-07-21 16:46:49,586 - app.origin - INFO - 已写入第一千一百八十一章 的确是误会
2016-07-21 16:46:49,622 - app.origin - INFO - 已写入第一千一百八十二章 带你们下地狱
2016-07-21 16:46:49,652 - app.origin - INFO - 已写入第一千一百八十三章 我来打假
2016-07-21 16:46:49,687 - app.origin - INFO - 已写入第一千一百八十四章 情债【1更】
2016-07-21 16:46:49,721 - app.origin - INFO - 已写入第一千一百八十五章 魔尊出世【2更】
2016-07-21 16:46:49,750 - app.origin - INFO - 已写入第一千一百八十六章 来求助【3更】
2016-07-21 16:46:49,783 - app.origin - INFO - 已写入第一千一百八十七章 水龙镇
2016-07-21 16:46:49,877 - app.origin - INFO - 已写入第一千一百八十八章 魔尊的游戏
2016-07-21 16:46:49,910 - app.origin - INFO - 已写入第一千一百八十九章 玩场游戏
2016-07-21 16:46:49,943 - app.origin - INFO - 已写入第一千一百九十章 魔头上门
2016-07-21 16:46:49,976 - app.origin - INFO - 已写入第一千一百九十一章 罗德来揍人
2016-07-21 16:46:50,009 - app.origin - INFO - 已写入第一千一百九十二章 李百山现身
2016-07-21 16:46:50,042 - app.origin - INFO - 已写入第一千一百九十三章 谁丢的复活术
2016-07-21 16:46:50,073 - app.origin - INFO - 已写入第一千一百九十四章 落魄的山海墓
2016-07-21 16:46:50,109 - app.origin - INFO - 已写入第一千一百九十五章 轩辕樱姬的虚弱
2016-07-21 16:46:50,141 - app.origin - INFO - 已写入第一千一百九十六章 轩辕的死期
2016-07-21 16:46:50,172 - app.origin - INFO - 已写入第一千一百九十七章 不只是报恩
2016-07-21 16:46:50,209 - app.origin - INFO - 已写入第一千一百九十八章 龙族后裔
2016-07-21 16:46:50,244 - app.origin - INFO - 已写入第一千一百九十九章 死了都要爱【1更】
2016-07-21 16:46:50,279 - app.origin - INFO - 已写入第一千二百章 海棠【2更】
2016-07-21 16:46:50,312 - app.origin - INFO - 已写入第一千二百零一章 唐家的报复【3更】
2016-07-21 16:46:50,344 - app.origin - INFO - 已写入第一千二百零二章 针对李娜的阴谋【1更】
2016-07-21 16:46:50,377 - app.origin - INFO - 已写入第一千二百零三章 秦大哥是小白脸【2更】
2016-07-21 16:46:50,414 - app.origin - INFO - 已写入第一千二百零四章 竞选学生会【3更】
2016-07-21 16:46:50,460 - app.origin - ERROR - 从17K生成"我的美女老师\.txt"失败
Traceback (most recent call last):
  File "/home/fyb/codes/fanclley/app/origins/seventeenfree.py", line 69, in generate_txt
    file.write(self._chap_list[i][0] + '\n\n' + self.get_singel_novel(self._chap_list[i][1]) + '\n\n')
TypeError: coercing to Unicode: need string or buffer, NoneType found
