2016-07-22 11:24:36,177 - app.origin - ERROR - 无法连接http://pad.hongxiu.com/aspxnovellist/androidclient/androidclientsearch.aspx?method=store.search&kw=圣王&&order=mvote&&page=1&&per_page=5&,
无法获取红袖添香搜索结果。
Traceback (most recent call last):
  File "/home/fyb/codes/fanclley/app/origins/search.py", line 59, in search_Hongxiu
    search_list = json.loads(self.s.get(_searchapi).content)
  File "/usr/lib/python2.7/json/__init__.py", line 338, in loads
    return _default_decoder.decode(s)
  File "/usr/lib/python2.7/json/decoder.py", line 366, in decode
    obj, end = self.raw_decode(s, idx=_w(s, 0).end())
  File "/usr/lib/python2.7/json/decoder.py", line 382, in raw_decode
    obj, end = self.scan_once(s, idx)
ValueError: Invalid control character at: line 3 column 450 (char 534)
2016-07-22 11:25:57,251 - app.origin - INFO - 起点中文网未找到包含关键字"异世风流"的小说
2016-07-22 11:25:57,515 - app.origin - INFO - 红袖添香未找到包含关键字"异世风流"的小说
2016-07-22 11:26:06,363 - app.origin - INFO - 已获取"异世风流"信息。
2016-07-22 11:26:06,363 - app.origin - INFO - 异世风流91免费章节
2016-07-22 11:26:06,485 - app.origin - ERROR - 无法获取http://book.zongheng.com/chapter/570059/第一章 前事.html的章节内容。
Traceback (most recent call last):
  File "/home/fyb/codes/fanclley/app/origins/zonghengfree.py", line 52, in get_singel_novel
    buffer = wrap.find_all('p')
AttributeError: 'NoneType' object has no attribute 'find_all'
2016-07-22 11:26:06,486 - app.origin - INFO - 已写入32888776
2016-07-22 11:26:06,622 - app.origin - ERROR - 无法获取http://book.zongheng.com/chapter/570059/第二章 相知.html的章节内容。
Traceback (most recent call last):
  File "/home/fyb/codes/fanclley/app/origins/zonghengfree.py", line 52, in get_singel_novel
    buffer = wrap.find_all('p')
AttributeError: 'NoneType' object has no attribute 'find_all'
2016-07-22 11:26:06,623 - app.origin - INFO - 已写入32888792
2016-07-22 11:26:06,731 - app.origin - ERROR - 无法获取http://book.zongheng.com/chapter/570059/第三章 还要.html的章节内容。
Traceback (most recent call last):
  File "/home/fyb/codes/fanclley/app/origins/zonghengfree.py", line 52, in get_singel_novel
    buffer = wrap.find_all('p')
AttributeError: 'NoneType' object has no attribute 'find_all'
2016-07-22 11:26:06,732 - app.origin - INFO - 已写入32893784
2016-07-22 11:26:06,857 - app.origin - ERROR - 无法获取http://book.zongheng.com/chapter/570059/第四章 五鬼之地.html的章节内容。
Traceback (most recent call last):
  File "/home/fyb/codes/fanclley/app/origins/zonghengfree.py", line 52, in get_singel_novel
    buffer = wrap.find_all('p')
AttributeError: 'NoneType' object has no attribute 'find_all'
2016-07-22 11:26:06,858 - app.origin - INFO - 已写入32898030
2016-07-22 11:26:07,001 - app.origin - ERROR - 无法获取http://book.zongheng.com/chapter/570059/第五章 鬼心人心.html的章节内容。
Traceback (most recent call last):
  File "/home/fyb/codes/fanclley/app/origins/zonghengfree.py", line 52, in get_singel_novel
    buffer = wrap.find_all('p')
AttributeError: 'NoneType' object has no attribute 'find_all'
2016-07-22 11:26:07,001 - app.origin - INFO - 已写入32900920
2016-07-22 11:26:07,125 - app.origin - ERROR - 无法获取http://book.zongheng.com/chapter/570059/第六章 再见董小宛.html的章节内容。
Traceback (most recent call last):
  File "/home/fyb/codes/fanclley/app/origins/zonghengfree.py", line 52, in get_singel_novel
    buffer = wrap.find_all('p')
AttributeError: 'NoneType' object has no attribute 'find_all'
2016-07-22 11:26:07,126 - app.origin - INFO - 已写入32902686
2016-07-22 11:26:07,534 - app.origin - ERROR - 无法获取http://book.zongheng.com/chapter/570059/第七章 佣兵骑士.html的章节内容。
Traceback (most recent call last):
  File "/home/fyb/codes/fanclley/app/origins/zonghengfree.py", line 52, in get_singel_novel
    buffer = wrap.find_all('p')
AttributeError: 'NoneType' object has no attribute 'find_all'
2016-07-22 11:26:07,534 - app.origin - INFO - 已写入32920097
2016-07-22 11:26:07,651 - app.origin - ERROR - 无法获取http://book.zongheng.com/chapter/570059/第八章 鬼船.html的章节内容。
Traceback (most recent call last):
  File "/home/fyb/codes/fanclley/app/origins/zonghengfree.py", line 52, in get_singel_novel
    buffer = wrap.find_all('p')
AttributeError: 'NoneType' object has no attribute 'find_all'
2016-07-22 11:26:07,651 - app.origin - INFO - 已写入32925601
2016-07-22 11:26:07,857 - app.origin - ERROR - 无法获取http://book.zongheng.com/chapter/570059/第九章 百慕大的传说.html的章节内容。
Traceback (most recent call last):
  File "/home/fyb/codes/fanclley/app/origins/zonghengfree.py", line 52, in get_singel_novel
    buffer = wrap.find_all('p')
AttributeError: 'NoneType' object has no attribute 'find_all'
2016-07-22 11:26:07,857 - app.origin - INFO - 已写入32926755
2016-07-22 11:26:07,985 - app.origin - ERROR - 无法获取http://book.zongheng.com/chapter/570059/第十章 一指问苍穹.html的章节内容。
Traceback (most recent call last):
  File "/home/fyb/codes/fanclley/app/origins/zonghengfree.py", line 52, in get_singel_novel
    buffer = wrap.find_all('p')
AttributeError: 'NoneType' object has no attribute 'find_all'
2016-07-22 11:26:07,986 - app.origin - INFO - 已写入32931187
2016-07-22 11:26:08,099 - app.origin - ERROR - 无法获取http://book.zongheng.com/chapter/570059/第十一章 大漠驼铃.html的章节内容。
Traceback (most recent call last):
  File "/home/fyb/codes/fanclley/app/origins/zonghengfree.py", line 52, in get_singel_novel
    buffer = wrap.find_all('p')
AttributeError: 'NoneType' object has no attribute 'find_all'
2016-07-22 11:26:08,099 - app.origin - INFO - 已写入32932078
2016-07-22 11:26:08,223 - app.origin - ERROR - 无法获取http://book.zongheng.com/chapter/570059/第十二章 智斗孤狼.html的章节内容。
Traceback (most recent call last):
  File "/home/fyb/codes/fanclley/app/origins/zonghengfree.py", line 52, in get_singel_novel
    buffer = wrap.find_all('p')
AttributeError: 'NoneType' object has no attribute 'find_all'
2016-07-22 11:26:08,223 - app.origin - INFO - 已写入32939523
2016-07-22 11:26:08,346 - app.origin - ERROR - 无法获取http://book.zongheng.com/chapter/570059/第十三章 大漠惊鸿.html的章节内容。
Traceback (most recent call last):
  File "/home/fyb/codes/fanclley/app/origins/zonghengfree.py", line 52, in get_singel_novel
    buffer = wrap.find_all('p')
AttributeError: 'NoneType' object has no attribute 'find_all'
2016-07-22 11:26:08,347 - app.origin - INFO - 已写入32945305
2016-07-22 11:26:08,499 - app.origin - ERROR - 无法获取http://book.zongheng.com/chapter/570059/第十四章 “董糖”，懂她.html的章节内容。
Traceback (most recent call last):
  File "/home/fyb/codes/fanclley/app/origins/zonghengfree.py", line 52, in get_singel_novel
    buffer = wrap.find_all('p')
AttributeError: 'NoneType' object has no attribute 'find_all'
2016-07-22 11:26:08,500 - app.origin - INFO - 已写入32949546
2016-07-22 11:26:08,639 - app.origin - ERROR - 无法获取http://book.zongheng.com/chapter/570059/第十五章 三关尽缟素（上）.html的章节内容。
Traceback (most recent call last):
  File "/home/fyb/codes/fanclley/app/origins/zonghengfree.py", line 52, in get_singel_novel
    buffer = wrap.find_all('p')
AttributeError: 'NoneType' object has no attribute 'find_all'
2016-07-22 11:26:08,639 - app.origin - INFO - 已写入32950025
2016-07-22 11:26:08,777 - app.origin - ERROR - 无法获取http://book.zongheng.com/chapter/570059/第十六章 三关尽缟素（下）.html的章节内容。
Traceback (most recent call last):
  File "/home/fyb/codes/fanclley/app/origins/zonghengfree.py", line 52, in get_singel_novel
    buffer = wrap.find_all('p')
AttributeError: 'NoneType' object has no attribute 'find_all'
2016-07-22 11:26:08,777 - app.origin - INFO - 已写入32952650
2016-07-22 11:26:08,898 - app.origin - ERROR - 无法获取http://book.zongheng.com/chapter/570059/第十七章 但愿君心似我心.html的章节内容。
Traceback (most recent call last):
  File "/home/fyb/codes/fanclley/app/origins/zonghengfree.py", line 52, in get_singel_novel
    buffer = wrap.find_all('p')
AttributeError: 'NoneType' object has no attribute 'find_all'
2016-07-22 11:26:08,898 - app.origin - INFO - 已写入32957282
2016-07-22 11:26:09,025 - app.origin - ERROR - 无法获取http://book.zongheng.com/chapter/570059/第十八章 司马无敌.html的章节内容。
Traceback (most recent call last):
  File "/home/fyb/codes/fanclley/app/origins/zonghengfree.py", line 52, in get_singel_novel
    buffer = wrap.find_all('p')
AttributeError: 'NoneType' object has no attribute 'find_all'
2016-07-22 11:26:09,027 - app.origin - INFO - 已写入32959514
2016-07-22 11:26:09,151 - app.origin - ERROR - 无法获取http://book.zongheng.com/chapter/570059/第十九章 巴罗迪亚.html的章节内容。
Traceback (most recent call last):
  File "/home/fyb/codes/fanclley/app/origins/zonghengfree.py", line 52, in get_singel_novel
    buffer = wrap.find_all('p')
AttributeError: 'NoneType' object has no attribute 'find_all'
2016-07-22 11:26:09,151 - app.origin - INFO - 已写入32962640
2016-07-22 11:26:09,281 - app.origin - ERROR - 无法获取http://book.zongheng.com/chapter/570059/第二十章 自古龙城多寂寞.html的章节内容。
Traceback (most recent call last):
  File "/home/fyb/codes/fanclley/app/origins/zonghengfree.py", line 52, in get_singel_novel
    buffer = wrap.find_all('p')
AttributeError: 'NoneType' object has no attribute 'find_all'
2016-07-22 11:26:09,282 - app.origin - INFO - 已写入32965047
2016-07-22 11:26:09,424 - app.origin - ERROR - 无法获取http://book.zongheng.com/chapter/570059/第二十一章 关山风月（上）.html的章节内容。
Traceback (most recent call last):
  File "/home/fyb/codes/fanclley/app/origins/zonghengfree.py", line 52, in get_singel_novel
    buffer = wrap.find_all('p')
AttributeError: 'NoneType' object has no attribute 'find_all'
2016-07-22 11:26:09,425 - app.origin - INFO - 已写入32967572
2016-07-22 11:26:09,551 - app.origin - ERROR - 无法获取http://book.zongheng.com/chapter/570059/第二十二章 关山风月（中）.html的章节内容。
Traceback (most recent call last):
  File "/home/fyb/codes/fanclley/app/origins/zonghengfree.py", line 52, in get_singel_novel
    buffer = wrap.find_all('p')
AttributeError: 'NoneType' object has no attribute 'find_all'
2016-07-22 11:26:09,551 - app.origin - INFO - 已写入32970802
2016-07-22 11:26:09,679 - app.origin - ERROR - 无法获取http://book.zongheng.com/chapter/570059/第二十三章 关山风月（下）.html的章节内容。
Traceback (most recent call last):
  File "/home/fyb/codes/fanclley/app/origins/zonghengfree.py", line 52, in get_singel_novel
    buffer = wrap.find_all('p')
AttributeError: 'NoneType' object has no attribute 'find_all'
2016-07-22 11:26:09,679 - app.origin - INFO - 已写入32972602
2016-07-22 11:26:09,808 - app.origin - ERROR - 无法获取http://book.zongheng.com/chapter/570059/第二十四章 月下琵琶.html的章节内容。
Traceback (most recent call last):
  File "/home/fyb/codes/fanclley/app/origins/zonghengfree.py", line 52, in get_singel_novel
    buffer = wrap.find_all('p')
AttributeError: 'NoneType' object has no attribute 'find_all'
2016-07-22 11:26:09,809 - app.origin - INFO - 已写入32976789
2016-07-22 11:26:09,960 - app.origin - ERROR - 无法获取http://book.zongheng.com/chapter/570059/第二十五章 天才骑士.html的章节内容。
Traceback (most recent call last):
  File "/home/fyb/codes/fanclley/app/origins/zonghengfree.py", line 52, in get_singel_novel
    buffer = wrap.find_all('p')
AttributeError: 'NoneType' object has no attribute 'find_all'
2016-07-22 11:26:09,960 - app.origin - INFO - 已写入32986729
2016-07-22 11:26:10,091 - app.origin - ERROR - 无法获取http://book.zongheng.com/chapter/570059/第二十六章 暴怒的董小宛.html的章节内容。
Traceback (most recent call last):
  File "/home/fyb/codes/fanclley/app/origins/zonghengfree.py", line 52, in get_singel_novel
    buffer = wrap.find_all('p')
AttributeError: 'NoneType' object has no attribute 'find_all'
2016-07-22 11:26:10,092 - app.origin - INFO - 已写入32987736
2016-07-22 11:26:10,217 - app.origin - ERROR - 无法获取http://book.zongheng.com/chapter/570059/第二十七章 沈家有子最风流.html的章节内容。
Traceback (most recent call last):
  File "/home/fyb/codes/fanclley/app/origins/zonghengfree.py", line 52, in get_singel_novel
    buffer = wrap.find_all('p')
AttributeError: 'NoneType' object has no attribute 'find_all'
2016-07-22 11:26:10,218 - app.origin - INFO - 已写入32989640
2016-07-22 11:26:10,347 - app.origin - ERROR - 无法获取http://book.zongheng.com/chapter/570059/第二十八章 原来如此.html的章节内容。
Traceback (most recent call last):
  File "/home/fyb/codes/fanclley/app/origins/zonghengfree.py", line 52, in get_singel_novel
    buffer = wrap.find_all('p')
AttributeError: 'NoneType' object has no attribute 'find_all'
2016-07-22 11:26:10,348 - app.origin - INFO - 已写入32990132
2016-07-22 11:26:10,462 - app.origin - ERROR - 无法获取http://book.zongheng.com/chapter/570059/第二十九章 金陵风雪.html的章节内容。
Traceback (most recent call last):
  File "/home/fyb/codes/fanclley/app/origins/zonghengfree.py", line 52, in get_singel_novel
    buffer = wrap.find_all('p')
AttributeError: 'NoneType' object has no attribute 'find_all'
2016-07-22 11:26:10,462 - app.origin - INFO - 已写入32992091
2016-07-22 11:26:10,586 - app.origin - ERROR - 无法获取http://book.zongheng.com/chapter/570059/第三十章 兰若寺.html的章节内容。
Traceback (most recent call last):
  File "/home/fyb/codes/fanclley/app/origins/zonghengfree.py", line 52, in get_singel_novel
    buffer = wrap.find_all('p')
AttributeError: 'NoneType' object has no attribute 'find_all'
2016-07-22 11:26:10,587 - app.origin - INFO - 已写入33010306
2016-07-22 11:26:10,712 - app.origin - ERROR - 无法获取http://book.zongheng.com/chapter/570059/第三十一章 泰来轶事.html的章节内容。
Traceback (most recent call last):
  File "/home/fyb/codes/fanclley/app/origins/zonghengfree.py", line 52, in get_singel_novel
    buffer = wrap.find_all('p')
AttributeError: 'NoneType' object has no attribute 'find_all'
2016-07-22 11:26:10,712 - app.origin - INFO - 已写入33011969
2016-07-22 11:26:10,864 - app.origin - ERROR - 无法获取http://book.zongheng.com/chapter/570059/第三十二章 庆生辰.html的章节内容。
Traceback (most recent call last):
  File "/home/fyb/codes/fanclley/app/origins/zonghengfree.py", line 52, in get_singel_novel
    buffer = wrap.find_all('p')
AttributeError: 'NoneType' object has no attribute 'find_all'
2016-07-22 11:26:10,864 - app.origin - INFO - 已写入33017475
2016-07-22 11:26:10,995 - app.origin - ERROR - 无法获取http://book.zongheng.com/chapter/570059/第三十三章 两江疫情.html的章节内容。
Traceback (most recent call last):
  File "/home/fyb/codes/fanclley/app/origins/zonghengfree.py", line 52, in get_singel_novel
    buffer = wrap.find_all('p')
AttributeError: 'NoneType' object has no attribute 'find_all'
2016-07-22 11:26:10,996 - app.origin - INFO - 已写入33018417
2016-07-22 11:26:11,124 - app.origin - ERROR - 无法获取http://book.zongheng.com/chapter/570059/第三十四章 我有一剑（上）.html的章节内容。
Traceback (most recent call last):
  File "/home/fyb/codes/fanclley/app/origins/zonghengfree.py", line 52, in get_singel_novel
    buffer = wrap.find_all('p')
AttributeError: 'NoneType' object has no attribute 'find_all'
2016-07-22 11:26:11,124 - app.origin - INFO - 已写入33019550
2016-07-22 11:26:11,282 - app.origin - ERROR - 无法获取http://book.zongheng.com/chapter/570059/第三十五章 我有一剑（下）.html的章节内容。
Traceback (most recent call last):
  File "/home/fyb/codes/fanclley/app/origins/zonghengfree.py", line 52, in get_singel_novel
    buffer = wrap.find_all('p')
AttributeError: 'NoneType' object has no attribute 'find_all'
2016-07-22 11:26:11,283 - app.origin - INFO - 已写入33023957
2016-07-22 11:26:11,423 - app.origin - ERROR - 无法获取http://book.zongheng.com/chapter/570059/第三十六章 佳人入梦.html的章节内容。
Traceback (most recent call last):
  File "/home/fyb/codes/fanclley/app/origins/zonghengfree.py", line 52, in get_singel_novel
    buffer = wrap.find_all('p')
AttributeError: 'NoneType' object has no attribute 'find_all'
2016-07-22 11:26:11,423 - app.origin - INFO - 已写入33025647
2016-07-22 11:26:11,582 - app.origin - ERROR - 无法获取http://book.zongheng.com/chapter/570059/第三十七章 处处留心皆可学.html的章节内容。
Traceback (most recent call last):
  File "/home/fyb/codes/fanclley/app/origins/zonghengfree.py", line 52, in get_singel_novel
    buffer = wrap.find_all('p')
AttributeError: 'NoneType' object has no attribute 'find_all'
2016-07-22 11:26:11,583 - app.origin - INFO - 已写入33028723
2016-07-22 11:26:11,708 - app.origin - ERROR - 无法获取http://book.zongheng.com/chapter/570059/第三十八章 运筹帷幄之中.html的章节内容。
Traceback (most recent call last):
  File "/home/fyb/codes/fanclley/app/origins/zonghengfree.py", line 52, in get_singel_novel
    buffer = wrap.find_all('p')
AttributeError: 'NoneType' object has no attribute 'find_all'
2016-07-22 11:26:11,708 - app.origin - INFO - 已写入33030703
2016-07-22 11:26:11,834 - app.origin - ERROR - 无法获取http://book.zongheng.com/chapter/570059/第三十九章 孝子薛青.html的章节内容。
Traceback (most recent call last):
  File "/home/fyb/codes/fanclley/app/origins/zonghengfree.py", line 52, in get_singel_novel
    buffer = wrap.find_all('p')
AttributeError: 'NoneType' object has no attribute 'find_all'
2016-07-22 11:26:11,834 - app.origin - INFO - 已写入33033327
2016-07-22 11:26:11,949 - app.origin - ERROR - 无法获取http://book.zongheng.com/chapter/570059/第四十章 午时已到.html的章节内容。
Traceback (most recent call last):
  File "/home/fyb/codes/fanclley/app/origins/zonghengfree.py", line 52, in get_singel_novel
    buffer = wrap.find_all('p')
AttributeError: 'NoneType' object has no attribute 'find_all'
2016-07-22 11:26:11,950 - app.origin - INFO - 已写入33036079
2016-07-22 11:26:12,071 - app.origin - ERROR - 无法获取http://book.zongheng.com/chapter/570059/第四十一章 算无对与偏执狂.html的章节内容。
Traceback (most recent call last):
  File "/home/fyb/codes/fanclley/app/origins/zonghengfree.py", line 52, in get_singel_novel
    buffer = wrap.find_all('p')
AttributeError: 'NoneType' object has no attribute 'find_all'
2016-07-22 11:26:12,071 - app.origin - INFO - 已写入33038691
2016-07-22 11:26:12,192 - app.origin - ERROR - 无法获取http://book.zongheng.com/chapter/570059/第四十二章 西北边情.html的章节内容。
Traceback (most recent call last):
  File "/home/fyb/codes/fanclley/app/origins/zonghengfree.py", line 52, in get_singel_novel
    buffer = wrap.find_all('p')
AttributeError: 'NoneType' object has no attribute 'find_all'
2016-07-22 11:26:12,192 - app.origin - INFO - 已写入33040725
2016-07-22 11:26:12,320 - app.origin - ERROR - 无法获取http://book.zongheng.com/chapter/570059/第四十三章 王者不归来.html的章节内容。
Traceback (most recent call last):
  File "/home/fyb/codes/fanclley/app/origins/zonghengfree.py", line 52, in get_singel_novel
    buffer = wrap.find_all('p')
AttributeError: 'NoneType' object has no attribute 'find_all'
2016-07-22 11:26:12,321 - app.origin - INFO - 已写入33043209
2016-07-22 11:26:12,425 - app.origin - ERROR - 无法获取http://book.zongheng.com/chapter/570059/第四十四章 此情无关风月.html的章节内容。
Traceback (most recent call last):
  File "/home/fyb/codes/fanclley/app/origins/zonghengfree.py", line 52, in get_singel_novel
    buffer = wrap.find_all('p')
AttributeError: 'NoneType' object has no attribute 'find_all'
2016-07-22 11:26:12,425 - app.origin - INFO - 已写入33045851
2016-07-22 11:26:12,532 - app.origin - ERROR - 无法获取http://book.zongheng.com/chapter/570059/第四十五章 薛家往事.html的章节内容。
Traceback (most recent call last):
  File "/home/fyb/codes/fanclley/app/origins/zonghengfree.py", line 52, in get_singel_novel
    buffer = wrap.find_all('p')
AttributeError: 'NoneType' object has no attribute 'find_all'
2016-07-22 11:26:12,532 - app.origin - INFO - 已写入33047923
2016-07-22 11:26:12,671 - app.origin - ERROR - 无法获取http://book.zongheng.com/chapter/570059/第四十六章 天一算与鬼谷术.html的章节内容。
Traceback (most recent call last):
  File "/home/fyb/codes/fanclley/app/origins/zonghengfree.py", line 52, in get_singel_novel
    buffer = wrap.find_all('p')
AttributeError: 'NoneType' object has no attribute 'find_all'
2016-07-22 11:26:12,671 - app.origin - INFO - 已写入33055799
2016-07-22 11:26:12,818 - app.origin - ERROR - 无法获取http://book.zongheng.com/chapter/570059/第四十七章 薛青入金陵.html的章节内容。
Traceback (most recent call last):
  File "/home/fyb/codes/fanclley/app/origins/zonghengfree.py", line 52, in get_singel_novel
    buffer = wrap.find_all('p')
AttributeError: 'NoneType' object has no attribute 'find_all'
2016-07-22 11:26:12,818 - app.origin - INFO - 已写入33070276
2016-07-22 11:26:12,938 - app.origin - ERROR - 无法获取http://book.zongheng.com/chapter/570059/第四十八章 都灵裹尸布（上）.html的章节内容。
Traceback (most recent call last):
  File "/home/fyb/codes/fanclley/app/origins/zonghengfree.py", line 52, in get_singel_novel
    buffer = wrap.find_all('p')
AttributeError: 'NoneType' object has no attribute 'find_all'
2016-07-22 11:26:12,939 - app.origin - INFO - 已写入33072353
2016-07-22 11:26:13,060 - app.origin - ERROR - 无法获取http://book.zongheng.com/chapter/570059/第四十九章 都灵裹尸布（中）.html的章节内容。
Traceback (most recent call last):
  File "/home/fyb/codes/fanclley/app/origins/zonghengfree.py", line 52, in get_singel_novel
    buffer = wrap.find_all('p')
AttributeError: 'NoneType' object has no attribute 'find_all'
2016-07-22 11:26:13,061 - app.origin - INFO - 已写入33076989
2016-07-22 11:26:13,188 - app.origin - ERROR - 无法获取http://book.zongheng.com/chapter/570059/第五十章 都灵裹尸布（下）.html的章节内容。
Traceback (most recent call last):
  File "/home/fyb/codes/fanclley/app/origins/zonghengfree.py", line 52, in get_singel_novel
    buffer = wrap.find_all('p')
AttributeError: 'NoneType' object has no attribute 'find_all'
2016-07-22 11:26:13,189 - app.origin - INFO - 已写入33097178
2016-07-22 11:26:13,310 - app.origin - ERROR - 无法获取http://book.zongheng.com/chapter/570059/第五十一章 大神棍说.html的章节内容。
Traceback (most recent call last):
  File "/home/fyb/codes/fanclley/app/origins/zonghengfree.py", line 52, in get_singel_novel
    buffer = wrap.find_all('p')
AttributeError: 'NoneType' object has no attribute 'find_all'
2016-07-22 11:26:13,311 - app.origin - INFO - 已写入33101132
2016-07-22 11:26:13,430 - app.origin - ERROR - 无法获取http://book.zongheng.com/chapter/570059/第五十二章 最污小鲜肉.html的章节内容。
Traceback (most recent call last):
  File "/home/fyb/codes/fanclley/app/origins/zonghengfree.py", line 52, in get_singel_novel
    buffer = wrap.find_all('p')
AttributeError: 'NoneType' object has no attribute 'find_all'
2016-07-22 11:26:13,430 - app.origin - INFO - 已写入33101940
2016-07-22 11:26:13,545 - app.origin - ERROR - 无法获取http://book.zongheng.com/chapter/570059/第五十三章 杨萧？杨凌！.html的章节内容。
Traceback (most recent call last):
  File "/home/fyb/codes/fanclley/app/origins/zonghengfree.py", line 52, in get_singel_novel
    buffer = wrap.find_all('p')
AttributeError: 'NoneType' object has no attribute 'find_all'
2016-07-22 11:26:13,546 - app.origin - INFO - 已写入33125815
2016-07-22 11:26:13,663 - app.origin - ERROR - 无法获取http://book.zongheng.com/chapter/570059/第五十四章 交易.html的章节内容。
Traceback (most recent call last):
  File "/home/fyb/codes/fanclley/app/origins/zonghengfree.py", line 52, in get_singel_novel
    buffer = wrap.find_all('p')
AttributeError: 'NoneType' object has no attribute 'find_all'
2016-07-22 11:26:13,664 - app.origin - INFO - 已写入33132186
2016-07-22 11:26:13,804 - app.origin - ERROR - 无法获取http://book.zongheng.com/chapter/570059/第五十五章 谈心、贪心？.html的章节内容。
Traceback (most recent call last):
  File "/home/fyb/codes/fanclley/app/origins/zonghengfree.py", line 52, in get_singel_novel
    buffer = wrap.find_all('p')
AttributeError: 'NoneType' object has no attribute 'find_all'
2016-07-22 11:26:13,804 - app.origin - INFO - 已写入33146944
2016-07-22 11:26:13,923 - app.origin - ERROR - 无法获取http://book.zongheng.com/chapter/570059/第五十六章 那里的故事.html的章节内容。
Traceback (most recent call last):
  File "/home/fyb/codes/fanclley/app/origins/zonghengfree.py", line 52, in get_singel_novel
    buffer = wrap.find_all('p')
AttributeError: 'NoneType' object has no attribute 'find_all'
2016-07-22 11:26:13,923 - app.origin - INFO - 已写入33149303
2016-07-22 11:26:14,050 - app.origin - ERROR - 无法获取http://book.zongheng.com/chapter/570059/第五十七章 神之殇.html的章节内容。
Traceback (most recent call last):
  File "/home/fyb/codes/fanclley/app/origins/zonghengfree.py", line 52, in get_singel_novel
    buffer = wrap.find_all('p')
AttributeError: 'NoneType' object has no attribute 'find_all'
2016-07-22 11:26:14,050 - app.origin - INFO - 已写入33152699
2016-07-22 11:26:14,223 - app.origin - ERROR - 无法获取http://book.zongheng.com/chapter/570059/第五十八章 再见巴罗迪亚.html的章节内容。
Traceback (most recent call last):
  File "/home/fyb/codes/fanclley/app/origins/zonghengfree.py", line 52, in get_singel_novel
    buffer = wrap.find_all('p')
AttributeError: 'NoneType' object has no attribute 'find_all'
2016-07-22 11:26:14,223 - app.origin - INFO - 已写入33154382
2016-07-22 11:26:14,544 - app.origin - ERROR - 无法获取http://book.zongheng.com/chapter/570059/第五十九章 初入行伍.html的章节内容。
Traceback (most recent call last):
  File "/home/fyb/codes/fanclley/app/origins/zonghengfree.py", line 52, in get_singel_novel
    buffer = wrap.find_all('p')
AttributeError: 'NoneType' object has no attribute 'find_all'
2016-07-22 11:26:14,544 - app.origin - INFO - 已写入33163944
2016-07-22 11:26:14,662 - app.origin - ERROR - 无法获取http://book.zongheng.com/chapter/570059/第六十章 备战金陵.html的章节内容。
Traceback (most recent call last):
  File "/home/fyb/codes/fanclley/app/origins/zonghengfree.py", line 52, in get_singel_novel
    buffer = wrap.find_all('p')
AttributeError: 'NoneType' object has no attribute 'find_all'
2016-07-22 11:26:14,663 - app.origin - INFO - 已写入33165635
2016-07-22 11:26:14,792 - app.origin - ERROR - 无法获取http://book.zongheng.com/chapter/570059/第六十一章 法拉希姆.html的章节内容。
Traceback (most recent call last):
  File "/home/fyb/codes/fanclley/app/origins/zonghengfree.py", line 52, in get_singel_novel
    buffer = wrap.find_all('p')
AttributeError: 'NoneType' object has no attribute 'find_all'
2016-07-22 11:26:14,793 - app.origin - INFO - 已写入33197441
2016-07-22 11:26:14,920 - app.origin - ERROR - 无法获取http://book.zongheng.com/chapter/570059/第六十二章 小小骷髅法.html的章节内容。
Traceback (most recent call last):
  File "/home/fyb/codes/fanclley/app/origins/zonghengfree.py", line 52, in get_singel_novel
    buffer = wrap.find_all('p')
AttributeError: 'NoneType' object has no attribute 'find_all'
2016-07-22 11:26:14,921 - app.origin - INFO - 已写入33199055
2016-07-22 11:26:15,153 - app.origin - ERROR - 无法获取http://book.zongheng.com/chapter/570059/第六十三章 天才魔法师（上）.html的章节内容。
Traceback (most recent call last):
  File "/home/fyb/codes/fanclley/app/origins/zonghengfree.py", line 52, in get_singel_novel
    buffer = wrap.find_all('p')
AttributeError: 'NoneType' object has no attribute 'find_all'
2016-07-22 11:26:15,153 - app.origin - INFO - 已写入33204247
2016-07-22 11:26:15,287 - app.origin - ERROR - 无法获取http://book.zongheng.com/chapter/570059/第六十四章 天才魔法师（下）.html的章节内容。
Traceback (most recent call last):
  File "/home/fyb/codes/fanclley/app/origins/zonghengfree.py", line 52, in get_singel_novel
    buffer = wrap.find_all('p')
AttributeError: 'NoneType' object has no attribute 'find_all'
2016-07-22 11:26:15,288 - app.origin - INFO - 已写入33204945
2016-07-22 11:26:15,408 - app.origin - ERROR - 无法获取http://book.zongheng.com/chapter/570059/第六十五章 第一教官.html的章节内容。
Traceback (most recent call last):
  File "/home/fyb/codes/fanclley/app/origins/zonghengfree.py", line 52, in get_singel_novel
    buffer = wrap.find_all('p')
AttributeError: 'NoneType' object has no attribute 'find_all'
2016-07-22 11:26:15,409 - app.origin - INFO - 已写入33208926
2016-07-22 11:26:15,536 - app.origin - ERROR - 无法获取http://book.zongheng.com/chapter/570059/第六十六章 傲慢与偏见.html的章节内容。
Traceback (most recent call last):
  File "/home/fyb/codes/fanclley/app/origins/zonghengfree.py", line 52, in get_singel_novel
    buffer = wrap.find_all('p')
AttributeError: 'NoneType' object has no attribute 'find_all'
2016-07-22 11:26:15,537 - app.origin - INFO - 已写入33211094
2016-07-22 11:26:15,702 - app.origin - ERROR - 无法获取http://book.zongheng.com/chapter/570059/第六十七章 有种信仰叫做狂热.html的章节内容。
Traceback (most recent call last):
  File "/home/fyb/codes/fanclley/app/origins/zonghengfree.py", line 52, in get_singel_novel
    buffer = wrap.find_all('p')
AttributeError: 'NoneType' object has no attribute 'find_all'
2016-07-22 11:26:15,702 - app.origin - INFO - 已写入33212753
2016-07-22 11:26:15,826 - app.origin - ERROR - 无法获取http://book.zongheng.com/chapter/570059/第六十八章 算计.html的章节内容。
Traceback (most recent call last):
  File "/home/fyb/codes/fanclley/app/origins/zonghengfree.py", line 52, in get_singel_novel
    buffer = wrap.find_all('p')
AttributeError: 'NoneType' object has no attribute 'find_all'
2016-07-22 11:26:15,827 - app.origin - INFO - 已写入33216426
2016-07-22 11:26:15,980 - app.origin - ERROR - 无法获取http://book.zongheng.com/chapter/570059/第六十九章 天界往事.html的章节内容。
Traceback (most recent call last):
  File "/home/fyb/codes/fanclley/app/origins/zonghengfree.py", line 52, in get_singel_novel
    buffer = wrap.find_all('p')
AttributeError: 'NoneType' object has no attribute 'find_all'
2016-07-22 11:26:15,980 - app.origin - INFO - 已写入33231486
2016-07-22 11:26:16,112 - app.origin - ERROR - 无法获取http://book.zongheng.com/chapter/570059/第七十章 掌心.html的章节内容。
Traceback (most recent call last):
  File "/home/fyb/codes/fanclley/app/origins/zonghengfree.py", line 52, in get_singel_novel
    buffer = wrap.find_all('p')
AttributeError: 'NoneType' object has no attribute 'find_all'
2016-07-22 11:26:16,113 - app.origin - INFO - 已写入33233471
2016-07-22 11:26:16,259 - app.origin - ERROR - 无法获取http://book.zongheng.com/chapter/570059/第七十一章 归来.html的章节内容。
Traceback (most recent call last):
  File "/home/fyb/codes/fanclley/app/origins/zonghengfree.py", line 52, in get_singel_novel
    buffer = wrap.find_all('p')
AttributeError: 'NoneType' object has no attribute 'find_all'
2016-07-22 11:26:16,259 - app.origin - INFO - 已写入33264861
2016-07-22 11:26:16,397 - app.origin - ERROR - 无法获取http://book.zongheng.com/chapter/570059/第七十二章 风云再聚（上）.html的章节内容。
Traceback (most recent call last):
  File "/home/fyb/codes/fanclley/app/origins/zonghengfree.py", line 52, in get_singel_novel
    buffer = wrap.find_all('p')
AttributeError: 'NoneType' object has no attribute 'find_all'
2016-07-22 11:26:16,398 - app.origin - INFO - 已写入33265590
2016-07-22 11:26:16,519 - app.origin - ERROR - 无法获取http://book.zongheng.com/chapter/570059/第七十三章 风云再聚（中）.html的章节内容。
Traceback (most recent call last):
  File "/home/fyb/codes/fanclley/app/origins/zonghengfree.py", line 52, in get_singel_novel
    buffer = wrap.find_all('p')
AttributeError: 'NoneType' object has no attribute 'find_all'
2016-07-22 11:26:16,520 - app.origin - INFO - 已写入33269061
2016-07-22 11:26:16,648 - app.origin - ERROR - 无法获取http://book.zongheng.com/chapter/570059/第七十四章 风云再聚（下）.html的章节内容。
Traceback (most recent call last):
  File "/home/fyb/codes/fanclley/app/origins/zonghengfree.py", line 52, in get_singel_novel
    buffer = wrap.find_all('p')
AttributeError: 'NoneType' object has no attribute 'find_all'
2016-07-22 11:26:16,649 - app.origin - INFO - 已写入33277256
2016-07-22 11:26:16,822 - app.origin - ERROR - 无法获取http://book.zongheng.com/chapter/570059/第七十五章 酒醉人过.html的章节内容。
Traceback (most recent call last):
  File "/home/fyb/codes/fanclley/app/origins/zonghengfree.py", line 52, in get_singel_novel
    buffer = wrap.find_all('p')
AttributeError: 'NoneType' object has no attribute 'find_all'
2016-07-22 11:26:16,823 - app.origin - INFO - 已写入33297158
2016-07-22 11:26:16,961 - app.origin - ERROR - 无法获取http://book.zongheng.com/chapter/570059/第七十六章 兵事论战.html的章节内容。
Traceback (most recent call last):
  File "/home/fyb/codes/fanclley/app/origins/zonghengfree.py", line 52, in get_singel_novel
    buffer = wrap.find_all('p')
AttributeError: 'NoneType' object has no attribute 'find_all'
2016-07-22 11:26:16,962 - app.origin - INFO - 已写入33308884
2016-07-22 11:26:17,090 - app.origin - ERROR - 无法获取http://book.zongheng.com/chapter/570059/第七十七章 纸上兵事.html的章节内容。
Traceback (most recent call last):
  File "/home/fyb/codes/fanclley/app/origins/zonghengfree.py", line 52, in get_singel_novel
    buffer = wrap.find_all('p')
AttributeError: 'NoneType' object has no attribute 'find_all'
2016-07-22 11:26:17,090 - app.origin - INFO - 已写入33309530
2016-07-22 11:26:17,204 - app.origin - ERROR - 无法获取http://book.zongheng.com/chapter/570059/第七十八章 “兵”发杭城.html的章节内容。
Traceback (most recent call last):
  File "/home/fyb/codes/fanclley/app/origins/zonghengfree.py", line 52, in get_singel_novel
    buffer = wrap.find_all('p')
AttributeError: 'NoneType' object has no attribute 'find_all'
2016-07-22 11:26:17,204 - app.origin - INFO - 已写入33310249
2016-07-22 11:26:17,327 - app.origin - ERROR - 无法获取http://book.zongheng.com/chapter/570059/第七十九章 骨相.html的章节内容。
Traceback (most recent call last):
  File "/home/fyb/codes/fanclley/app/origins/zonghengfree.py", line 52, in get_singel_novel
    buffer = wrap.find_all('p')
AttributeError: 'NoneType' object has no attribute 'find_all'
2016-07-22 11:26:17,327 - app.origin - INFO - 已写入33313357
2016-07-22 11:26:17,442 - app.origin - ERROR - 无法获取http://book.zongheng.com/chapter/570059/第八十章 名曰辛弃疾（上）.html的章节内容。
Traceback (most recent call last):
  File "/home/fyb/codes/fanclley/app/origins/zonghengfree.py", line 52, in get_singel_novel
    buffer = wrap.find_all('p')
AttributeError: 'NoneType' object has no attribute 'find_all'
2016-07-22 11:26:17,442 - app.origin - INFO - 已写入33314061
2016-07-22 11:26:17,571 - app.origin - ERROR - 无法获取http://book.zongheng.com/chapter/570059/第八十一章 名曰辛弃疾（下）——第三更.html的章节内容。
Traceback (most recent call last):
  File "/home/fyb/codes/fanclley/app/origins/zonghengfree.py", line 52, in get_singel_novel
    buffer = wrap.find_all('p')
AttributeError: 'NoneType' object has no attribute 'find_all'
2016-07-22 11:26:17,571 - app.origin - INFO - 已写入33315037
2016-07-22 11:26:17,713 - app.origin - ERROR - 无法获取http://book.zongheng.com/chapter/570059/第八十二章 一百八十七包烟.html的章节内容。
Traceback (most recent call last):
  File "/home/fyb/codes/fanclley/app/origins/zonghengfree.py", line 52, in get_singel_novel
    buffer = wrap.find_all('p')
AttributeError: 'NoneType' object has no attribute 'find_all'
2016-07-22 11:26:17,713 - app.origin - INFO - 已写入33319256
2016-07-22 11:26:17,836 - app.origin - ERROR - 无法获取http://book.zongheng.com/chapter/570059/第八十三章 罗德眼.html的章节内容。
Traceback (most recent call last):
  File "/home/fyb/codes/fanclley/app/origins/zonghengfree.py", line 52, in get_singel_novel
    buffer = wrap.find_all('p')
AttributeError: 'NoneType' object has no attribute 'find_all'
2016-07-22 11:26:17,836 - app.origin - INFO - 已写入33320406
2016-07-22 11:26:17,960 - app.origin - ERROR - 无法获取http://book.zongheng.com/chapter/570059/第八十四章 我的眼里只有你.html的章节内容。
Traceback (most recent call last):
  File "/home/fyb/codes/fanclley/app/origins/zonghengfree.py", line 52, in get_singel_novel
    buffer = wrap.find_all('p')
AttributeError: 'NoneType' object has no attribute 'find_all'
2016-07-22 11:26:17,961 - app.origin - INFO - 已写入33339684
2016-07-22 11:26:18,081 - app.origin - ERROR - 无法获取http://book.zongheng.com/chapter/570059/第八十五章 杨萧的棋局.html的章节内容。
Traceback (most recent call last):
  File "/home/fyb/codes/fanclley/app/origins/zonghengfree.py", line 52, in get_singel_novel
    buffer = wrap.find_all('p')
AttributeError: 'NoneType' object has no attribute 'find_all'
2016-07-22 11:26:18,081 - app.origin - INFO - 已写入33341997
2016-07-22 11:26:18,209 - app.origin - ERROR - 无法获取http://book.zongheng.com/chapter/570059/第八十六章 一千条门槛.html的章节内容。
Traceback (most recent call last):
  File "/home/fyb/codes/fanclley/app/origins/zonghengfree.py", line 52, in get_singel_novel
    buffer = wrap.find_all('p')
AttributeError: 'NoneType' object has no attribute 'find_all'
2016-07-22 11:26:18,210 - app.origin - INFO - 已写入33346137
2016-07-22 11:26:18,333 - app.origin - ERROR - 无法获取http://book.zongheng.com/chapter/570059/第八十七章 与卿同穴，死亦风流！.html的章节内容。
Traceback (most recent call last):
  File "/home/fyb/codes/fanclley/app/origins/zonghengfree.py", line 52, in get_singel_novel
    buffer = wrap.find_all('p')
AttributeError: 'NoneType' object has no attribute 'find_all'
2016-07-22 11:26:18,334 - app.origin - INFO - 已写入33346850
2016-07-22 11:26:18,467 - app.origin - ERROR - 无法获取http://book.zongheng.com/chapter/570059/第八十八章 一人战一国.html的章节内容。
Traceback (most recent call last):
  File "/home/fyb/codes/fanclley/app/origins/zonghengfree.py", line 52, in get_singel_novel
    buffer = wrap.find_all('p')
AttributeError: 'NoneType' object has no attribute 'find_all'
2016-07-22 11:26:18,467 - app.origin - INFO - 已写入33350653
2016-07-22 11:26:18,590 - app.origin - ERROR - 无法获取http://book.zongheng.com/chapter/570059/第八十九章 赤子之心.html的章节内容。
Traceback (most recent call last):
  File "/home/fyb/codes/fanclley/app/origins/zonghengfree.py", line 52, in get_singel_novel
    buffer = wrap.find_all('p')
AttributeError: 'NoneType' object has no attribute 'find_all'
2016-07-22 11:26:18,590 - app.origin - INFO - 已写入33356662
2016-07-22 11:26:18,716 - app.origin - ERROR - 无法获取http://book.zongheng.com/chapter/570059/第九十章 特恩的悸动（明日上架，希望得到您的支持）.html的章节内容。
Traceback (most recent call last):
  File "/home/fyb/codes/fanclley/app/origins/zonghengfree.py", line 52, in get_singel_novel
    buffer = wrap.find_all('p')
AttributeError: 'NoneType' object has no attribute 'find_all'
2016-07-22 11:26:18,717 - app.origin - INFO - 已写入33361301
2016-07-22 11:26:18,924 - app.origin - ERROR - 无法获取http://book.zongheng.com/chapter/570059/第九十一章 八百人的姓名.html的章节内容。
Traceback (most recent call last):
  File "/home/fyb/codes/fanclley/app/origins/zonghengfree.py", line 52, in get_singel_novel
    buffer = wrap.find_all('p')
AttributeError: 'NoneType' object has no attribute 'find_all'
2016-07-22 11:26:18,925 - app.origin - INFO - 已写入33362923
2016-07-22 11:28:30,387 - app.origin - INFO - 起点中文网未找到包含关键字"异世风流"的小说
2016-07-22 11:28:30,653 - app.origin - INFO - 红袖添香未找到包含关键字"异世风流"的小说
2016-07-22 11:28:33,227 - app.origin - INFO - 已获取"异世风流"信息。
2016-07-22 11:28:33,227 - app.origin - INFO - 异世风流91免费章节
2016-07-22 11:28:33,854 - app.origin - INFO - 已写入32888776
2016-07-22 11:28:34,434 - app.origin - INFO - 已写入32888792
2016-07-22 11:28:35,057 - app.origin - INFO - 已写入32893784
2016-07-22 11:28:35,631 - app.origin - INFO - 已写入32898030
2016-07-22 11:28:36,383 - app.origin - INFO - 已写入32900920
2016-07-22 11:28:36,960 - app.origin - INFO - 已写入32902686
2016-07-22 11:28:37,591 - app.origin - INFO - 已写入32920097
2016-07-22 11:28:38,158 - app.origin - INFO - 已写入32925601
2016-07-22 11:28:38,822 - app.origin - INFO - 已写入32926755
2016-07-22 11:28:39,374 - app.origin - INFO - 已写入32931187
2016-07-22 11:28:39,998 - app.origin - INFO - 已写入32932078
2016-07-22 11:28:40,582 - app.origin - INFO - 已写入32939523
2016-07-22 11:28:41,212 - app.origin - INFO - 已写入32945305
2016-07-22 11:28:41,727 - app.origin - INFO - 已写入32949546
2016-07-22 11:28:42,363 - app.origin - INFO - 已写入32950025
2016-07-22 11:28:42,947 - app.origin - INFO - 已写入32952650
2016-07-22 11:28:44,647 - app.origin - INFO - 已写入32957282
2016-07-22 11:28:45,204 - app.origin - INFO - 已写入32959514
2016-07-22 11:28:45,719 - app.origin - INFO - 已写入32962640
2016-07-22 11:28:46,265 - app.origin - INFO - 已写入32965047
2016-07-22 11:28:46,897 - app.origin - INFO - 已写入32967572
2016-07-22 11:28:47,556 - app.origin - INFO - 已写入32970802
2016-07-22 11:28:48,182 - app.origin - INFO - 已写入32972602
2016-07-22 11:28:48,703 - app.origin - INFO - 已写入32976789
2016-07-22 11:28:49,259 - app.origin - INFO - 已写入32986729
2016-07-22 11:28:49,756 - app.origin - INFO - 已写入32987736
2016-07-22 11:28:50,387 - app.origin - INFO - 已写入32989640
2016-07-22 11:28:50,969 - app.origin - INFO - 已写入32990132
2016-07-22 11:28:51,612 - app.origin - INFO - 已写入32992091
2016-07-22 11:28:52,154 - app.origin - INFO - 已写入33010306
2016-07-22 11:28:52,757 - app.origin - INFO - 已写入33011969
2016-07-22 11:28:53,321 - app.origin - INFO - 已写入33017475
2016-07-22 11:28:53,979 - app.origin - INFO - 已写入33018417
2016-07-22 11:28:54,557 - app.origin - INFO - 已写入33019550
2016-07-22 11:28:55,177 - app.origin - INFO - 已写入33023957
2016-07-22 11:28:55,779 - app.origin - INFO - 已写入33025647
2016-07-22 11:28:56,705 - app.origin - INFO - 已写入33028723
2016-07-22 11:28:57,791 - app.origin - INFO - 已写入33030703
2016-07-22 11:28:58,568 - app.origin - INFO - 已写入33033327
2016-07-22 11:28:59,551 - app.origin - INFO - 已写入33036079
2016-07-22 11:29:00,342 - app.origin - INFO - 已写入33038691
2016-07-22 11:29:01,065 - app.origin - INFO - 已写入33040725
2016-07-22 11:29:01,758 - app.origin - INFO - 已写入33043209
2016-07-22 11:29:02,429 - app.origin - INFO - 已写入33045851
2016-07-22 11:29:03,155 - app.origin - INFO - 已写入33047923
2016-07-22 11:29:03,760 - app.origin - INFO - 已写入33055799
2016-07-22 11:29:04,472 - app.origin - INFO - 已写入33070276
2016-07-22 11:29:05,062 - app.origin - INFO - 已写入33072353
2016-07-22 11:29:05,787 - app.origin - INFO - 已写入33076989
2016-07-22 11:29:06,356 - app.origin - INFO - 已写入33097178
2016-07-22 11:29:07,013 - app.origin - INFO - 已写入33101132
2016-07-22 11:29:07,571 - app.origin - INFO - 已写入33101940
2016-07-22 11:29:08,193 - app.origin - INFO - 已写入33125815
2016-07-22 11:29:08,779 - app.origin - INFO - 已写入33132186
2016-07-22 11:29:09,453 - app.origin - INFO - 已写入33146944
2016-07-22 11:29:11,588 - app.origin - INFO - 已写入33149303
2016-07-22 11:29:12,201 - app.origin - INFO - 已写入33152699
2016-07-22 11:29:12,835 - app.origin - INFO - 已写入33154382
2016-07-22 11:29:13,415 - app.origin - INFO - 已写入33163944
2016-07-22 11:29:14,089 - app.origin - INFO - 已写入33165635
2016-07-22 11:29:14,678 - app.origin - INFO - 已写入33197441
2016-07-22 11:29:15,338 - app.origin - INFO - 已写入33199055
2016-07-22 11:29:16,113 - app.origin - INFO - 已写入33204247
2016-07-22 11:29:16,785 - app.origin - INFO - 已写入33204945
2016-07-22 11:29:17,393 - app.origin - INFO - 已写入33208926
2016-07-22 11:29:18,060 - app.origin - INFO - 已写入33211094
2016-07-22 11:29:18,625 - app.origin - INFO - 已写入33212753
2016-07-22 11:29:19,192 - app.origin - INFO - 已写入33216426
2016-07-22 11:29:19,783 - app.origin - INFO - 已写入33231486
2016-07-22 11:29:20,369 - app.origin - INFO - 已写入33233471
2016-07-22 11:29:20,934 - app.origin - INFO - 已写入33264861
2016-07-22 11:29:21,458 - app.origin - INFO - 已写入33265590
2016-07-22 11:29:22,067 - app.origin - INFO - 已写入33269061
2016-07-22 11:29:22,621 - app.origin - INFO - 已写入33277256
2016-07-22 11:29:22,783 - app.origin - ERROR - 无法获取http://book.zongheng.com/chapter/570059/33297158.html的章节内容。
Traceback (most recent call last):
  File "/home/fyb/codes/fanclley/app/origins/zonghengfree.py", line 49, in get_singel_novel
    res = self.s.get(url).content
  File "/home/fyb/venv27/local/lib/python2.7/site-packages/requests/sessions.py", line 473, in get
    return self.request('GET', url, **kwargs)
  File "/home/fyb/venv27/local/lib/python2.7/site-packages/requests/sessions.py", line 461, in request
    resp = self.send(prep, **send_kwargs)
  File "/home/fyb/venv27/local/lib/python2.7/site-packages/requests/sessions.py", line 610, in send
    r.content
  File "/home/fyb/venv27/local/lib/python2.7/site-packages/requests/models.py", line 728, in content
    self._content = bytes().join(self.iter_content(CONTENT_CHUNK_SIZE)) or bytes()
  File "/home/fyb/venv27/local/lib/python2.7/site-packages/requests/models.py", line 656, in generate
    raise ChunkedEncodingError(e)
ChunkedEncodingError: ('Connection broken: IncompleteRead(7502 bytes read)', IncompleteRead(7502 bytes read))
2016-07-22 11:29:22,835 - app.origin - INFO - 已写入33297158
2016-07-22 11:29:23,476 - app.origin - INFO - 已写入33308884
2016-07-22 11:29:24,061 - app.origin - INFO - 已写入33309530
2016-07-22 11:29:24,714 - app.origin - INFO - 已写入33310249
2016-07-22 11:29:25,270 - app.origin - INFO - 已写入33313357
2016-07-22 11:29:25,883 - app.origin - INFO - 已写入33314061
2016-07-22 11:29:26,518 - app.origin - INFO - 已写入33315037
2016-07-22 11:29:27,213 - app.origin - INFO - 已写入33319256
2016-07-22 11:29:27,730 - app.origin - INFO - 已写入33320406
2016-07-22 11:29:28,472 - app.origin - INFO - 已写入33339684
2016-07-22 11:29:29,075 - app.origin - INFO - 已写入33341997
2016-07-22 11:29:29,684 - app.origin - INFO - 已写入33346137
2016-07-22 11:29:30,266 - app.origin - INFO - 已写入33346850
2016-07-22 11:29:31,121 - app.origin - INFO - 已写入33350653
2016-07-22 11:29:31,650 - app.origin - INFO - 已写入33356662
2016-07-22 11:29:32,221 - app.origin - INFO - 已写入33361301
2016-07-22 11:29:32,897 - app.origin - INFO - 已写入33362923
2016-07-22 13:42:00,889 - app.origin - INFO - 起点中文网未找到包含关键字"枭明"的小说
2016-07-22 13:42:02,803 - app.origin - INFO - 红袖添香未找到包含关键字"枭明"的小说
2016-07-22 13:42:13,081 - app.origin - INFO - 已获取"枭明"信息。
2016-07-22 13:42:13,098 - app.origin - INFO - 枭明276免费章节
2016-07-22 13:42:13,763 - app.origin - INFO - 已写入上架感言！
2016-07-22 13:42:14,277 - app.origin - INFO - 已写入哎！最近诸事不顺，说几句心里话！
2016-07-22 13:42:14,781 - app.origin - INFO - 已写入小船新书《重生之商界霸主》
2016-07-22 13:42:15,276 - app.origin - INFO - 已写入小船新书《重生之商界霸主》，求提携，求品鉴啊！
2016-07-22 13:42:15,718 - app.origin - INFO - 已写入小船新书《明贼》正式上线，恳请老兄弟们移步支持。
2016-07-22 13:42:16,289 - app.origin - INFO - 已写入第1章 丘池夜雨！
2016-07-22 13:42:16,825 - app.origin - INFO - 已写入第2章 最无私的爱！
2016-07-22 13:42:17,403 - app.origin - INFO - 已写入第3章 桀骜之心！
2016-07-22 13:42:18,052 - app.origin - INFO - 已写入第4章 大母齐氏！
2016-07-22 13:42:18,543 - app.origin - INFO - 已写入第5章 注定！
2016-07-22 13:42:19,087 - app.origin - INFO - 已写入第6章 兄弟阋墙！
2016-07-22 13:42:19,699 - app.origin - INFO - 已写入第7章 最毒不过妇人心！
2016-07-22 13:42:20,466 - app.origin - INFO - 已写入第8章 雪夜奔逃！
2016-07-22 13:42:20,968 - app.origin - INFO - 已写入第9章 拼命搏杀！
2016-07-22 13:42:21,703 - app.origin - INFO - 已写入第10章 河流！(求收藏！！）
2016-07-22 13:42:22,218 - app.origin - INFO - 已写入第11章 少年猎手！
2016-07-22 13:42:22,697 - app.origin - INFO - 已写入第12章 短暂的休整！
2016-07-22 13:42:23,215 - app.origin - INFO - 已写入第13章 与狼共舞！
2016-07-22 13:42:24,080 - app.origin - INFO - 已写入第14章 阴魂不散！（跪求收藏！）
2016-07-22 13:42:24,714 - app.origin - INFO - 已写入第15章 人狼恶战！
2016-07-22 13:42:25,526 - app.origin - INFO - 已写入第16章 不想死也得死！（求收藏）
2016-07-22 13:42:26,180 - app.origin - INFO - 已写入第17章 姑娘，何名？
2016-07-22 13:42:26,870 - app.origin - INFO - 已写入第18章 深谷恶匪！（泪求收藏，红票）
2016-07-22 13:42:27,493 - app.origin - INFO - 已写入第19章 擒贼还须先擒王！
2016-07-22 13:42:28,193 - app.origin - INFO - 已写入第20章 斩蛇不死必被咬！（求收藏！）
2016-07-22 13:42:28,800 - app.origin - INFO - 已写入第21章 心生涟漪！
2016-07-22 13:42:29,525 - app.origin - INFO - 已写入第22章 母与子！（跪求收藏，红票）
2016-07-22 13:42:30,212 - app.origin - INFO - 已写入第23章 贾府问路！
2016-07-22 13:42:30,790 - app.origin - INFO - 已写入第24章 萧氏盛宴！
2016-07-22 13:42:31,429 - app.origin - INFO - 已写入第25章 忍而不发！
2016-07-22 13:42:32,290 - app.origin - INFO - 已写入第26章 历城豪杰！(求收藏！）
2016-07-22 13:42:32,763 - app.origin - INFO - 已写入第27章 机遇！
2016-07-22 13:42:33,248 - app.origin - INFO - 已写入第28章 阴云密布！
2016-07-22 13:42:33,735 - app.origin - INFO - 已写入第29章 莫欺今日少年穷！
2016-07-22 13:42:34,347 - app.origin - INFO - 已写入第30章 瘟神？财神？
2016-07-22 13:42:35,014 - app.origin - INFO - 已写入第31章 秋来何处最销魂？
2016-07-22 13:42:35,763 - app.origin - INFO - 已写入第32章 兼收！
2016-07-22 13:42:36,418 - app.origin - INFO - 已写入第33章 挡我者~死！
2016-07-22 13:42:37,270 - app.origin - INFO - 已写入第34章 坐收渔利！
2016-07-22 13:42:37,867 - app.origin - INFO - 已写入第35章 仙子落凡尘！
2016-07-22 13:42:38,540 - app.origin - INFO - 已写入第36章 异变突生！
2016-07-22 13:42:39,132 - app.origin - INFO - 已写入第37章 如火烧心！
2016-07-22 13:42:39,906 - app.origin - INFO - 已写入第38章 做戏要做真！
2016-07-22 13:42:40,492 - app.origin - INFO - 已写入第39章 似水柔情！
2016-07-22 13:42:41,091 - app.origin - INFO - 已写入第40章 如愿以偿！
2016-07-22 13:42:41,690 - app.origin - INFO - 已写入第41章 冒雪上任！
2016-07-22 13:42:42,345 - app.origin - INFO - 已写入第42章 盘算家底！
2016-07-22 13:42:43,780 - app.origin - INFO - 已写入第43章 老生羊肉汤！
2016-07-22 13:42:44,464 - app.origin - INFO - 已写入第44章 聚散人心！
2016-07-22 13:42:45,177 - app.origin - INFO - 已写入第45章 安身立命之本！
2016-07-22 13:42:45,883 - app.origin - INFO - 已写入第46章 就绪！（求收藏！）
2016-07-22 13:42:46,533 - app.origin - INFO - 已写入第47章 练兵！
2016-07-22 13:42:47,300 - app.origin - INFO - 已写入第48章 细化，整军！
2016-07-22 13:42:47,960 - app.origin - INFO - 已写入第49章 把他的爪子给我剁了！
2016-07-22 13:42:48,836 - app.origin - INFO - 已写入第50章 当着你的面儿动手！
2016-07-22 13:42:49,679 - app.origin - INFO - 已写入第51章 明天，你好！
2016-07-22 13:42:50,459 - app.origin - INFO - 已写入第52章 长枪！
2016-07-22 13:42:51,434 - app.origin - INFO - 已写入第53章 镇守太监！
2016-07-22 13:42:52,264 - app.origin - INFO - 已写入第54章 庙小妖风大！
2016-07-22 13:42:53,044 - app.origin - INFO - 已写入第55章 杀心！（求收藏！）
2016-07-22 13:42:53,842 - app.origin - INFO - 已写入第56章 出兵剿匪！
2016-07-22 13:42:54,760 - app.origin - INFO - 已写入第57章 上山！
2016-07-22 13:42:55,422 - app.origin - INFO - 已写入第58章 突如其来的溃散！
2016-07-22 13:42:56,187 - app.origin - INFO - 已写入第59章 地仙传人！
2016-07-22 13:42:56,916 - app.origin - INFO - 已写入第60章 鱼游沸水！
2016-07-22 13:42:57,855 - app.origin - INFO - 已写入第61章 暴力‘碾压’！
2016-07-22 13:42:59,098 - app.origin - INFO - 已写入第62章 五百年必有王者兴！
2016-07-22 13:42:59,791 - app.origin - INFO - 已写入第63章 就像那钢刀，插入敌胸膛！
2016-07-22 13:43:00,752 - app.origin - INFO - 已写入第64章 枭雄末路！
2016-07-22 13:43:01,461 - app.origin - INFO - 已写入第65章 ‘二一添作五！’（求收藏！）
2016-07-22 13:43:02,338 - app.origin - INFO - 已写入第66章 莫失莫忘，既寿永昌！
2016-07-22 13:43:03,015 - app.origin - INFO - 已写入第67章 梦里不知身是客！
2016-07-22 13:43:03,804 - app.origin - INFO - 已写入第68章 抓野猫！
2016-07-22 13:43:04,571 - app.origin - INFO - 已写入第69章 坐地分赃！
2016-07-22 13:43:05,781 - app.origin - INFO - 已写入第70章 任重而道远！
2016-07-22 13:43:06,717 - app.origin - INFO - 已写入第71章 ‘满招损，谦受益’！
2016-07-22 13:43:07,711 - app.origin - INFO - 已写入第72章 流民潮！
2016-07-22 13:43:08,541 - app.origin - INFO - 已写入第73章 械斗事件！
2016-07-22 13:43:09,428 - app.origin - INFO - 已写入第74章 ‘捧杀’？
2016-07-22 13:43:10,141 - app.origin - INFO - 已写入第75章 ‘借刀杀人’！
2016-07-22 13:43:10,979 - app.origin - INFO - 已写入第76章 世间无你这般人！
2016-07-22 13:43:11,684 - app.origin - INFO - 已写入第77章 ‘群英会’！
2016-07-22 13:43:12,776 - app.origin - INFO - 已写入第78章 先下手为强！
2016-07-22 13:43:13,624 - app.origin - INFO - 已写入第79章 良人不学，奈何为贼？
2016-07-22 13:43:14,484 - app.origin - INFO - 已写入第80章 武功再高，也怕菜刀！
2016-07-22 13:43:15,693 - app.origin - INFO - 已写入第81章 胜者王侯败者寇！
2016-07-22 13:43:16,540 - app.origin - INFO - 已写入第82章 漫天外，云卷云舒！
2016-07-22 13:43:17,260 - app.origin - INFO - 已写入第83章 比狗鼻子还灵的是什么？
2016-07-22 13:43:17,982 - app.origin - INFO - 已写入第84章 ‘规划’！
2016-07-22 13:43:18,617 - app.origin - INFO - 已写入第85章 意料之外的变故！
2016-07-22 13:43:19,475 - app.origin - INFO - 已写入第86章 ‘暴兵’！
2016-07-22 13:43:20,127 - app.origin - INFO - 已写入第87章 苦海明灯！
2016-07-22 13:43:20,830 - app.origin - INFO - 已写入第88章 人不可貌相！
2016-07-22 13:43:21,496 - app.origin - INFO - 已写入第89章 ‘守株待兔’！
2016-07-22 13:43:22,192 - app.origin - INFO - 已写入第90章 ‘关门打狗！’
2016-07-22 13:43:22,842 - app.origin - INFO - 已写入第91章 牛刀杀鸡！（求收藏！）
2016-07-22 13:43:23,652 - app.origin - INFO - 已写入第92章 抽丝剥茧！
2016-07-22 13:43:24,214 - app.origin - INFO - 已写入第93章 无形之手！
2016-07-22 13:43:24,986 - app.origin - INFO - 已写入第94章 循循善诱！
2016-07-22 13:43:25,638 - app.origin - INFO - 已写入第95章 抽刀断水水更流！
2016-07-22 13:43:26,454 - app.origin - INFO - 已写入第96章 设计青楼！
2016-07-22 13:43:27,091 - app.origin - INFO - 已写入第97章 局！
2016-07-22 13:43:27,885 - app.origin - INFO - 已写入第98章 血债，必须用血来偿！
2016-07-22 13:43:28,540 - app.origin - INFO - 已写入第99章 焦灼！
2016-07-22 13:43:29,324 - app.origin - INFO - 已写入第100章 让老子看看，他们的血是不是红的？
2016-07-22 13:43:29,994 - app.origin - INFO - 已写入第101章 极度被动！
2016-07-22 13:43:30,719 - app.origin - INFO - 已写入第102章 刘泽清的刀！
2016-07-22 13:43:31,398 - app.origin - INFO - 已写入第103章 世事皆可谈！
2016-07-22 13:43:32,125 - app.origin - INFO - 已写入第104章 狂想与反思！
2016-07-22 13:43:32,958 - app.origin - INFO - 已写入第105章 丢车保帅！
2016-07-22 13:43:33,783 - app.origin - INFO - 已写入第106章 南城守备！
2016-07-22 13:43:34,977 - app.origin - INFO - 已写入第107章 再遇刘建武！
2016-07-22 13:43:35,911 - app.origin - INFO - 已写入第108章 刘如意的‘亲事’？
2016-07-22 13:43:36,691 - app.origin - INFO - 已写入第109章 ‘好奇害死猫！’
2016-07-22 13:43:37,617 - app.origin - INFO - 已写入第110章 ‘同桌的你？’
2016-07-22 13:43:38,296 - app.origin - INFO - 已写入第111章 我本将心向明月！
2016-07-22 13:43:39,159 - app.origin - INFO - 已写入第112章 横的也怕不要命的！
2016-07-22 13:43:39,987 - app.origin - INFO - 已写入第113章 ‘你是我的小蝴蝶！’
2016-07-22 13:43:40,657 - app.origin - INFO - 已写入第114章 前尘往事似云烟！
2016-07-22 13:43:41,567 - app.origin - INFO - 已写入第115章 刘老爷子的‘礼物！’
2016-07-22 13:43:42,488 - app.origin - INFO - 已写入第116章 背后筹谋！
2016-07-22 13:43:43,362 - app.origin - INFO - 已写入第117章 一个机会！
2016-07-22 13:43:44,251 - app.origin - INFO - 已写入第118章 金矿（一）
2016-07-22 13:43:45,269 - app.origin - INFO - 已写入第119章 金矿（二）
2016-07-22 13:45:54,689 - app.origin - INFO - 起点中文网未找到包含关键字"踢出个未来"的小说
2016-07-22 13:45:54,930 - app.origin - INFO - 红袖添香未找到包含关键字"踢出个未来"的小说
2016-07-22 13:45:59,068 - app.origin - INFO - 已获取"踢出个未来"信息。
2016-07-22 13:45:59,069 - app.origin - INFO - 踢出个未来112免费章节
2016-07-22 13:45:59,572 - app.origin - INFO - 已写入作者结婚啦，断更三天，5.20恢复
2016-07-22 13:46:00,265 - app.origin - INFO - 已写入第一章  梦至欧洲足球之巅
2016-07-22 13:46:01,047 - app.origin - INFO - 已写入第二章 陆止于此，海始于斯
2016-07-22 13:46:01,671 - app.origin - INFO - 已写入第三章 传奇初相逢
2016-07-22 13:46:02,499 - app.origin - INFO - 已写入第四章 告知天下
2016-07-22 13:46:03,166 - app.origin - INFO - 已写入第五章 命悬一线
2016-07-22 13:46:03,943 - app.origin - INFO - 已写入第六章 存亡边缘
2016-07-22 13:46:04,626 - app.origin - INFO - 已写入第七章 意气风发
2016-07-22 13:46:05,368 - app.origin - INFO - 已写入第八章 谈梦想的人
2016-07-22 13:46:06,017 - app.origin - INFO - 已写入第九章 挺进决赛
2016-07-22 13:46:06,784 - app.origin - INFO - 已写入第十章 破碎
2016-07-22 13:46:07,497 - app.origin - INFO - 已写入第十一章 重新开始
2016-07-22 13:46:08,430 - app.origin - INFO - 已写入第十二章  酒后失言
2016-07-22 13:46:09,330 - app.origin - INFO - 已写入第十三章 善良的人在互相伤害
2016-07-22 13:46:11,025 - app.origin - INFO - 已写入第十四章 情怀落地
2016-07-22 13:46:11,919 - app.origin - INFO - 已写入第十五章 南方姑娘
2016-07-22 13:46:12,592 - app.origin - INFO - 已写入第十六章 梦想新起航（求收藏）
2016-07-22 13:46:13,347 - app.origin - INFO - 已写入第十七章 认输
2016-07-22 13:46:13,968 - app.origin - INFO - 已写入第十八章 去欧洲看球？
2016-07-22 13:46:14,780 - app.origin - INFO - 已写入第十九章 25万英镑！！
2016-07-22 13:46:15,451 - app.origin - INFO - 已写入第二十章 大布局
2016-07-22 13:46:16,209 - app.origin - INFO - 已写入第二十一章 签约未来
2016-07-22 13:46:16,818 - app.origin - INFO - 已写入第二十二章  激战！！！
2016-07-22 13:46:17,514 - app.origin - INFO - 已写入第二十三章  智慧的碰撞！
2016-07-22 13:46:18,108 - app.origin - INFO - 已写入第二十四章 改革！
2016-07-22 13:46:18,753 - app.origin - INFO - 已写入第二十五章 去英超试训？
2016-07-22 13:46:19,393 - app.origin - INFO - 已写入第二十六章 造星运动
2016-07-22 13:46:20,124 - app.origin - INFO - 已写入第二十七章 失控
2016-07-22 13:46:20,762 - app.origin - INFO - 已写入第二十八章 奇怪的父亲
2016-07-22 13:46:21,440 - app.origin - INFO - 已写入第二十八章 和解
2016-07-22 13:46:22,895 - app.origin - INFO - 已写入第二十九章 爆炸性新闻
2016-07-22 13:46:23,586 - app.origin - INFO - 已写入第三十章 天才！天才！天才！
2016-07-22 13:46:24,172 - app.origin - INFO - 已写入第三十一章 上当
2016-07-22 13:46:24,815 - app.origin - INFO - 已写入第三十二章 把球传给三秒后的自己
2016-07-22 13:46:25,406 - app.origin - INFO - 已写入第三十三章 成为世界最佳主教练
2016-07-22 13:46:25,984 - app.origin - INFO - 已写入第三十四章 奇怪来客
2016-07-22 13:46:26,624 - app.origin - INFO - 已写入第三十五章 拉赞助商
2016-07-22 13:46:27,460 - app.origin - INFO - 已写入第三十六章 狭路相逢
2016-07-22 13:46:28,277 - app.origin - INFO - 已写入第三十八章 万元赞助
2016-07-22 13:46:29,058 - app.origin - INFO - 已写入第三十九章 共同利益
2016-07-22 13:46:29,986 - app.origin - INFO - 已写入第四十章 奖金分配
2016-07-22 13:46:31,135 - app.origin - INFO - 已写入第四十一章 初到蓝桥
2016-07-22 13:46:31,818 - app.origin - INFO - 已写入第四十二章 梦剧场外
2016-07-22 13:46:32,628 - app.origin - INFO - 已写入第四十三章 红色海洋
2016-07-22 13:46:33,548 - app.origin - INFO - 已写入第四十四章 世界！
2016-07-22 13:46:35,995 - app.origin - INFO - 已写入第四十五章 奔跑！！奔跑！！
2016-07-22 13:46:36,643 - app.origin - INFO - 已写入第四十六章 谁年轻时没爱过一个人渣？
2016-07-22 13:46:37,365 - app.origin - INFO - 已写入第四十七章 不是冤家不聚头
2016-07-22 13:46:38,058 - app.origin - INFO - 已写入第四十八章 子龙的危机（感谢TT福克斯的打赏）
2016-07-22 13:46:38,799 - app.origin - INFO - 已写入第四十九章 剑拔弩张
2016-07-22 13:46:39,395 - app.origin - INFO - 已写入第五十章 朋友别哭
2016-07-22 13:46:40,116 - app.origin - INFO - 已写入第五十一章 放开我兄弟
2016-07-22 13:46:40,721 - app.origin - INFO - 已写入第五十二章 一日队友，终生兄弟！
2016-07-22 13:46:41,403 - app.origin - INFO - 已写入第五十三章 猴子请来的逗逼
2016-07-22 13:46:42,045 - app.origin - INFO - 已写入第五十四章 激斗
2016-07-22 13:46:42,713 - app.origin - INFO - 已写入第五十五章 一波未平一波又起
2016-07-22 13:46:43,337 - app.origin - INFO - 已写入第五十六章 恶人先告状
2016-07-22 13:46:43,963 - app.origin - INFO - 已写入第五十七章 思然的愤怒（求月票，求收藏）
2016-07-22 13:46:44,558 - app.origin - INFO - 已写入第五十八章 何为人师?（求月票，求推荐）
2016-07-22 13:46:45,279 - app.origin - INFO - 已写入第五十九章 冲动的惩罚
2016-07-22 13:46:45,892 - app.origin - INFO - 已写入第六十章 不可接受
2016-07-22 13:46:46,571 - app.origin - INFO - 已写入第六十一章 自由的权利（庆祝德国获胜，进群发红包）
2016-07-22 13:46:47,262 - app.origin - INFO - 已写入第六十二章 吴非的努力
2016-07-22 13:46:47,966 - app.origin - INFO - 已写入第六十三章 交换条件
2016-07-22 13:46:48,566 - app.origin - INFO - 已写入第六十四章 合并？
2016-07-22 13:46:49,333 - app.origin - INFO - 已写入第六十五章 告别赛（上）
2016-07-22 13:46:49,932 - app.origin - INFO - 已写入第六十六章 告别赛（中）
2016-07-22 13:46:50,643 - app.origin - INFO - 已写入第六十六章 告别赛（下）
2016-07-22 13:46:51,285 - app.origin - INFO - 已写入第一章 海盗诞生
2016-07-22 13:46:52,130 - app.origin - INFO - 已写入第二章 邀请赛
2016-07-22 13:46:52,948 - app.origin - INFO - 已写入第三章 说服
2016-07-22 13:46:53,931 - app.origin - INFO - 已写入第四章 技术？战术？
2016-07-22 13:46:54,988 - app.origin - INFO - 已写入第五章 游戏？
2016-07-22 13:46:55,965 - app.origin - INFO - 已写入第六章 如获至宝
2016-07-22 13:46:56,679 - app.origin - INFO - 已写入第七章 挑衅
2016-07-22 13:46:57,421 - app.origin - INFO - 已写入第八章 荣誉感
2016-07-22 13:46:59,906 - app.origin - INFO - 已写入第九章 一切发生的都太快了
2016-07-22 13:47:00,627 - app.origin - INFO - 已写入第十章 电光火石之间
2016-07-22 13:47:01,183 - app.origin - INFO - 已写入第十一章 失衡的后果
2016-07-22 13:47:01,863 - app.origin - INFO - 已写入第十二章 中场休息
2016-07-22 13:47:02,597 - app.origin - INFO - 已写入第十三章 比赛才开始呢
2016-07-22 13:47:03,371 - app.origin - INFO - 已写入第十四章 林飞的心结
2016-07-22 13:47:03,930 - app.origin - INFO - 已写入第十五章 赛后采访
2016-07-22 13:47:04,640 - app.origin - INFO - 已写入第十六章 神秘来客
2016-07-22 13:47:05,213 - app.origin - INFO - 已写入第十七章 强大的实力
2016-07-22 13:47:05,883 - app.origin - INFO - 已写入第十八章 自闭少年
2016-07-22 13:47:06,499 - app.origin - INFO - 已写入第十九章 往事随风
2016-07-22 13:47:07,142 - app.origin - INFO - 已写入第二十章 美人计
2016-07-22 13:47:07,719 - app.origin - INFO - 已写入第二十一章 新队员
2016-07-22 13:47:08,366 - app.origin - INFO - 已写入第二十二章 制造争议（）
2016-07-22 13:47:08,923 - app.origin - INFO - 已写入第二十三章  弓如秋月，箭似流星
2016-07-22 13:47:09,586 - app.origin - INFO - 已写入第二十四章 世界波
2016-07-22 13:47:10,213 - app.origin - INFO - 已写入第二十五章 曝光
2016-07-22 13:47:10,873 - app.origin - INFO - 已写入第二十六章 推波助澜
2016-07-22 13:47:11,438 - app.origin - INFO - 已写入第二十七章 人生得一知己足矣(重新修改)
2016-07-22 13:47:12,104 - app.origin - INFO - 已写入第二十八章 报复？
2016-07-22 13:47:12,723 - app.origin - INFO - 已写入第二十九章 替补的声音
2016-07-22 13:47:13,414 - app.origin - INFO - 已写入第三十章 思然的威信
2016-07-22 13:47:14,024 - app.origin - INFO - 已写入第三十一章  大决战上（求月票！！！）
2016-07-22 13:47:14,726 - app.origin - INFO - 已写入第三十二章 大决战 中（庆祝第一个盟主）
2016-07-22 13:47:15,334 - app.origin - INFO - 已写入第三十三章 大决战 下
2016-07-22 13:47:16,035 - app.origin - INFO - 已写入第三十四章 史诗对决 上
2016-07-22 13:47:16,257 - app.origin - ERROR - 无法获取http://book.zongheng.com/chapter/559876/33297390.html的章节内容。
Traceback (most recent call last):
  File "/home/fyb/codes/fanclley/app/origins/zonghengfree.py", line 49, in get_singel_novel
    res = self.s.get(url).content
  File "/home/fyb/venv27/local/lib/python2.7/site-packages/requests/sessions.py", line 473, in get
    return self.request('GET', url, **kwargs)
  File "/home/fyb/venv27/local/lib/python2.7/site-packages/requests/sessions.py", line 461, in request
    resp = self.send(prep, **send_kwargs)
  File "/home/fyb/venv27/local/lib/python2.7/site-packages/requests/sessions.py", line 610, in send
    r.content
  File "/home/fyb/venv27/local/lib/python2.7/site-packages/requests/models.py", line 728, in content
    self._content = bytes().join(self.iter_content(CONTENT_CHUNK_SIZE)) or bytes()
  File "/home/fyb/venv27/local/lib/python2.7/site-packages/requests/models.py", line 656, in generate
    raise ChunkedEncodingError(e)
ChunkedEncodingError: ('Connection broken: IncompleteRead(7971 bytes read)', IncompleteRead(7971 bytes read))
2016-07-22 13:47:16,297 - app.origin - INFO - 已写入第三十五章 史诗对决 下
2016-07-22 13:47:16,950 - app.origin - INFO - 已写入第三十六章 未来可期
2016-07-22 13:47:17,575 - app.origin - INFO - 已写入第三十七章 大战一触即发
2016-07-22 13:47:18,223 - app.origin - INFO - 已写入第三十八章 意想不到的开局
2016-07-22 13:47:18,747 - app.origin - INFO - 已写入第三十九章 迷
2016-07-22 13:47:19,390 - app.origin - INFO - 已写入第四十章 宋天的选择(上)
2016-07-22 13:47:19,999 - app.origin - INFO - 已写入第四十一章 宋天的选择 下
2016-07-22 13:47:20,575 - app.origin - INFO - 已写入第四十二章 无奈
2016-07-22 13:47:21,150 - app.origin - INFO - 已写入第四十三章 不同的路
2016-07-22 13:47:21,692 - app.origin - INFO - 已写入第四十四章 最后的比赛
2016-07-22 14:44:36,806 - app.origin - INFO - 红袖添香未找到包含关键字"凡人修仙传"的小说
2016-07-22 14:44:43,891 - app.origin - INFO - 凡人修仙传244免费章节
2016-07-22 14:44:44,042 - app.origin - INFO - 已写入呵呵！终于上架了！
2016-07-22 14:44:44,163 - app.origin - INFO - 已写入封推感言
2016-07-22 14:44:44,274 - app.origin - INFO - 已写入韩立年龄法宝、道行、修仙、路线总结
2016-07-22 14:44:44,378 - app.origin - INFO - 已写入韩立储物袋物品一览（到逃离鬼雾时）
2016-07-22 14:44:44,490 - app.origin - INFO - 已写入忘语与您相约三江访谈（已更新访谈地址）
2016-07-22 14:44:47,613 - app.origin - INFO - 已写入二次封推感言
2016-07-22 14:44:47,727 - app.origin - INFO - 已写入道歉
2016-07-22 14:44:47,838 - app.origin - INFO - 已写入凡人已出简体版实体书了！
2016-07-22 14:44:47,951 - app.origin - INFO - 已写入推荐下好友作品
2016-07-22 14:44:48,227 - app.origin - INFO - 已写入《凡人必备手册》第二版（核心人物）
2016-07-22 14:44:48,356 - app.origin - INFO - 已写入《凡人必备手册》第二版（重要人物）
2016-07-22 14:44:48,559 - app.origin - INFO - 已写入《凡人必备手册》第二版（次要人物1）
2016-07-22 14:44:48,679 - app.origin - INFO - 已写入《凡人必备手册》第二版（次要人物2）
2016-07-22 14:44:48,813 - app.origin - INFO - 已写入《凡人必备手册》第二版（妖兽篇）
2016-07-22 14:44:48,929 - app.origin - INFO - 已写入《凡人必备手册》第二版（奇虫、地理篇）
2016-07-22 14:44:49,039 - app.origin - INFO - 已写入《凡人必备手册》第二版（宗门篇）
2016-07-22 14:44:49,198 - app.origin - INFO - 已写入《凡人必备手册》第二版（丹药、功法）
2016-07-22 14:44:49,339 - app.origin - INFO - 已写入《凡人必备手册》第二版（宝物、阵法）
2016-07-22 14:44:49,517 - app.origin - INFO - 已写入《凡人必备手册》第二版（年历表）
2016-07-22 14:44:49,620 - app.origin - INFO - 已写入凡人凡语
2016-07-22 14:44:49,766 - app.origin - INFO - 已写入【七届外传】【问天】凡人修仙传前传
2016-07-22 14:44:49,890 - app.origin - INFO - 已写入【七届】凡人及女修歌词9首 凡人高歌
2016-07-22 14:44:50,050 - app.origin - INFO - 已写入【七届外传】凡人外传—落云传奇之紫韵无双
2016-07-22 14:44:50,177 - app.origin - INFO - 已写入【七届外传】我的一生——（鱼店主回忆录）
2016-07-22 14:44:50,316 - app.origin - INFO - 已写入【七届外传】魔界之行，意外重逢
2016-07-22 14:44:50,431 - app.origin - INFO - 已写入【七届外传】世世修凡（大结局）
2016-07-22 14:44:50,539 - app.origin - INFO - 已写入【七届】回忆录之忆巧倩
2016-07-22 14:44:50,655 - app.origin - INFO - 已写入【七届外传】星海无数风光独缺他一人陪伴
2016-07-22 14:44:50,767 - app.origin - INFO - 已写入【七届外传】游天鲲鹏与罗睺的故事
2016-07-22 14:44:50,879 - app.origin - INFO - 已写入【七届外传】无名弟子日记
2016-07-22 14:44:51,008 - app.origin - INFO - 已写入【七届外传】林银屏
2016-07-22 14:44:51,136 - app.origin - INFO - 已写入【七届外传】雷云子外传
2016-07-22 14:44:51,390 - app.origin - INFO - 已写入【七届外传】南宫传(汇总帖)
2016-07-22 14:44:51,507 - app.origin - INFO - 已写入【七届外传】追哥同人系列
2016-07-22 14:44:51,621 - app.origin - INFO - 已写入【七届外传】鱼店主外传
2016-07-22 14:44:52,839 - app.origin - INFO - 已写入凡人漫画版即将在杂志连载！
2016-07-22 14:44:52,964 - app.origin - INFO - 已写入凡人外传一
2016-07-22 14:44:53,075 - app.origin - INFO - 已写入凡人外传二
2016-07-22 14:44:53,185 - app.origin - INFO - 已写入凡人仙界篇外传一
2016-07-22 14:44:53,304 - app.origin - INFO - 已写入魔天记前传凶岛篇一
2016-07-22 14:44:53,416 - app.origin - INFO - 已写入魔天前传凶岛篇二
2016-07-22 14:44:53,526 - app.origin - INFO - 已写入魔天前传凶岛篇（三）
2016-07-22 14:44:53,699 - app.origin - INFO - 已写入魔天前传凶岛篇（四）
2016-07-22 14:44:53,815 - app.origin - INFO - 已写入魔天前传凶岛篇（五）
2016-07-22 14:44:53,993 - app.origin - INFO - 已写入魔天前传凶岛篇（六）
2016-07-22 14:44:54,106 - app.origin - INFO - 已写入魔天前传凶岛篇（七）
2016-07-22 14:44:54,216 - app.origin - INFO - 已写入魔天前传凶岛篇（八）
2016-07-22 14:44:54,336 - app.origin - INFO - 已写入魔天前传凶岛篇（九）
2016-07-22 14:44:54,454 - app.origin - INFO - 已写入魔天前传凶岛篇（十）
2016-07-22 14:44:54,581 - app.origin - INFO - 已写入魔天前传凶岛篇（十一）
2016-07-22 14:44:54,714 - app.origin - INFO - 已写入魔天前传凶岛篇（十二）
2016-07-22 14:44:54,830 - app.origin - INFO - 已写入新书序章（试阅）
2016-07-22 14:44:54,943 - app.origin - INFO - 已写入第一章 山边小村
2016-07-22 14:44:55,056 - app.origin - INFO - 已写入第二章 青牛镇
2016-07-22 14:44:55,213 - app.origin - INFO - 已写入第三章 七玄门
2016-07-22 14:44:55,333 - app.origin - INFO - 已写入第四章 炼骨崖
2016-07-22 14:44:55,444 - app.origin - INFO - 已写入第五章 墨大夫
2016-07-22 14:44:55,563 - app.origin - INFO - 已写入第六章 无名口诀
2016-07-22 14:44:55,665 - app.origin - INFO - 已写入第七章 修炼难
2016-07-22 14:44:55,782 - app.origin - INFO - 已写入第八章 入门弟子
2016-07-22 14:45:39,917 - app.origin - INFO - 红袖添香未找到包含关键字"凡人修仙传"的小说
2016-07-22 14:45:45,665 - app.origin - INFO - 凡人修仙传244免费章节
2016-07-22 14:45:45,768 - app.origin - INFO - 已写入呵呵！终于上架了！
2016-07-22 14:45:45,923 - app.origin - INFO - 已写入封推感言
2016-07-22 14:45:46,015 - app.origin - INFO - 已写入韩立年龄法宝、道行、修仙、路线总结
2016-07-22 14:45:46,134 - app.origin - INFO - 已写入韩立储物袋物品一览（到逃离鬼雾时）
2016-07-22 14:45:46,277 - app.origin - INFO - 已写入忘语与您相约三江访谈（已更新访谈地址）
2016-07-22 14:45:46,367 - app.origin - INFO - 已写入二次封推感言
2016-07-22 14:45:46,454 - app.origin - INFO - 已写入道歉
2016-07-22 14:45:46,650 - app.origin - INFO - 已写入凡人已出简体版实体书了！
2016-07-22 14:45:46,753 - app.origin - INFO - 已写入推荐下好友作品
2016-07-22 14:45:46,892 - app.origin - INFO - 已写入《凡人必备手册》第二版（核心人物）
2016-07-22 14:45:46,984 - app.origin - INFO - 已写入《凡人必备手册》第二版（重要人物）
2016-07-22 14:45:47,136 - app.origin - INFO - 已写入《凡人必备手册》第二版（次要人物1）
2016-07-22 14:45:47,261 - app.origin - INFO - 已写入《凡人必备手册》第二版（次要人物2）
2016-07-22 14:45:47,392 - app.origin - INFO - 已写入《凡人必备手册》第二版（妖兽篇）
2016-07-22 14:45:47,493 - app.origin - INFO - 已写入《凡人必备手册》第二版（奇虫、地理篇）
2016-07-22 14:45:47,602 - app.origin - INFO - 已写入《凡人必备手册》第二版（宗门篇）
2016-07-22 14:45:47,736 - app.origin - INFO - 已写入《凡人必备手册》第二版（丹药、功法）
2016-07-22 14:45:47,876 - app.origin - INFO - 已写入《凡人必备手册》第二版（宝物、阵法）
2016-07-22 14:45:48,019 - app.origin - INFO - 已写入《凡人必备手册》第二版（年历表）
2016-07-22 14:45:48,108 - app.origin - INFO - 已写入凡人凡语
2016-07-22 14:45:48,230 - app.origin - INFO - 已写入【七届外传】【问天】凡人修仙传前传
2016-07-22 14:45:48,354 - app.origin - INFO - 已写入【七届】凡人及女修歌词9首 凡人高歌
2016-07-22 14:45:48,484 - app.origin - INFO - 已写入【七届外传】凡人外传—落云传奇之紫韵无双
2016-07-22 14:45:48,653 - app.origin - INFO - 已写入【七届外传】我的一生——（鱼店主回忆录）
2016-07-22 14:45:48,803 - app.origin - INFO - 已写入【七届外传】魔界之行，意外重逢
2016-07-22 14:45:48,910 - app.origin - INFO - 已写入【七届外传】世世修凡（大结局）
2016-07-22 14:45:49,040 - app.origin - INFO - 已写入【七届】回忆录之忆巧倩
2016-07-22 14:45:49,165 - app.origin - INFO - 已写入【七届外传】星海无数风光独缺他一人陪伴
2016-07-22 14:45:49,274 - app.origin - INFO - 已写入【七届外传】游天鲲鹏与罗睺的故事
2016-07-22 14:45:49,500 - app.origin - INFO - 已写入【七届外传】无名弟子日记
2016-07-22 14:45:49,611 - app.origin - INFO - 已写入【七届外传】林银屏
2016-07-22 14:45:49,744 - app.origin - INFO - 已写入【七届外传】雷云子外传
2016-07-22 14:45:49,883 - app.origin - INFO - 已写入【七届外传】南宫传(汇总帖)
2016-07-22 14:45:50,041 - app.origin - INFO - 已写入【七届外传】追哥同人系列
2016-07-22 14:45:50,143 - app.origin - INFO - 已写入【七届外传】鱼店主外传
2016-07-22 14:45:50,234 - app.origin - INFO - 已写入凡人漫画版即将在杂志连载！
2016-07-22 14:45:50,330 - app.origin - INFO - 已写入凡人外传一
2016-07-22 14:45:50,423 - app.origin - INFO - 已写入凡人外传二
2016-07-22 14:45:50,525 - app.origin - INFO - 已写入凡人仙界篇外传一
2016-07-22 14:45:50,621 - app.origin - INFO - 已写入魔天记前传凶岛篇一
2016-07-22 14:45:50,716 - app.origin - INFO - 已写入魔天前传凶岛篇二
2016-07-22 14:45:50,832 - app.origin - INFO - 已写入魔天前传凶岛篇（三）
2016-07-22 14:45:50,951 - app.origin - INFO - 已写入魔天前传凶岛篇（四）
2016-07-22 14:45:51,068 - app.origin - INFO - 已写入魔天前传凶岛篇（五）
2016-07-22 14:45:51,161 - app.origin - INFO - 已写入魔天前传凶岛篇（六）
2016-07-22 14:45:51,283 - app.origin - INFO - 已写入魔天前传凶岛篇（七）
2016-07-22 14:45:51,405 - app.origin - INFO - 已写入魔天前传凶岛篇（八）
2016-07-22 14:45:51,502 - app.origin - INFO - 已写入魔天前传凶岛篇（九）
2016-07-22 14:45:51,598 - app.origin - INFO - 已写入魔天前传凶岛篇（十）
2016-07-22 14:45:51,700 - app.origin - INFO - 已写入魔天前传凶岛篇（十一）
2016-07-22 14:45:51,801 - app.origin - INFO - 已写入魔天前传凶岛篇（十二）
2016-07-22 14:45:51,944 - app.origin - INFO - 已写入新书序章（试阅）
2016-07-22 14:45:52,049 - app.origin - INFO - 已写入第一章 山边小村
2016-07-22 14:45:52,149 - app.origin - INFO - 已写入第二章 青牛镇
2016-07-22 14:45:52,348 - app.origin - INFO - 已写入第三章 七玄门
2016-07-22 14:45:52,458 - app.origin - INFO - 已写入第四章 炼骨崖
2016-07-22 14:45:52,557 - app.origin - INFO - 已写入第五章 墨大夫
2016-07-22 14:45:52,658 - app.origin - INFO - 已写入第六章 无名口诀
2016-07-22 14:45:52,756 - app.origin - INFO - 已写入第七章 修炼难
2016-07-22 14:45:52,908 - app.origin - INFO - 已写入第八章 入门弟子
2016-07-22 14:45:53,059 - app.origin - INFO - 已写入第九章 象甲功
2016-07-22 14:45:53,185 - app.origin - INFO - 已写入第十章 神秘瓶子
2016-07-22 14:45:53,277 - app.origin - INFO - 已写入第十一章 瓶难开
2016-07-22 14:45:53,431 - app.origin - INFO - 已写入第十二章 砸瓶子
2016-07-22 14:45:53,550 - app.origin - INFO - 已写入第十三章 异象起
2016-07-22 14:45:53,677 - app.origin - INFO - 已写入第十四章 神秘液
2016-07-22 14:45:56,785 - app.origin - INFO - 已写入第十五章 四年后
2016-07-22 14:45:56,900 - app.origin - INFO - 已写入第十六章 小算盘
2016-07-22 14:45:56,994 - app.origin - INFO - 已写入第十七章 厉师兄（1）
2016-07-22 14:45:57,095 - app.origin - INFO - 已写入第十八章 厉师兄（2）
2016-07-22 14:45:57,188 - app.origin - INFO - 已写入第十九章 江湖斗
2016-07-22 14:45:57,300 - app.origin - INFO - 已写入第二十章 抽髓丸
2016-07-22 14:45:57,415 - app.origin - INFO - 已写入第二十一章 止痛药
2016-07-22 14:45:57,534 - app.origin - INFO - 已写入第二十二章 心魔生
2016-07-22 14:46:00,715 - app.origin - INFO - 已写入第二十三章 试药兔
2016-07-22 14:46:00,864 - app.origin - INFO - 已写入第二十四章 惊魂定
2016-07-22 14:46:00,963 - app.origin - INFO - 已写入第二十五章 插柳成
2016-07-22 14:46:01,066 - app.origin - INFO - 已写入第二十六章 催药生
2016-07-22 14:46:01,304 - app.origin - INFO - 已写入第二十七章 配灵药
2016-07-22 14:46:04,395 - app.origin - INFO - 已写入第二十八章 墨回谷
2016-07-22 14:46:04,505 - app.origin - INFO - 已写入第二十九章 冲突起
2016-07-22 14:46:04,606 - app.origin - INFO - 已写入第三十章 枭雄末路
2016-07-22 14:46:04,696 - app.origin - INFO - 已写入第三十一章 尸虫丸
2016-07-22 14:46:04,801 - app.origin - INFO - 已写入第三十二章 豪气生
2016-07-22 14:46:04,892 - app.origin - INFO - 已写入第三十三章 私下交易
2016-07-22 14:46:04,986 - app.origin - INFO - 已写入第三十四章 眨眼剑法
2016-07-22 14:46:05,093 - app.origin - INFO - 已写入第三十五章 偷秘籍
2016-07-22 14:46:05,201 - app.origin - INFO - 已写入第三十六章 吃惊
2016-07-22 14:46:05,371 - app.origin - INFO - 已写入第三十七章 三不练
2016-07-22 14:46:05,461 - app.origin - INFO - 已写入第三十八章 夜遇奸细
2016-07-22 14:46:05,613 - app.origin - INFO - 已写入第三十九章 变态条件
2016-07-22 14:46:05,716 - app.origin - INFO - 已写入第四十章 秘技渊源
2016-07-22 14:46:05,805 - app.origin - INFO - 已写入第四十一章 留言夜出
2016-07-22 14:46:05,901 - app.origin - INFO - 已写入第四十二章 云翅鸟
2016-07-22 14:46:06,002 - app.origin - INFO - 已写入第四十三章 万事具备
2016-07-22 14:46:06,100 - app.origin - INFO - 已写入第四十四章 解药
2016-07-22 14:46:06,221 - app.origin - INFO - 已写入第四十五章 暗算与獠牙
2016-07-22 14:46:06,340 - app.origin - INFO - 已写入第四十六章 破膛一剑
2016-07-22 14:46:06,450 - app.origin - INFO - 已写入第四十七章 魔银手对罗烟步
2016-07-22 14:46:06,551 - app.origin - INFO - 已写入第四十八章 诈语
2016-07-22 14:46:06,638 - app.origin - INFO - 已写入第四十九章 套中套
2016-07-22 14:46:06,730 - app.origin - INFO - 已写入第五十章 缠香丝
2016-07-22 14:46:06,826 - app.origin - INFO - 已写入第五十一章 巨汉显威
2016-07-22 14:46:06,967 - app.origin - INFO - 已写入第五十二章 七鬼噬魂
2016-07-22 14:46:07,070 - app.origin - INFO - 已写入第五十三章 美男子
2016-07-22 14:46:07,180 - app.origin - INFO - 已写入第五十四章 定神符
2016-07-22 14:46:07,451 - app.origin - INFO - 已写入第五十五章 第三人
2016-07-22 14:46:07,541 - app.origin - INFO - 已写入第五十六章 光球之战
2016-07-22 14:46:07,670 - app.origin - INFO - 已写入第五十七章 身醒敌亡
2016-07-22 14:46:07,796 - app.origin - INFO - 已写入第五十八章 修仙者
2016-07-22 14:46:07,926 - app.origin - INFO - 已写入第五十九章 三大铁则
2016-07-22 14:46:08,029 - app.origin - INFO - 已写入第六十章 试毒
2016-07-22 14:46:08,118 - app.origin - INFO - 已写入第六十一章 神灭
2016-07-22 14:46:08,215 - app.origin - INFO - 已写入第六十二章 交易
2016-07-22 14:46:08,310 - app.origin - INFO - 已写入第六十三章 真容
2016-07-22 14:46:08,412 - app.origin - INFO - 已写入第六十四章 曲魂
2016-07-22 14:46:08,515 - app.origin - INFO - 已写入第六十五章 韩神医
2016-07-22 14:46:08,605 - app.origin - INFO - 已写入第六十六章 古怪规定
2016-07-22 14:46:08,804 - app.origin - INFO - 已写入第六十七章 火弹术
2016-07-22 14:46:08,906 - app.origin - INFO - 已写入第六十八章 中毒
2016-07-22 14:46:09,034 - app.origin - INFO - 已写入第六十九章 厉飞雨与少女
2016-07-22 14:46:09,150 - app.origin - INFO - 已写入第七十章 挑拨
2016-07-22 14:46:09,259 - app.origin - INFO - 已写入第七十一章 清灵散
2016-07-22 14:46:09,349 - app.origin - INFO - 已写入第七十二章 拔毒
2016-07-22 14:46:09,464 - app.origin - INFO - 已写入第七十三章 厉飞雨的心思
2016-07-22 14:46:09,567 - app.origin - INFO - 已写入第七十四章 御风决
2016-07-22 14:46:09,694 - app.origin - INFO - 已写入第七十五章 法武并用
2016-07-22 14:46:09,853 - app.origin - INFO - 已写入第七十六章 谈判与火起
2016-07-22 14:46:09,944 - app.origin - INFO - 已写入第七十七章 对策
2016-07-22 14:46:10,031 - app.origin - INFO - 已写入第七十八章 林中杀戮
2016-07-22 14:46:10,123 - app.origin - INFO - 已写入第七十九章 拷问
2016-07-22 14:46:10,236 - app.origin - INFO - 已写入第八十章 遇敌
2016-07-22 14:46:10,355 - app.origin - INFO - 已写入第八十一章 贾天龙
2016-07-22 14:46:10,444 - app.origin - INFO - 已写入第八十二章 金光上人
2016-07-22 14:46:10,543 - app.origin - INFO - 已写入第八十三章 大陷阱
2016-07-22 14:46:10,636 - app.origin - INFO - 已写入第八十四章 地动山摇
2016-07-22 14:46:10,743 - app.origin - INFO - 已写入第八十五章 死契血斗
2016-07-22 14:46:10,839 - app.origin - INFO - 已写入第八十六章 突变
2016-07-22 14:46:10,930 - app.origin - INFO - 已写入第八十七章 略显身手
2016-07-22 14:46:11,024 - app.origin - INFO - 已写入第八十八章 金光罩
2016-07-22 14:46:11,170 - app.origin - INFO - 已写入第八十九章 矛与盾
2016-07-22 14:46:11,290 - app.origin - INFO - 已写入第九十章 飞剑?
2016-07-22 14:46:11,520 - app.origin - INFO - 已写入第九十一章 抢宝
2016-07-22 14:46:11,774 - app.origin - INFO - 已写入第九十二章 剑符
2016-07-22 14:46:11,902 - app.origin - INFO - 已写入第九十三章 烈火焚敌
2016-07-22 14:46:12,000 - app.origin - INFO - 已写入第九十四章 完胜
2016-07-22 14:46:12,095 - app.origin - INFO - 已写入第九十五章 魔名赫起
2016-07-22 14:46:12,182 - app.origin - INFO - 已写入第九十六章 缺陷
2016-07-22 14:46:12,330 - app.origin - INFO - 已写入第九十七章 背后交易
2016-07-22 14:46:12,432 - app.origin - INFO - 已写入第九十八章 回村
2016-07-22 14:46:12,524 - app.origin - INFO - 已写入第九十九章 离开
2016-07-22 14:46:12,645 - app.origin - INFO - 已写入第一百章 嘉元城
2016-07-22 14:46:12,736 - app.origin - INFO - 已写入第一百零一章 钱财惹祸
2016-07-22 14:46:12,907 - app.origin - INFO - 已写入第一百零二章 格杀
2016-07-22 14:46:13,064 - app.origin - INFO - 已写入第一百零三章 收服
2016-07-22 14:46:13,205 - app.origin - INFO - 已写入第一百零四章 情报
2016-07-22 14:46:13,293 - app.origin - INFO - 已写入第一百零五章 惊信
2016-07-22 14:46:13,386 - app.origin - INFO - 已写入第一百零六章 蓝衣人
2016-07-22 14:46:13,482 - app.origin - INFO - 已写入第一百零七章 墨玉珠
2016-07-22 14:46:13,581 - app.origin - INFO - 已写入第一百零八章 夜入墨府
2016-07-22 14:46:13,693 - app.origin - INFO - 已写入第一百零九章 登门
2016-07-22 14:46:13,796 - app.origin - INFO - 已写入第一百一十章 狐
2016-07-22 14:46:13,906 - app.origin - INFO - 已写入第一百一十一章 美妇
2016-07-22 14:46:14,036 - app.origin - INFO - 已写入第一百一十二章 暗信
2016-07-22 14:46:14,141 - app.origin - INFO - 已写入第一百一十三章 萦香丸
2016-07-22 14:46:14,241 - app.origin - INFO - 已写入第一百一十四章 燕歌痴情
2016-07-22 14:46:14,341 - app.origin - INFO - 已写入第一百一十五章 惊变
2016-07-22 14:46:14,432 - app.origin - INFO - 已写入第一百一十六章 翻脸
2016-07-22 14:46:14,526 - app.origin - INFO - 已写入第一百一十七章 言和
2016-07-22 14:46:14,636 - app.origin - INFO - 已写入第一百一十八章 二选一
2016-07-22 14:46:14,730 - app.origin - INFO - 已写入第一百一十九章 意外消息
2016-07-22 14:46:17,855 - app.origin - INFO - 已写入第一百二十章 定计夺帮
2016-07-22 14:46:17,965 - app.origin - INFO - 已写入第一百二十一章 潇湘院
2016-07-22 14:46:18,204 - app.origin - INFO - 已写入第一百二十二章 毒杀
2016-07-22 14:46:18,360 - app.origin - INFO - 已写入第一百二十三章 交易
2016-07-22 14:46:18,447 - app.origin - INFO - 已写入第一百二十四章 墨凤舞
2016-07-22 14:46:18,552 - app.origin - INFO - 已写入第一百二十五章 安排
2016-07-22 14:46:18,643 - app.origin - INFO - 已写入第一百二十六章 太南山、太南谷、少年
2016-07-22 14:46:18,754 - app.origin - INFO - 已写入第一百二十七章 灵根之说
2016-07-22 14:46:18,852 - app.origin - INFO - 已写入第一百二十八章 太南小会
2016-07-22 14:46:18,992 - app.origin - INFO - 已写入第一百二十九章 青颜真人
2016-07-22 14:46:19,081 - app.origin - INFO - 已写入第一百三十章 入伙
2016-07-22 14:46:19,324 - app.origin - INFO - 已写入第一百三十一章 灵石与灵符
2016-07-22 14:46:19,412 - app.origin - INFO - 已写入第一百三十二章 收获
2016-07-22 14:46:19,514 - app.origin - INFO - 已写入一百三十三章 偷技
2016-07-22 14:46:19,623 - app.origin - INFO - 已写入第一百三十四章 升仙大会
2016-07-22 14:46:19,733 - app.origin - INFO - 已写入第一百三十五章 惊闻
2016-07-22 14:46:19,892 - app.origin - INFO - 已写入第一百三十六章 燕家
2016-07-22 14:46:20,112 - app.origin - INFO - 已写入第一百三十七章 金竺笔
2016-07-22 14:46:20,203 - app.origin - INFO - 已写入第一百三十八章 制符之道
2016-07-22 14:46:20,302 - app.origin - INFO - 已写入第一百三十九章 法宝残片
2016-07-22 14:46:20,465 - app.origin - INFO - 已写入第一百四十章 势在必得
2016-07-22 14:46:20,687 - app.origin - INFO - 已写入第一百四十一章 升仙令（又缺票票了）
2016-07-22 14:46:20,811 - app.origin - INFO - 已写入第一百四十二章 袭杀
2016-07-22 14:46:21,002 - app.origin - INFO - 已写入第一百四十三章 斩杀
2016-07-22 14:46:21,105 - app.origin - INFO - 已写入第一百四十四章 筑基丹之争
2016-07-22 14:46:21,318 - app.origin - INFO - 已写入第一百四十五章 不速之客
2016-07-22 14:46:21,419 - app.origin - INFO - 已写入第一百四十六章 成交
2016-07-22 14:46:21,642 - app.origin - INFO - 已写入第一百四十七章 谷内详情
2016-07-22 14:46:21,746 - app.origin - INFO - 已写入第一百四十八章 灰衣老者
2016-07-22 14:46:21,846 - app.origin - INFO - 已写入第一百四十九章 杂务
2016-07-22 14:46:21,975 - app.origin - INFO - 已写入第一百五十章 悔诺
2016-07-22 14:46:22,102 - app.origin - INFO - 已写入第一百五十一章 百药园
2016-07-22 14:46:22,257 - app.origin - INFO - 已写入第一百五十二章 两年后
2016-07-22 14:46:22,350 - app.origin - INFO - 已写入第一百五十三章 岳麓殿
2016-07-22 14:46:22,485 - app.origin - INFO - 已写入第一百五十四章 许老与藏室
2016-07-22 14:46:22,573 - app.origin - INFO - 已写入第一百五十五章 郁闷
2016-07-22 14:46:22,675 - app.origin - INFO - 已写入第一百五十六章 地肺之火
2016-07-22 14:46:22,797 - app.origin - INFO - 已写入第一百五十七章 慕容兄弟
2016-07-22 14:46:22,888 - app.origin - INFO - 已写入第一百五十八章 蓝衣女子
2016-07-22 14:46:22,995 - app.origin - INFO - 已写入第一百五十九章 天地灵药
2016-07-22 14:46:23,094 - app.origin - INFO - 已写入第一百六十章 血禁试炼
2016-07-22 14:46:24,208 - app.origin - INFO - 已写入第一百六十一章 坊市
2016-07-22 14:46:24,316 - app.origin - INFO - 已写入第一百六十二章 万宝楼
2016-07-22 14:46:24,424 - app.origin - INFO - 已写入第一百六十三章 锦盒之宝
2016-07-22 14:46:24,525 - app.origin - INFO - 已写入第一百六十四章 符宝之秘
2016-07-22 14:46:24,628 - app.origin - INFO - 已写入第一百六十五章 夜遇
2016-07-22 14:46:24,867 - app.origin - INFO - 已写入第一百六十六章 狠毒
2016-07-22 14:46:24,990 - app.origin - INFO - 已写入第一百六十七章 恶斗（上）
2016-07-22 14:46:25,111 - app.origin - INFO - 已写入第一百六十八章 恶斗（中）
2016-07-22 14:46:25,227 - app.origin - INFO - 已写入第一百六十九章 恶斗（下）
2016-07-22 14:46:25,317 - app.origin - INFO - 已写入第一百七十章 战利品
2016-07-22 14:46:25,556 - app.origin - INFO - 已写入第一百七十一章 返回
2016-07-22 14:46:25,646 - app.origin - INFO - 已写入第一百七十二章 选择
2016-07-22 14:46:25,771 - app.origin - INFO - 已写入第一百七十三章 聚集
2016-07-22 14:46:25,889 - app.origin - INFO - 已写入第一百七十四章 李师祖
2016-07-22 14:46:25,994 - app.origin - INFO - 已写入第一百七十五章 清虚门
2016-07-22 14:46:26,085 - app.origin - INFO - 已写入第一百七十六章 赌约
2016-07-22 14:46:26,179 - app.origin - INFO - 已写入第一百七十七章 修仙界与正邪
2016-07-22 14:46:26,288 - app.origin - INFO - 已写入第一百七十八章 掩月宗
2016-07-22 14:46:26,399 - app.origin - INFO - 已写入第一百七十九章 破禁
2016-07-22 14:46:26,509 - app.origin - INFO - 已写入第一百八十章 乌龙潭
2016-07-22 14:46:26,616 - app.origin - INFO - 已写入第一百八十一章 彩蝶与死战
2016-07-22 14:46:26,727 - app.origin - INFO - 已写入第一百八十二章 少女与丝线
2016-07-22 14:46:26,816 - app.origin - INFO - 已写入第一把八十三章 融灵符
2016-07-22 14:46:26,997 - app.origin - INFO - 已写入第一百八十四章 金光砖之威
2016-07-22 14:46:27,118 - app.origin - INFO - 已写入第一百八十五章 强者
2016-07-22 14:46:27,245 - app.origin - INFO - 已写入第一百八十六章 出手
2016-07-22 14:46:27,375 - app.origin - INFO - 已写入第一百八十七章 黄雀“封岳”
2016-07-22 14:46:27,470 - app.origin - INFO - 已写入第一百八十八章 恶名
2016-07-22 14:46:27,576 - app.origin - INFO - 已写入第一百八十九章 雷灭
2016-07-22 14:46:27,695 - app.origin - INFO - 已写入第一百九十章 乌靴
2016-07-22 14:46:27,792 - app.origin - INFO - 已写入第一百九十一章 异心与孤零
2016-07-22 14:46:27,889 - app.origin - INFO - 已写入第一百九十二章 飞蛇 (解禁）
