2016-07-24 12:45:33,745 - app.origin - INFO - 已获取"白衣渡我九生尽"书籍信息
2016-07-24 12:45:33,806 - app.origin - INFO - 已写入第一章：破画1
2016-07-24 12:45:33,855 - app.origin - INFO - 已写入第二章：破画2
2016-07-24 12:45:33,926 - app.origin - INFO - 已写入第三章：杀机起伏
2016-07-24 12:45:33,978 - app.origin - INFO - 已写入第四章：追珠之人
2016-07-24 12:45:38,311 - app.origin - INFO - 已写入第五章：她的故事
2016-07-24 12:45:42,412 - app.origin - INFO - 已写入第六章：拒宠
2016-07-24 12:45:42,469 - app.origin - INFO - 已写入第七章：师父诱敌
2016-07-24 12:45:42,536 - app.origin - INFO - 已写入第八章：断剑
2016-07-24 12:45:42,598 - app.origin - INFO - 已写入第九章：公孙备
2016-07-24 12:45:42,663 - app.origin - INFO - 已写入第十章 离宫
2016-07-24 12:45:42,722 - app.origin - INFO - 已写入第十一章 水鬼
2016-07-24 12:45:42,789 - app.origin - INFO - 已写入第十二章 梦魇
2016-07-24 12:45:42,850 - app.origin - INFO - 已写入第十三章 入宫
2016-07-24 12:45:42,928 - app.origin - INFO - 已写入第十四章  雪燕之毒
2016-07-24 12:45:42,983 - app.origin - INFO - 已写入第十五章 金笼之祸
2016-07-24 12:45:43,049 - app.origin - INFO - 已写入第十六章 下药
2016-07-24 12:47:07,483 - app.origin - INFO - 宠妻难求51免费章节
2016-07-24 12:47:07,521 - app.origin - INFO - 已写入第一章 楔子
2016-07-24 12:47:07,558 - app.origin - INFO - 已写入第二章 情敌？
2016-07-24 12:47:07,604 - app.origin - INFO - 已写入第三章 宴会
2016-07-24 12:47:07,656 - app.origin - INFO - 已写入第四章 初见
2016-07-24 12:47:07,721 - app.origin - INFO - 已写入第五章 出名
2016-07-24 12:47:07,768 - app.origin - INFO - 已写入第六章 顾笙
2016-07-24 12:47:07,809 - app.origin - INFO - 已写入第七章 有戏
2016-07-24 12:47:07,850 - app.origin - INFO - 已写入第八章 喜欢
2016-07-24 12:47:07,892 - app.origin - INFO - 已写入第九章 突变
2016-07-24 12:47:07,951 - app.origin - INFO - 已写入第十章 男朋友？
2016-07-24 12:47:07,993 - app.origin - INFO - 已写入第十一章 苦心
2016-07-24 12:47:08,032 - app.origin - INFO - 已写入第十二章 决定
2016-07-24 12:47:08,087 - app.origin - INFO - 已写入第十三章 车祸
2016-07-24 12:47:08,146 - app.origin - INFO - 已写入第十四章 担当与责任
2016-07-24 12:47:08,236 - app.origin - INFO - 已写入第十五章 表白与见家长？
2016-07-24 12:47:08,280 - app.origin - INFO - 已写入第十六章 雨过天晴
2016-07-24 12:47:08,322 - app.origin - INFO - 已写入第十七章 他的圈子
2016-07-24 12:47:08,363 - app.origin - INFO - 已写入第十八章 叶母苏醒
2016-07-24 12:47:08,403 - app.origin - INFO - 已写入第十九章 对付
2016-07-24 12:47:08,442 - app.origin - INFO - 已写入第二十章 暖意
2016-07-24 12:47:08,483 - app.origin - INFO - 已写入第二十一章 抓住内鬼
2016-07-24 12:47:08,527 - app.origin - INFO - 已写入第二十二章 日常与约会
2016-07-24 12:47:08,569 - app.origin - INFO - 已写入第二十三章 模特选角
2016-07-24 12:47:08,628 - app.origin - INFO - 已写入第二十四章 商会
2016-07-24 12:47:08,674 - app.origin - INFO - 已写入第二十五章 遇见
2016-07-24 12:47:08,715 - app.origin - INFO - 已写入第二十六章 面试
2016-07-24 12:47:09,090 - app.origin - INFO - 已写入第二十七章 澳门之行
2016-07-24 12:47:09,158 - app.origin - INFO - 已写入第二十八章 赌场风云
2016-07-24 12:47:09,222 - app.origin - INFO - 已写入第二十九章 她的狠厉
2016-07-24 12:47:09,279 - app.origin - INFO - 已写入第三十章 他的到来
2016-07-24 12:47:09,328 - app.origin - INFO - 已写入第三十一章 他的冷漠
2016-07-24 12:47:09,386 - app.origin - INFO - 已写入第三十二章 拍卖会
2016-07-24 12:47:09,448 - app.origin - INFO - 已写入第三十三章 谋杀事件
2016-07-24 12:47:09,506 - app.origin - INFO - 已写入第三十四章 转折与噩梦
2016-07-24 12:47:09,569 - app.origin - INFO - 已写入第三十五章 被捕
2016-07-24 12:47:09,611 - app.origin - INFO - 已写入第三十六章 幕后真凶
2016-07-24 12:47:09,662 - app.origin - INFO - 已写入第三十七章 谈心
2016-07-24 12:47:09,709 - app.origin - INFO - 已写入第三十八章 扫墓
2016-07-24 12:47:09,756 - app.origin - INFO - 已写入第三十九章 陆泽
2016-07-24 12:47:09,802 - app.origin - INFO - 已写入第四十章 运气
2016-07-24 12:47:09,848 - app.origin - INFO - 已写入第四十一章 辞职
2016-07-24 12:47:09,893 - app.origin - INFO - 已写入第四十二章 新的战争
2016-07-24 12:47:09,937 - app.origin - INFO - 已写入第一章 陆泽的麻烦
2016-07-24 12:47:09,997 - app.origin - INFO - 已写入第二章 陆泽的新小弟
2016-07-24 12:47:10,049 - app.origin - INFO - 已写入第三章 我不会再喜欢你了
2016-07-24 12:47:10,091 - app.origin - INFO - 已写入第四章 心不在焉的她
2016-07-24 12:47:10,132 - app.origin - INFO - 已写入第五章 阴谋再现
2016-07-24 12:47:10,174 - app.origin - INFO - 已写入第六章 幕后之人
2016-07-24 12:47:10,231 - app.origin - INFO - 已写入第七章 对他依赖
2016-07-24 12:47:10,300 - app.origin - INFO - 已写入第八章 我好看还是他好看？
2016-07-24 12:47:10,341 - app.origin - INFO - 已写入第九章 再度受伤，他的怒火
2016-07-24 12:48:47,155 - app.origin - INFO - 已获取"网游之不败战神"信息。
2016-07-24 12:48:47,156 - app.origin - INFO - 网游之不败战神75免费章节
2016-07-24 12:48:47,694 - app.origin - INFO - 已写入新书冲榜求火力！
2016-07-24 12:48:48,210 - app.origin - INFO - 已写入新的一月，求月票！
2016-07-24 12:48:48,929 - app.origin - INFO - 已写入第一章  游戏之始
2016-07-24 12:48:49,565 - app.origin - INFO - 已写入第二章  变异青蛙
2016-07-24 12:48:50,106 - app.origin - INFO - 已写入第三章  稳赚的交易
2016-07-24 12:48:50,758 - app.origin - INFO - 已写入第四章 天上掉下个隐藏任务
2016-07-24 12:48:51,401 - app.origin - INFO - 已写入第五章  谁是傻逼
2016-07-24 12:48:52,010 - app.origin - INFO - 已写入第六章  玩极限！
2016-07-24 12:48:52,605 - app.origin - INFO - 已写入第七章 七星天牛王
2016-07-24 12:48:53,216 - app.origin - INFO - 已写入第八章 爆发的七星天牛王
2016-07-24 12:48:54,464 - app.origin - INFO - 已写入第九章  青铜级！
2016-07-24 12:48:55,128 - app.origin - INFO - 已写入第十章  摆摊
2016-07-24 12:48:56,002 - app.origin - INFO - 已写入第十一章  战神殿
2016-07-24 12:48:56,660 - app.origin - INFO - 已写入第十二章  第一桶金
2016-07-24 12:48:57,294 - app.origin - INFO - 已写入第十三章  怪老头
2016-07-24 12:48:57,988 - app.origin - INFO - 已写入第十四章  六芒工作室
2016-07-24 12:48:58,661 - app.origin - INFO - 已写入第十五章  BOSS再现
2016-07-24 12:48:59,286 - app.origin - INFO - 已写入第十六章  隐藏职业，战神！
2016-07-24 12:48:59,839 - app.origin - INFO - 已写入第十七章  坑爹的考验
2016-07-24 12:49:00,463 - app.origin - INFO - 已写入第十八章  抢BOSS
2016-07-24 12:49:01,081 - app.origin - INFO - 已写入第十九章  合作
2016-07-24 12:49:01,716 - app.origin - INFO - 已写入第二十章  战神之力逞威
2016-07-24 12:49:02,337 - app.origin - INFO - 已写入第二十一章  铁血盟全灭
2016-07-24 12:49:03,003 - app.origin - INFO - 已写入第二十二章  狼王长剑
2016-07-24 12:49:03,694 - app.origin - INFO - 已写入第二十三章  最高难度任务
2016-07-24 12:49:04,336 - app.origin - INFO - 已写入第二十四章  长岭
2016-07-24 12:49:04,947 - app.origin - INFO - 已写入第二十五章  铁岩妖花
2016-07-24 12:49:05,574 - app.origin - INFO - 已写入第二十六章 神*穴
2016-07-24 12:49:06,178 - app.origin - INFO - 已写入第二十七章  长岭矿洞
2016-07-24 12:49:06,795 - app.origin - INFO - 已写入第二十八章  活血草
2016-07-24 12:49:07,387 - app.origin - INFO - 已写入第二十九章  冤家路窄
2016-07-24 12:49:08,004 - app.origin - INFO - 已写入第三十章  恶狼入羊群
2016-07-24 12:49:08,722 - app.origin - INFO - 已写入第三十一章  爆击，秒杀！
2016-07-24 12:49:09,310 - app.origin - INFO - 已写入第三十二章  远程全灭
2016-07-24 12:49:09,902 - app.origin - INFO - 已写入第三十三章  硬战
2016-07-24 12:49:10,473 - app.origin - INFO - 已写入第三十四章  灭暗魂
2016-07-24 12:49:11,048 - app.origin - INFO - 已写入第三十五章  你是想追我吗？
2016-07-24 12:49:11,634 - app.origin - INFO - 已写入第三十六章  邪恶矿工套装
2016-07-24 12:49:12,220 - app.origin - INFO - 已写入第三十七章  邪恶矿长
2016-07-24 12:49:12,819 - app.origin - INFO - 已写入第三十八章  勾引
2016-07-24 12:49:13,464 - app.origin - INFO - 已写入第三十九章  你是打金团的？
2016-07-24 12:49:14,064 - app.origin - INFO - 已写入第四十章  邪恶之力
2016-07-24 12:49:14,730 - app.origin - INFO - 已写入第四十一章  第一个法术
2016-07-24 12:49:15,308 - app.origin - INFO - 已写入第四十二章  被坑了
2016-07-24 12:49:15,885 - app.origin - INFO - 已写入第四十三章  我要过分点的报酬
2016-07-24 12:49:16,488 - app.origin - INFO - 已写入第四十四章  手感不错
2016-07-24 12:49:17,069 - app.origin - INFO - 已写入第四十五章  抱着我
2016-07-24 12:49:17,732 - app.origin - INFO - 已写入第四十六章  配方线索
2016-07-24 12:49:18,358 - app.origin - INFO - 已写入第四十七章  陈年美酿女儿红
2016-07-24 12:49:18,961 - app.origin - INFO - 已写入第四十八章  压寨夫人
2016-07-24 12:49:19,795 - app.origin - INFO - 已写入第四十九章  叫人
2016-07-24 12:49:20,401 - app.origin - INFO - 已写入第五十章  收服
2016-07-24 12:49:20,967 - app.origin - INFO - 已写入第五十一章  白银，掠夺者之斧
2016-07-24 12:49:21,564 - app.origin - INFO - 已写入第五十二章  永恒之城
2016-07-24 12:49:22,167 - app.origin - INFO - 已写入第五十三章  早餐
2016-07-24 12:49:22,803 - app.origin - INFO - 已写入第五十四章  吃醋
2016-07-24 12:49:23,402 - app.origin - INFO - 已写入第五十五章  商人
2016-07-24 12:49:24,052 - app.origin - INFO - 已写入第五十六章  修罗级难度
2016-07-24 12:49:24,649 - app.origin - INFO - 已写入第五十七章  鬼王坡
2016-07-24 12:49:25,185 - app.origin - INFO - 已写入第五十八章  秀操作
2016-07-24 12:49:25,839 - app.origin - INFO - 已写入第五十九章  秘密曝光
2016-07-24 12:49:26,512 - app.origin - INFO - 已写入第六十章  互换初吻
2016-07-24 12:49:27,032 - app.origin - INFO - 已写入第六十一章  腐蚀将军
2016-07-24 12:49:27,637 - app.origin - INFO - 已写入第六十二章  狗咬狗，一嘴毛
2016-07-24 12:49:28,284 - app.origin - INFO - 已写入第六十三章  魔龙会的战术
2016-07-24 12:49:28,898 - app.origin - INFO - 已写入第六十四章  反杀
2016-07-24 12:49:29,540 - app.origin - INFO - 已写入第六十五章  黄雀在后！
2016-07-24 12:49:30,096 - app.origin - INFO - 已写入第六十六章  BOSS到手！
2016-07-24 12:49:30,719 - app.origin - INFO - 已写入第六十七章  腐蚀之刃
2016-07-24 12:49:31,279 - app.origin - INFO - 已写入第六十八章  鬼王斗篷
2016-07-24 12:49:31,898 - app.origin - INFO - 已写入第六十九章  三大技能
2016-07-24 12:49:32,490 - app.origin - INFO - 已写入第七十章  前往断弓山
2016-07-24 12:49:33,115 - app.origin - INFO - 已写入第七十一章  有点厉害啊！
2016-07-24 12:49:33,721 - app.origin - INFO - 已写入第七十二章  老团队
2016-07-24 12:49:34,295 - app.origin - INFO - 已写入第七十三章  抢点
2016-07-24 13:10:27,365 - app.origin - INFO - 红袖添香未找到包含关键字"完美世界"的小说
2016-07-24 13:10:31,558 - app.origin - INFO - 完美世界95免费章节
2016-07-24 13:10:31,646 - app.origin - INFO - 已写入新书即将开始了
2016-07-24 13:10:31,901 - app.origin - INFO - 已写入上架了，求订阅，求月票！
2016-07-24 13:10:31,972 - app.origin - INFO - 已写入序章 大荒
2016-07-24 13:10:32,361 - app.origin - INFO - 已写入第一章 朝气蓬勃
2016-07-24 13:10:32,816 - app.origin - INFO - 已写入第二章 骨文
2016-07-24 13:10:32,908 - app.origin - INFO - 已写入第三章 祭灵
2016-07-24 13:10:33,034 - app.origin - INFO - 已写入第四章 药浴
2016-07-24 13:10:33,153 - app.origin - INFO - 已写入第五章 举鼎
2016-07-24 13:10:33,263 - app.origin - INFO - 已写入第六章 准备
2016-07-24 13:10:33,545 - app.origin - INFO - 已写入第七章 梧木巢
2016-07-24 13:10:33,666 - app.origin - INFO - 已写入第八章 青鳞鹰
2016-07-24 13:10:33,785 - app.origin - INFO - 已写入第九章 凶威
2016-07-24 13:10:33,951 - app.origin - INFO - 已写入第十章 祖器
2016-07-24 13:10:34,044 - app.origin - INFO - 已写入第十一章 返祖
2016-07-24 13:10:34,202 - app.origin - INFO - 已写入第十二章 秘骨宝书
2016-07-24 13:10:34,441 - app.origin - INFO - 已写入第十三章 怒
2016-07-24 13:10:35,531 - app.origin - INFO - 已写入第十四章 蛮横
2016-07-24 13:10:35,663 - app.origin - INFO - 已写入第十五章 小不点显威
2016-07-24 13:10:36,077 - app.origin - INFO - 已写入第十六章 服软
2016-07-24 13:10:36,163 - app.origin - INFO - 已写入第十七章 宝术
2016-07-24 13:10:36,293 - app.origin - INFO - 已写入第十八章 山林暴动
2016-07-24 13:10:36,466 - app.origin - INFO - 已写入第十九章 争夺
2016-07-24 13:10:36,586 - app.origin - INFO - 已写入第二十章 惊变
2016-07-24 13:10:36,696 - app.origin - INFO - 已写入第二十一章 狻猊
2016-07-24 13:10:36,817 - app.origin - INFO - 已写入第二十二章 敌
2016-07-24 13:10:36,947 - app.origin - INFO - 已写入第二十三章 斩杀
2016-07-24 13:10:37,187 - app.origin - INFO - 已写入第二十四章 宝具
2016-07-24 13:10:37,306 - app.origin - INFO - 已写入第二十五章 狈村祭灵
2016-07-24 13:10:37,464 - app.origin - INFO - 已写入第二十六章 击败
2016-07-24 13:10:37,579 - app.origin - INFO - 已写入第二十七章 落幕
2016-07-24 13:10:37,801 - app.origin - INFO - 已写入第二十八章 风云动
2016-07-24 13:10:37,925 - app.origin - INFO - 已写入第二十九章 彝伦攸敷
2016-07-24 13:10:38,068 - app.origin - INFO - 已写入第三十章 小孤山镇
2016-07-24 13:10:38,191 - app.origin - INFO - 已写入第三十一章 洗礼
2016-07-24 13:10:38,363 - app.origin - INFO - 已写入第三十二章 蜕变惊人
2016-07-24 13:10:38,488 - app.origin - INFO - 已写入第三十三章 天才
2016-07-24 13:10:38,612 - app.origin - INFO - 已写入第三十四章 恐怖的村子
2016-07-24 13:10:47,738 - app.origin - INFO - 已写入第三十五章 懵了
2016-07-24 13:10:47,876 - app.origin - INFO - 已写入第三十六章 变脸
2016-07-24 13:10:47,970 - app.origin - INFO - 已写入第三十七章 跋扈
2016-07-24 13:10:48,195 - app.origin - INFO - 已写入第三十八章 宝术对决
2016-07-24 13:10:48,328 - app.origin - INFO - 已写入第三十九章 强与弱
2016-07-24 13:10:48,427 - app.origin - INFO - 已写入第四十章 柳神
2016-07-24 13:10:48,553 - app.origin - INFO - 已写入第四十一章 强者
2016-07-24 13:10:49,676 - app.origin - INFO - 已写入第四十二章 大波澜
2016-07-24 13:10:49,826 - app.origin - INFO - 已写入第四十三章 四大强者
2016-07-24 13:10:50,078 - app.origin - INFO - 已写入第四十四章 震撼
2016-07-24 13:10:50,215 - app.origin - INFO - 已写入第四十五章 兆头
2016-07-24 13:10:50,337 - app.origin - INFO - 已写入第四十六章 山脉深处
2016-07-24 13:10:50,451 - app.origin - INFO - 已写入第四十七章 祸起
2016-07-24 13:10:50,585 - app.origin - INFO - 已写入第四十八章 祸乱大地
2016-07-24 13:10:50,695 - app.origin - INFO - 已写入第四十九章 血流十万里
2016-07-24 13:10:50,844 - app.origin - INFO - 已写入第五十章 重见天日
2016-07-24 13:10:50,969 - app.origin - INFO - 已写入第五十一章 火红的雀儿
2016-07-24 13:10:52,208 - app.origin - INFO - 已写入第五十二章 当自强
2016-07-24 13:10:52,332 - app.origin - INFO - 已写入第五十三章 朱厌
2016-07-24 13:10:52,564 - app.origin - INFO - 已写入第五十四章 搬血
2016-07-24 13:10:52,699 - app.origin - INFO - 已写入第五十五章 身世
2016-07-24 13:10:52,829 - app.origin - INFO - 已写入第五十六章 天生至尊
2016-07-24 13:10:52,977 - app.origin - INFO - 已写入第五十七章 痛
2016-07-24 13:10:53,108 - app.origin - INFO - 已写入第五十八章 石子陵
2016-07-24 13:10:53,343 - app.origin - INFO - 已写入第五十九章 发狂
2016-07-24 13:10:53,463 - app.origin - INFO - 已写入第六十章 谁与争锋
2016-07-24 13:10:53,732 - app.origin - INFO - 已写入第六十一章 重瞳
2016-07-24 13:10:53,840 - app.origin - INFO - 已写入第六十二章 小不点
2016-07-24 13:10:53,998 - app.origin - INFO - 已写入第六十三章 原始真解
2016-07-24 13:10:55,658 - app.origin - INFO - 已写入第六十四章 修行
2016-07-24 13:10:55,833 - app.origin - INFO - 已写入第六十五章 十万极境
2016-07-24 13:10:55,942 - app.origin - INFO - 已写入第六十六章 超凡
2016-07-24 13:10:56,082 - app.origin - INFO - 已写入第六十七章 痴了
2016-07-24 13:10:56,176 - app.origin - INFO - 已写入第六十八章 独角兽
2016-07-24 13:10:56,305 - app.origin - INFO - 已写入第六十九章 大荒血路行
2016-07-24 13:10:56,414 - app.origin - INFO - 已写入第七十章 败家子
2016-07-24 13:10:56,625 - app.origin - INFO - 已写入第七十一章 美女
2016-07-24 13:10:56,848 - app.origin - INFO - 已写入第七十二章 走出大荒
2016-07-24 13:10:56,971 - app.origin - INFO - 已写入第七十三章 另一个自己
2016-07-24 13:10:57,099 - app.origin - INFO - 已写入第七十四章 满足而去
2016-07-24 13:10:57,214 - app.origin - INFO - 已写入第七十五章 胆大包天
2016-07-24 13:10:57,365 - app.origin - INFO - 已写入第七十六章 石国震动
2016-07-24 13:10:57,479 - app.origin - INFO - 已写入第七十七章 回归
2016-07-24 13:10:57,597 - app.origin - INFO - 已写入第七十八章 危机
2016-07-24 13:10:57,701 - app.origin - INFO - 已写入第七十九章 凶寇
2016-07-24 13:10:57,798 - app.origin - INFO - 已写入第八十章 洞天
2016-07-24 13:10:57,918 - app.origin - INFO - 已写入第八十一章 牛刀小试
2016-07-24 13:10:58,056 - app.origin - INFO - 已写入第八十二章 只身闯寇窟
2016-07-24 13:10:58,227 - app.origin - INFO - 已写入第八十三章 生死战
2016-07-24 13:10:58,392 - app.origin - INFO - 已写入第八十四章 斩祭灵
2016-07-24 13:10:58,532 - app.origin - INFO - 已写入第八十五章 收获
2016-07-24 13:10:58,755 - app.origin - INFO - 已写入第八十六章 柳树通天
2016-07-24 13:10:58,893 - app.origin - INFO - 已写入第八十七章 虚神界
2016-07-24 13:11:02,064 - app.origin - INFO - 已写入第八十八章 极品
2016-07-24 13:11:02,188 - app.origin - INFO - 已写入第八十九章 最爱吃兽奶（书已胖）
2016-07-24 13:11:02,295 - app.origin - INFO - 已写入第九十章 抢夺（书胖了）
2016-07-24 13:11:02,483 - app.origin - INFO - 已写入第九十一章 洗劫之最（书已肉乎乎）
2016-07-24 13:11:02,627 - app.origin - INFO - 已写入第九十二章 勒索成功
2016-07-24 13:16:19,537 - app.origin - INFO - 红袖添香未找到包含关键字"完美世界"的小说
2016-07-24 13:17:23,995 - app.origin - INFO - 红袖添香未找到包含关键字"完美世界 "的小说
2016-07-24 13:20:02,860 - app.origin - INFO - 红袖添香未找到包含关键字"完美世界 "的小说
2016-07-24 15:40:21,604 - app.origin - INFO - 红袖添香未找到包含关键字"完美世界"的小说
2016-07-24 15:40:36,764 - app.origin - INFO - 红袖添香未找到包含关键字"完美世界"的小说
2016-07-24 15:41:17,787 - app.origin - INFO - 红袖添香未找到包含关键字"完美世界"的小说
2016-07-24 15:41:24,871 - app.origin - INFO - 完美世界95免费章节
2016-07-24 15:41:24,888 - app.origin - INFO - 已写入新书即将开始了
2016-07-24 15:41:24,905 - app.origin - INFO - 已写入上架了，求订阅，求月票！
2016-07-24 15:41:24,923 - app.origin - INFO - 已写入序章 大荒
2016-07-24 15:41:24,948 - app.origin - INFO - 已写入第一章 朝气蓬勃
2016-07-24 15:41:25,230 - app.origin - INFO - 已写入第二章 骨文
2016-07-24 15:41:26,069 - app.origin - INFO - 已写入第三章 祭灵
2016-07-24 15:41:26,250 - app.origin - INFO - 已写入第四章 药浴
2016-07-24 15:41:27,211 - app.origin - INFO - 已写入第五章 举鼎
2016-07-24 15:41:27,679 - app.origin - INFO - 已写入第六章 准备
2016-07-24 15:41:27,842 - app.origin - INFO - 已写入第七章 梧木巢
2016-07-24 15:41:28,111 - app.origin - INFO - 已写入第八章 青鳞鹰
2016-07-24 15:41:28,279 - app.origin - INFO - 已写入第九章 凶威
2016-07-24 15:41:29,424 - app.origin - INFO - 已写入第十章 祖器
2016-07-24 15:41:30,494 - app.origin - INFO - 已写入第十一章 返祖
2016-07-24 15:41:30,726 - app.origin - INFO - 已写入第十二章 秘骨宝书
2016-07-24 15:41:31,196 - app.origin - INFO - 已写入第十三章 怒
2016-07-24 15:41:32,331 - app.origin - INFO - 已写入第十四章 蛮横
2016-07-24 15:41:32,476 - app.origin - INFO - 已写入第十五章 小不点显威
2016-07-24 15:41:32,642 - app.origin - INFO - 已写入第十六章 服软
2016-07-24 15:41:32,762 - app.origin - INFO - 已写入第十七章 宝术
2016-07-24 15:41:33,396 - app.origin - INFO - 已写入第十八章 山林暴动
2016-07-24 15:41:33,769 - app.origin - INFO - 已写入第十九章 争夺
2016-07-24 15:41:33,902 - app.origin - INFO - 已写入第二十章 惊变
2016-07-24 15:41:35,042 - app.origin - INFO - 已写入第二十一章 狻猊
2016-07-24 15:41:35,176 - app.origin - INFO - 已写入第二十二章 敌
2016-07-24 15:41:35,313 - app.origin - INFO - 已写入第二十三章 斩杀
2016-07-24 15:41:35,486 - app.origin - INFO - 已写入第二十四章 宝具
2016-07-24 15:41:35,649 - app.origin - INFO - 已写入第二十五章 狈村祭灵
2016-07-24 15:41:35,785 - app.origin - INFO - 已写入第二十六章 击败
2016-07-24 15:41:35,917 - app.origin - INFO - 已写入第二十七章 落幕
2016-07-24 15:41:36,080 - app.origin - INFO - 已写入第二十八章 风云动
2016-07-24 15:41:36,356 - app.origin - INFO - 已写入第二十九章 彝伦攸敷
2016-07-24 15:41:36,489 - app.origin - INFO - 已写入第三十章 小孤山镇
2016-07-24 15:41:38,548 - app.origin - INFO - 已写入第三十一章 洗礼
2016-07-24 15:41:39,823 - app.origin - INFO - 已写入第三十二章 蜕变惊人
2016-07-24 15:41:40,540 - app.origin - INFO - 已写入第三十三章 天才
2016-07-24 15:41:40,560 - app.origin - INFO - 已写入第三十四章 恐怖的村子
2016-07-24 15:41:40,700 - app.origin - INFO - 已写入第三十五章 懵了
2016-07-24 15:41:40,834 - app.origin - INFO - 已写入第三十六章 变脸
2016-07-24 15:41:41,671 - app.origin - INFO - 已写入第三十七章 跋扈
2016-07-24 15:41:41,834 - app.origin - INFO - 已写入第三十八章 宝术对决
2016-07-24 15:41:41,974 - app.origin - INFO - 已写入第三十九章 强与弱
2016-07-24 15:41:42,135 - app.origin - INFO - 已写入第四十章 柳神
2016-07-24 15:41:42,486 - app.origin - INFO - 已写入第四十一章 强者
2016-07-24 15:41:42,616 - app.origin - INFO - 已写入第四十二章 大波澜
2016-07-24 15:41:42,752 - app.origin - INFO - 已写入第四十三章 四大强者
2016-07-24 15:41:43,546 - app.origin - INFO - 已写入第四十四章 震撼
2016-07-24 15:41:43,681 - app.origin - INFO - 已写入第四十五章 兆头
2016-07-24 15:41:43,857 - app.origin - INFO - 已写入第四十六章 山脉深处
2016-07-24 15:41:43,999 - app.origin - INFO - 已写入第四十七章 祸起
2016-07-24 15:41:44,129 - app.origin - INFO - 已写入第四十八章 祸乱大地
2016-07-24 15:41:44,259 - app.origin - INFO - 已写入第四十九章 血流十万里
2016-07-24 15:41:44,394 - app.origin - INFO - 已写入第五十章 重见天日
2016-07-24 15:41:44,533 - app.origin - INFO - 已写入第五十一章 火红的雀儿
2016-07-24 15:41:44,667 - app.origin - INFO - 已写入第五十二章 当自强
2016-07-24 15:41:44,815 - app.origin - INFO - 已写入第五十三章 朱厌
2016-07-24 15:41:44,834 - app.origin - INFO - 已写入第五十四章 搬血
2016-07-24 15:41:44,973 - app.origin - INFO - 已写入第五十五章 身世
2016-07-24 15:41:45,139 - app.origin - INFO - 已写入第五十六章 天生至尊
2016-07-24 15:41:45,281 - app.origin - INFO - 已写入第五十七章 痛
2016-07-24 15:41:45,446 - app.origin - INFO - 已写入第五十八章 石子陵
2016-07-24 15:41:45,682 - app.origin - INFO - 已写入第五十九章 发狂
2016-07-24 15:41:46,020 - app.origin - INFO - 已写入第六十章 谁与争锋
2016-07-24 15:41:46,172 - app.origin - INFO - 已写入第六十一章 重瞳
2016-07-24 15:41:46,335 - app.origin - INFO - 已写入第六十二章 小不点
2016-07-24 15:41:46,698 - app.origin - INFO - 已写入第六十三章 原始真解
2016-07-24 15:41:46,878 - app.origin - INFO - 已写入第六十四章 修行
2016-07-24 15:41:47,008 - app.origin - INFO - 已写入第六十五章 十万极境
2016-07-24 15:41:47,177 - app.origin - INFO - 已写入第六十六章 超凡
2016-07-24 15:41:47,359 - app.origin - INFO - 已写入第六十七章 痴了
2016-07-24 15:41:47,586 - app.origin - INFO - 已写入第六十八章 独角兽
2016-07-24 15:41:48,000 - app.origin - INFO - 已写入第六十九章 大荒血路行
2016-07-24 15:41:48,240 - app.origin - INFO - 已写入第七十章 败家子
2016-07-24 15:41:48,465 - app.origin - INFO - 已写入第七十一章 美女
2016-07-24 15:41:48,823 - app.origin - INFO - 已写入第七十二章 走出大荒
2016-07-24 15:41:49,015 - app.origin - INFO - 已写入第七十三章 另一个自己
2016-07-24 15:41:49,229 - app.origin - INFO - 已写入第七十四章 满足而去
2016-07-24 15:41:49,364 - app.origin - INFO - 已写入第七十五章 胆大包天
2016-07-24 15:41:49,750 - app.origin - INFO - 已写入第七十六章 石国震动
2016-07-24 15:41:49,895 - app.origin - INFO - 已写入第七十七章 回归
2016-07-24 15:41:50,065 - app.origin - INFO - 已写入第七十八章 危机
2016-07-24 15:41:50,229 - app.origin - INFO - 已写入第七十九章 凶寇
2016-07-24 15:41:50,473 - app.origin - INFO - 已写入第八十章 洞天
2016-07-24 15:41:50,689 - app.origin - INFO - 已写入第八十一章 牛刀小试
2016-07-24 15:41:50,827 - app.origin - INFO - 已写入第八十二章 只身闯寇窟
2016-07-24 15:41:51,612 - app.origin - INFO - 已写入第八十三章 生死战
2016-07-24 15:41:51,787 - app.origin - INFO - 已写入第八十四章 斩祭灵
2016-07-24 15:41:51,953 - app.origin - INFO - 已写入第八十五章 收获
2016-07-24 15:41:52,147 - app.origin - INFO - 已写入第八十六章 柳树通天
2016-07-24 15:41:52,366 - app.origin - INFO - 已写入第八十七章 虚神界
2016-07-24 15:41:53,474 - app.origin - INFO - 已写入第八十八章 极品
2016-07-24 15:41:53,615 - app.origin - INFO - 已写入第八十九章 最爱吃兽奶（书已胖）
2016-07-24 15:41:53,781 - app.origin - INFO - 已写入第九十章 抢夺（书胖了）
2016-07-24 15:41:53,958 - app.origin - INFO - 已写入第九十一章 洗劫之最（书已肉乎乎）
2016-07-24 15:41:54,124 - app.origin - INFO - 已写入第九十二章 勒索成功
2016-07-24 15:43:53,637 - app.origin - INFO - 红袖添香未找到包含关键字"完美世界"的小说
2016-07-24 15:45:29,186 - app.origin - INFO - 红袖添香未找到包含关键字"完美世界"的小说
2016-07-24 15:45:50,345 - app.origin - INFO - 红袖添香未找到包含关键字"完美世界"的小说
2016-07-24 15:49:23,066 - app.origin - INFO - 红袖添香未找到包含关键字"完美世界"的小说
2016-07-24 15:51:30,943 - app.origin - INFO - 红袖添香未找到包含关键字"完美世界"的小说
2016-07-24 15:51:46,372 - app.origin - INFO - 红袖添香未找到包含关键字"完美世界"的小说
2016-07-24 15:54:43,480 - app.origin - INFO - 红袖添香未找到包含关键字"完美世界"的小说
2016-07-24 16:05:41,375 - app.origin - INFO - 红袖添香未找到包含关键字"完美世界"的小说
2016-07-24 16:05:45,369 - app.origin - INFO - 已写入新书即将开始了
2016-07-24 16:05:45,387 - app.origin - INFO - 已写入上架了，求订阅，求月票！
2016-07-24 16:05:45,405 - app.origin - INFO - 已写入序章 大荒
2016-07-24 16:05:45,424 - app.origin - INFO - 已写入第一章 朝气蓬勃
2016-07-24 16:05:45,441 - app.origin - INFO - 已写入第二章 骨文
2016-07-24 16:05:45,523 - app.origin - INFO - 已写入第三章 祭灵
2016-07-24 16:05:45,541 - app.origin - INFO - 已写入第四章 药浴
2016-07-24 16:05:45,559 - app.origin - INFO - 已写入第五章 举鼎
2016-07-24 16:05:45,576 - app.origin - INFO - 已写入第六章 准备
2016-07-24 16:05:45,609 - app.origin - INFO - 已写入第七章 梧木巢
2016-07-24 16:05:45,629 - app.origin - INFO - 已写入第八章 青鳞鹰
2016-07-24 16:05:47,186 - app.origin - INFO - 已写入第九章 凶威
2016-07-24 16:05:48,553 - app.origin - INFO - 已写入第十章 祖器
2016-07-24 16:05:48,661 - app.origin - INFO - 已写入第十一章 返祖
2016-07-24 16:05:48,762 - app.origin - INFO - 已写入第十二章 秘骨宝书
2016-07-24 16:05:48,791 - app.origin - INFO - 已写入第十三章 怒
2016-07-24 16:05:48,826 - app.origin - INFO - 已写入第十四章 蛮横
2016-07-24 16:05:48,855 - app.origin - INFO - 已写入第十五章 小不点显威
2016-07-24 16:05:48,879 - app.origin - INFO - 已写入第十六章 服软
2016-07-24 16:05:48,913 - app.origin - INFO - 已写入第十七章 宝术
2016-07-24 16:05:49,083 - app.origin - INFO - 已写入第十八章 山林暴动
2016-07-24 16:05:49,151 - app.origin - INFO - 已写入第十九章 争夺
2016-07-24 16:05:50,186 - app.origin - INFO - 已写入第二十章 惊变
2016-07-24 16:05:50,206 - app.origin - INFO - 已写入第二十一章 狻猊
2016-07-24 16:05:50,225 - app.origin - INFO - 已写入第二十二章 敌
2016-07-24 16:05:50,243 - app.origin - INFO - 已写入第二十三章 斩杀
2016-07-24 16:05:50,261 - app.origin - INFO - 已写入第二十四章 宝具
2016-07-24 16:05:50,282 - app.origin - INFO - 已写入第二十五章 狈村祭灵
2016-07-24 16:05:50,301 - app.origin - INFO - 已写入第二十六章 击败
2016-07-24 16:05:50,318 - app.origin - INFO - 已写入第二十七章 落幕
2016-07-24 16:05:50,393 - app.origin - INFO - 已写入第二十八章 风云动
2016-07-24 16:05:50,413 - app.origin - INFO - 已写入第二十九章 彝伦攸敷
2016-07-24 16:05:50,439 - app.origin - INFO - 已写入第三十章 小孤山镇
2016-07-24 16:05:50,460 - app.origin - INFO - 已写入第三十一章 洗礼
2016-07-24 16:05:50,479 - app.origin - INFO - 已写入第三十二章 蜕变惊人
2016-07-24 16:05:50,496 - app.origin - INFO - 已写入第三十三章 天才
2016-07-24 16:05:50,513 - app.origin - INFO - 已写入第三十四章 恐怖的村子
2016-07-24 16:05:50,541 - app.origin - INFO - 已写入第三十五章 懵了
2016-07-24 16:05:50,557 - app.origin - INFO - 已写入第三十六章 变脸
2016-07-24 16:05:50,577 - app.origin - INFO - 已写入第三十七章 跋扈
2016-07-24 16:05:50,599 - app.origin - INFO - 已写入第三十八章 宝术对决
2016-07-24 16:05:50,614 - app.origin - INFO - 已写入第三十九章 强与弱
2016-07-24 16:05:50,642 - app.origin - INFO - 已写入第四十章 柳神
2016-07-24 16:05:50,693 - app.origin - INFO - 已写入第四十一章 强者
2016-07-24 16:05:50,710 - app.origin - INFO - 已写入第四十二章 大波澜
2016-07-24 16:05:50,727 - app.origin - INFO - 已写入第四十三章 四大强者
2016-07-24 16:05:50,744 - app.origin - INFO - 已写入第四十四章 震撼
2016-07-24 16:05:50,762 - app.origin - INFO - 已写入第四十五章 兆头
2016-07-24 16:05:50,781 - app.origin - INFO - 已写入第四十六章 山脉深处
2016-07-24 16:05:50,801 - app.origin - INFO - 已写入第四十七章 祸起
2016-07-24 16:05:50,819 - app.origin - INFO - 已写入第四十八章 祸乱大地
2016-07-24 16:05:50,838 - app.origin - INFO - 已写入第四十九章 血流十万里
2016-07-24 16:05:50,856 - app.origin - INFO - 已写入第五十章 重见天日
2016-07-24 16:05:50,874 - app.origin - INFO - 已写入第五十一章 火红的雀儿
2016-07-24 16:05:50,890 - app.origin - INFO - 已写入第五十二章 当自强
2016-07-24 16:05:50,911 - app.origin - INFO - 已写入第五十三章 朱厌
2016-07-24 16:05:50,931 - app.origin - INFO - 已写入第五十四章 搬血
2016-07-24 16:05:50,948 - app.origin - INFO - 已写入第五十五章 身世
2016-07-24 16:05:50,965 - app.origin - INFO - 已写入第五十六章 天生至尊
2016-07-24 16:05:50,981 - app.origin - INFO - 已写入第五十七章 痛
2016-07-24 16:05:51,000 - app.origin - INFO - 已写入第五十八章 石子陵
2016-07-24 16:05:51,018 - app.origin - INFO - 已写入第五十九章 发狂
2016-07-24 16:05:51,036 - app.origin - INFO - 已写入第六十章 谁与争锋
2016-07-24 16:05:51,057 - app.origin - INFO - 已写入第六十一章 重瞳
2016-07-24 16:05:51,074 - app.origin - INFO - 已写入第六十二章 小不点
2016-07-24 16:05:51,094 - app.origin - INFO - 已写入第六十三章 原始真解
2016-07-24 16:05:51,111 - app.origin - INFO - 已写入第六十四章 修行
2016-07-24 16:05:51,126 - app.origin - INFO - 已写入第六十五章 十万极境
2016-07-24 16:05:51,146 - app.origin - INFO - 已写入第六十六章 超凡
2016-07-24 16:05:51,166 - app.origin - INFO - 已写入第六十七章 痴了
2016-07-24 16:05:51,182 - app.origin - INFO - 已写入第六十八章 独角兽
2016-07-24 16:05:51,203 - app.origin - INFO - 已写入第六十九章 大荒血路行
2016-07-24 16:05:51,220 - app.origin - INFO - 已写入第七十章 败家子
2016-07-24 16:05:51,238 - app.origin - INFO - 已写入第七十一章 美女
2016-07-24 16:05:51,260 - app.origin - INFO - 已写入第七十二章 走出大荒
2016-07-24 16:05:51,276 - app.origin - INFO - 已写入第七十三章 另一个自己
2016-07-24 16:05:51,300 - app.origin - INFO - 已写入第七十四章 满足而去
2016-07-24 16:05:51,321 - app.origin - INFO - 已写入第七十五章 胆大包天
2016-07-24 16:05:51,340 - app.origin - INFO - 已写入第七十六章 石国震动
2016-07-24 16:05:51,358 - app.origin - INFO - 已写入第七十七章 回归
2016-07-24 16:05:51,378 - app.origin - INFO - 已写入第七十八章 危机
2016-07-24 16:05:51,397 - app.origin - INFO - 已写入第七十九章 凶寇
2016-07-24 16:05:51,414 - app.origin - INFO - 已写入第八十章 洞天
2016-07-24 16:05:51,432 - app.origin - INFO - 已写入第八十一章 牛刀小试
2016-07-24 16:05:51,448 - app.origin - INFO - 已写入第八十二章 只身闯寇窟
2016-07-24 16:05:51,466 - app.origin - INFO - 已写入第八十三章 生死战
2016-07-24 16:05:51,486 - app.origin - INFO - 已写入第八十四章 斩祭灵
2016-07-24 16:05:51,504 - app.origin - INFO - 已写入第八十五章 收获
2016-07-24 16:05:51,525 - app.origin - INFO - 已写入第八十六章 柳树通天
2016-07-24 16:05:51,544 - app.origin - INFO - 已写入第八十七章 虚神界
2016-07-24 16:05:51,562 - app.origin - INFO - 已写入第八十八章 极品
2016-07-24 16:05:51,579 - app.origin - INFO - 已写入第八十九章 最爱吃兽奶（书已胖）
2016-07-24 16:05:51,602 - app.origin - INFO - 已写入第九十章 抢夺（书胖了）
2016-07-24 16:05:51,618 - app.origin - INFO - 已写入第九十一章 洗劫之最（书已肉乎乎）
2016-07-24 16:05:51,640 - app.origin - INFO - 已写入第九十二章 勒索成功
2016-07-24 16:06:30,015 - app.origin - INFO - 已写入新书即将开始了
2016-07-24 16:06:30,279 - app.origin - INFO - 已写入上架了，求订阅，求月票！
2016-07-24 16:06:30,537 - app.origin - INFO - 已写入序章 大荒
2016-07-24 16:06:30,557 - app.origin - INFO - 已写入第一章 朝气蓬勃
2016-07-24 16:06:30,573 - app.origin - INFO - 已写入第二章 骨文
2016-07-24 16:06:30,589 - app.origin - INFO - 已写入第三章 祭灵
2016-07-24 16:06:30,607 - app.origin - INFO - 已写入第四章 药浴
2016-07-24 16:06:30,631 - app.origin - INFO - 已写入第五章 举鼎
2016-07-24 16:06:30,651 - app.origin - INFO - 已写入第六章 准备
2016-07-24 16:06:32,115 - app.origin - INFO - 已写入第七章 梧木巢
2016-07-24 16:06:32,131 - app.origin - INFO - 已写入第八章 青鳞鹰
2016-07-24 16:06:32,187 - app.origin - INFO - 已写入第九章 凶威
2016-07-24 16:06:32,310 - app.origin - INFO - 已写入第十章 祖器
2016-07-24 16:06:32,329 - app.origin - INFO - 已写入第十一章 返祖
2016-07-24 16:06:32,347 - app.origin - INFO - 已写入第十二章 秘骨宝书
2016-07-24 16:06:32,368 - app.origin - INFO - 已写入第十三章 怒
2016-07-24 16:06:32,415 - app.origin - INFO - 已写入第十四章 蛮横
2016-07-24 16:06:32,567 - app.origin - INFO - 已写入第十五章 小不点显威
2016-07-24 16:06:32,592 - app.origin - INFO - 已写入第十六章 服软
2016-07-24 16:06:32,609 - app.origin - INFO - 已写入第十七章 宝术
2016-07-24 16:06:32,626 - app.origin - INFO - 已写入第十八章 山林暴动
2016-07-24 16:06:32,647 - app.origin - INFO - 已写入第十九章 争夺
2016-07-24 16:06:32,666 - app.origin - INFO - 已写入第二十章 惊变
2016-07-24 16:06:32,840 - app.origin - INFO - 已写入第二十一章 狻猊
2016-07-24 16:06:32,872 - app.origin - INFO - 已写入第二十二章 敌
2016-07-24 16:06:32,890 - app.origin - INFO - 已写入第二十三章 斩杀
2016-07-24 16:06:32,910 - app.origin - INFO - 已写入第二十四章 宝具
2016-07-24 16:06:32,934 - app.origin - INFO - 已写入第二十五章 狈村祭灵
2016-07-24 16:06:32,951 - app.origin - INFO - 已写入第二十六章 击败
2016-07-24 16:06:32,972 - app.origin - INFO - 已写入第二十七章 落幕
2016-07-24 16:06:32,993 - app.origin - INFO - 已写入第二十八章 风云动
2016-07-24 16:06:33,018 - app.origin - INFO - 已写入第二十九章 彝伦攸敷
2016-07-24 16:06:33,116 - app.origin - INFO - 已写入第三十章 小孤山镇
2016-07-24 16:06:33,141 - app.origin - INFO - 已写入第三十一章 洗礼
2016-07-24 16:06:33,158 - app.origin - INFO - 已写入第三十二章 蜕变惊人
2016-07-24 16:06:33,179 - app.origin - INFO - 已写入第三十三章 天才
2016-07-24 16:06:33,199 - app.origin - INFO - 已写入第三十四章 恐怖的村子
2016-07-24 16:06:33,216 - app.origin - INFO - 已写入第三十五章 懵了
2016-07-24 16:06:33,234 - app.origin - INFO - 已写入第三十六章 变脸
2016-07-24 16:06:33,333 - app.origin - INFO - 已写入第三十七章 跋扈
2016-07-24 16:06:33,354 - app.origin - INFO - 已写入第三十八章 宝术对决
2016-07-24 16:06:33,383 - app.origin - INFO - 已写入第三十九章 强与弱
2016-07-24 16:06:33,405 - app.origin - INFO - 已写入第四十章 柳神
2016-07-24 16:06:33,431 - app.origin - INFO - 已写入第四十一章 强者
2016-07-24 16:06:33,450 - app.origin - INFO - 已写入第四十二章 大波澜
2016-07-24 16:06:33,482 - app.origin - INFO - 已写入第四十三章 四大强者
2016-07-24 16:06:33,506 - app.origin - INFO - 已写入第四十四章 震撼
2016-07-24 16:06:33,637 - app.origin - INFO - 已写入第四十五章 兆头
2016-07-24 16:06:33,682 - app.origin - INFO - 已写入第四十六章 山脉深处
2016-07-24 16:06:33,726 - app.origin - INFO - 已写入第四十七章 祸起
2016-07-24 16:06:33,750 - app.origin - INFO - 已写入第四十八章 祸乱大地
2016-07-24 16:06:33,771 - app.origin - INFO - 已写入第四十九章 血流十万里
2016-07-24 16:06:33,790 - app.origin - INFO - 已写入第五十章 重见天日
2016-07-24 16:06:33,810 - app.origin - INFO - 已写入第五十一章 火红的雀儿
2016-07-24 16:06:33,828 - app.origin - INFO - 已写入第五十二章 当自强
2016-07-24 16:06:33,846 - app.origin - INFO - 已写入第五十三章 朱厌
2016-07-24 16:06:33,866 - app.origin - INFO - 已写入第五十四章 搬血
2016-07-24 16:06:33,884 - app.origin - INFO - 已写入第五十五章 身世
2016-07-24 16:06:33,960 - app.origin - INFO - 已写入第五十六章 天生至尊
2016-07-24 16:06:33,978 - app.origin - INFO - 已写入第五十七章 痛
2016-07-24 16:06:33,998 - app.origin - INFO - 已写入第五十八章 石子陵
2016-07-24 16:06:34,015 - app.origin - INFO - 已写入第五十九章 发狂
2016-07-24 16:06:34,033 - app.origin - INFO - 已写入第六十章 谁与争锋
2016-07-24 16:06:34,310 - app.origin - INFO - 已写入第六十一章 重瞳
2016-07-24 16:06:34,351 - app.origin - INFO - 已写入第六十二章 小不点
2016-07-24 16:06:34,380 - app.origin - INFO - 已写入第六十三章 原始真解
2016-07-24 16:06:34,404 - app.origin - INFO - 已写入第六十四章 修行
2016-07-24 16:06:34,426 - app.origin - INFO - 已写入第六十五章 十万极境
2016-07-24 16:06:34,444 - app.origin - INFO - 已写入第六十六章 超凡
2016-07-24 16:06:34,462 - app.origin - INFO - 已写入第六十七章 痴了
2016-07-24 16:06:34,483 - app.origin - INFO - 已写入第六十八章 独角兽
2016-07-24 16:06:34,502 - app.origin - INFO - 已写入第六十九章 大荒血路行
2016-07-24 16:06:34,525 - app.origin - INFO - 已写入第七十章 败家子
2016-07-24 16:06:34,542 - app.origin - INFO - 已写入第七十一章 美女
2016-07-24 16:06:34,665 - app.origin - INFO - 已写入第七十二章 走出大荒
2016-07-24 16:06:34,688 - app.origin - INFO - 已写入第七十三章 另一个自己
2016-07-24 16:06:34,705 - app.origin - INFO - 已写入第七十四章 满足而去
2016-07-24 16:06:34,725 - app.origin - INFO - 已写入第七十五章 胆大包天
2016-07-24 16:06:34,745 - app.origin - INFO - 已写入第七十六章 石国震动
2016-07-24 16:06:34,762 - app.origin - INFO - 已写入第七十七章 回归
2016-07-24 16:06:34,903 - app.origin - INFO - 已写入第七十八章 危机
2016-07-24 16:06:34,935 - app.origin - INFO - 已写入第七十九章 凶寇
2016-07-24 16:06:34,958 - app.origin - INFO - 已写入第八十章 洞天
2016-07-24 16:06:35,060 - app.origin - INFO - 已写入第八十一章 牛刀小试
2016-07-24 16:06:35,304 - app.origin - INFO - 已写入第八十二章 只身闯寇窟
2016-07-24 16:06:35,324 - app.origin - INFO - 已写入第八十三章 生死战
2016-07-24 16:06:35,355 - app.origin - INFO - 已写入第八十四章 斩祭灵
2016-07-24 16:06:35,376 - app.origin - INFO - 已写入第八十五章 收获
2016-07-24 16:06:35,396 - app.origin - INFO - 已写入第八十六章 柳树通天
2016-07-24 16:06:35,412 - app.origin - INFO - 已写入第八十七章 虚神界
2016-07-24 16:06:35,429 - app.origin - INFO - 已写入第八十八章 极品
2016-07-24 16:06:35,446 - app.origin - INFO - 已写入第八十九章 最爱吃兽奶（书已胖）
2016-07-24 16:06:35,469 - app.origin - INFO - 已写入第九十章 抢夺（书胖了）
2016-07-24 16:06:35,485 - app.origin - INFO - 已写入第九十一章 洗劫之最（书已肉乎乎）
2016-07-24 16:06:35,511 - app.origin - INFO - 已写入第九十二章 勒索成功
2016-07-24 16:06:50,668 - app.origin - INFO - 已写入新书即将开始了
2016-07-24 16:06:50,685 - app.origin - INFO - 已写入上架了，求订阅，求月票！
2016-07-24 16:06:50,699 - app.origin - INFO - 已写入序章 大荒
2016-07-24 16:06:50,724 - app.origin - INFO - 已写入第一章 朝气蓬勃
2016-07-24 16:06:50,744 - app.origin - INFO - 已写入第二章 骨文
2016-07-24 16:06:51,199 - app.origin - INFO - 已写入第三章 祭灵
2016-07-24 16:06:51,221 - app.origin - INFO - 已写入第四章 药浴
2016-07-24 16:06:51,236 - app.origin - INFO - 已写入第五章 举鼎
2016-07-24 16:06:51,255 - app.origin - INFO - 已写入第六章 准备
2016-07-24 16:06:51,269 - app.origin - INFO - 已写入第七章 梧木巢
2016-07-24 16:06:51,284 - app.origin - INFO - 已写入第八章 青鳞鹰
2016-07-24 16:06:51,301 - app.origin - INFO - 已写入第九章 凶威
2016-07-24 16:06:51,322 - app.origin - INFO - 已写入第十章 祖器
2016-07-24 16:06:51,336 - app.origin - INFO - 已写入第十一章 返祖
2016-07-24 16:06:51,350 - app.origin - INFO - 已写入第十二章 秘骨宝书
2016-07-24 16:06:51,366 - app.origin - INFO - 已写入第十三章 怒
2016-07-24 16:06:51,379 - app.origin - INFO - 已写入第十四章 蛮横
2016-07-24 16:06:51,404 - app.origin - INFO - 已写入第十五章 小不点显威
2016-07-24 16:06:51,420 - app.origin - INFO - 已写入第十六章 服软
2016-07-24 16:06:51,437 - app.origin - INFO - 已写入第十七章 宝术
2016-07-24 16:06:51,453 - app.origin - INFO - 已写入第十八章 山林暴动
2016-07-24 16:06:52,600 - app.origin - INFO - 已写入第十九章 争夺
2016-07-24 16:06:52,620 - app.origin - INFO - 已写入第二十章 惊变
2016-07-24 16:06:53,845 - app.origin - INFO - 已写入第二十一章 狻猊
2016-07-24 16:06:53,867 - app.origin - INFO - 已写入第二十二章 敌
2016-07-24 16:06:53,883 - app.origin - INFO - 已写入第二十三章 斩杀
2016-07-24 16:06:53,898 - app.origin - INFO - 已写入第二十四章 宝具
2016-07-24 16:06:53,917 - app.origin - INFO - 已写入第二十五章 狈村祭灵
2016-07-24 16:06:53,933 - app.origin - INFO - 已写入第二十六章 击败
2016-07-24 16:06:53,947 - app.origin - INFO - 已写入第二十七章 落幕
2016-07-24 16:06:53,963 - app.origin - INFO - 已写入第二十八章 风云动
2016-07-24 16:06:53,978 - app.origin - INFO - 已写入第二十九章 彝伦攸敷
2016-07-24 16:06:53,994 - app.origin - INFO - 已写入第三十章 小孤山镇
2016-07-24 16:06:54,012 - app.origin - INFO - 已写入第三十一章 洗礼
2016-07-24 16:06:54,025 - app.origin - INFO - 已写入第三十二章 蜕变惊人
2016-07-24 16:06:54,041 - app.origin - INFO - 已写入第三十三章 天才
2016-07-24 16:06:54,054 - app.origin - INFO - 已写入第三十四章 恐怖的村子
2016-07-24 16:06:54,070 - app.origin - INFO - 已写入第三十五章 懵了
2016-07-24 16:06:54,086 - app.origin - INFO - 已写入第三十六章 变脸
2016-07-24 16:06:54,102 - app.origin - INFO - 已写入第三十七章 跋扈
2016-07-24 16:06:54,127 - app.origin - INFO - 已写入第三十八章 宝术对决
2016-07-24 16:06:54,146 - app.origin - INFO - 已写入第三十九章 强与弱
2016-07-24 16:06:54,162 - app.origin - INFO - 已写入第四十章 柳神
2016-07-24 16:06:54,189 - app.origin - INFO - 已写入第四十一章 强者
2016-07-24 16:06:54,206 - app.origin - INFO - 已写入第四十二章 大波澜
2016-07-24 16:06:54,220 - app.origin - INFO - 已写入第四十三章 四大强者
2016-07-24 16:06:54,238 - app.origin - INFO - 已写入第四十四章 震撼
2016-07-24 16:06:54,254 - app.origin - INFO - 已写入第四十五章 兆头
2016-07-24 16:06:54,291 - app.origin - INFO - 已写入第四十六章 山脉深处
2016-07-24 16:06:55,731 - app.origin - INFO - 已写入第四十七章 祸起
2016-07-24 16:06:55,753 - app.origin - INFO - 已写入第四十八章 祸乱大地
2016-07-24 16:06:55,771 - app.origin - INFO - 已写入第四十九章 血流十万里
2016-07-24 16:06:55,786 - app.origin - INFO - 已写入第五十章 重见天日
2016-07-24 16:06:55,800 - app.origin - INFO - 已写入第五十一章 火红的雀儿
2016-07-24 16:06:55,818 - app.origin - INFO - 已写入第五十二章 当自强
2016-07-24 16:06:55,833 - app.origin - INFO - 已写入第五十三章 朱厌
2016-07-24 16:06:55,848 - app.origin - INFO - 已写入第五十四章 搬血
2016-07-24 16:06:55,865 - app.origin - INFO - 已写入第五十五章 身世
2016-07-24 16:06:55,881 - app.origin - INFO - 已写入第五十六章 天生至尊
2016-07-24 16:06:55,896 - app.origin - INFO - 已写入第五十七章 痛
2016-07-24 16:06:55,912 - app.origin - INFO - 已写入第五十八章 石子陵
2016-07-24 16:06:55,925 - app.origin - INFO - 已写入第五十九章 发狂
2016-07-24 16:06:55,943 - app.origin - INFO - 已写入第六十章 谁与争锋
2016-07-24 16:06:55,957 - app.origin - INFO - 已写入第六十一章 重瞳
2016-07-24 16:06:55,975 - app.origin - INFO - 已写入第六十二章 小不点
2016-07-24 16:06:56,000 - app.origin - INFO - 已写入第六十三章 原始真解
2016-07-24 16:06:56,015 - app.origin - INFO - 已写入第六十四章 修行
2016-07-24 16:06:56,036 - app.origin - INFO - 已写入第六十五章 十万极境
2016-07-24 16:06:56,050 - app.origin - INFO - 已写入第六十六章 超凡
2016-07-24 16:06:56,068 - app.origin - INFO - 已写入第六十七章 痴了
2016-07-24 16:06:56,086 - app.origin - INFO - 已写入第六十八章 独角兽
2016-07-24 16:06:56,102 - app.origin - INFO - 已写入第六十九章 大荒血路行
2016-07-24 16:06:56,118 - app.origin - INFO - 已写入第七十章 败家子
2016-07-24 16:06:56,137 - app.origin - INFO - 已写入第七十一章 美女
2016-07-24 16:06:56,156 - app.origin - INFO - 已写入第七十二章 走出大荒
2016-07-24 16:06:56,170 - app.origin - INFO - 已写入第七十三章 另一个自己
2016-07-24 16:06:56,185 - app.origin - INFO - 已写入第七十四章 满足而去
2016-07-24 16:06:56,202 - app.origin - INFO - 已写入第七十五章 胆大包天
2016-07-24 16:06:56,220 - app.origin - INFO - 已写入第七十六章 石国震动
2016-07-24 16:06:56,234 - app.origin - INFO - 已写入第七十七章 回归
2016-07-24 16:06:56,249 - app.origin - INFO - 已写入第七十八章 危机
2016-07-24 16:06:56,264 - app.origin - INFO - 已写入第七十九章 凶寇
2016-07-24 16:06:56,280 - app.origin - INFO - 已写入第八十章 洞天
2016-07-24 16:06:56,294 - app.origin - INFO - 已写入第八十一章 牛刀小试
2016-07-24 16:06:56,308 - app.origin - INFO - 已写入第八十二章 只身闯寇窟
2016-07-24 16:06:56,323 - app.origin - INFO - 已写入第八十三章 生死战
2016-07-24 16:06:56,344 - app.origin - INFO - 已写入第八十四章 斩祭灵
2016-07-24 16:06:56,359 - app.origin - INFO - 已写入第八十五章 收获
2016-07-24 16:06:56,377 - app.origin - INFO - 已写入第八十六章 柳树通天
2016-07-24 16:06:56,392 - app.origin - INFO - 已写入第八十七章 虚神界
2016-07-24 16:06:56,407 - app.origin - INFO - 已写入第八十八章 极品
2016-07-24 16:06:56,424 - app.origin - INFO - 已写入第八十九章 最爱吃兽奶（书已胖）
2016-07-24 16:06:56,445 - app.origin - INFO - 已写入第九十章 抢夺（书胖了）
2016-07-24 16:06:56,468 - app.origin - INFO - 已写入第九十一章 洗劫之最（书已肉乎乎）
2016-07-24 16:06:56,486 - app.origin - INFO - 已写入第九十二章 勒索成功
2016-07-24 16:07:42,354 - app.origin - INFO - 已写入新书即将开始了
2016-07-24 16:07:42,372 - app.origin - INFO - 已写入上架了，求订阅，求月票！
2016-07-24 16:07:42,385 - app.origin - INFO - 已写入序章 大荒
2016-07-24 16:07:42,398 - app.origin - INFO - 已写入第一章 朝气蓬勃
2016-07-24 16:07:42,414 - app.origin - INFO - 已写入第二章 骨文
2016-07-24 16:07:42,428 - app.origin - INFO - 已写入第三章 祭灵
2016-07-24 16:07:42,441 - app.origin - INFO - 已写入第四章 药浴
2016-07-24 16:07:42,455 - app.origin - INFO - 已写入第五章 举鼎
2016-07-24 16:07:42,470 - app.origin - INFO - 已写入第六章 准备
2016-07-24 16:07:42,485 - app.origin - INFO - 已写入第七章 梧木巢
2016-07-24 16:07:42,500 - app.origin - INFO - 已写入第八章 青鳞鹰
2016-07-24 16:07:42,517 - app.origin - INFO - 已写入第九章 凶威
2016-07-24 16:07:42,536 - app.origin - INFO - 已写入第十章 祖器
2016-07-24 16:07:42,550 - app.origin - INFO - 已写入第十一章 返祖
2016-07-24 16:07:42,563 - app.origin - INFO - 已写入第十二章 秘骨宝书
2016-07-24 16:07:42,576 - app.origin - INFO - 已写入第十三章 怒
2016-07-24 16:07:42,592 - app.origin - INFO - 已写入第十四章 蛮横
2016-07-24 16:07:42,605 - app.origin - INFO - 已写入第十五章 小不点显威
2016-07-24 16:07:42,619 - app.origin - INFO - 已写入第十六章 服软
2016-07-24 16:07:42,635 - app.origin - INFO - 已写入第十七章 宝术
2016-07-24 16:07:42,652 - app.origin - INFO - 已写入第十八章 山林暴动
2016-07-24 16:07:42,668 - app.origin - INFO - 已写入第十九章 争夺
2016-07-24 16:07:42,682 - app.origin - INFO - 已写入第二十章 惊变
2016-07-24 16:07:42,695 - app.origin - INFO - 已写入第二十一章 狻猊
2016-07-24 16:07:42,708 - app.origin - INFO - 已写入第二十二章 敌
2016-07-24 16:07:42,723 - app.origin - INFO - 已写入第二十三章 斩杀
2016-07-24 16:07:42,738 - app.origin - INFO - 已写入第二十四章 宝具
2016-07-24 16:07:42,753 - app.origin - INFO - 已写入第二十五章 狈村祭灵
2016-07-24 16:07:43,973 - app.origin - INFO - 已写入第二十六章 击败
2016-07-24 16:07:43,992 - app.origin - INFO - 已写入第二十七章 落幕
2016-07-24 16:07:44,013 - app.origin - INFO - 已写入第二十八章 风云动
2016-07-24 16:07:44,027 - app.origin - INFO - 已写入第二十九章 彝伦攸敷
2016-07-24 16:07:44,040 - app.origin - INFO - 已写入第三十章 小孤山镇
2016-07-24 16:07:44,057 - app.origin - INFO - 已写入第三十一章 洗礼
2016-07-24 16:07:44,072 - app.origin - INFO - 已写入第三十二章 蜕变惊人
2016-07-24 16:07:44,085 - app.origin - INFO - 已写入第三十三章 天才
2016-07-24 16:07:44,098 - app.origin - INFO - 已写入第三十四章 恐怖的村子
2016-07-24 16:07:44,114 - app.origin - INFO - 已写入第三十五章 懵了
2016-07-24 16:07:44,132 - app.origin - INFO - 已写入第三十六章 变脸
2016-07-24 16:07:44,147 - app.origin - INFO - 已写入第三十七章 跋扈
2016-07-24 16:07:44,166 - app.origin - INFO - 已写入第三十八章 宝术对决
2016-07-24 16:07:44,179 - app.origin - INFO - 已写入第三十九章 强与弱
2016-07-24 16:07:44,195 - app.origin - INFO - 已写入第四十章 柳神
2016-07-24 16:07:44,208 - app.origin - INFO - 已写入第四十一章 强者
2016-07-24 16:07:44,224 - app.origin - INFO - 已写入第四十二章 大波澜
2016-07-24 16:07:44,242 - app.origin - INFO - 已写入第四十三章 四大强者
2016-07-24 16:07:44,256 - app.origin - INFO - 已写入第四十四章 震撼
2016-07-24 16:07:44,272 - app.origin - INFO - 已写入第四十五章 兆头
2016-07-24 16:07:44,285 - app.origin - INFO - 已写入第四十六章 山脉深处
2016-07-24 16:07:44,317 - app.origin - INFO - 已写入第四十七章 祸起
2016-07-24 16:07:44,331 - app.origin - INFO - 已写入第四十八章 祸乱大地
2016-07-24 16:07:44,346 - app.origin - INFO - 已写入第四十九章 血流十万里
2016-07-24 16:07:44,360 - app.origin - INFO - 已写入第五十章 重见天日
2016-07-24 16:07:44,376 - app.origin - INFO - 已写入第五十一章 火红的雀儿
2016-07-24 16:07:44,390 - app.origin - INFO - 已写入第五十二章 当自强
2016-07-24 16:07:44,404 - app.origin - INFO - 已写入第五十三章 朱厌
2016-07-24 16:07:44,419 - app.origin - INFO - 已写入第五十四章 搬血
2016-07-24 16:07:44,433 - app.origin - INFO - 已写入第五十五章 身世
2016-07-24 16:07:44,515 - app.origin - INFO - 已写入第五十六章 天生至尊
2016-07-24 16:07:44,593 - app.origin - INFO - 已写入第五十七章 痛
2016-07-24 16:07:44,607 - app.origin - INFO - 已写入第五十八章 石子陵
2016-07-24 16:07:44,627 - app.origin - INFO - 已写入第五十九章 发狂
2016-07-24 16:07:44,871 - app.origin - INFO - 已写入第六十章 谁与争锋
2016-07-24 16:07:44,889 - app.origin - INFO - 已写入第六十一章 重瞳
2016-07-24 16:07:44,910 - app.origin - INFO - 已写入第六十二章 小不点
2016-07-24 16:07:44,923 - app.origin - INFO - 已写入第六十三章 原始真解
2016-07-24 16:07:44,936 - app.origin - INFO - 已写入第六十四章 修行
2016-07-24 16:07:44,950 - app.origin - INFO - 已写入第六十五章 十万极境
2016-07-24 16:07:44,964 - app.origin - INFO - 已写入第六十六章 超凡
2016-07-24 16:07:44,979 - app.origin - INFO - 已写入第六十七章 痴了
2016-07-24 16:07:44,993 - app.origin - INFO - 已写入第六十八章 独角兽
2016-07-24 16:07:45,008 - app.origin - INFO - 已写入第六十九章 大荒血路行
2016-07-24 16:07:45,023 - app.origin - INFO - 已写入第七十章 败家子
2016-07-24 16:07:45,038 - app.origin - INFO - 已写入第七十一章 美女
2016-07-24 16:07:45,083 - app.origin - INFO - 已写入第七十二章 走出大荒
2016-07-24 16:07:45,097 - app.origin - INFO - 已写入第七十三章 另一个自己
2016-07-24 16:07:45,112 - app.origin - INFO - 已写入第七十四章 满足而去
2016-07-24 16:07:45,129 - app.origin - INFO - 已写入第七十五章 胆大包天
2016-07-24 16:07:45,147 - app.origin - INFO - 已写入第七十六章 石国震动
2016-07-24 16:07:45,163 - app.origin - INFO - 已写入第七十七章 回归
2016-07-24 16:07:45,179 - app.origin - INFO - 已写入第七十八章 危机
2016-07-24 16:07:46,222 - app.origin - INFO - 已写入第七十九章 凶寇
2016-07-24 16:07:46,236 - app.origin - INFO - 已写入第八十章 洞天
2016-07-24 16:07:46,255 - app.origin - INFO - 已写入第八十一章 牛刀小试
2016-07-24 16:07:46,270 - app.origin - INFO - 已写入第八十二章 只身闯寇窟
2016-07-24 16:07:46,286 - app.origin - INFO - 已写入第八十三章 生死战
2016-07-24 16:07:46,303 - app.origin - INFO - 已写入第八十四章 斩祭灵
2016-07-24 16:07:46,316 - app.origin - INFO - 已写入第八十五章 收获
2016-07-24 16:07:46,332 - app.origin - INFO - 已写入第八十六章 柳树通天
2016-07-24 16:07:46,346 - app.origin - INFO - 已写入第八十七章 虚神界
2016-07-24 16:07:46,364 - app.origin - INFO - 已写入第八十八章 极品
2016-07-24 16:07:46,379 - app.origin - INFO - 已写入第八十九章 最爱吃兽奶（书已胖）
2016-07-24 16:07:46,393 - app.origin - INFO - 已写入第九十章 抢夺（书胖了）
2016-07-24 16:07:46,408 - app.origin - INFO - 已写入第九十一章 洗劫之最（书已肉乎乎）
2016-07-24 16:07:46,427 - app.origin - INFO - 已写入第九十二章 勒索成功
2016-07-24 16:11:12,815 - app.origin - INFO - 已写入第一章 圣水观
2016-07-24 16:11:13,965 - app.origin - INFO - 已写入第二章 叶梓涵
2016-07-24 16:11:14,239 - app.origin - INFO - 已写入第三章 修炼
2016-07-24 16:11:14,367 - app.origin - INFO - 已写入第四章 工作
2016-07-24 16:11:14,517 - app.origin - INFO - 已写入第五章 剑
2016-07-24 16:11:15,948 - app.origin - INFO - 已写入第六章 张放
2016-07-24 16:11:16,092 - app.origin - INFO - 已写入第七章 白月
2016-07-24 16:11:16,216 - app.origin - INFO - 已写入第八章 吃醋？
2016-07-24 16:11:16,325 - app.origin - INFO - 已写入第九章 诗意居
2016-07-24 16:11:16,428 - app.origin - INFO - 已写入第十章 修真世界
2016-07-24 16:11:16,540 - app.origin - INFO - 已写入第十一章 往事
2016-07-24 16:11:16,834 - app.origin - INFO - 已写入第十二章 新人与书
2016-07-24 16:11:16,999 - app.origin - INFO - 已写入第十三章 拜访
2016-07-24 16:11:17,093 - app.origin - INFO - 已写入第十四章 联盟
2016-07-24 19:22:59,234 - app.origin - INFO - 已写入新的世界新的开始
2016-07-24 19:22:59,518 - app.origin - INFO - 已写入周一求点击求推荐（两章已更）
2016-07-24 19:22:59,785 - app.origin - INFO - 已写入又是周一，拜求点击推荐（章节已更）
2016-07-24 19:23:00,272 - app.origin - INFO - 已写入新的一周，求点击推荐和收藏（章节已更
2016-07-24 19:23:00,594 - app.origin - INFO - 已写入祝大家中秋快乐，顺便求点击和推荐（已更）
2016-07-24 19:23:00,839 - app.origin - INFO - 已写入推荐本书，顺便求点击推荐（章节已更）
2016-07-24 19:23:01,408 - app.origin - INFO - 已写入又是周一，求点击推荐（章节已更）
2016-07-24 19:23:01,692 - app.origin - INFO - 已写入推荐两本书（章节已更）
2016-07-24 19:23:04,945 - app.origin - INFO - 已写入更新的那张抽了。
2016-07-24 19:23:05,204 - app.origin - INFO - 已写入三江感言
2016-07-24 19:23:05,891 - app.origin - INFO - 已写入推荐两本好看的仙侠和玄幻小说（章节已更）
2016-07-24 19:23:06,141 - app.origin - INFO - 已写入新卷开始，请假一天梳理
2016-07-24 19:23:06,712 - app.origin - INFO - 已获取"一见倾心，抢来的老婆有点甜"书籍信息
2016-07-24 19:23:06,824 - app.origin - INFO - 已写入强推感言（章节已更）
2016-07-24 19:23:07,081 - app.origin - INFO - 已写入上架感言（保底两章已更）
2016-07-24 19:23:07,329 - app.origin - INFO - 已写入推荐一本《乱豪门》
2016-07-24 19:23:07,690 - app.origin - INFO - 已写入封推感言（求月票）
2016-07-24 19:23:07,978 - app.origin - INFO - 已写入推荐好友新书《祷师》
2016-07-24 19:23:08,366 - app.origin - INFO - 已写入第一章 机心
2016-07-24 19:23:08,744 - app.origin - INFO - 已写入第二章 空门
2016-07-24 19:23:09,123 - app.origin - INFO - 已写入第三章 举头望明月
2016-07-24 19:23:09,481 - app.origin - INFO - 已写入第四章 百日筑基
2016-07-24 19:23:09,971 - app.origin - INFO - 已写入第五章 小玉佛
2016-07-24 19:23:10,364 - app.origin - INFO - 已写入第六章 罗汉拳
2016-07-24 19:23:11,720 - app.origin - INFO - 已写入第七章 天之骄子
2016-07-24 19:23:12,076 - app.origin - INFO - 已写入第八章 奇诡的再聚
2016-07-24 19:23:12,668 - app.origin - INFO - 已写入第九章 隐皇堡
2016-07-24 19:23:12,894 - app.origin - INFO - 已写入第十章 第一个
2016-07-24 19:23:13,070 - app.origin - INFO - 已写入第十一章 刀
2016-07-24 19:23:13,239 - app.origin - INFO - 已写入第十二章 第一战
2016-07-24 19:23:13,391 - app.origin - INFO - 已写入第十三章 援手
2016-07-24 19:23:13,598 - app.origin - INFO - 已写入第十四章 自杀
2016-07-24 19:23:13,750 - app.origin - INFO - 已写入第十五章 堡主
2016-07-24 19:23:13,913 - app.origin - INFO - 已写入第十六章 孟奇的“理想”
2016-07-24 19:23:14,083 - app.origin - INFO - 已写入第十七章 兑换
2016-07-24 19:23:14,238 - app.origin - INFO - 已写入第十八章 回归
2016-07-24 19:23:14,407 - app.origin - INFO - 已写入第十九章 勇气
2016-07-24 19:23:14,570 - app.origin - INFO - 已写入第二十章 秘闻
2016-07-24 19:23:14,745 - app.origin - INFO - 已写入第二十一章 祸福相依
2016-07-24 19:23:14,937 - app.origin - INFO - 已写入第二十二章 反应
2016-07-24 19:23:15,126 - app.origin - INFO - 已写入第二十三章 “善心”
2016-07-24 19:23:15,276 - app.origin - INFO - 已写入第二十四章 对练
2016-07-24 19:23:15,447 - app.origin - INFO - 已写入第二十五章 演武殿一霸（求点击求推荐）
2016-07-24 19:23:15,600 - app.origin - INFO - 已写入第二十六章 恶人小孟（求点击求推荐）
2016-07-24 19:23:15,822 - app.origin - INFO - 已写入第二十七章 奖励与“处罚”
2016-07-24 19:23:15,990 - app.origin - INFO - 已写入第二十八章 新的任务（求点击求推荐）
2016-07-24 19:23:16,170 - app.origin - INFO - 已写入第二十九章 围杀
2016-07-24 19:23:16,368 - app.origin - INFO - 已写入第三十章 “化缘”
2016-07-24 19:23:16,555 - app.origin - INFO - 已写入第三十一章 血战
2016-07-24 19:23:16,757 - app.origin - INFO - 已写入第三十二章 重逢
2016-07-24 19:23:16,958 - app.origin - INFO - 已写入第三十三章 心寂大师
2016-07-24 19:23:17,159 - app.origin - INFO - 已写入第三十四章 支线
2016-07-24 19:23:17,371 - app.origin - INFO - 已写入第三十五章 风声雨声
2016-07-24 19:23:17,571 - app.origin - INFO - 已写入第三十六章 朵儿察
2016-07-24 19:23:17,765 - app.origin - INFO - 已写入第三十七章 义薄云天属小孟
2016-07-24 19:23:18,024 - app.origin - INFO - 已写入第三十八章 掌上乾坤
2016-07-24 19:23:18,821 - app.origin - INFO - 已写入第三十九章 意外之财（求点击求推荐）
2016-07-24 19:23:19,641 - app.origin - INFO - 已写入第四十章 石室
2016-07-24 19:23:20,040 - app.origin - INFO - 已写入第四十一章 黄雀在后
2016-07-24 19:23:20,395 - app.origin - INFO - 已写入第四十二章 无生指
2016-07-24 19:23:21,783 - app.origin - INFO - 已写入第四十三章 签筒
2016-07-24 19:23:22,570 - app.origin - INFO - 已写入第四十四章 各自选择
2016-07-24 19:23:22,955 - app.origin - INFO - 已写入第四十五章 刀法的挑选
2016-07-24 19:23:23,379 - app.origin - INFO - 已写入第四十六章 离开少林的办法
2016-07-24 19:23:23,739 - app.origin - INFO - 已写入第四十七章 意外之“喜”
2016-07-24 19:23:28,333 - app.origin - INFO - 已写入第四十八章 玄悲的理由
2016-07-24 19:23:28,695 - app.origin - INFO - 已写入第四十九章 特殊的修炼之地
2016-07-24 19:23:29,066 - app.origin - INFO - 已写入第五十章 艰苦的修炼
2016-07-24 19:23:29,437 - app.origin - INFO - 已写入第五十一章 三重折磨
2016-07-24 19:23:30,345 - app.origin - INFO - 已写入第五十二章 牢房来人（求点击求推荐）
2016-07-24 19:23:30,438 - app.origin - ERROR - 连接或解析http://book.zongheng.com/showchapter/531422.html出错！
无法获取书籍章节信息。
Traceback (most recent call last):
  File "/home/fyb/codes/fanclley/app/origins/zonghengfree.py", line 33, in get_info
    self.authorname = soup.find('div', class_='tc txt').find('a').text
AttributeError: 'NoneType' object has no attribute 'find'
2016-07-24 19:23:30,711 - app.origin - INFO - 已写入第五十三章 眼力（求点击求推荐）
2016-07-24 19:23:31,611 - app.origin - INFO - 已写入第五十四章 真慧的烦恼（求点击求推荐）
2016-07-24 19:23:31,967 - app.origin - INFO - 已写入第五十五章 撞破
2016-07-24 19:23:32,529 - app.origin - INFO - 已写入第五十六章 凶手
2016-07-24 19:23:33,258 - app.origin - INFO - 已写入第五十七章 真常之死
2016-07-24 19:23:33,638 - app.origin - INFO - 已写入第五十八章 十二相神
2016-07-24 19:23:34,008 - app.origin - INFO - 已写入第五十九章 报酬
2016-07-24 19:23:34,366 - app.origin - INFO - 已写入第六十章 所谓画风不对
2016-07-24 19:23:34,758 - app.origin - INFO - 已写入第六十一章 知彼
2016-07-24 19:23:35,118 - app.origin - INFO - 已写入第六十二章 坏名声与金字招牌
2016-07-24 19:23:35,498 - app.origin - INFO - 已写入第六十三章 我只知道一点
2016-07-24 19:23:35,859 - app.origin - INFO - 已写入第六十四章 诡异的武功
2016-07-24 19:23:37,255 - app.origin - INFO - 已写入第六十五章 市井消息
2016-07-24 19:23:37,617 - app.origin - INFO - 已写入第六十六章 白衣剑神（求点击求推荐）
2016-07-24 19:23:37,982 - app.origin - INFO - 已写入第六十七章 幻形大法（求点击推荐）
2016-07-24 19:23:38,357 - app.origin - INFO - 已写入第六十八章 沸沸扬扬
2016-07-24 19:23:38,705 - app.origin - INFO - 已写入第六十九章 江湖纷争
2016-07-24 19:23:39,082 - app.origin - INFO - 已写入第七十章 人的名树的影
2016-07-24 19:23:39,452 - app.origin - INFO - 已写入第七十一章 可怜的尤三爷
2016-07-24 19:23:40,253 - app.origin - INFO - 已写入第七十二章 围观的力量
2016-07-24 19:23:40,504 - app.origin - INFO - 已写入第七十三章 尔虞我诈
2016-07-24 19:23:40,870 - app.origin - INFO - 已写入第七十三章 尔虞我诈
2016-07-24 19:23:41,379 - app.origin - INFO - 已写入第七十四章 地牢
2016-07-24 19:23:41,747 - app.origin - INFO - 已写入第七十五章 两只老狐狸
2016-07-24 19:23:45,124 - app.origin - INFO - 已写入第七十六章 崔栩的软肋
2016-07-24 19:23:45,490 - app.origin - INFO - 已写入第七十七章 神秘礼物
2016-07-24 19:23:45,839 - app.origin - INFO - 已写入第七十八章 玄关
2016-07-24 19:23:46,731 - app.origin - INFO - 已写入第七十九章 符真真（求三江票）
2016-07-24 19:23:47,146 - app.origin - INFO - 已写入第八十章 孟奇的选择（求点击推荐三江票）
2016-07-24 19:23:47,736 - app.origin - INFO - 已写入第八十一章 刀
2016-07-24 19:23:48,050 - app.origin - INFO - 已写入第八十二章 质询
2016-07-24 19:23:48,223 - app.origin - INFO - 已写入第八十三章 处罚
2016-07-24 19:23:48,464 - app.origin - INFO - 已写入第一章 瀚海边缘
2016-07-24 19:23:48,693 - app.origin - INFO - 已写入第二章 哭老人
2016-07-24 19:23:49,000 - app.origin - INFO - 已写入第三章 “天灾”
2016-07-24 19:23:49,397 - app.origin - INFO - 已写入第四章 恶战
2016-07-24 19:23:49,592 - app.origin - INFO - 已写入第五章 戈壁茫茫
2016-07-24 19:23:49,926 - app.origin - INFO - 已写入第六章 反击
2016-07-24 19:23:50,148 - app.origin - INFO - 已写入第七章 冲穴
2016-07-24 19:23:50,344 - app.origin - INFO - 已写入第八章 真正的机会
2016-07-24 19:23:50,556 - app.origin - INFO - 已写入第九章 小伙伴们的主意（求点击求推荐）
2016-07-24 19:23:51,768 - app.origin - INFO - 已写入第十章 新“队友”（求点击求推荐）
2016-07-24 19:23:51,945 - app.origin - INFO - 已写入第十一章 风云庄
2016-07-24 19:23:52,308 - app.origin - INFO - 已写入第十二章 夜来
2016-07-24 19:28:17,266 - app.origin - INFO - 一世之尊113免费章节
2016-07-24 19:28:17,347 - app.origin - INFO - 已写入新的世界新的开始
2016-07-24 19:28:17,421 - app.origin - INFO - 已写入周一求点击求推荐（两章已更）
2016-07-24 19:28:18,517 - app.origin - INFO - 已写入又是周一，拜求点击推荐（章节已更）
2016-07-24 19:28:18,612 - app.origin - INFO - 已写入新的一周，求点击推荐和收藏（章节已更
2016-07-24 19:28:18,691 - app.origin - INFO - 已写入祝大家中秋快乐，顺便求点击和推荐（已更）
2016-07-24 19:28:18,790 - app.origin - INFO - 已写入推荐本书，顺便求点击推荐（章节已更）
2016-07-24 19:28:18,877 - app.origin - INFO - 已写入又是周一，求点击推荐（章节已更）
2016-07-24 19:28:18,990 - app.origin - INFO - 已写入推荐两本书（章节已更）
2016-07-24 19:28:19,088 - app.origin - INFO - 已写入更新的那张抽了。
2016-07-24 19:28:19,176 - app.origin - INFO - 已写入三江感言
2016-07-24 19:28:19,265 - app.origin - INFO - 已写入推荐两本好看的仙侠和玄幻小说（章节已更）
2016-07-24 19:28:19,353 - app.origin - INFO - 已写入新卷开始，请假一天梳理
2016-07-24 19:28:19,367 - app.origin - INFO - 已写入强推感言（章节已更）
2016-07-24 19:28:19,451 - app.origin - INFO - 已写入上架感言（保底两章已更）
2016-07-24 19:28:22,595 - app.origin - INFO - 已写入推荐一本《乱豪门》
2016-07-24 19:28:22,688 - app.origin - INFO - 已写入封推感言（求月票）
2016-07-24 19:28:22,771 - app.origin - INFO - 已写入推荐好友新书《祷师》
2016-07-24 19:28:22,786 - app.origin - INFO - 已写入第一章 机心
2016-07-24 19:28:22,804 - app.origin - INFO - 已写入第二章 空门
2016-07-24 19:28:22,821 - app.origin - INFO - 已写入第三章 举头望明月
2016-07-24 19:28:22,844 - app.origin - INFO - 已写入第四章 百日筑基
2016-07-24 19:28:22,959 - app.origin - INFO - 已写入第五章 小玉佛
2016-07-24 19:28:23,135 - app.origin - INFO - 已写入第六章 罗汉拳
2016-07-24 19:28:23,274 - app.origin - INFO - 已写入第七章 天之骄子
2016-07-24 19:28:23,385 - app.origin - INFO - 已写入第八章 奇诡的再聚
2016-07-24 19:28:23,514 - app.origin - INFO - 已写入第九章 隐皇堡
2016-07-24 19:28:23,616 - app.origin - INFO - 已写入第十章 第一个
2016-07-24 19:28:23,747 - app.origin - INFO - 已写入第十一章 刀
2016-07-24 19:28:23,859 - app.origin - INFO - 已写入第十二章 第一战
2016-07-24 19:28:25,038 - app.origin - INFO - 已写入第十三章 援手
2016-07-24 19:28:25,153 - app.origin - INFO - 已写入第十四章 自杀
2016-07-24 19:28:25,440 - app.origin - INFO - 已写入第十五章 堡主
2016-07-24 19:28:25,555 - app.origin - INFO - 已写入第十六章 孟奇的“理想”
2016-07-24 19:28:25,674 - app.origin - INFO - 已写入第十七章 兑换
2016-07-24 19:28:25,790 - app.origin - INFO - 已写入第十八章 回归
2016-07-24 19:28:25,907 - app.origin - INFO - 已写入第十九章 勇气
2016-07-24 19:28:26,011 - app.origin - INFO - 已写入第二十章 秘闻
2016-07-24 19:28:26,126 - app.origin - INFO - 已写入第二十一章 祸福相依
2016-07-24 19:28:26,247 - app.origin - INFO - 已写入第二十二章 反应
2016-07-24 19:28:26,575 - app.origin - INFO - 已写入第二十三章 “善心”
2016-07-24 19:28:26,710 - app.origin - INFO - 已写入第二十四章 对练
2016-07-24 19:28:26,814 - app.origin - INFO - 已写入第二十五章 演武殿一霸（求点击求推荐）
2016-07-24 19:28:26,932 - app.origin - INFO - 已写入第二十六章 恶人小孟（求点击求推荐）
2016-07-24 19:28:27,054 - app.origin - INFO - 已写入第二十七章 奖励与“处罚”
2016-07-24 19:28:27,185 - app.origin - INFO - 已写入第二十八章 新的任务（求点击求推荐）
2016-07-24 19:28:27,315 - app.origin - INFO - 已写入第二十九章 围杀
2016-07-24 19:28:27,436 - app.origin - INFO - 已写入第三十章 “化缘”
2016-07-24 19:28:27,562 - app.origin - INFO - 已写入第三十一章 血战
2016-07-24 19:28:27,848 - app.origin - INFO - 已写入第三十二章 重逢
2016-07-24 19:28:28,994 - app.origin - INFO - 已写入第三十三章 心寂大师
2016-07-24 19:28:29,966 - app.origin - ERROR - 连接或解析http://book.zongheng.com/showchapter/533189.html出错！
无法获取书籍章节信息。
Traceback (most recent call last):
  File "/home/fyb/codes/fanclley/app/origins/zonghengfree.py", line 33, in get_info
    self.authorname = soup.find('div', class_='tc txt').find('a').text
AttributeError: 'NoneType' object has no attribute 'find'
2016-07-24 19:28:29,967 - app.origin - ERROR - 从纵横中文网生成"一品名媛\.txt"失败
Traceback (most recent call last):
  File "/home/fyb/codes/fanclley/app/origins/zonghengfree.py", line 65, in generate_txt
    file.write(r'% '+self.bookname+'\n'+r'% '+u'作者： '+self.authorname+r'\n% '+u'\n由fanclley推送。'+'\n\n')
AttributeError: Zonghengfree instance has no attribute 'authorname'
2016-07-24 19:28:30,110 - app.origin - INFO - 已写入第三十四章 支线
2016-07-24 19:28:30,212 - app.origin - INFO - 已写入第三十五章 风声雨声
2016-07-24 19:28:30,368 - app.origin - INFO - 已写入第三十六章 朵儿察
2016-07-24 19:28:31,293 - app.origin - INFO - 已写入第三十七章 义薄云天属小孟
2016-07-24 19:28:31,427 - app.origin - INFO - 已写入第三十八章 掌上乾坤
2016-07-24 19:28:31,592 - app.origin - INFO - 已写入第三十九章 意外之财（求点击求推荐）
2016-07-24 19:28:31,719 - app.origin - INFO - 已写入第四十章 石室
2016-07-24 19:28:32,298 - app.origin - INFO - 已写入第四十一章 黄雀在后
2016-07-24 19:28:32,414 - app.origin - INFO - 已写入第四十二章 无生指
2016-07-24 19:28:32,533 - app.origin - INFO - 已写入第四十三章 签筒
2016-07-24 19:28:32,665 - app.origin - INFO - 已写入第四十四章 各自选择
2016-07-24 19:28:32,801 - app.origin - INFO - 已写入第四十五章 刀法的挑选
2016-07-24 19:28:32,921 - app.origin - INFO - 已写入第四十六章 离开少林的办法
2016-07-24 19:28:33,069 - app.origin - INFO - 已写入第四十七章 意外之“喜”
2016-07-24 19:28:33,188 - app.origin - INFO - 已写入第四十八章 玄悲的理由
2016-07-24 19:28:33,348 - app.origin - INFO - 已写入第四十九章 特殊的修炼之地
2016-07-24 19:28:33,593 - app.origin - INFO - 已写入第五十章 艰苦的修炼
2016-07-24 19:28:33,709 - app.origin - INFO - 已写入第五十一章 三重折磨
2016-07-24 19:28:33,839 - app.origin - INFO - 已写入第五十二章 牢房来人（求点击求推荐）
2016-07-24 19:28:33,977 - app.origin - INFO - 已写入第五十三章 眼力（求点击求推荐）
2016-07-24 19:28:34,213 - app.origin - INFO - 已写入第五十四章 真慧的烦恼（求点击求推荐）
2016-07-24 19:28:34,324 - app.origin - INFO - 已写入第五十五章 撞破
2016-07-24 19:28:34,470 - app.origin - INFO - 已写入第五十六章 凶手
2016-07-24 19:28:34,600 - app.origin - INFO - 已写入第五十七章 真常之死
2016-07-24 19:28:34,746 - app.origin - INFO - 已写入第五十八章 十二相神
2016-07-24 19:28:34,880 - app.origin - INFO - 已写入第五十九章 报酬
2016-07-24 19:28:35,001 - app.origin - INFO - 已写入第六十章 所谓画风不对
2016-07-24 19:28:35,133 - app.origin - INFO - 已写入第六十一章 知彼
2016-07-24 19:28:35,260 - app.origin - INFO - 已写入第六十二章 坏名声与金字招牌
2016-07-24 19:28:35,502 - app.origin - INFO - 已写入第六十三章 我只知道一点
2016-07-24 19:28:35,607 - app.origin - INFO - 已写入第六十四章 诡异的武功
2016-07-24 19:28:35,845 - app.origin - INFO - 已写入第六十五章 市井消息
2016-07-24 19:28:36,015 - app.origin - INFO - 已写入第六十六章 白衣剑神（求点击求推荐）
2016-07-24 19:28:36,130 - app.origin - INFO - 已写入第六十七章 幻形大法（求点击推荐）
2016-07-24 19:28:36,244 - app.origin - INFO - 已写入第六十八章 沸沸扬扬
2016-07-24 19:28:36,380 - app.origin - INFO - 已写入第六十九章 江湖纷争
2016-07-24 19:28:36,520 - app.origin - INFO - 已写入第七十章 人的名树的影
2016-07-24 19:28:36,638 - app.origin - INFO - 已写入第七十一章 可怜的尤三爷
2016-07-24 19:28:36,754 - app.origin - INFO - 已写入第七十二章 围观的力量
2016-07-24 19:28:36,875 - app.origin - INFO - 已写入第七十三章 尔虞我诈
2016-07-24 19:28:37,114 - app.origin - INFO - 已写入第七十三章 尔虞我诈
2016-07-24 19:28:37,236 - app.origin - INFO - 已写入第七十四章 地牢
2016-07-24 19:28:37,340 - app.origin - INFO - 已写入第七十五章 两只老狐狸
2016-07-24 19:28:37,477 - app.origin - INFO - 已写入第七十六章 崔栩的软肋
2016-07-24 19:28:37,586 - app.origin - INFO - 已写入第七十七章 神秘礼物
2016-07-24 19:28:37,735 - app.origin - INFO - 已写入第七十八章 玄关
2016-07-24 19:28:37,853 - app.origin - INFO - 已写入第七十九章 符真真（求三江票）
2016-07-24 19:28:37,955 - app.origin - INFO - 已写入第八十章 孟奇的选择（求点击推荐三江票）
2016-07-24 19:28:38,078 - app.origin - INFO - 已写入第八十一章 刀
2016-07-24 19:28:38,194 - app.origin - INFO - 已写入第八十二章 质询
2016-07-24 19:28:38,309 - app.origin - INFO - 已写入第八十三章 处罚
2016-07-24 19:28:38,427 - app.origin - INFO - 已写入第一章 瀚海边缘
2016-07-24 19:28:38,539 - app.origin - INFO - 已写入第二章 哭老人
2016-07-24 19:28:38,653 - app.origin - INFO - 已写入第三章 “天灾”
2016-07-24 19:28:38,925 - app.origin - INFO - 已写入第四章 恶战
2016-07-24 19:28:39,052 - app.origin - INFO - 已写入第五章 戈壁茫茫
2016-07-24 19:28:39,162 - app.origin - INFO - 已写入第六章 反击
2016-07-24 19:28:39,366 - app.origin - INFO - 已写入第七章 冲穴
2016-07-24 19:28:39,513 - app.origin - INFO - 已写入第八章 真正的机会
2016-07-24 19:28:39,674 - app.origin - INFO - 已写入第九章 小伙伴们的主意（求点击求推荐）
2016-07-24 19:28:39,782 - app.origin - INFO - 已写入第十章 新“队友”（求点击求推荐）
2016-07-24 19:28:39,935 - app.origin - INFO - 已写入第十一章 风云庄
2016-07-24 19:28:40,113 - app.origin - INFO - 已写入第十二章 夜来
2016-07-24 19:29:02,184 - app.origin - ERROR - 连接或解析http://book.zongheng.com/showchapter/531956.html出错！
无法获取书籍章节信息。
Traceback (most recent call last):
  File "/home/fyb/codes/fanclley/app/origins/zonghengfree.py", line 33, in get_info
    self.authorname = soup.find('div', class_='tc txt').find('a').text
AttributeError: 'NoneType' object has no attribute 'find'
2016-07-24 19:29:02,185 - app.origin - ERROR - 从纵横中文网生成"一花一世界一叶一青莲\.txt"失败
Traceback (most recent call last):
  File "/home/fyb/codes/fanclley/app/origins/zonghengfree.py", line 65, in generate_txt
    file.write(r'% '+self.bookname+'\n'+r'% '+u'作者： '+self.authorname+r'\n% '+u'\n由fanclley推送。'+'\n\n')
AttributeError: Zonghengfree instance has no attribute 'authorname'
2016-07-24 19:30:06,982 - app.origin - INFO - 已获取"一代鬼王"信息。
2016-07-24 19:30:06,982 - app.origin - INFO - 一代鬼王70免费章节
2016-07-24 19:30:07,712 - app.origin - INFO - 已写入第1章 起死回魂助人成鬼 破坏轮回大战无常
2016-07-24 19:30:08,331 - app.origin - INFO - 已写入第2章 黑龙下凡惩戒逆天者 大九再现助阵鲁恩公
2016-07-24 19:30:09,011 - app.origin - INFO - 已写入第3章 命在旦夕义结生死之交 浴血重生誓要拼死一战
2016-07-24 19:30:09,499 - app.origin - INFO - 已写入第4章 峰回路转吸龙血 天意难违成骷髅
2016-07-24 19:30:10,016 - app.origin - INFO - 已写入第5章 食妻嗜儿酿成人间惨剧 黑白无常奉命收拾残局
2016-07-24 19:30:10,733 - app.origin - INFO - 已写入第6章 鬼赋异禀堪称空前绝后 黑袍无常铁心出手相救
2016-07-24 19:30:11,406 - app.origin - INFO - 已写入第7章 路遇大唐怪师徒 群狼口中救黑狗
2016-07-24 19:30:12,031 - app.origin - INFO - 已写入第8章 神奇黑狗起死回生 路遇客栈狭路相逢
2016-07-24 19:30:12,690 - app.origin - INFO - 已写入第9章 大战胖妇黑狗再受伤 似曾相识竟是故人子
2016-07-24 19:30:13,343 - app.origin - INFO - 已写入第10章 胆小老头道士当天师 人鬼相认悲喜从中来
2016-07-24 19:30:13,941 - app.origin - INFO - 已写入第11章 胖老妇大快朵颐 谈笑间拔剑相向
2016-07-24 19:30:14,621 - app.origin - INFO - 已写入第12章 真相明鲁渔鬼会长大 问踪迹僵尸惊现赌场
2016-07-24 19:30:15,272 - app.origin - INFO - 已写入第13章 黑袍僵尸赌尸丹 美男旱魃现客栈
2016-07-24 19:30:15,859 - app.origin - INFO - 已写入第14章 闻酒味勾起伤心往事 叹如今父女反目成仇
2016-07-24 19:30:16,491 - app.origin - INFO - 已写入第15章 僵尸自杀求赎罪 黑狗突现吞尸丹
2016-07-24 19:30:17,141 - app.origin - INFO - 已写入第16章 登山寻仙子 怪石堵去路
2016-07-24 19:30:17,776 - app.origin - INFO - 已写入第17章 古怪石头化成人形 胖妇惊呼上古四妖
2016-07-24 19:30:18,319 - app.origin - INFO - 已写入第18章 绿衣仙子从天而降 能屈能伸真小人也
2016-07-24 19:30:18,974 - app.origin - INFO - 已写入第19章 石头震动惊落小黑狗 语出惊人鲁渔忆往事
2016-07-24 19:30:19,732 - app.origin - INFO - 已写入第20章 修道人惊遇桃树女妖 三兄弟为爱大打出手
2016-07-24 19:30:20,329 - app.origin - INFO - 已写入第21章 三兄弟准备各奔东西 桃树精以死填补裂痕
2016-07-24 19:30:20,893 - app.origin - INFO - 已写入第22章 感怀身世鲁渔认姐姐 惊世骇俗石怪抱山峰
2016-07-24 19:30:21,510 - app.origin - INFO - 已写入第23章 店伙计尽是老弱病残 好掌柜离别终也落泪
2016-07-24 19:30:22,112 - app.origin - INFO - 已写入第24章 茅山脚下道士楼 道士楼外见黑狗
2016-07-24 19:30:22,762 - app.origin - INFO - 已写入第25章 茅山九峰九字堂 吊桥飞落美少年
2016-07-24 19:30:23,353 - app.origin - INFO - 已写入第26章 黄袍老妇嫌狗脏 无礼鲁渔生去意
2016-07-24 19:30:23,950 - app.origin - INFO - 已写入第27章 洗尘宴上互报名姓 豪气鲁渔连干三杯
2016-07-24 19:30:24,507 - app.origin - INFO - 已写入第28章 天微亮鲁渔偷下山 竹林里偶遇巡山人
2016-07-24 19:30:25,089 - app.origin - INFO - 已写入第29章 鲁渔离山之意遭拒 馋嘴老头吃鸡报信
2016-07-24 19:30:25,736 - app.origin - INFO - 已写入第30章 大堂上乱成一团 鬼鲁渔含泪拜师
2016-07-24 19:30:26,321 - app.origin - INFO - 已写入第31章 马者欧献计要掳鬼 傲鲁渔不屑茅山道
2016-07-24 19:30:26,966 - app.origin - INFO - 已写入第32章 列字堂胡列淑下跪 月光下木列童示好
2016-07-24 19:30:27,532 - app.origin - INFO - 已写入第33章 日上杆头睡懒觉 逆天府鬼现扬州
2016-07-24 19:30:28,179 - app.origin - INFO - 已写入第34章 小小布袋海纳百川 馋嘴黑狗又吞奇宝
2016-07-24 19:30:28,803 - app.origin - INFO - 已写入第35章 搬救兵丫头兴师问罪 孤儿鬼恳求同去扬州
2016-07-24 19:30:29,420 - app.origin - INFO - 已写入第36章 扬州城内鬼气冲天 大胆鲁渔勇闯白府
2016-07-24 19:30:30,062 - app.origin - INFO - 已写入第37章 白府里鲁渔首遇鬼 小黑狗怒撞黑衣汉
2016-07-24 19:30:30,689 - app.origin - INFO - 已写入第38章 红衣女鬼突现 神秘少年相救
2016-07-24 19:30:31,305 - app.origin - INFO - 已写入第39章 蓝袍少年道行惊人 关公鬼身惊现人间
2016-07-24 19:30:31,887 - app.origin - INFO - 已写入第40章 柳在岩撒尿关公像前 屋顶上跳落黑衣老鬼
2016-07-24 19:30:32,433 - app.origin - INFO - 已写入第41章 双刀老鬼献臂关公 崂山王七巧捡龙角
2016-07-24 19:30:33,054 - app.origin - INFO - 已写入第42章 诛魔三剑吓退双鬼 蓝袍少年许诺求亲
2016-07-24 19:30:33,677 - app.origin - INFO - 已写入第43章 白清鬼界文状元 鲁渔逗趣木师姐
2016-07-24 19:30:34,286 - app.origin - INFO - 已写入第44章 大夫拒医柳在岩 城墙高吊道士尸
2016-07-24 19:30:34,828 - app.origin - INFO - 已写入第45章 扬州入夜道士死 众鬼盯上俊韩敬
2016-07-24 19:30:35,517 - app.origin - INFO - 已写入第46章 鬼界渐弱后继无鬼 诛魔三剑最后一剑
2016-07-24 19:30:36,320 - app.origin - INFO - 已写入第47章 白清鬼字书法 媚娘出手救人
2016-07-24 19:30:36,955 - app.origin - INFO - 已写入第48章 布下结界酒馆难进 胖瘦道士树下闲谈
2016-07-24 19:30:37,582 - app.origin - INFO - 已写入第49章 人狗池中游 惊吓提水人
2016-07-24 19:30:38,226 - app.origin - INFO - 已写入第50章 小黑狗吸干仙妖池 秦列喜把玩黑亵衣
2016-07-24 19:30:38,890 - app.origin - INFO - 已写入第51章 鲁渔亲自下厨 丫头不肯送饭
2016-07-24 19:30:39,438 - app.origin - INFO - 已写入第52章 众老道气愤填膺 茅山派欲攻扬州
2016-07-24 19:30:40,067 - app.origin - INFO - 已写入第53章 茅山调兵遣将攻扬州 鲁渔厨艺惊人成厨子
2016-07-24 19:30:41,064 - app.origin - INFO - 已写入第54章 佳肴吃得人人舔嘴 池干老道疑是噩兆
2016-07-24 19:30:41,778 - app.origin - INFO - 已写入第55章 鲁渔送狐袍 黑头怒蹬鬼
2016-07-24 19:30:42,381 - app.origin - INFO - 已写入第56章 木列童一大早还衣 列字堂管列英试胆
2016-07-24 19:30:43,081 - app.origin - INFO - 已写入第57章 秦列喜要学唤龙术 茅山上众堂齐征兵
2016-07-24 19:30:43,733 - app.origin - INFO - 已写入第58章 天微亮鲁渔煮早饭 临字堂茅山集兵马
2016-07-24 19:30:44,313 - app.origin - INFO - 已写入第59章 黑白无常见白清 逆天府主好龙物
2016-07-24 19:30:44,917 - app.origin - INFO - 已写入第60章 黑头发现神秘山洞 鲁渔问路藏书阁楼
2016-07-24 19:30:45,474 - app.origin - INFO - 已写入第61章 老道不许鲁渔看书 列蓝大胆挺身相助
2016-07-24 19:30:46,082 - app.origin - INFO - 已写入第62章 鲁渔偷进封邪洞  惊遇神秘五小孩
2016-07-24 19:30:46,801 - app.origin - INFO - 已写入第63章 红绿小孩相斗  黑头狗头变大
2016-07-24 19:30:47,548 - app.origin - INFO - 已写入第64章 黑头疑是哮天犬 鲁渔愤怒撞结界
2016-07-24 19:30:48,286 - app.origin - INFO - 已写入第65章 一夫当关万夫才能破 机智鲁渔哄骗米列蓝
2016-07-24 19:30:48,993 - app.origin - INFO - 已写入第66章 米列蓝同流合污 舒在赫怒训劣徒
2016-07-24 19:30:49,673 - app.origin - INFO - 已写入第67章 赵在鹿卖弄可怜 扬州城还有道士
2016-07-24 19:30:50,352 - app.origin - INFO - 已写入第68章 赵在鹿落败喊爷爷 傲韩敬挑衅斗字堂
2016-07-24 19:30:51,049 - app.origin - INFO - 已写入第69章 韩敬豪言取代茅山 古怪老头一身古怪
2016-07-24 19:30:51,738 - app.origin - INFO - 已写入第70章 茅山在巨木剑 崂山怪物道士
2016-07-24 19:31:31,996 - app.origin - INFO - 一世之尊113免费章节
2016-07-24 19:31:32,010 - app.origin - INFO - 已写入新的世界新的开始
2016-07-24 19:31:32,025 - app.origin - INFO - 已写入周一求点击求推荐（两章已更）
2016-07-24 19:31:32,041 - app.origin - INFO - 已写入又是周一，拜求点击推荐（章节已更）
2016-07-24 19:31:32,058 - app.origin - INFO - 已写入新的一周，求点击推荐和收藏（章节已更
2016-07-24 19:31:32,073 - app.origin - INFO - 已写入祝大家中秋快乐，顺便求点击和推荐（已更）
2016-07-24 19:31:32,088 - app.origin - INFO - 已写入推荐本书，顺便求点击推荐（章节已更）
2016-07-24 19:31:32,103 - app.origin - INFO - 已写入又是周一，求点击推荐（章节已更）
2016-07-24 19:31:32,116 - app.origin - INFO - 已写入推荐两本书（章节已更）
2016-07-24 19:31:32,132 - app.origin - INFO - 已写入更新的那张抽了。
2016-07-24 19:31:32,148 - app.origin - INFO - 已写入三江感言
2016-07-24 19:31:32,163 - app.origin - INFO - 已写入推荐两本好看的仙侠和玄幻小说（章节已更）
2016-07-24 19:31:32,178 - app.origin - INFO - 已写入新卷开始，请假一天梳理
2016-07-24 19:31:32,192 - app.origin - INFO - 已写入强推感言（章节已更）
2016-07-24 19:31:32,206 - app.origin - INFO - 已写入上架感言（保底两章已更）
2016-07-24 19:31:32,220 - app.origin - INFO - 已写入推荐一本《乱豪门》
2016-07-24 19:31:32,235 - app.origin - INFO - 已写入封推感言（求月票）
2016-07-24 19:31:32,251 - app.origin - INFO - 已写入推荐好友新书《祷师》
2016-07-24 19:31:32,267 - app.origin - INFO - 已写入第一章 机心
2016-07-24 19:31:32,284 - app.origin - INFO - 已写入第二章 空门
2016-07-24 19:31:32,305 - app.origin - INFO - 已写入第三章 举头望明月
2016-07-24 19:31:32,325 - app.origin - INFO - 已写入第四章 百日筑基
2016-07-24 19:31:32,344 - app.origin - INFO - 已写入第五章 小玉佛
2016-07-24 19:31:32,362 - app.origin - INFO - 已写入第六章 罗汉拳
2016-07-24 19:31:32,379 - app.origin - INFO - 已写入第七章 天之骄子
2016-07-24 19:31:32,395 - app.origin - INFO - 已写入第八章 奇诡的再聚
2016-07-24 19:31:32,415 - app.origin - INFO - 已写入第九章 隐皇堡
2016-07-24 19:31:32,434 - app.origin - INFO - 已写入第十章 第一个
2016-07-24 19:31:32,455 - app.origin - INFO - 已写入第十一章 刀
2016-07-24 19:31:32,473 - app.origin - INFO - 已写入第十二章 第一战
2016-07-24 19:31:32,493 - app.origin - INFO - 已写入第十三章 援手
2016-07-24 19:31:32,510 - app.origin - INFO - 已写入第十四章 自杀
2016-07-24 19:31:32,527 - app.origin - INFO - 已写入第十五章 堡主
2016-07-24 19:31:32,543 - app.origin - INFO - 已写入第十六章 孟奇的“理想”
2016-07-24 19:31:32,562 - app.origin - INFO - 已写入第十七章 兑换
2016-07-24 19:31:32,581 - app.origin - INFO - 已写入第十八章 回归
2016-07-24 19:31:32,598 - app.origin - INFO - 已写入第十九章 勇气
2016-07-24 19:31:32,616 - app.origin - INFO - 已写入第二十章 秘闻
2016-07-24 19:31:32,636 - app.origin - INFO - 已写入第二十一章 祸福相依
2016-07-24 19:31:32,655 - app.origin - INFO - 已写入第二十二章 反应
2016-07-24 19:31:32,675 - app.origin - INFO - 已写入第二十三章 “善心”
2016-07-24 19:31:32,693 - app.origin - INFO - 已写入第二十四章 对练
2016-07-24 19:31:32,713 - app.origin - INFO - 已写入第二十五章 演武殿一霸（求点击求推荐）
2016-07-24 19:31:32,731 - app.origin - INFO - 已写入第二十六章 恶人小孟（求点击求推荐）
2016-07-24 19:31:32,747 - app.origin - INFO - 已写入第二十七章 奖励与“处罚”
2016-07-24 19:31:32,767 - app.origin - INFO - 已写入第二十八章 新的任务（求点击求推荐）
2016-07-24 19:31:32,785 - app.origin - INFO - 已写入第二十九章 围杀
2016-07-24 19:31:32,804 - app.origin - INFO - 已写入第三十章 “化缘”
2016-07-24 19:31:32,824 - app.origin - INFO - 已写入第三十一章 血战
2016-07-24 19:31:33,158 - app.origin - INFO - 已写入第三十二章 重逢
2016-07-24 19:31:33,179 - app.origin - INFO - 已写入第三十三章 心寂大师
2016-07-24 19:31:33,199 - app.origin - INFO - 已写入第三十四章 支线
2016-07-24 19:31:33,218 - app.origin - INFO - 已写入第三十五章 风声雨声
2016-07-24 19:31:33,237 - app.origin - INFO - 已写入第三十六章 朵儿察
2016-07-24 19:31:33,256 - app.origin - INFO - 已写入第三十七章 义薄云天属小孟
2016-07-24 19:31:33,281 - app.origin - INFO - 已写入第三十八章 掌上乾坤
2016-07-24 19:31:33,301 - app.origin - INFO - 已写入第三十九章 意外之财（求点击求推荐）
2016-07-24 19:31:33,320 - app.origin - INFO - 已写入第四十章 石室
2016-07-24 19:31:33,341 - app.origin - INFO - 已写入第四十一章 黄雀在后
2016-07-24 19:31:33,364 - app.origin - INFO - 已写入第四十二章 无生指
2016-07-24 19:31:33,388 - app.origin - INFO - 已写入第四十三章 签筒
2016-07-24 19:31:33,407 - app.origin - INFO - 已写入第四十四章 各自选择
2016-07-24 19:31:33,427 - app.origin - INFO - 已写入第四十五章 刀法的挑选
2016-07-24 19:31:33,444 - app.origin - INFO - 已写入第四十六章 离开少林的办法
2016-07-24 19:31:33,465 - app.origin - INFO - 已写入第四十七章 意外之“喜”
2016-07-24 19:31:33,486 - app.origin - INFO - 已写入第四十八章 玄悲的理由
2016-07-24 19:31:33,505 - app.origin - INFO - 已写入第四十九章 特殊的修炼之地
2016-07-24 19:31:33,524 - app.origin - INFO - 已写入第五十章 艰苦的修炼
2016-07-24 19:31:33,545 - app.origin - INFO - 已写入第五十一章 三重折磨
2016-07-24 19:31:33,567 - app.origin - INFO - 已写入第五十二章 牢房来人（求点击求推荐）
2016-07-24 19:31:33,586 - app.origin - INFO - 已写入第五十三章 眼力（求点击求推荐）
2016-07-24 19:31:33,609 - app.origin - INFO - 已写入第五十四章 真慧的烦恼（求点击求推荐）
2016-07-24 19:31:33,626 - app.origin - INFO - 已写入第五十五章 撞破
2016-07-24 19:31:33,646 - app.origin - INFO - 已写入第五十六章 凶手
2016-07-24 19:31:33,665 - app.origin - INFO - 已写入第五十七章 真常之死
2016-07-24 19:31:33,684 - app.origin - INFO - 已写入第五十八章 十二相神
2016-07-24 19:31:33,703 - app.origin - INFO - 已写入第五十九章 报酬
2016-07-24 19:31:33,725 - app.origin - INFO - 已写入第六十章 所谓画风不对
2016-07-24 19:31:33,744 - app.origin - INFO - 已写入第六十一章 知彼
2016-07-24 19:31:33,764 - app.origin - INFO - 已写入第六十二章 坏名声与金字招牌
2016-07-24 19:31:33,782 - app.origin - INFO - 已写入第六十三章 我只知道一点
2016-07-24 19:31:33,800 - app.origin - INFO - 已写入第六十四章 诡异的武功
2016-07-24 19:31:33,817 - app.origin - INFO - 已写入第六十五章 市井消息
2016-07-24 19:31:33,835 - app.origin - INFO - 已写入第六十六章 白衣剑神（求点击求推荐）
2016-07-24 19:31:33,855 - app.origin - INFO - 已写入第六十七章 幻形大法（求点击推荐）
2016-07-24 19:31:33,875 - app.origin - INFO - 已写入第六十八章 沸沸扬扬
2016-07-24 19:31:33,895 - app.origin - INFO - 已写入第六十九章 江湖纷争
2016-07-24 19:31:33,916 - app.origin - INFO - 已写入第七十章 人的名树的影
2016-07-24 19:31:33,934 - app.origin - INFO - 已写入第七十一章 可怜的尤三爷
2016-07-24 19:31:33,954 - app.origin - INFO - 已写入第七十二章 围观的力量
2016-07-24 19:31:33,972 - app.origin - INFO - 已写入第七十三章 尔虞我诈
2016-07-24 19:31:33,990 - app.origin - INFO - 已写入第七十三章 尔虞我诈
2016-07-24 19:31:34,010 - app.origin - INFO - 已写入第七十四章 地牢
2016-07-24 19:31:34,027 - app.origin - INFO - 已写入第七十五章 两只老狐狸
2016-07-24 19:31:34,046 - app.origin - INFO - 已写入第七十六章 崔栩的软肋
2016-07-24 19:31:34,064 - app.origin - INFO - 已写入第七十七章 神秘礼物
2016-07-24 19:31:34,084 - app.origin - INFO - 已写入第七十八章 玄关
2016-07-24 19:31:34,104 - app.origin - INFO - 已写入第七十九章 符真真（求三江票）
2016-07-24 19:31:34,120 - app.origin - INFO - 已写入第八十章 孟奇的选择（求点击推荐三江票）
2016-07-24 19:31:34,137 - app.origin - INFO - 已写入第八十一章 刀
2016-07-24 19:31:34,154 - app.origin - INFO - 已写入第八十二章 质询
2016-07-24 19:31:34,173 - app.origin - INFO - 已写入第八十三章 处罚
2016-07-24 19:31:34,196 - app.origin - INFO - 已写入第一章 瀚海边缘
2016-07-24 19:31:34,215 - app.origin - INFO - 已写入第二章 哭老人
2016-07-24 19:31:34,233 - app.origin - INFO - 已写入第三章 “天灾”
2016-07-24 19:31:34,249 - app.origin - INFO - 已写入第四章 恶战
2016-07-24 19:31:34,267 - app.origin - INFO - 已写入第五章 戈壁茫茫
2016-07-24 19:31:34,284 - app.origin - INFO - 已写入第六章 反击
2016-07-24 19:31:34,302 - app.origin - INFO - 已写入第七章 冲穴
2016-07-24 19:31:34,318 - app.origin - INFO - 已写入第八章 真正的机会
2016-07-24 19:31:34,371 - app.origin - INFO - 已写入第九章 小伙伴们的主意（求点击求推荐）
2016-07-24 19:31:34,386 - app.origin - INFO - 已写入第十章 新“队友”（求点击求推荐）
2016-07-24 19:31:34,405 - app.origin - INFO - 已写入第十一章 风云庄
2016-07-24 19:31:34,423 - app.origin - INFO - 已写入第十二章 夜来
2016-07-24 19:31:40,630 - app.origin - ERROR - 连接或解析http://book.zongheng.com/showchapter/531956.html出错！
无法获取书籍章节信息。
Traceback (most recent call last):
  File "/home/fyb/codes/fanclley/app/origins/zonghengfree.py", line 33, in get_info
    self.authorname = soup.find('div', class_='tc txt').find('a').text
AttributeError: 'NoneType' object has no attribute 'find'
2016-07-24 19:31:40,631 - app.origin - ERROR - 从纵横中文网生成"一花一世界一叶一青莲\.txt"失败
Traceback (most recent call last):
  File "/home/fyb/codes/fanclley/app/origins/zonghengfree.py", line 65, in generate_txt
    file.write(r'% '+self.bookname+'\n'+r'% '+u'作者： '+self.authorname+r'\n% '+u'\n由fanclley推送。'+'\n\n')
AttributeError: Zonghengfree instance has no attribute 'authorname'
