2016-07-28 14:57:08,147 - app.origin - INFO - 诛仙31免费章节
2016-07-28 14:57:08,248 - app.origin - INFO - 已写入序章
2016-07-28 14:57:08,359 - app.origin - INFO - 已写入第一章 青云
2016-07-28 14:57:08,500 - app.origin - INFO - 已写入第二章 迷局
2016-07-28 14:57:08,618 - app.origin - INFO - 已写入第三章 宏愿
2016-07-28 14:57:08,731 - app.origin - INFO - 已写入第四章 惊变
2016-07-28 14:57:08,869 - app.origin - INFO - 已写入第五章 入门
2016-07-28 14:57:08,984 - app.origin - INFO - 已写入第六章 拜师
2016-07-28 14:57:09,097 - app.origin - INFO - 已写入第七章 初始
2016-07-28 14:57:09,211 - app.origin - INFO - 已写入第八章 传艺
2016-07-28 14:57:09,321 - app.origin - INFO - 已写入第九章 佛与道
2016-07-28 14:57:09,434 - app.origin - INFO - 已写入第十章 幽谷
2016-07-28 14:57:09,565 - app.origin - INFO - 已写入第十一章 异变
2016-07-28 14:57:09,676 - app.origin - INFO - 已写入第十二章 重逢
2016-07-28 14:57:09,791 - app.origin - INFO - 已写入第十三章 奇才
2016-07-28 14:57:09,909 - app.origin - INFO - 已写入第十四章 神通
2016-07-28 14:57:10,020 - app.origin - INFO - 已写入第十五章 私传
2016-07-28 14:57:10,137 - app.origin - INFO - 已写入第十六章 驱物
2016-07-28 14:57:10,281 - app.origin - INFO - 已写入第十七章 赴会
2016-07-28 14:57:11,459 - app.origin - INFO - 已写入第十八章 相逢
2016-07-28 14:57:11,587 - app.origin - INFO - 已写入第十九章 抽签
2016-07-28 14:57:11,721 - app.origin - INFO - 已写入第二十章 魔踪
2016-07-28 14:57:11,861 - app.origin - INFO - 已写入第二十一章 黑夜
2016-07-28 14:57:12,000 - app.origin - INFO - 已写入第二十二章 比试
2016-07-28 14:57:12,139 - app.origin - INFO - 已写入第二十三章 神剑
2016-07-28 14:57:12,304 - app.origin - INFO - 已写入第二十四章 意外
2016-07-28 14:57:12,419 - app.origin - INFO - 已写入第二十五章 运气
2016-07-28 14:57:12,571 - app.origin - INFO - 已写入第二十六章 自尊
2016-07-28 14:57:12,707 - app.origin - INFO - 已写入第二十七章 坚持
2016-07-28 14:57:16,001 - app.origin - INFO - 已写入第二十八章 前四
2016-07-28 14:57:16,171 - app.origin - INFO - 已写入第二十九章 奇术
2016-07-28 14:57:16,288 - app.origin - INFO - 已写入第三十章 怀疑
