2016-07-23 12:05:31,334 - app.origin - ERROR - 无法连接http://4g.if.qidian.com/Atom.axd/Api/Search/AutoComplete?key=明王,
无法获取起点中文网搜索结果。
Traceback (most recent call last):
  File "/home/fyb/codes/fanclley/app/origins/search.py", line 37, in search_Qidian
    search_list = json.loads(self.s.get(_searchapi).content)
  File "/home/fyb/venv27/local/lib/python2.7/site-packages/requests/sessions.py", line 473, in get
    return self.request('GET', url, **kwargs)
  File "/home/fyb/venv27/local/lib/python2.7/site-packages/requests/sessions.py", line 461, in request
    resp = self.send(prep, **send_kwargs)
  File "/home/fyb/venv27/local/lib/python2.7/site-packages/requests/sessions.py", line 573, in send
    r = adapter.send(request, **kwargs)
  File "/home/fyb/venv27/local/lib/python2.7/site-packages/requests/adapters.py", line 415, in send
    raise ConnectionError(err, request=request)
ConnectionError: ('Connection aborted.', gaierror(-2, 'Name or service not known'))
2016-07-23 12:05:51,428 - app.origin - ERROR - 无法连接http://pad.hongxiu.com/aspxnovellist/androidclient/androidclientsearch.aspx?method=store.search&kw=明王&&order=mvote&&page=1&&per_page=5&,
无法获取红袖添香搜索结果。
Traceback (most recent call last):
  File "/home/fyb/codes/fanclley/app/origins/search.py", line 63, in search_Hongxiu
    search_list = json.loads(self.s.get(_searchapi).content)
  File "/home/fyb/venv27/local/lib/python2.7/site-packages/requests/sessions.py", line 473, in get
    return self.request('GET', url, **kwargs)
  File "/home/fyb/venv27/local/lib/python2.7/site-packages/requests/sessions.py", line 461, in request
    resp = self.send(prep, **send_kwargs)
  File "/home/fyb/venv27/local/lib/python2.7/site-packages/requests/sessions.py", line 573, in send
    r = adapter.send(request, **kwargs)
  File "/home/fyb/venv27/local/lib/python2.7/site-packages/requests/adapters.py", line 415, in send
    raise ConnectionError(err, request=request)
ConnectionError: ('Connection aborted.', gaierror(-2, 'Name or service not known'))
2016-07-23 12:06:11,448 - app.origin - ERROR - 无法连接http://search.17k.com/h5/sl?q=明王&page=0&pageSize=5,
无法获取17K搜索结果。
Traceback (most recent call last):
  File "/home/fyb/codes/fanclley/app/origins/search.py", line 84, in search_17k
    search_list = json.loads(self.s.get(_searchapi).content)
  File "/home/fyb/venv27/local/lib/python2.7/site-packages/requests/sessions.py", line 473, in get
    return self.request('GET', url, **kwargs)
  File "/home/fyb/venv27/local/lib/python2.7/site-packages/requests/sessions.py", line 461, in request
    resp = self.send(prep, **send_kwargs)
  File "/home/fyb/venv27/local/lib/python2.7/site-packages/requests/sessions.py", line 573, in send
    r = adapter.send(request, **kwargs)
  File "/home/fyb/venv27/local/lib/python2.7/site-packages/requests/adapters.py", line 415, in send
    raise ConnectionError(err, request=request)
ConnectionError: ('Connection aborted.', gaierror(-2, 'Name or service not known'))
2016-07-23 12:06:31,467 - app.origin - ERROR - 无法连接http://search.zongheng.com/search/all/明王/1.html,
无法获取纵横搜索结果。
Traceback (most recent call last):
  File "/home/fyb/codes/fanclley/app/origins/search.py", line 105, in search_zongheng
    res = self.s.get(url).text
  File "/home/fyb/venv27/local/lib/python2.7/site-packages/requests/sessions.py", line 473, in get
    return self.request('GET', url, **kwargs)
  File "/home/fyb/venv27/local/lib/python2.7/site-packages/requests/sessions.py", line 461, in request
    resp = self.send(prep, **send_kwargs)
  File "/home/fyb/venv27/local/lib/python2.7/site-packages/requests/sessions.py", line 573, in send
    r = adapter.send(request, **kwargs)
  File "/home/fyb/venv27/local/lib/python2.7/site-packages/requests/adapters.py", line 415, in send
    raise ConnectionError(err, request=request)
ConnectionError: ('Connection aborted.', gaierror(-2, 'Name or service not known'))
2016-07-23 12:07:18,678 - app.origin - ERROR - 无法连接http://4g.if.qidian.com/Atom.axd/Api/Search/AutoComplete?key=王,
无法获取起点中文网搜索结果。
Traceback (most recent call last):
  File "/home/fyb/codes/fanclley/app/origins/search.py", line 37, in search_Qidian
    search_list = json.loads(self.s.get(_searchapi).content)
  File "/home/fyb/venv27/local/lib/python2.7/site-packages/requests/sessions.py", line 473, in get
    return self.request('GET', url, **kwargs)
  File "/home/fyb/venv27/local/lib/python2.7/site-packages/requests/sessions.py", line 461, in request
    resp = self.send(prep, **send_kwargs)
  File "/home/fyb/venv27/local/lib/python2.7/site-packages/requests/sessions.py", line 573, in send
    r = adapter.send(request, **kwargs)
  File "/home/fyb/venv27/local/lib/python2.7/site-packages/requests/adapters.py", line 415, in send
    raise ConnectionError(err, request=request)
ConnectionError: ('Connection aborted.', gaierror(-2, 'Name or service not known'))
2016-07-23 12:07:38,698 - app.origin - ERROR - 无法连接http://pad.hongxiu.com/aspxnovellist/androidclient/androidclientsearch.aspx?method=store.search&kw=王&&order=mvote&&page=1&&per_page=5&,
无法获取红袖添香搜索结果。
Traceback (most recent call last):
  File "/home/fyb/codes/fanclley/app/origins/search.py", line 63, in search_Hongxiu
    search_list = json.loads(self.s.get(_searchapi).content)
  File "/home/fyb/venv27/local/lib/python2.7/site-packages/requests/sessions.py", line 473, in get
    return self.request('GET', url, **kwargs)
  File "/home/fyb/venv27/local/lib/python2.7/site-packages/requests/sessions.py", line 461, in request
    resp = self.send(prep, **send_kwargs)
  File "/home/fyb/venv27/local/lib/python2.7/site-packages/requests/sessions.py", line 573, in send
    r = adapter.send(request, **kwargs)
  File "/home/fyb/venv27/local/lib/python2.7/site-packages/requests/adapters.py", line 415, in send
    raise ConnectionError(err, request=request)
ConnectionError: ('Connection aborted.', gaierror(-2, 'Name or service not known'))
2016-07-23 12:08:27,695 - app.origin - ERROR - 无法连接http://4g.if.qidian.com/Atom.axd/Api/Search/AutoComplete?key=明,
无法获取起点中文网搜索结果。
Traceback (most recent call last):
  File "/home/fyb/codes/fanclley/app/origins/search.py", line 37, in search_Qidian
    search_list = json.loads(self.s.get(_searchapi).content)
  File "/home/fyb/venv27/local/lib/python2.7/site-packages/requests/sessions.py", line 473, in get
    return self.request('GET', url, **kwargs)
  File "/home/fyb/venv27/local/lib/python2.7/site-packages/requests/sessions.py", line 461, in request
    resp = self.send(prep, **send_kwargs)
  File "/home/fyb/venv27/local/lib/python2.7/site-packages/requests/sessions.py", line 573, in send
    r = adapter.send(request, **kwargs)
  File "/home/fyb/venv27/local/lib/python2.7/site-packages/requests/adapters.py", line 415, in send
    raise ConnectionError(err, request=request)
ConnectionError: ('Connection aborted.', gaierror(-2, 'Name or service not known'))
2016-07-23 12:08:47,712 - app.origin - ERROR - 无法连接http://pad.hongxiu.com/aspxnovellist/androidclient/androidclientsearch.aspx?method=store.search&kw=明&&order=mvote&&page=1&&per_page=5&,
无法获取红袖添香搜索结果。
Traceback (most recent call last):
  File "/home/fyb/codes/fanclley/app/origins/search.py", line 63, in search_Hongxiu
    search_list = json.loads(self.s.get(_searchapi).content)
  File "/home/fyb/venv27/local/lib/python2.7/site-packages/requests/sessions.py", line 473, in get
    return self.request('GET', url, **kwargs)
  File "/home/fyb/venv27/local/lib/python2.7/site-packages/requests/sessions.py", line 461, in request
    resp = self.send(prep, **send_kwargs)
  File "/home/fyb/venv27/local/lib/python2.7/site-packages/requests/sessions.py", line 573, in send
    r = adapter.send(request, **kwargs)
  File "/home/fyb/venv27/local/lib/python2.7/site-packages/requests/adapters.py", line 415, in send
    raise ConnectionError(err, request=request)
ConnectionError: ('Connection aborted.', gaierror(-2, 'Name or service not known'))
2016-07-23 12:09:07,731 - app.origin - ERROR - 无法连接http://search.17k.com/h5/sl?q=明&page=0&pageSize=5,
无法获取17K搜索结果。
Traceback (most recent call last):
  File "/home/fyb/codes/fanclley/app/origins/search.py", line 84, in search_17k
    search_list = json.loads(self.s.get(_searchapi).content)
  File "/home/fyb/venv27/local/lib/python2.7/site-packages/requests/sessions.py", line 473, in get
    return self.request('GET', url, **kwargs)
  File "/home/fyb/venv27/local/lib/python2.7/site-packages/requests/sessions.py", line 461, in request
    resp = self.send(prep, **send_kwargs)
  File "/home/fyb/venv27/local/lib/python2.7/site-packages/requests/sessions.py", line 573, in send
    r = adapter.send(request, **kwargs)
  File "/home/fyb/venv27/local/lib/python2.7/site-packages/requests/adapters.py", line 415, in send
    raise ConnectionError(err, request=request)
ConnectionError: ('Connection aborted.', gaierror(-2, 'Name or service not known'))
2016-07-23 12:09:52,949 - app.origin - ERROR - 无法连接http://4g.if.qidian.com/Atom.axd/Api/Search/AutoComplete?key=明王,
无法获取起点中文网搜索结果。
Traceback (most recent call last):
  File "/home/fyb/codes/fanclley/app/origins/search.py", line 37, in search_Qidian
    search_list = json.loads(self.s.get(_searchapi).content)
  File "/home/fyb/venv27/local/lib/python2.7/site-packages/requests/sessions.py", line 473, in get
    return self.request('GET', url, **kwargs)
  File "/home/fyb/venv27/local/lib/python2.7/site-packages/requests/sessions.py", line 461, in request
    resp = self.send(prep, **send_kwargs)
  File "/home/fyb/venv27/local/lib/python2.7/site-packages/requests/sessions.py", line 573, in send
    r = adapter.send(request, **kwargs)
  File "/home/fyb/venv27/local/lib/python2.7/site-packages/requests/adapters.py", line 415, in send
    raise ConnectionError(err, request=request)
ConnectionError: ('Connection aborted.', gaierror(-2, 'Name or service not known'))
2016-07-23 12:10:12,973 - app.origin - ERROR - 无法连接http://pad.hongxiu.com/aspxnovellist/androidclient/androidclientsearch.aspx?method=store.search&kw=明王&&order=mvote&&page=1&&per_page=5&,
无法获取红袖添香搜索结果。
Traceback (most recent call last):
  File "/home/fyb/codes/fanclley/app/origins/search.py", line 63, in search_Hongxiu
    search_list = json.loads(self.s.get(_searchapi).content)
  File "/home/fyb/venv27/local/lib/python2.7/site-packages/requests/sessions.py", line 473, in get
    return self.request('GET', url, **kwargs)
  File "/home/fyb/venv27/local/lib/python2.7/site-packages/requests/sessions.py", line 461, in request
    resp = self.send(prep, **send_kwargs)
  File "/home/fyb/venv27/local/lib/python2.7/site-packages/requests/sessions.py", line 573, in send
    r = adapter.send(request, **kwargs)
  File "/home/fyb/venv27/local/lib/python2.7/site-packages/requests/adapters.py", line 415, in send
    raise ConnectionError(err, request=request)
ConnectionError: ('Connection aborted.', gaierror(-2, 'Name or service not known'))
2016-07-23 12:47:57,283 - app.origin - ERROR - 无法连接http://4g.if.qidian.com/Atom.axd/Api/Search/AutoComplete?key=之,
无法获取起点中文网搜索结果。
Traceback (most recent call last):
  File "/home/fyb/codes/fanclley/app/origins/search.py", line 37, in search_Qidian
    search_list = json.loads(self.s.get(_searchapi).content)
  File "/home/fyb/venv27/local/lib/python2.7/site-packages/requests/sessions.py", line 473, in get
    return self.request('GET', url, **kwargs)
  File "/home/fyb/venv27/local/lib/python2.7/site-packages/requests/sessions.py", line 461, in request
    resp = self.send(prep, **send_kwargs)
  File "/home/fyb/venv27/local/lib/python2.7/site-packages/requests/sessions.py", line 573, in send
    r = adapter.send(request, **kwargs)
  File "/home/fyb/venv27/local/lib/python2.7/site-packages/requests/adapters.py", line 415, in send
    raise ConnectionError(err, request=request)
ConnectionError: ('Connection aborted.', BadStatusLine("''",))
2016-07-23 13:51:13,710 - app.origin - INFO - 起点中文网未找到包含关键字"白月"的小说
2016-07-23 14:52:42,252 - app.origin - INFO - 已获取"沐晨之曦"信息。
2016-07-23 14:52:42,343 - app.origin - INFO - 沐晨之曦20免费章节
2016-07-23 14:52:42,939 - app.origin - INFO - 已写入作品相关介绍_最后一次了我的读者们
2016-07-23 14:52:43,478 - app.origin - INFO - 已写入正文_楔子·强者梦
2016-07-23 14:52:44,062 - app.origin - INFO - 已写入正文_第一章 是天才？唯一的光系（上）
2016-07-23 14:52:44,698 - app.origin - INFO - 已写入正文_第一章 是天才？唯一的光系（下）
2016-07-23 14:52:45,278 - app.origin - INFO - 已写入正文_第二章 血澜认主，奇怪的女孩（1）
2016-07-23 14:52:45,917 - app.origin - INFO - 已写入正文_第二章 血澜认主，奇怪的女孩（2）
2016-07-23 14:52:46,547 - app.origin - INFO - 已写入正文_第二章 血澜认主，奇怪的女孩（3）
2016-07-23 14:52:47,077 - app.origin - INFO - 已写入正文_第三章 晴栀与沐瓶，驯兽师的强大（1）
2016-07-23 14:52:47,731 - app.origin - INFO - 已写入正文_第三章 晴栀与沐瓶，驯兽师的强大（2）
2016-07-23 14:52:48,312 - app.origin - INFO - 已写入正文_第三章 晴栀与沐瓶，驯兽师的强大（3）
2016-07-23 14:52:48,885 - app.origin - INFO - 已写入正文_第四章 月曦战沐塔，晨曦宗成立（1）
2016-07-23 14:52:49,490 - app.origin - INFO - 已写入正文_第四章 月曦战沐塔，晨曦宗成立(2)
2016-07-23 14:52:50,075 - app.origin - INFO - 已写入正文_第四章 月曦战沐塔，晨曦宗成立(3)
2016-07-23 14:52:50,701 - app.origin - INFO - 已写入正文_第五章 鬼兽杀潮；天水血潭（1）
2016-07-23 14:52:51,254 - app.origin - INFO - 已写入正文_第五章 鬼兽杀潮，天水血潭（2）
2016-07-23 14:52:51,813 - app.origin - INFO - 已写入正文_第五章 鬼兽杀潮，天水血潭（3）
2016-07-23 14:52:52,410 - app.origin - INFO - 已写入正文_第六章 上古预言；明宗袭来（1）
2016-07-23 14:52:52,638 - app.origin - ERROR - 无法获取http://book.zongheng.com/chapter/562378/31064104.html的章节内容。
Traceback (most recent call last):
  File "/home/fyb/codes/fanclley/app/origins/zonghengfree.py", line 51, in get_singel_novel
    res = self.s.get(url).content
  File "/home/fyb/venv27/local/lib/python2.7/site-packages/requests/sessions.py", line 473, in get
    return self.request('GET', url, **kwargs)
  File "/home/fyb/venv27/local/lib/python2.7/site-packages/requests/sessions.py", line 461, in request
    resp = self.send(prep, **send_kwargs)
  File "/home/fyb/venv27/local/lib/python2.7/site-packages/requests/sessions.py", line 610, in send
    r.content
  File "/home/fyb/venv27/local/lib/python2.7/site-packages/requests/models.py", line 728, in content
    self._content = bytes().join(self.iter_content(CONTENT_CHUNK_SIZE)) or bytes()
  File "/home/fyb/venv27/local/lib/python2.7/site-packages/requests/models.py", line 656, in generate
    raise ChunkedEncodingError(e)
ChunkedEncodingError: ('Connection broken: IncompleteRead(6497 bytes read)', IncompleteRead(6497 bytes read))
2016-07-23 14:52:52,681 - app.origin - INFO - 已写入正文_第六章 上古预言；明宗袭来（2）
2016-07-23 14:52:53,220 - app.origin - INFO - 已写入正文_第六章 上古预言；明宗袭来（3）
2016-07-23 14:52:53,820 - app.origin - INFO - 已写入正文_第七章  突围；暗明结盟（1）
2016-07-23 14:53:04,265 - app.origin - ERROR - 从起点中文网生成"白玉楼中剑\.txt"失败
Traceback (most recent call last):
  File "/home/fyb/codes/fanclley/app/origins/qidianfree.py", line 57, in generate_txt
    file.write(self.bookname+'\n'+u'作者： '+self.authorname+u'\n由fanclley推送。'+'\n\n')
AttributeError: QidianFree instance has no attribute 'authorname'
2016-07-23 14:53:10,862 - app.origin - ERROR - 从起点中文网生成"明瓦\.txt"失败
Traceback (most recent call last):
  File "/home/fyb/codes/fanclley/app/origins/qidianfree.py", line 57, in generate_txt
    file.write(self.bookname+'\n'+u'作者： '+self.authorname+u'\n由fanclley推送。'+'\n\n')
AttributeError: QidianFree instance has no attribute 'authorname'
2016-07-23 14:54:57,727 - app.origin - INFO - 已获取"暖婚蜜爱，容先生是爱妻控"书籍信息
2016-07-23 14:54:57,772 - app.origin - INFO - 已写入第001章 初见，她不争气的流鼻血了
2016-07-23 14:54:57,813 - app.origin - INFO - 已写入第002章 承僅，你到底喜欢什么样的女人
2016-07-23 14:54:57,852 - app.origin - INFO - 已写入第003章 紧张，在看到他的每一次
2016-07-23 14:54:57,893 - app.origin - INFO - 已写入第004章 生日，胭胭送我什么？
2016-07-23 14:54:57,965 - app.origin - INFO - 已写入第005章 难得，他有愿意说话的人
2016-07-23 14:54:58,018 - app.origin - INFO - 已写入第006章 心魔，无处不在的可怕
2016-07-23 14:54:58,067 - app.origin - INFO - 已写入第007章 嫉妒，烧毁了全部的理智
2016-07-23 14:54:58,112 - app.origin - INFO - 已写入第008章 秦钰，你别碰我
2016-07-23 14:54:58,155 - app.origin - INFO - 已写入第009章 他怕，他的胭胭再也不理他
2016-07-23 14:54:58,194 - app.origin - INFO - 已写入第010章 傅胭，把你的手给我
2016-07-23 14:54:58,235 - app.origin - INFO - 已写入第011章 真冷，冷的不能再冷的笑话
2016-07-23 14:54:58,283 - app.origin - INFO - 已写入第012章 我们，没办法再好好儿的了
2016-07-23 14:54:58,335 - app.origin - INFO - 已写入第013章 心软，她到底还是爱他
2016-07-23 14:54:58,382 - app.origin - INFO - 已写入第014章 想念，她对他撒娇的样子
2016-07-23 14:54:58,423 - app.origin - INFO - 已写入第015章 傅胭，那个让人欢喜的女孩儿啊
2016-07-23 14:54:58,483 - app.origin - INFO - 已写入第016章 完了，你们俩彻底的完了
2016-07-23 14:54:58,522 - app.origin - INFO - 已写入第017章 秦钰，别让我看不起你
2016-07-23 14:54:58,562 - app.origin - INFO - 已写入第018章 那人，等待的却已经别的女孩儿
2016-07-23 14:54:58,612 - app.origin - INFO - 已写入第019章 公平，不过是谁弱谁有理
2016-07-23 14:54:58,659 - app.origin - INFO - 已写入第020章 以后，她不会再来了
2016-07-23 14:54:58,697 - app.origin - INFO - 已写入第021章 醉酒，被他揽入怀中
2016-07-23 14:54:58,745 - app.origin - INFO - 已写入第022章 无奈，对这个耍脾气的小姑娘
2016-07-23 14:54:58,783 - app.origin - INFO - 已写入第023章 该死，又是那个小动作
2016-07-23 14:54:58,824 - app.origin - INFO - 已写入第024章 房间，温度在渐渐升高
2016-07-23 14:54:58,865 - app.origin - INFO - 已写入第025章 重遇，明晃晃的爱慕
2016-07-23 14:54:58,902 - app.origin - INFO - 已写入第026章 想起，那一夜总是旖旎
2016-07-23 14:54:58,950 - app.origin - INFO - 已写入第027章 炫耀，在有意无意之中
2016-07-23 14:54:58,987 - app.origin - INFO - 已写入第028章 伏低，希冀将他化为绕指柔
2016-07-23 14:54:59,033 - app.origin - INFO - 已写入第029章 以为，秦钰还在她的身边
2016-07-23 14:54:59,069 - app.origin - INFO - 已写入第30章 她们，还能若无其事的做好姐妹？
2016-07-23 14:54:59,106 - app.origin - INFO - 已写入第031章 道谢，也该请我吃饭吧
2016-07-23 14:54:59,143 - app.origin - INFO - 已写入第032章 心动，在初次见到他那一刻
2016-07-23 14:54:59,184 - app.origin - INFO - 已写入第033章 哄她，原来也很简单
2016-07-23 14:54:59,224 - app.origin - INFO - 已写入第034章 总裁，都是这样的坏脾气
2016-07-23 14:54:59,264 - app.origin - INFO - 已写入第035章 胭胭，他有女朋友吗？
2016-07-23 14:54:59,314 - app.origin - INFO - 已写入第036章 说吧，你让我怎么帮
2016-07-23 14:54:59,360 - app.origin - INFO - 已写入第037章 听说，你最近看上一个女人
2016-07-23 14:54:59,399 - app.origin - INFO - 已写入第038章 动怒，你怎么会有我的电话！
2016-07-23 14:54:59,438 - app.origin - INFO - 已写入第039章 躁动，不只是因为炎夏
2016-07-23 14:54:59,500 - app.origin - INFO - 已写入第040章 见面，她乖乖叫一声容叔叔
2016-07-23 14:54:59,548 - app.origin - INFO - 已写入第041章 心动，半是女孩儿半是女人的妩媚
2016-07-23 14:54:59,594 - app.origin - INFO - 已写入第042章 吻她，与每一场绮梦里的画面重叠
2016-07-23 14:54:59,637 - app.origin - INFO - 已写入第043章 傅胭，你把我当成什么人了？
2016-07-23 14:54:59,679 - app.origin - INFO - 已写入第044章 秦钰，谁说我会伤害她？
2016-07-23 14:54:59,725 - app.origin - INFO - 已写入第045章 时光，一去不复返
2016-07-23 14:54:59,767 - app.origin - INFO - 已写入第046章 嘲讽，你如今还不配
2016-07-23 14:54:59,828 - app.origin - INFO - 已写入第047章 尴尬，可她全都一一忍下
2016-07-23 14:54:59,871 - app.origin - INFO - 已写入第048章 打算，彻底了断和她的关系
2016-07-23 14:54:59,913 - app.origin - INFO - 已写入第049章 你说，你想不想从此做人上人？
2016-07-23 14:54:59,953 - app.origin - INFO - 已写入第050章 还好，她并不是一无所有
2016-07-23 14:55:00,180 - app.origin - INFO - 已写入第051章 她笑，她会依然明媚如初
2016-07-23 14:55:00,220 - app.origin - INFO - 已写入第052章 晕眩，她握住了那个人伸出的手
2016-07-23 14:55:00,258 - app.origin - INFO - 已写入第053章 找她，总是担心她会吃亏
2016-07-23 14:55:00,299 - app.origin - INFO - 已写入第054章 光芒，他是最耀眼的存在
2016-07-23 14:55:00,336 - app.origin - INFO - 已写入第055章 动怒，亲手将她抱入怀中
2016-07-23 14:55:00,394 - app.origin - INFO - 已写入第056章 卑鄙，从未想过她是这样的人
2016-07-23 14:55:00,442 - app.origin - INFO - 已写入第057章 想要，想要更多更多清凉
2016-07-23 14:55:00,484 - app.origin - INFO - 已写入第058章 亲吻，这一次是她主动……
2016-07-23 14:55:00,525 - app.origin - INFO - 已写入第059章 他笑，那是春水初皱一样的惊艳
2016-07-23 14:55:00,564 - app.origin - INFO - 已写入第060章 也好，那就保持距离吧
2016-07-23 14:55:00,604 - app.origin - INFO - 已写入第061章 以后，他们大约再不会见
2016-07-23 14:55:00,650 - app.origin - INFO - 已写入第062章 失落，电话那端不是他的声音
2016-07-23 14:55:00,690 - app.origin - INFO - 已写入第063章 难受，明明这就是她想要的结果啊
2016-07-23 14:55:00,738 - app.origin - INFO - 已写入第064章 千里，想念的却是她的眉眼如画
2016-07-23 14:55:00,788 - app.origin - INFO - 已写入第065章 惊变，温暖的家一夕破碎
2016-07-23 14:55:00,833 - app.origin - INFO - 已写入第066章 成长，在最残酷的经历之后
2016-07-23 14:55:00,879 - app.origin - INFO - 已写入第067章 认罪，她不知该如何是好
2016-07-23 14:55:00,922 - app.origin - INFO - 已写入第068章 晚宴，她孤注一掷的要抓住这个机会
2016-07-23 14:55:00,968 - app.origin - INFO - 已写入第069章 羞辱，在最孤立无援的那一刻
2016-07-23 14:55:01,009 - app.origin - INFO - 已写入第070章 视线，只定格在人群之中那个小小的她
2016-07-23 14:55:13,558 - app.origin - INFO - 起点中文网未找到包含关键字"鼓"的小说
2016-07-23 14:55:18,728 - app.origin - ERROR - 从17K生成"凤鼓朝凰\.txt"失败
Traceback (most recent call last):
  File "/home/fyb/codes/fanclley/app/origins/seventeenfree.py", line 57, in generate_txt
    file.write(self.bookname + '\n' + u'作者： ' + self.authorname + u'\n由fanclley推送。' + '\n\n')
AttributeError: Seventeenfree instance has no attribute 'authorname'
2016-07-23 14:55:29,772 - app.origin - INFO - 起点中文网未找到包含关键字"鼓"的小说
2016-07-23 14:55:34,158 - app.origin - INFO - 已获取"错爱：惹上冰山总裁（大结局）"书籍信息
2016-07-23 14:55:34,264 - app.origin - INFO - 已写入1 离奇的春梦
2016-07-23 14:55:34,316 - app.origin - INFO - 已写入2 只一眼，就沦陷
2016-07-23 14:55:34,364 - app.origin - INFO - 已写入3 夜半琴声
2016-07-23 14:55:34,414 - app.origin - INFO - 已写入4  楚少寒的眼泪
2016-07-23 14:55:34,464 - app.origin - INFO - 已写入5 那房子闹鬼
2016-07-23 14:55:34,509 - app.origin - INFO - 已写入6  他在笑，很危险
2016-07-23 14:55:34,556 - app.origin - INFO - 已写入7  宝贝不乖
2016-07-23 14:55:34,606 - app.origin - INFO - 已写入8 那个变态
2016-07-23 14:55:34,653 - app.origin - INFO - 已写入9 是谁阴魂不散
2016-07-23 14:55:34,703 - app.origin - INFO - 已写入10 微微一笑很倾城
2016-07-23 14:55:34,771 - app.origin - INFO - 已写入11 不要诱.惑我
2016-07-23 14:55:34,824 - app.origin - INFO - 已写入12  当心你漂亮的手指
2016-07-23 14:55:34,877 - app.origin - INFO - 已写入13  哪里来的小妖精
2016-07-23 14:55:34,930 - app.origin - INFO - 已写入14 没打算原谅你
2016-07-23 14:55:34,975 - app.origin - INFO - 已写入15 我怎么舍得呢
2016-07-23 14:55:35,082 - app.origin - INFO - 已写入16  做情人一定很拉风
2016-07-23 14:55:35,137 - app.origin - INFO - 已写入17  不要想太美
2016-07-23 14:55:35,179 - app.origin - INFO - 已写入18  奋不顾身勾引他
2016-07-23 14:55:35,228 - app.origin - INFO - 已写入19  春梦更荒唐
2016-07-23 14:55:35,275 - app.origin - INFO - 已写入20 我不是软柿子
2016-07-23 14:55:35,325 - app.origin - INFO - 已写入21  我死定了吗
2016-07-23 14:55:35,374 - app.origin - INFO - 已写入22  他的愤怒
2016-07-23 14:55:35,426 - app.origin - INFO - 已写入23  他的疯狂
2016-07-23 14:55:35,480 - app.origin - INFO - 已写入24  她的绝望
2016-07-23 14:55:35,527 - app.origin - INFO - 已写入25  她不见了
2016-07-23 14:55:35,575 - app.origin - INFO - 已写入26 竟然敢生病
2016-07-23 14:55:35,617 - app.origin - INFO - 已写入27 向你宣战
2016-07-23 14:55:35,665 - app.origin - INFO - 已写入28 太傻太天真
2016-07-23 14:55:35,715 - app.origin - INFO - 已写入29  偏不放过你
2016-07-23 14:55:35,757 - app.origin - INFO - 已写入30  寒寒，我的寒寒
2016-07-23 14:55:35,804 - app.origin - INFO - 已写入31  那些往事
2016-07-23 14:55:35,852 - app.origin - INFO - 已写入32  没人疼的孩子
2016-07-23 14:55:35,899 - app.origin - INFO - 已写入33 一夜惊变
2016-07-23 14:55:35,950 - app.origin - INFO - 已写入34  在我身边好不好
2016-07-23 14:55:36,007 - app.origin - INFO - 已写入35 他坐在寂寞里
2016-07-23 14:55:36,069 - app.origin - INFO - 已写入36  温柔的蛊惑
2016-07-23 14:55:36,124 - app.origin - INFO - 已写入37  不想见到你
2016-07-23 14:55:36,169 - app.origin - INFO - 已写入38  真的很像吗
2016-07-23 14:55:36,214 - app.origin - INFO - 已写入39   如果是兄妹
2016-07-23 14:55:36,265 - app.origin - INFO - 已写入40  终于找到你了
2016-07-23 14:55:36,315 - app.origin - INFO - 已写入41 你可以叫我忆
2016-07-23 14:55:36,365 - app.origin - INFO - 已写入42  神秘S.T.
2016-07-23 14:55:36,420 - app.origin - INFO - 已写入43 不平等条约
2016-07-23 14:55:36,475 - app.origin - INFO - 已写入44  亲爱的万人迷
2016-07-23 14:55:36,523 - app.origin - INFO - 已写入45  骗子VS公主
2016-07-23 14:55:36,585 - app.origin - INFO - 已写入46   原来你也在这里
2016-07-23 14:55:36,636 - app.origin - INFO - 已写入47  花样美男一朵朵
2016-07-23 14:55:36,677 - app.origin - INFO - 已写入48  最好你是Gay
2016-07-23 14:55:36,718 - app.origin - INFO - 已写入49  不能说的秘密
2016-07-23 14:55:36,765 - app.origin - INFO - 已写入50  冰山也疯狂
2016-07-23 14:55:36,807 - app.origin - INFO - 已写入51  恶魔也温柔
2016-07-23 14:55:36,856 - app.origin - INFO - 已写入52  意乱情迷
2016-07-23 14:55:36,905 - app.origin - INFO - 已写入53  疑似情敌
2016-07-23 14:55:36,952 - app.origin - INFO - 已写入54  琢磨不透
2016-07-23 14:55:36,998 - app.origin - INFO - 已写入55 纠缠不休
2016-07-23 14:55:37,045 - app.origin - INFO - 已写入56  因为有你
2016-07-23 14:55:37,109 - app.origin - INFO - 已写入57  男朋友
2016-07-23 14:55:37,183 - app.origin - INFO - 已写入58  怕你哭泣
2016-07-23 14:55:37,230 - app.origin - INFO - 已写入59  恶魔在召唤
2016-07-23 14:55:37,285 - app.origin - INFO - 已写入60   专职司机
2016-07-23 14:55:37,331 - app.origin - INFO - 已写入61  成心找茬
2016-07-23 14:55:37,379 - app.origin - INFO - 已写入62  现场直播
2016-07-23 14:55:37,429 - app.origin - INFO - 已写入63  变态的折磨
2016-07-23 14:55:37,476 - app.origin - INFO - 已写入64  耻辱的快感
2016-07-23 14:55:37,526 - app.origin - INFO - 已写入65  用幸福触摸忧伤
2016-07-23 14:55:37,576 - app.origin - INFO - 已写入66  冰山爆发
2016-07-23 14:55:37,621 - app.origin - INFO - 已写入67  痛死活该
2016-07-23 14:55:37,670 - app.origin - INFO - 已写入68  不许推开我
2016-07-23 14:55:37,716 - app.origin - INFO - 已写入69  你喂我就吃
2016-07-23 14:55:37,776 - app.origin - INFO - 已写入70  不要离开我
2016-07-23 14:55:37,827 - app.origin - INFO - 已写入71  突然翻脸
2016-07-23 14:55:37,871 - app.origin - INFO - 已写入72  有本事就掐死我
2016-07-23 14:55:37,925 - app.origin - INFO - 已写入73  我马上就滚
2016-07-23 14:55:37,977 - app.origin - INFO - 已写入74  是我欺负她
2016-07-23 14:55:38,048 - app.origin - INFO - 已写入75  再也不敢了
2016-07-23 14:55:38,107 - app.origin - INFO - 已写入76  看着我的眼睛
2016-07-23 14:55:38,158 - app.origin - INFO - 已写入77  决堤的泪海
2016-07-23 14:55:38,207 - app.origin - INFO - 已写入78  穿过你的黑发我的手
2016-07-23 14:55:38,260 - app.origin - INFO - 已写入79  宠得让人看不下去
2016-07-23 14:55:38,309 - app.origin - INFO - 已写入80  诡异的冷淡
2016-07-23 14:55:38,352 - app.origin - INFO - 已写入81  不检点的行为
2016-07-23 14:55:38,412 - app.origin - INFO - 已写入82  玩腻的玩具
2016-07-23 14:55:38,457 - app.origin - INFO - 已写入83 流言飞语
2016-07-23 14:55:38,519 - app.origin - INFO - 已写入84 故伎重演
2016-07-23 14:55:38,568 - app.origin - INFO - 已写入85  玩点新花样
2016-07-23 14:55:46,230 - app.origin - ERROR - 无法连接http://4g.if.qidian.com/Atom.axd/Api/Search/AutoComplete?key=展,
无法获取起点中文网搜索结果。
Traceback (most recent call last):
  File "/home/fyb/codes/fanclley/app/origins/search.py", line 37, in search_Qidian
    search_list = json.loads(self.s.get(_searchapi).content)
  File "/usr/lib/python2.7/json/__init__.py", line 338, in loads
    return _default_decoder.decode(s)
  File "/usr/lib/python2.7/json/decoder.py", line 366, in decode
    obj, end = self.raw_decode(s, idx=_w(s, 0).end())
  File "/usr/lib/python2.7/json/decoder.py", line 384, in raw_decode
    raise ValueError("No JSON object could be decoded")
ValueError: No JSON object could be decoded
2016-07-23 14:55:49,982 - app.origin - INFO - 已获取"重生之彼岸花开"信息。
2016-07-23 14:55:49,983 - app.origin - INFO - 重生之彼岸花开99免费章节
2016-07-23 14:55:50,635 - app.origin - INFO - 已写入今天，我差点遇着你
2016-07-23 14:55:51,164 - app.origin - INFO - 已写入那些快乐而忧伤的童年
2016-07-23 14:55:51,670 - app.origin - INFO - 已写入如果爱真是一阵风
2016-07-23 14:55:52,205 - app.origin - INFO - 已写入珍惜眼前人
2016-07-23 14:55:52,762 - app.origin - INFO - 已写入序章
2016-07-23 14:55:53,346 - app.origin - INFO - 已写入我的时间旅行者朋友
2016-07-23 14:55:53,909 - app.origin - INFO - 已写入总有一种力量让我们泪流满面
2016-07-23 14:55:54,577 - app.origin - INFO - 已写入来不及——《八月照相馆》
2016-07-23 14:55:55,125 - app.origin - INFO - 已写入首卷结束语
2016-07-23 14:55:55,627 - app.origin - INFO - 已写入看到很多人催更，特此说明一下
2016-07-23 14:55:56,125 - app.origin - INFO - 已写入说几句话
2016-07-23 14:55:56,579 - app.origin - INFO - 已写入今晚更新估计会比较晚
2016-07-23 14:55:57,099 - app.origin - INFO - 已写入请假一天
2016-07-23 14:55:57,598 - app.origin - INFO - 已写入给大家道歉了
2016-07-23 14:55:58,219 - app.origin - INFO - 已写入第一章 木槿花开
2016-07-23 14:55:58,808 - app.origin - INFO - 已写入第二章 唐倩
2016-07-23 14:55:59,384 - app.origin - INFO - 已写入第三章 心动的感觉
2016-07-23 14:55:59,980 - app.origin - INFO - 已写入第四章 真的爱你
2016-07-23 14:56:00,569 - app.origin - INFO - 已写入第五章 我叫张勋
2016-07-23 14:56:01,244 - app.origin - INFO - 已写入第六章 除了你我谁都不嫁
2016-07-23 14:56:01,963 - app.origin - INFO - 已写入第七章 我喜欢你
2016-07-23 14:56:02,549 - app.origin - INFO - 已写入第八章 六班的那些人和事儿
2016-07-23 14:56:03,101 - app.origin - INFO - 已写入第九章 要你负责到底
2016-07-23 14:56:03,692 - app.origin - INFO - 已写入第一〇章 原来拳皇可以这样玩（上）
2016-07-23 14:56:04,514 - app.origin - INFO - 已写入第一一章 原来拳皇可以这样玩（下）
2016-07-23 14:56:05,141 - app.origin - INFO - 已写入第一二章 难题
2016-07-23 14:56:05,780 - app.origin - INFO - 已写入第一三章 我相信你
2016-07-23 14:56:06,376 - app.origin - INFO - 已写入第一四章 陪你一起看晚霞
2016-07-23 14:56:06,962 - app.origin - INFO - 已写入第一五章 邻家有女初长成
2016-07-23 14:56:07,594 - app.origin - INFO - 已写入第一六章 还价的学问
2016-07-23 14:56:08,327 - app.origin - INFO - 已写入第一七章 预言
2016-07-23 14:56:08,886 - app.origin - INFO - 已写入第一八章 将军网吧
2016-07-23 14:56:09,532 - app.origin - INFO - 已写入第一九章 登将军山（上）
2016-07-23 14:56:10,206 - app.origin - INFO - 已写入第二〇章 登将军山（中）
2016-07-23 14:56:10,364 - app.origin - ERROR - 从起点中文网生成"纨绔才子\.txt"失败
Traceback (most recent call last):
  File "/home/fyb/codes/fanclley/app/origins/qidianfree.py", line 57, in generate_txt
    file.write(self.bookname+'\n'+u'作者： '+self.authorname+u'\n由fanclley推送。'+'\n\n')
AttributeError: QidianFree instance has no attribute 'authorname'
2016-07-23 14:56:10,754 - app.origin - INFO - 已写入第二一章 登将军山（下）
2016-07-23 14:56:11,340 - app.origin - INFO - 已写入第二二章 冲冠一怒为红颜（上）
2016-07-23 14:56:12,023 - app.origin - INFO - 已写入第二三章 冲冠一怒为红颜（下）
2016-07-23 14:56:12,651 - app.origin - INFO - 已写入第二四章 被抓壮丁了
2016-07-23 14:56:13,225 - app.origin - INFO - 已写入第二五章 球场上的暧昧事件
2016-07-23 14:56:13,836 - app.origin - INFO - 已写入第二六章 考试造英雄
2016-07-23 14:56:14,428 - app.origin - INFO - 已写入第二七章 心动
2016-07-23 14:56:15,338 - app.origin - INFO - 已写入第二八章 牵手
2016-07-23 14:56:15,972 - app.origin - INFO - 已写入第二九章 赌约
2016-07-23 14:56:16,607 - app.origin - INFO - 已写入第三〇章 巴蜀夜雨急
2016-07-23 14:56:17,316 - app.origin - INFO - 已写入第三一章 共剪西窗烛
2016-07-23 14:56:18,199 - app.origin - INFO - 已写入第三二章 早就不安好心
2016-07-23 14:56:18,818 - app.origin - INFO - 已写入第三三章 握手言和
2016-07-23 14:56:19,450 - app.origin - INFO - 已写入第三四章 胜出
2016-07-23 14:56:20,033 - app.origin - INFO - 已写入第三五章 学法语的英语老师
2016-07-23 14:56:20,633 - app.origin - INFO - 已写入第三六章 在食堂
2016-07-23 14:56:21,173 - app.origin - INFO - 已写入第三七章 图书管里的风花雪月（上）
2016-07-23 14:56:21,765 - app.origin - INFO - 已写入第三八章 图书馆里的风花雪月（下）
2016-07-23 14:56:22,335 - app.origin - INFO - 已写入第三九章 梦魇
2016-07-23 14:56:22,928 - app.origin - INFO - 已写入第四〇章 十二进六（上）
2016-07-23 14:56:23,512 - app.origin - INFO - 已写入第四一章 十二进六（下）
2016-07-23 14:56:24,098 - app.origin - INFO - 已写入第四二章 去省城（上）
2016-07-23 14:56:24,669 - app.origin - INFO - 已写入第四三章 去省城（中）
2016-07-23 14:56:25,459 - app.origin - INFO - 已写入第四四章 去省城（下）
2016-07-23 14:56:26,125 - app.origin - INFO - 已写入第四五章 似水流年
2016-07-23 14:56:26,673 - app.origin - INFO - 已写入第四六章 陪你去看流星雨（上）
2016-07-23 14:56:27,249 - app.origin - INFO - 已写入第四七章 陪你去看流星雨（中）
2016-07-23 14:56:27,776 - app.origin - INFO - 已写入第四八章 陪你去看流星雨（下）
2016-07-23 14:56:28,357 - app.origin - INFO - 已写入第四九章 万事俱备
2016-07-23 14:56:28,975 - app.origin - INFO - 已写入第五〇章 食堂杀人事件
2016-07-23 14:56:29,553 - app.origin - INFO - 已写入第五一章 刀锋
2016-07-23 14:56:30,192 - app.origin - INFO - 已写入第五二章 如此校医
2016-07-23 14:56:30,833 - app.origin - INFO - 已写入第五三章 高校长
2016-07-23 14:56:31,387 - app.origin - INFO - 已写入第五四章 护犊子的姑姑
2016-07-23 14:56:31,965 - app.origin - INFO - 已写入第五五章 把屁股撅起来
2016-07-23 14:56:32,607 - app.origin - INFO - 已写入第五六章 只是好朋友？
2016-07-23 14:56:33,195 - app.origin - INFO - 已写入第五七章 你还好吗？
2016-07-23 14:56:34,658 - app.origin - INFO - 已写入第五八章 吃啥补啥
2016-07-23 14:56:36,216 - app.origin - INFO - 已写入第五九章 对不起
2016-07-23 14:56:36,819 - app.origin - INFO - 已写入第六〇章 再起波澜
2016-07-23 14:56:37,458 - app.origin - INFO - 已写入第六一章 开业
2016-07-23 14:56:38,114 - app.origin - INFO - 已写入第六二章 谁是老板
2016-07-23 14:56:38,796 - app.origin - INFO - 已写入第六三章 酒楼？赌场？
2016-07-23 14:56:39,418 - app.origin - INFO - 已写入第六十四章 三娘
2016-07-23 14:56:40,090 - app.origin - INFO - 已写入第六五章 一生相伴
2016-07-23 14:56:40,800 - app.origin - INFO - 已写入第六六章 讲台上的李炀
2016-07-23 14:56:41,474 - app.origin - INFO - 已写入第六七章 我这是怎么了
2016-07-23 14:56:42,125 - app.origin - INFO - 已写入第六八章 再见杨光
2016-07-23 14:56:42,811 - app.origin - INFO - 已写入第六九章 调解
2016-07-23 14:56:43,437 - app.origin - INFO - 已写入第七〇章 你就是一个王八蛋
2016-07-23 14:56:43,999 - app.origin - INFO - 已写入第七一章 收信快乐（上）
2016-07-23 14:56:44,702 - app.origin - INFO - 已写入第七二章 收信快乐（下）
2016-07-23 14:56:45,281 - app.origin - INFO - 已写入第七三章 你伤不起
2016-07-23 14:56:45,977 - app.origin - INFO - 已写入第七四章 元旦
2016-07-23 14:56:46,576 - app.origin - INFO - 已写入第七五章 在路上
2016-07-23 14:56:47,170 - app.origin - INFO - 已写入第七六章 亲一下
2016-07-23 14:56:47,782 - app.origin - INFO - 已写入第七七章 重温
2016-07-23 14:56:48,391 - app.origin - INFO - 已写入第七八章 老军医
2016-07-23 14:56:48,984 - app.origin - INFO - 已写入第七九章 凤凰于飞
2016-07-23 14:56:49,613 - app.origin - INFO - 已写入第八〇章 不许偷看啊
2016-07-23 14:56:50,186 - app.origin - INFO - 已写入第八一章 呆子
2016-07-23 14:56:50,814 - app.origin - INFO - 已写入第八二章 九阴白骨爪
2016-07-23 14:56:51,457 - app.origin - INFO - 已写入第八三章 离堆
2016-07-23 14:56:52,140 - app.origin - INFO - 已写入第八四章 沈潜刚克
2016-07-23 14:56:52,816 - app.origin - INFO - 已写入第八五章 各奔天涯
2016-07-23 15:33:47,355 - app.origin - INFO - 汉武晨曦58免费章节
2016-07-23 15:33:47,549 - app.origin - INFO - 已写入第一章 身在何处？
2016-07-23 15:33:48,684 - app.origin - INFO - 已写入第二章 迷蒙雨中
2016-07-23 15:33:48,760 - app.origin - INFO - 已写入第三章 青青子吟
2016-07-23 15:33:48,987 - app.origin - INFO - 已写入第四章 魂归汉武
2016-07-23 15:33:49,079 - app.origin - INFO - 已写入第五章 分析缘由
2016-07-23 15:33:49,303 - app.origin - INFO - 已写入第六章 清醒之后
2016-07-23 15:33:49,390 - app.origin - INFO - 已写入第七章 阿娇之惑
2016-07-23 15:33:50,472 - app.origin - INFO - 已写入第八章 贵族骄傲
2016-07-23 15:33:50,575 - app.origin - INFO - 已写入第九章 夫人智谋
2016-07-23 15:33:50,666 - app.origin - INFO - 已写入第十章 雨中请罪
2016-07-23 15:33:50,909 - app.origin - INFO - 已写入第十一章 阿娇之谋
2016-07-23 15:33:50,984 - app.origin - INFO - 已写入第十二章 金屋为证
2016-07-23 15:33:51,075 - app.origin - INFO - 已写入第十三章 别样夫妻
2016-07-23 15:33:51,403 - app.origin - INFO - 已写入第十四章 表哥表妹
2016-07-23 15:33:51,480 - app.origin - INFO - 已写入第十五章 长乐宫中
2016-07-23 15:33:51,585 - app.origin - INFO - 已写入第十六章 婆媳之间（上）
2016-07-23 15:33:51,680 - app.origin - INFO - 已写入第十七章 婆媳之间（下）
2016-07-23 15:33:51,785 - app.origin - INFO - 已写入第十八章 温玉长子
2016-07-23 15:33:51,897 - app.origin - INFO - 已写入第十九章 就此抹平？（加更）
2016-07-23 15:33:52,065 - app.origin - INFO - 已写入第二十章 如此皇后
2016-07-23 15:33:52,157 - app.origin - INFO - 已写入第二十一章 清晨趣事
2016-07-23 15:33:52,263 - app.origin - INFO - 已写入第二十二章 诡异皇子
2016-07-23 15:33:52,347 - app.origin - ERROR - 无法获取http://4g.if.qidian.com/Atom.axd/Api/Book/GetContent?BookId=1906319&ChapterId=32112526的章节内容。
Traceback (most recent call last):
  File "/home/fyb/codes/fanclley/app/origins/qidianfree.py", line 49, in get_singel_novel
    _novel = json.loads(self.s.get(_novel_api).content)['Data']
  File "/usr/lib/python2.7/json/__init__.py", line 338, in loads
    return _default_decoder.decode(s)
  File "/usr/lib/python2.7/json/decoder.py", line 366, in decode
    obj, end = self.raw_decode(s, idx=_w(s, 0).end())
  File "/usr/lib/python2.7/json/decoder.py", line 384, in raw_decode
    raise ValueError("No JSON object could be decoded")
ValueError: No JSON object could be decoded
2016-07-23 15:33:52,362 - app.origin - INFO - 已写入第二十三章 众多美人
2016-07-23 15:33:52,463 - app.origin - INFO - 已写入第二十四章 拜谒皇后
2016-07-23 15:33:52,557 - app.origin - INFO - 已写入第二十六章 父女出巡（加更）
2016-07-23 15:33:52,644 - app.origin - INFO - 已写入第二十七章 又是表哥
2016-07-23 15:33:52,795 - app.origin - INFO - 已写入第二十八章 卫子夫现
2016-07-23 15:33:52,988 - app.origin - INFO - 已写入第二十九章 蝴蝶翅膀
2016-07-23 15:33:53,076 - app.origin - INFO - 已写入第三十章 有迹可循
2016-07-23 15:33:53,159 - app.origin - INFO - 已写入第三十一章 观念差异
2016-07-23 15:33:53,302 - app.origin - INFO - 已写入第三十二章 嫖姚校尉
2016-07-23 15:33:53,672 - app.origin - INFO - 已写入第三十三章 暗影浮动
2016-07-23 15:33:53,767 - app.origin - INFO - 已写入第三十四章 意外发生
2016-07-23 15:33:54,075 - app.origin - INFO - 已写入第三十五章 不知所踪
2016-07-23 15:33:54,176 - app.origin - INFO - 已写入第三十六章 落难迷途（加更）
2016-07-23 15:33:54,368 - app.origin - INFO - 已写入第三十七章 艰难前行
2016-07-23 15:33:54,474 - app.origin - INFO - 已写入第三十八章 快去快回
2016-07-23 15:33:55,005 - app.origin - INFO - 已写入第三十九章 一生对手
2016-07-23 15:33:55,090 - app.origin - INFO - 已写入第四十章 阿娇刘彻
2016-07-23 15:33:55,186 - app.origin - INFO - 已写入第四十一章 与生俱来
2016-07-23 15:33:55,273 - app.origin - INFO - 已写入第四十二章 打消疑虑
2016-07-23 15:33:55,774 - app.origin - INFO - 已写入第四十三章 昔恩今怨
2016-07-23 15:33:55,854 - app.origin - INFO - 已写入第四十四章 断尾求生
2016-07-23 15:33:55,939 - app.origin - INFO - 已写入第四十五章 棋子命运
2016-07-23 15:33:56,034 - app.origin - INFO - 已写入第四十六章 不会甘心
2016-07-23 15:33:56,128 - app.origin - INFO - 已写入第四十七章 暗中布局
2016-07-23 15:33:56,214 - app.origin - INFO - 已写入第四十八章 略施小计
2016-07-23 15:33:56,297 - app.origin - INFO - 已写入第四十九章 喧嚣热闹
2016-07-23 15:33:56,383 - app.origin - INFO - 已写入第五十章 帝后相抗
2016-07-23 15:33:56,475 - app.origin - INFO - 已写入第五十一章 分道扬镳
2016-07-23 15:33:56,559 - app.origin - INFO - 已写入第五十二章 刘彻设套
2016-07-23 15:33:56,722 - app.origin - INFO - 已写入第五十三章 封子为王
2016-07-23 15:33:56,814 - app.origin - INFO - 已写入第五十四章 帝王多情
2016-07-23 15:33:56,899 - app.origin - INFO - 已写入第五十五章 甘泉烽火（一）
2016-07-23 15:33:56,980 - app.origin - INFO - 已写入第五十六章 甘泉烽火（二）
2016-07-23 15:33:57,064 - app.origin - INFO - 已写入上架感言
2016-07-23 15:33:57,177 - app.origin - INFO - 已写入开坑公告
2016-07-23 15:33:57,289 - app.origin - INFO - 已写入开坑公告
2016-07-23 15:34:05,849 - app.origin - INFO - 晨分线61免费章节
2016-07-23 15:34:05,935 - app.origin - INFO - 已写入第一章  黑暗前夕
2016-07-23 15:34:06,016 - app.origin - INFO - 已写入第二章  幸存者
2016-07-23 15:34:06,083 - app.origin - INFO - 已写入第三章  沉睡森林
2016-07-23 15:34:06,170 - app.origin - INFO - 已写入第四章  南偏西35°
2016-07-23 15:34:06,223 - app.origin - INFO - 已写入第五章  尸变
2016-07-23 15:34:06,285 - app.origin - INFO - 已写入第六章  女孩的诡异故事
2016-07-23 15:34:06,336 - app.origin - INFO - 已写入第七章  沟壑
2016-07-23 15:34:06,398 - app.origin - INFO - 已写入第八章  活植物
2016-07-23 15:34:06,457 - app.origin - INFO - 已写入第九章  枪
2016-07-23 15:34:06,523 - app.origin - INFO - 已写入第十章  高烧
2016-07-23 15:34:06,586 - app.origin - INFO - 已写入第十一章  威胁
2016-07-23 15:34:06,650 - app.origin - INFO - 已写入第十二章  粉色曼陀罗
2016-07-23 15:34:06,712 - app.origin - INFO - 已写入第十三章  陷阱
2016-07-23 15:34:06,784 - app.origin - INFO - 已写入第十四章  雷雨
2016-07-23 15:34:06,846 - app.origin - INFO - 已写入第十五章 毒蝎
2016-07-23 15:34:06,914 - app.origin - INFO - 已写入第十六章 狂蟒之灾
2016-07-23 15:34:06,975 - app.origin - INFO - 已写入第十七章 绑架
2016-07-23 15:34:07,039 - app.origin - INFO - 已写入第十八章 营地的记号
2016-07-23 15:34:07,096 - app.origin - INFO - 已写入第十九章 一路向南
2016-07-23 15:34:07,153 - app.origin - INFO - 已写入第二十章 蛇穴
2016-07-23 15:34:07,211 - app.origin - INFO - 已写入第二十一章 地龙
2016-07-23 15:34:07,273 - app.origin - INFO - 已写入第二十二章 死敌
2016-07-23 15:34:07,317 - app.origin - INFO - 已写入第二十三章 绝境
2016-07-23 15:34:07,364 - app.origin - INFO - 已写入第二十四章 决斗！
2016-07-23 15:34:07,429 - app.origin - INFO - 已写入第二十五章 墓穴
2016-07-23 15:34:07,487 - app.origin - INFO - 已写入第二十六章 蛇墓
2016-07-23 15:34:07,543 - app.origin - INFO - 已写入第二十七章  溶洞
2016-07-23 15:34:07,598 - app.origin - INFO - 已写入第二十八章  空间
2016-07-23 15:34:07,652 - app.origin - INFO - 已写入第二十九章 深入
2016-07-23 15:34:07,702 - app.origin - INFO - 已写入第三十章 孵化室
2016-07-23 15:34:07,758 - app.origin - INFO - 已写入第三十一章 谈判
2016-07-23 15:34:07,823 - app.origin - INFO - 已写入第三十二章 筹码
2016-07-23 15:34:07,888 - app.origin - INFO - 已写入第三十三章 一线生机
2016-07-23 15:34:07,943 - app.origin - INFO - 已写入第三十四章 甬道迷走
2016-07-23 15:34:08,002 - app.origin - INFO - 已写入第三十五章 断桥彼岸
2016-07-23 15:34:08,063 - app.origin - INFO - 已写入第三十六章 永远的遗憾
2016-07-23 15:34:08,122 - app.origin - INFO - 已写入第三十七章 英雄末路
2016-07-23 15:34:08,185 - app.origin - INFO - 已写入第三十八章 劫后重逢
2016-07-23 15:34:08,243 - app.origin - INFO - 已写入第三十九章 同伴？
2016-07-23 15:34:08,302 - app.origin - INFO - 已写入第四十章 驱逐
2016-07-23 15:34:08,363 - app.origin - INFO - 已写入第四十一章 强势主义
2016-07-23 15:34:08,422 - app.origin - INFO - 已写入第四十二章 一丝希望
2016-07-23 15:34:08,485 - app.origin - INFO - 已写入第四十三章 于绝望中重生
2016-07-23 15:34:08,538 - app.origin - INFO - 已写入第四十四章 殉道者
2016-07-23 15:34:08,587 - app.origin - INFO - 已写入第四十五章 埋葬
2016-07-23 15:34:08,644 - app.origin - INFO - 已写入第四十六章 地平线以下
2016-07-23 15:34:08,705 - app.origin - INFO - 已写入第四十七章 抹杀
2016-07-23 15:34:08,761 - app.origin - INFO - 已写入第四十八章 雪山瀑布
2016-07-23 15:34:08,815 - app.origin - INFO - 已写入第四十九章 诡蛇浮雕
2016-07-23 15:34:08,871 - app.origin - INFO - 已写入第五十章 汉代石楼
2016-07-23 15:34:08,925 - app.origin - INFO - 已写入第五十一章 海市蜃楼
2016-07-23 15:34:08,982 - app.origin - INFO - 已写入第五十二章 浮川之下
2016-07-23 15:34:09,028 - app.origin - INFO - 已写入第五十三章 忘川（上）
2016-07-23 15:34:09,088 - app.origin - INFO - 已写入第五十四章 忘川（下）
2016-07-23 15:34:09,141 - app.origin - INFO - 已写入第五十五章 狩猎者
2016-07-23 15:34:09,192 - app.origin - INFO - 已写入第五十六章 伏雷（上）
2016-07-23 15:34:09,243 - app.origin - INFO - 已写入第五十七章 伏雷（中）
2016-07-23 15:34:09,285 - app.origin - INFO - 已写入第五十八章 伏雷（下）
2016-07-23 15:34:09,326 - app.origin - INFO - 已写入第五十九章 悲情的杀戮
2016-07-23 15:34:09,385 - app.origin - INFO - 已写入第六十章 再别挚爱（季中大结局）
2016-07-23 15:34:09,423 - app.origin - INFO - 已写入通知
2016-07-23 15:52:31,091 - app.origin - ERROR - 无法连接http://search.17k.com/h5/sl?q=诛仙&page=0&pageSize=5,
无法获取17K搜索结果。
Traceback (most recent call last):
  File "/home/fyb/codes/fanclley/app/origins/search.py", line 86, in search_17k
    search_list = json.loads(self.s.get(_searchapi).content)
  File "/usr/lib/python2.7/json/__init__.py", line 338, in loads
    return _default_decoder.decode(s)
  File "/usr/lib/python2.7/json/decoder.py", line 366, in decode
    obj, end = self.raw_decode(s, idx=_w(s, 0).end())
  File "/usr/lib/python2.7/json/decoder.py", line 384, in raw_decode
    raise ValueError("No JSON object could be decoded")
ValueError: No JSON object could be decoded
2016-07-23 15:52:35,625 - app.origin - INFO - 诛仙31免费章节
2016-07-23 15:52:35,709 - app.origin - INFO - 已写入序章
2016-07-23 15:52:35,833 - app.origin - INFO - 已写入第一章 青云
2016-07-23 15:52:35,953 - app.origin - INFO - 已写入第二章 迷局
2016-07-23 15:52:36,072 - app.origin - INFO - 已写入第三章 宏愿
2016-07-23 15:52:36,153 - app.origin - INFO - 已写入第四章 惊变
2016-07-23 15:52:36,252 - app.origin - INFO - 已写入第五章 入门
2016-07-23 15:52:36,366 - app.origin - INFO - 已写入第六章 拜师
2016-07-23 15:52:36,457 - app.origin - INFO - 已写入第七章 初始
2016-07-23 15:52:36,573 - app.origin - INFO - 已写入第八章 传艺
2016-07-23 15:52:36,662 - app.origin - INFO - 已写入第九章 佛与道
2016-07-23 15:52:36,744 - app.origin - INFO - 已写入第十章 幽谷
2016-07-23 15:52:36,958 - app.origin - INFO - 已写入第十一章 异变
2016-07-23 15:52:37,042 - app.origin - INFO - 已写入第十二章 重逢
2016-07-23 15:52:37,122 - app.origin - INFO - 已写入第十三章 奇才
2016-07-23 15:52:37,231 - app.origin - INFO - 已写入第十四章 神通
2016-07-23 15:52:37,489 - app.origin - INFO - 已写入第十五章 私传
2016-07-23 15:52:37,598 - app.origin - INFO - 已写入第十六章 驱物
2016-07-23 15:52:37,723 - app.origin - INFO - 已写入第十七章 赴会
2016-07-23 15:52:37,814 - app.origin - INFO - 已写入第十八章 相逢
2016-07-23 15:52:37,952 - app.origin - INFO - 已写入第十九章 抽签
2016-07-23 15:52:38,055 - app.origin - INFO - 已写入第二十章 魔踪
2016-07-23 15:52:38,146 - app.origin - INFO - 已写入第二十一章 黑夜
2016-07-23 15:52:38,234 - app.origin - INFO - 已写入第二十二章 比试
2016-07-23 15:52:38,334 - app.origin - INFO - 已写入第二十三章 神剑
2016-07-23 15:52:38,491 - app.origin - INFO - 已写入第二十四章 意外
2016-07-23 15:52:38,618 - app.origin - INFO - 已写入第二十五章 运气
2016-07-23 15:52:38,722 - app.origin - INFO - 已写入第二十六章 自尊
2016-07-23 15:52:38,813 - app.origin - INFO - 已写入第二十七章 坚持
2016-07-23 15:52:38,905 - app.origin - INFO - 已写入第二十八章 前四
2016-07-23 15:52:39,021 - app.origin - INFO - 已写入第二十九章 奇术
2016-07-23 15:52:39,113 - app.origin - INFO - 已写入第三十章 怀疑
2016-07-23 15:53:40,438 - app.origin - INFO - 诛仙31免费章节
2016-07-23 15:53:40,544 - app.origin - ERROR - 无法获取http://4g.if.qidian.com/Atom.axd/Api/Book/GetContent?BookId=2019&ChapterId=42440的章节内容。
Traceback (most recent call last):
  File "/home/fyb/codes/fanclley/app/origins/qidianfree.py", line 51, in get_singel_novel
    _novel = json.loads(self.s.get(_novel_api).content)['Data']
  File "/usr/lib/python2.7/json/__init__.py", line 338, in loads
    return _default_decoder.decode(s)
  File "/usr/lib/python2.7/json/decoder.py", line 366, in decode
    obj, end = self.raw_decode(s, idx=_w(s, 0).end())
  File "/usr/lib/python2.7/json/decoder.py", line 384, in raw_decode
    raise ValueError("No JSON object could be decoded")
ValueError: No JSON object could be decoded
2016-07-23 15:53:40,627 - app.origin - INFO - 已写入序章
2016-07-23 15:53:40,741 - app.origin - INFO - 已写入第一章 青云
2016-07-23 15:53:40,834 - app.origin - INFO - 已写入第二章 迷局
2016-07-23 15:53:40,943 - app.origin - INFO - 已写入第三章 宏愿
2016-07-23 15:53:41,067 - app.origin - INFO - 已写入第四章 惊变
2016-07-23 15:53:41,177 - app.origin - INFO - 已写入第五章 入门
2016-07-23 15:53:41,593 - app.origin - INFO - 已写入第六章 拜师
2016-07-23 15:53:41,693 - app.origin - INFO - 已写入第七章 初始
2016-07-23 15:53:41,820 - app.origin - INFO - 已写入第八章 传艺
2016-07-23 15:53:41,939 - app.origin - INFO - 已写入第九章 佛与道
2016-07-23 15:53:42,073 - app.origin - INFO - 已写入第十章 幽谷
2016-07-23 15:53:42,190 - app.origin - INFO - 已写入第十一章 异变
2016-07-23 15:53:42,307 - app.origin - INFO - 已写入第十二章 重逢
2016-07-23 15:53:42,443 - app.origin - INFO - 已写入第十三章 奇才
2016-07-23 15:53:42,569 - app.origin - INFO - 已写入第十四章 神通
2016-07-23 15:53:42,676 - app.origin - INFO - 已写入第十五章 私传
2016-07-23 15:53:42,785 - app.origin - INFO - 已写入第十六章 驱物
2016-07-23 15:53:42,900 - app.origin - INFO - 已写入第十七章 赴会
2016-07-23 15:53:42,997 - app.origin - INFO - 已写入第十八章 相逢
2016-07-23 15:53:43,147 - app.origin - INFO - 已写入第十九章 抽签
2016-07-23 15:53:43,246 - app.origin - INFO - 已写入第二十章 魔踪
2016-07-23 15:53:43,313 - app.origin - INFO - 已写入第二十一章 黑夜
2016-07-23 15:53:43,403 - app.origin - ERROR - 无法获取http://4g.if.qidian.com/Atom.axd/Api/Book/GetContent?BookId=2019&ChapterId=117116的章节内容。
Traceback (most recent call last):
  File "/home/fyb/codes/fanclley/app/origins/qidianfree.py", line 51, in get_singel_novel
    _novel = json.loads(self.s.get(_novel_api).content)['Data']
  File "/usr/lib/python2.7/json/__init__.py", line 338, in loads
    return _default_decoder.decode(s)
  File "/usr/lib/python2.7/json/decoder.py", line 366, in decode
    obj, end = self.raw_decode(s, idx=_w(s, 0).end())
  File "/usr/lib/python2.7/json/decoder.py", line 384, in raw_decode
    raise ValueError("No JSON object could be decoded")
ValueError: No JSON object could be decoded
2016-07-23 15:53:43,404 - app.origin - INFO - 已写入第二十二章 比试
2016-07-23 15:53:43,727 - app.origin - INFO - 已写入第二十三章 神剑
2016-07-23 15:53:43,862 - app.origin - INFO - 已写入第二十四章 意外
2016-07-23 15:53:44,039 - app.origin - INFO - 已写入第二十五章 运气
2016-07-23 15:53:44,403 - app.origin - INFO - 已写入第二十六章 自尊
2016-07-23 15:53:44,558 - app.origin - INFO - 已写入第二十七章 坚持
2016-07-23 15:53:44,683 - app.origin - INFO - 已写入第二十八章 前四
2016-07-23 15:53:44,797 - app.origin - INFO - 已写入第二十九章 奇术
2016-07-23 15:53:44,945 - app.origin - INFO - 已写入第三十章 怀疑
2016-07-23 15:56:27,327 - app.origin - INFO - 诛仙31免费章节
2016-07-23 15:56:27,469 - app.origin - INFO - 已写入序章
2016-07-23 15:56:27,626 - app.origin - INFO - 已写入第一章 青云
2016-07-23 15:56:27,752 - app.origin - INFO - 已写入第二章 迷局
2016-07-23 15:56:27,937 - app.origin - INFO - 已写入第三章 宏愿
2016-07-23 15:56:29,061 - app.origin - INFO - 已写入第四章 惊变
2016-07-23 15:56:29,330 - app.origin - INFO - 已写入第五章 入门
2016-07-23 15:56:29,455 - app.origin - INFO - 已写入第六章 拜师
2016-07-23 15:56:29,602 - app.origin - INFO - 已写入第七章 初始
2016-07-23 15:56:29,734 - app.origin - INFO - 已写入第八章 传艺
2016-07-23 15:56:29,915 - app.origin - INFO - 已写入第九章 佛与道
2016-07-23 15:56:30,060 - app.origin - INFO - 已写入第十章 幽谷
2016-07-23 15:56:30,191 - app.origin - INFO - 已写入第十一章 异变
2016-07-23 15:56:30,372 - app.origin - INFO - 已写入第十二章 重逢
2016-07-23 15:56:30,516 - app.origin - INFO - 已写入第十三章 奇才
2016-07-23 15:56:30,758 - app.origin - INFO - 已写入第十四章 神通
2016-07-23 15:56:31,995 - app.origin - INFO - 已写入第十五章 私传
2016-07-23 15:56:35,271 - app.origin - INFO - 已写入第十六章 驱物
2016-07-23 15:56:35,392 - app.origin - INFO - 已写入第十七章 赴会
2016-07-23 15:56:35,538 - app.origin - INFO - 已写入第十八章 相逢
2016-07-23 15:56:35,646 - app.origin - INFO - 已写入第十九章 抽签
2016-07-23 15:56:35,791 - app.origin - INFO - 已写入第二十章 魔踪
2016-07-23 15:56:35,952 - app.origin - INFO - 已写入第二十一章 黑夜
2016-07-23 15:56:36,366 - app.origin - INFO - 已写入第二十二章 比试
2016-07-23 15:56:36,519 - app.origin - INFO - 已写入第二十三章 神剑
2016-07-23 15:56:36,641 - app.origin - INFO - 已写入第二十四章 意外
2016-07-23 15:56:36,832 - app.origin - INFO - 已写入第二十五章 运气
2016-07-23 15:56:37,187 - app.origin - INFO - 已写入第二十六章 自尊
2016-07-23 15:56:37,339 - app.origin - INFO - 已写入第二十七章 坚持
2016-07-23 15:56:37,596 - app.origin - INFO - 已写入第二十八章 前四
2016-07-23 15:56:37,880 - app.origin - INFO - 已写入第二十九章 奇术
2016-07-23 15:56:38,027 - app.origin - INFO - 已写入第三十章 怀疑
2016-07-23 15:58:04,481 - app.origin - INFO - 已写入序章
2016-07-23 15:58:04,799 - app.origin - INFO - 已写入第一章 青云
2016-07-23 15:58:05,095 - app.origin - INFO - 已写入第二章 迷局
2016-07-23 15:58:05,263 - app.origin - INFO - 已写入第三章 宏愿
2016-07-23 15:58:05,544 - app.origin - INFO - 已写入第四章 惊变
2016-07-23 15:58:05,689 - app.origin - INFO - 已写入第五章 入门
2016-07-23 15:58:05,848 - app.origin - INFO - 已写入第六章 拜师
2016-07-23 15:58:06,020 - app.origin - INFO - 已写入第七章 初始
2016-07-23 15:58:06,289 - app.origin - INFO - 已写入第八章 传艺
2016-07-23 15:58:07,467 - app.origin - INFO - 已写入第九章 佛与道
2016-07-23 15:58:07,875 - app.origin - INFO - 已写入第十章 幽谷
2016-07-23 15:58:08,020 - app.origin - INFO - 已写入第十一章 异变
2016-07-23 15:58:08,383 - app.origin - INFO - 已写入第十二章 重逢
2016-07-23 15:58:08,731 - app.origin - INFO - 已写入第十三章 奇才
2016-07-23 15:58:08,893 - app.origin - INFO - 已写入第十四章 神通
2016-07-23 15:58:09,067 - app.origin - INFO - 已写入第十五章 私传
2016-07-23 15:58:09,272 - app.origin - INFO - 已写入第十六章 驱物
2016-07-23 15:58:09,447 - app.origin - INFO - 已写入第十七章 赴会
2016-07-23 15:58:09,634 - app.origin - INFO - 已写入第十八章 相逢
2016-07-23 15:58:09,843 - app.origin - INFO - 已写入第十九章 抽签
2016-07-23 15:58:11,086 - app.origin - INFO - 已写入第二十章 魔踪
2016-07-23 15:58:11,233 - app.origin - INFO - 已写入第二十一章 黑夜
2016-07-23 15:58:11,403 - app.origin - INFO - 已写入第二十二章 比试
2016-07-23 15:58:11,576 - app.origin - INFO - 已写入第二十三章 神剑
2016-07-23 15:58:11,724 - app.origin - INFO - 已写入第二十四章 意外
2016-07-23 15:58:11,863 - app.origin - INFO - 已写入第二十五章 运气
2016-07-23 15:58:12,047 - app.origin - INFO - 已写入第二十六章 自尊
2016-07-23 15:58:12,200 - app.origin - INFO - 已写入第二十七章 坚持
2016-07-23 15:58:12,376 - app.origin - INFO - 已写入第二十八章 前四
2016-07-23 15:58:12,523 - app.origin - INFO - 已写入第二十九章 奇术
2016-07-23 15:58:12,753 - app.origin - INFO - 已写入第三十章 怀疑
2016-07-23 22:34:18,893 - app.origin - INFO - 起点中文网未找到包含关键字"踢出个未来"的小说
2016-07-23 22:34:19,245 - app.origin - INFO - 红袖添香未找到包含关键字"踢出个未来"的小说
2016-07-23 22:34:37,739 - app.origin - INFO - 起点中文网未找到包含关键字"踢出个未来"的小说
2016-07-23 22:34:37,917 - app.origin - INFO - 红袖添香未找到包含关键字"踢出个未来"的小说
2016-07-23 22:34:40,498 - app.origin - INFO - 已获取"踢出个未来"信息。
2016-07-23 22:34:40,499 - app.origin - INFO - 踢出个未来112免费章节
2016-07-23 22:34:41,177 - app.origin - INFO - 已写入作者结婚啦，断更三天，5.20恢复
2016-07-23 22:34:41,776 - app.origin - INFO - 已写入第一章  梦至欧洲足球之巅
2016-07-23 22:34:42,457 - app.origin - INFO - 已写入第二章 陆止于此，海始于斯
2016-07-23 22:34:43,053 - app.origin - INFO - 已写入第三章 传奇初相逢
2016-07-23 22:34:43,752 - app.origin - INFO - 已写入第四章 告知天下
2016-07-23 22:34:44,453 - app.origin - INFO - 已写入第五章 命悬一线
2016-07-23 22:34:45,209 - app.origin - INFO - 已写入第六章 存亡边缘
2016-07-23 22:34:46,074 - app.origin - INFO - 已写入第七章 意气风发
2016-07-23 22:34:46,822 - app.origin - INFO - 已写入第八章 谈梦想的人
2016-07-23 22:34:47,443 - app.origin - INFO - 已写入第九章 挺进决赛
2016-07-23 22:34:48,106 - app.origin - INFO - 已写入第十章 破碎
2016-07-23 22:34:48,756 - app.origin - INFO - 已写入第十一章 重新开始
2016-07-23 22:34:49,324 - app.origin - INFO - 已写入第十二章  酒后失言
2016-07-23 22:34:50,114 - app.origin - INFO - 已写入第十三章 善良的人在互相伤害
2016-07-23 22:34:50,840 - app.origin - INFO - 已写入第十四章 情怀落地
2016-07-23 22:34:51,556 - app.origin - INFO - 已写入第十五章 南方姑娘
2016-07-23 22:34:52,415 - app.origin - INFO - 已写入第十六章 梦想新起航（求收藏）
2016-07-23 22:34:53,319 - app.origin - INFO - 已写入第十七章 认输
2016-07-23 22:34:54,216 - app.origin - INFO - 已写入第十八章 去欧洲看球？
2016-07-23 22:34:54,972 - app.origin - INFO - 已写入第十九章 25万英镑！！
2016-07-23 22:34:55,611 - app.origin - INFO - 已写入第二十章 大布局
2016-07-23 22:34:56,579 - app.origin - INFO - 已写入第二十一章 签约未来
2016-07-23 22:34:57,371 - app.origin - INFO - 已写入第二十二章  激战！！！
2016-07-23 22:34:58,050 - app.origin - INFO - 已写入第二十三章  智慧的碰撞！
2016-07-23 22:34:58,720 - app.origin - INFO - 已写入第二十四章 改革！
2016-07-23 22:34:59,376 - app.origin - INFO - 已写入第二十五章 去英超试训？
2016-07-23 22:35:00,044 - app.origin - INFO - 已写入第二十六章 造星运动
2016-07-23 22:35:00,784 - app.origin - INFO - 已写入第二十七章 失控
2016-07-23 22:35:01,441 - app.origin - INFO - 已写入第二十八章 奇怪的父亲
2016-07-23 22:35:02,079 - app.origin - INFO - 已写入第二十八章 和解
2016-07-23 22:35:04,411 - app.origin - INFO - 已写入第二十九章 爆炸性新闻
2016-07-23 22:35:05,142 - app.origin - INFO - 已写入第三十章 天才！天才！天才！
2016-07-23 22:35:05,730 - app.origin - INFO - 已写入第三十一章 上当
2016-07-23 22:35:06,444 - app.origin - INFO - 已写入第三十二章 把球传给三秒后的自己
2016-07-23 22:35:07,060 - app.origin - INFO - 已写入第三十三章 成为世界最佳主教练
2016-07-23 22:35:07,753 - app.origin - INFO - 已写入第三十四章 奇怪来客
2016-07-23 22:35:08,388 - app.origin - INFO - 已写入第三十五章 拉赞助商
2016-07-23 22:35:09,155 - app.origin - INFO - 已写入第三十六章 狭路相逢
2016-07-23 22:35:09,892 - app.origin - INFO - 已写入第三十八章 万元赞助
2016-07-23 22:35:10,512 - app.origin - INFO - 已写入第三十九章 共同利益
2016-07-23 22:35:11,151 - app.origin - INFO - 已写入第四十章 奖金分配
2016-07-23 22:35:11,960 - app.origin - INFO - 已写入第四十一章 初到蓝桥
2016-07-23 22:35:12,574 - app.origin - INFO - 已写入第四十二章 梦剧场外
2016-07-23 22:35:13,225 - app.origin - INFO - 已写入第四十三章 红色海洋
2016-07-23 22:35:13,835 - app.origin - INFO - 已写入第四十四章 世界！
2016-07-23 22:35:14,539 - app.origin - INFO - 已写入第四十五章 奔跑！！奔跑！！
2016-07-23 22:35:15,419 - app.origin - INFO - 已写入第四十六章 谁年轻时没爱过一个人渣？
2016-07-23 22:35:16,047 - app.origin - INFO - 已写入第四十七章 不是冤家不聚头
2016-07-23 22:35:16,848 - app.origin - INFO - 已写入第四十八章 子龙的危机（感谢TT福克斯的打赏）
2016-07-23 22:35:17,699 - app.origin - INFO - 已写入第四十九章 剑拔弩张
2016-07-23 22:35:18,518 - app.origin - INFO - 已写入第五十章 朋友别哭
2016-07-23 22:35:19,353 - app.origin - INFO - 已写入第五十一章 放开我兄弟
2016-07-23 22:35:20,101 - app.origin - INFO - 已写入第五十二章 一日队友，终生兄弟！
2016-07-23 22:35:20,969 - app.origin - INFO - 已写入第五十三章 猴子请来的逗逼
2016-07-23 22:35:21,693 - app.origin - INFO - 已写入第五十四章 激斗
2016-07-23 22:35:22,389 - app.origin - INFO - 已写入第五十五章 一波未平一波又起
2016-07-23 22:35:23,081 - app.origin - INFO - 已写入第五十六章 恶人先告状
2016-07-23 22:35:23,852 - app.origin - INFO - 已写入第五十七章 思然的愤怒（求月票，求收藏）
2016-07-23 22:35:24,461 - app.origin - INFO - 已写入第五十八章 何为人师?（求月票，求推荐）
2016-07-23 22:35:25,174 - app.origin - INFO - 已写入第五十九章 冲动的惩罚
2016-07-23 22:35:25,815 - app.origin - INFO - 已写入第六十章 不可接受
2016-07-23 22:35:26,470 - app.origin - INFO - 已写入第六十一章 自由的权利（庆祝德国获胜，进群发红包）
2016-07-23 22:35:27,218 - app.origin - INFO - 已写入第六十二章 吴非的努力
2016-07-23 22:35:28,428 - app.origin - INFO - 已写入第六十三章 交换条件
2016-07-23 22:35:29,275 - app.origin - INFO - 已写入第六十四章 合并？
2016-07-23 22:35:30,071 - app.origin - INFO - 已写入第六十五章 告别赛（上）
2016-07-23 22:35:30,778 - app.origin - INFO - 已写入第六十六章 告别赛（中）
2016-07-23 22:35:31,397 - app.origin - INFO - 已写入第六十六章 告别赛（下）
2016-07-23 22:35:31,985 - app.origin - INFO - 已写入第一章 海盗诞生
2016-07-23 22:35:32,670 - app.origin - INFO - 已写入第二章 邀请赛
2016-07-23 22:35:33,605 - app.origin - INFO - 已写入第三章 说服
2016-07-23 22:35:34,201 - app.origin - INFO - 已写入第四章 技术？战术？
2016-07-23 22:35:34,789 - app.origin - INFO - 已写入第五章 游戏？
2016-07-23 22:35:35,389 - app.origin - INFO - 已写入第六章 如获至宝
2016-07-23 22:35:36,047 - app.origin - INFO - 已写入第七章 挑衅
2016-07-23 22:35:36,663 - app.origin - INFO - 已写入第八章 荣誉感
2016-07-23 22:35:37,590 - app.origin - INFO - 已写入第九章 一切发生的都太快了
2016-07-23 22:35:38,202 - app.origin - INFO - 已写入第十章 电光火石之间
2016-07-23 22:35:38,871 - app.origin - INFO - 已写入第十一章 失衡的后果
2016-07-23 22:35:39,504 - app.origin - INFO - 已写入第十二章 中场休息
2016-07-23 22:35:40,100 - app.origin - INFO - 已写入第十三章 比赛才开始呢
2016-07-23 22:35:40,709 - app.origin - INFO - 已写入第十四章 林飞的心结
2016-07-23 22:35:41,538 - app.origin - INFO - 已写入第十五章 赛后采访
2016-07-23 22:35:41,773 - app.origin - ERROR - 无法获取http://book.zongheng.com/chapter/559876/33138990.html的章节内容。
Traceback (most recent call last):
  File "/home/fyb/codes/fanclley/app/origins/zonghengfree.py", line 51, in get_singel_novel
    res = self.s.get(url).content
  File "/home/fyb/venv27/local/lib/python2.7/site-packages/requests/sessions.py", line 473, in get
    return self.request('GET', url, **kwargs)
  File "/home/fyb/venv27/local/lib/python2.7/site-packages/requests/sessions.py", line 461, in request
    resp = self.send(prep, **send_kwargs)
  File "/home/fyb/venv27/local/lib/python2.7/site-packages/requests/sessions.py", line 610, in send
    r.content
  File "/home/fyb/venv27/local/lib/python2.7/site-packages/requests/models.py", line 728, in content
    self._content = bytes().join(self.iter_content(CONTENT_CHUNK_SIZE)) or bytes()
  File "/home/fyb/venv27/local/lib/python2.7/site-packages/requests/models.py", line 656, in generate
    raise ChunkedEncodingError(e)
ChunkedEncodingError: ('Connection broken: IncompleteRead(6799 bytes read)', IncompleteRead(6799 bytes read))
2016-07-23 22:35:41,796 - app.origin - INFO - 已写入第十六章 神秘来客
2016-07-23 22:35:42,392 - app.origin - INFO - 已写入第十七章 强大的实力
2016-07-23 22:35:43,059 - app.origin - INFO - 已写入第十八章 自闭少年
2016-07-23 22:35:43,658 - app.origin - INFO - 已写入第十九章 往事随风
2016-07-23 22:35:44,199 - app.origin - INFO - 已写入第二十章 美人计
2016-07-23 22:35:44,800 - app.origin - INFO - 已写入第二十一章 新队员
2016-07-23 22:35:45,429 - app.origin - INFO - 已写入第二十二章 制造争议（）
2016-07-23 22:35:46,054 - app.origin - INFO - 已写入第二十三章  弓如秋月，箭似流星
2016-07-23 22:35:46,708 - app.origin - INFO - 已写入第二十四章 世界波
2016-07-23 22:35:47,298 - app.origin - INFO - 已写入第二十五章 曝光
2016-07-23 22:35:47,990 - app.origin - INFO - 已写入第二十六章 推波助澜
2016-07-23 22:35:48,625 - app.origin - INFO - 已写入第二十七章 人生得一知己足矣(重新修改)
2016-07-23 22:35:49,534 - app.origin - INFO - 已写入第二十八章 报复？
2016-07-23 22:35:50,127 - app.origin - INFO - 已写入第二十九章 替补的声音
2016-07-23 22:35:50,790 - app.origin - INFO - 已写入第三十章 思然的威信
2016-07-23 22:35:51,517 - app.origin - INFO - 已写入第三十一章  大决战上（求月票！！！）
2016-07-23 22:35:52,430 - app.origin - INFO - 已写入第三十二章 大决战 中（庆祝第一个盟主）
2016-07-23 22:35:53,313 - app.origin - INFO - 已写入第三十三章 大决战 下
2016-07-23 22:35:54,049 - app.origin - INFO - 已写入第三十四章 史诗对决 上
2016-07-23 22:35:55,467 - app.origin - INFO - 已写入第三十五章 史诗对决 下
2016-07-23 22:35:56,111 - app.origin - INFO - 已写入第三十六章 未来可期
2016-07-23 22:35:56,817 - app.origin - INFO - 已写入第三十七章 大战一触即发
2016-07-23 22:35:57,483 - app.origin - INFO - 已写入第三十八章 意想不到的开局
2016-07-23 22:35:58,189 - app.origin - INFO - 已写入第三十九章 迷
2016-07-23 22:35:58,922 - app.origin - INFO - 已写入第四十章 宋天的选择(上)
2016-07-23 22:35:59,703 - app.origin - INFO - 已写入第四十一章 宋天的选择 下
2016-07-23 22:36:00,817 - app.origin - INFO - 已写入第四十二章 无奈
2016-07-23 22:36:01,543 - app.origin - INFO - 已写入第四十三章 不同的路
2016-07-23 22:36:02,267 - app.origin - INFO - 已写入第四十四章 最后的比赛
2016-07-23 22:36:03,468 - app.origin - INFO - 令出桃花90免费章节
2016-07-23 22:36:03,746 - app.origin - INFO - 已写入第一章 江湖双奇
2016-07-23 22:36:04,258 - app.origin - INFO - 已写入第二章 义救侠女
2016-07-23 22:36:04,554 - app.origin - INFO - 已写入第五章 绝处逢生
2016-07-23 22:36:05,260 - app.origin - INFO - 已写入第六章 岛上突变
2016-07-23 22:36:05,691 - app.origin - INFO - 已写入第七章 艺成下山
2016-07-23 22:36:06,683 - app.origin - INFO - 已写入第十章 喜逢旧识
2016-07-23 22:36:07,027 - app.origin - INFO - 已写入第十一章 力战地魍
2016-07-23 22:36:07,324 - app.origin - INFO - 已写入第十六章 温柔香（下）
2016-07-23 22:36:07,602 - app.origin - INFO - 已写入第十七章 百花谷
2016-07-23 22:36:07,902 - app.origin - INFO - 已写入第十八章 嘻哈二老
2016-07-23 22:36:09,173 - app.origin - INFO - 已写入第十九章 大智若愚 （上）
2016-07-23 22:36:09,442 - app.origin - INFO - 已写入第十九章 大智若愚（下）
2016-07-23 22:36:09,728 - app.origin - INFO - 已写入第二十一章 纷争迭起（上）
2016-07-23 22:36:09,925 - app.origin - INFO - 已写入第二十一章 纷争迭起（下）
2016-07-23 22:36:10,500 - app.origin - INFO - 已写入第二十二章 一日扬名（上）
2016-07-23 22:36:10,705 - app.origin - INFO - 已写入第二十三掌 中秋之前（下）
2016-07-23 22:36:10,984 - app.origin - INFO - 已写入第二十四章 戏弄番僧（上）
2016-07-23 22:36:11,493 - app.origin - INFO - 已写入第二十四章 戏弄番僧（下）
2016-07-23 22:36:11,792 - app.origin - INFO - 已写入第二十五章 西湖花舫 （上）
2016-07-23 22:36:12,006 - app.origin - INFO - 已写入第二十五章 西湖花舫（下）
2016-07-23 22:36:12,294 - app.origin - INFO - 已写入第二十六章 山中桃源 （上）
2016-07-23 22:36:12,619 - app.origin - INFO - 已写入第二十七章 少林遭难 （上）
2016-07-23 22:36:13,051 - app.origin - INFO - 已写入第二十七章 少林遭难 （下）
2016-07-23 22:36:13,334 - app.origin - INFO - 已写入第二十八章 激战少林（一）（上）
2016-07-23 22:36:13,892 - app.origin - INFO - 已写入第二十八章 激战少林（一）（下）
2016-07-23 22:36:17,170 - app.origin - INFO - 已写入第二十九章 激战少林（二）（下）
2016-07-23 22:36:17,544 - app.origin - INFO - 已写入第三十二章 化功散
2016-07-23 22:36:18,886 - app.origin - INFO - 已写入第三十三章 故人失踪
2016-07-23 22:36:19,252 - app.origin - INFO - 已写入第三十四章 敌友难分
2016-07-23 22:36:19,551 - app.origin - INFO - 已写入第三十五章 小师父、大徒弟
2016-07-23 22:36:19,886 - app.origin - INFO - 已写入第三十六章 鬼帮
2016-07-23 22:36:23,365 - app.origin - INFO - 已写入第三十八章 千里追盗
2016-07-23 22:36:23,658 - app.origin - INFO - 已写入第四十章 三圣传艺
2016-07-23 22:36:23,958 - app.origin - INFO - 已写入第四十一章 谈笑化愁情
2016-07-23 22:36:24,219 - app.origin - INFO - 已写入第四十二章 身困钓矶岛 （上）
2016-07-23 22:36:24,535 - app.origin - INFO - 已写入第四十二章 身困钓矶岛 （下）
2016-07-23 22:36:25,182 - app.origin - INFO - 已写入第四十三章 江湖变色
2016-07-23 22:36:25,695 - app.origin - INFO - 已写入第四十四章 扑朔迷离 （上）
2016-07-23 22:36:26,002 - app.origin - INFO - 已写入第四十四章 扑朔迷离（下）
2016-07-23 22:36:26,297 - app.origin - INFO - 已写入第四十五章 突围寻援 （上）
2016-07-23 22:36:26,589 - app.origin - INFO - 已写入第四十五章 突围寻援 （下）
2016-07-23 22:36:27,116 - app.origin - INFO - 已写入第四十七章 计惊峨眉
2016-07-23 22:36:27,417 - app.origin - INFO - 已写入第四十八章 绝崖顶
2016-07-23 22:36:27,707 - app.origin - INFO - 已写入第四十九章 夜探敌情 （下）
2016-07-23 22:36:28,011 - app.origin - INFO - 已写入第五十二章 桃花令出 （上）
2016-07-23 22:36:28,572 - app.origin - INFO - 已写入第五十四章 意外之喜 （上）
2016-07-23 22:36:29,134 - app.origin - INFO - 已写入第五十四章 意外之喜 （下）
2016-07-23 22:36:29,405 - app.origin - INFO - 已写入第五十五章 百合遇险 （上）
2016-07-23 22:36:29,942 - app.origin - INFO - 已写入第五十五章 百合遇险 （下）
2016-07-23 22:36:30,246 - app.origin - INFO - 已写入第五十六章 笑人者终被笑
2016-07-23 22:36:30,571 - app.origin - INFO - 已写入第五十七章 演戏
2016-07-23 22:36:30,863 - app.origin - INFO - 已写入第五十八章 神秘美女
2016-07-23 22:36:31,153 - app.origin - INFO - 已写入第五十九章 斗智斗力
2016-07-23 22:36:31,442 - app.origin - INFO - 已写入第六十章 星明诀 （上）
2016-07-23 22:36:31,739 - app.origin - INFO - 已写入第六十二章 “仙女下凡”
2016-07-23 22:36:32,399 - app.origin - INFO - 已写入第六十五章 桃花令之谜
2016-07-23 22:36:32,710 - app.origin - INFO - 已写入第六十七章 飞仙岛
2016-07-23 22:36:32,987 - app.origin - INFO - 已写入第六十八章 上岛寻仇
2016-07-23 22:36:33,288 - app.origin - INFO - 已写入第七十章 真假令牌 （上）
2016-07-23 22:36:33,559 - app.origin - INFO - 已写入第七十章 真假令牌 （下）
2016-07-23 22:36:34,505 - app.origin - INFO - 已写入第七十二章 谈酒论道
2016-07-23 22:36:34,796 - app.origin - INFO - 已写入第七十三章 怪镇奇谈
2016-07-23 22:36:35,167 - app.origin - INFO - 已写入第七十四章 夜色撩人
2016-07-23 22:36:35,467 - app.origin - INFO - 已写入第七十五章 爱或真爱
2016-07-23 22:36:36,803 - app.origin - INFO - 已写入第七十七章 无中生有
2016-07-23 22:36:37,108 - app.origin - INFO - 已写入第七十八章 小有成就
2016-07-23 22:36:37,387 - app.origin - INFO - 已写入第七十九章 再遭变故 （上）
2016-07-23 22:36:37,682 - app.origin - INFO - 已写入第八十章 受邀赴会 （上）
2016-07-23 22:36:37,978 - app.origin - INFO - 已写入第八十章 受邀赴会 （下）
2016-07-23 22:36:38,373 - app.origin - INFO - 已写入第八十一章 示敌于先 （上）
2016-07-23 22:36:38,687 - app.origin - INFO - 已写入第八十一章 示敌于先（下）
2016-07-23 22:36:39,136 - app.origin - INFO - 已写入第八十三章 大头鬼唬退无刃刀
2016-07-23 22:36:39,875 - app.origin - INFO - 已写入第八十六章 庐山真貌
2016-07-23 22:36:40,168 - app.origin - INFO - 已写入第八十七章 忍辱负重
2016-07-23 22:36:40,462 - app.origin - INFO - 已写入第八十八章 舍身为人
2016-07-23 22:36:41,095 - app.origin - INFO - 已写入第九十章 情义无价
2016-07-23 22:36:42,391 - app.origin - INFO - 已写入第九十一章 回归原点（上）
2016-07-23 22:36:42,673 - app.origin - INFO - 已写入第九十一章 回归原点 （下）
2016-07-23 22:36:42,967 - app.origin - INFO - 已写入第九十二章 勾心斗角（下）
2016-07-23 22:36:43,261 - app.origin - INFO - 已写入第九十三章 风吹云散 （下）
2016-07-23 22:36:43,819 - app.origin - INFO - 已写入第九十五章 平湖奇景 （上）
2016-07-23 22:36:44,154 - app.origin - INFO - 已写入第九十五章 平湖奇景 （下）
2016-07-23 22:36:44,497 - app.origin - INFO - 已写入第九十六章 福至心灵 （上）
2016-07-23 22:36:44,766 - app.origin - INFO - 已写入第九十六章 福至心灵 （下）
2016-07-23 22:36:45,049 - app.origin - INFO - 已写入第九十七章 仙影之谜
2016-07-23 22:36:45,651 - app.origin - INFO - 已写入第九十八章 狼子野心
2016-07-23 22:36:46,228 - app.origin - INFO - 已写入第九十九章 悲命红颜（上）
2016-07-23 22:36:46,647 - app.origin - INFO - 已写入第九十九章 悲命红颜 （下）
2016-07-23 22:36:46,921 - app.origin - INFO - 已写入第一百章 惊天一战 （上）
2016-07-23 22:36:47,354 - app.origin - INFO - 已写入第一百章 惊天一战 （下）
2016-07-23 22:39:11,363 - app.origin - INFO - 起点中文网未找到包含关键字"踢出个未来"的小说
2016-07-23 22:39:11,576 - app.origin - INFO - 红袖添香未找到包含关键字"踢出个未来"的小说
2016-07-23 22:39:15,386 - app.origin - INFO - 已获取"踢出个未来"信息。
2016-07-23 22:39:15,387 - app.origin - INFO - 踢出个未来112免费章节
2016-07-23 22:39:15,709 - app.origin - INFO - 已写入作者结婚啦，断更三天，5.20恢复
2016-07-23 22:39:16,173 - app.origin - INFO - 已写入第一章  梦至欧洲足球之巅
2016-07-23 22:39:16,659 - app.origin - INFO - 已写入第二章 陆止于此，海始于斯
2016-07-23 22:39:17,090 - app.origin - INFO - 已写入第三章 传奇初相逢
2016-07-23 22:39:17,530 - app.origin - INFO - 已写入第四章 告知天下
2016-07-23 22:39:17,976 - app.origin - INFO - 已写入第五章 命悬一线
2016-07-23 22:39:18,461 - app.origin - INFO - 已写入第六章 存亡边缘
2016-07-23 22:39:19,051 - app.origin - INFO - 已写入第七章 意气风发
2016-07-23 22:39:19,509 - app.origin - INFO - 已写入第八章 谈梦想的人
2016-07-23 22:39:19,936 - app.origin - INFO - 已写入第九章 挺进决赛
2016-07-23 22:39:20,399 - app.origin - INFO - 已写入第十章 破碎
2016-07-23 22:39:20,865 - app.origin - INFO - 已写入第十一章 重新开始
2016-07-23 22:39:21,246 - app.origin - INFO - 已写入第十二章  酒后失言
2016-07-23 22:39:21,633 - app.origin - INFO - 已写入第十三章 善良的人在互相伤害
2016-07-23 22:39:22,053 - app.origin - INFO - 已写入第十四章 情怀落地
2016-07-23 22:39:22,488 - app.origin - INFO - 已写入第十五章 南方姑娘
2016-07-23 22:39:22,901 - app.origin - INFO - 已写入第十六章 梦想新起航（求收藏）
2016-07-23 22:39:23,364 - app.origin - INFO - 已写入第十七章 认输
2016-07-23 22:39:23,748 - app.origin - INFO - 已写入第十八章 去欧洲看球？
2016-07-23 22:39:24,205 - app.origin - INFO - 已写入第十九章 25万英镑！！
2016-07-23 22:39:24,674 - app.origin - INFO - 已写入第二十章 大布局
2016-07-23 22:39:25,093 - app.origin - INFO - 已写入第二十一章 签约未来
2016-07-23 22:39:25,546 - app.origin - INFO - 已写入第二十二章  激战！！！
2016-07-23 22:39:26,028 - app.origin - INFO - 已写入第二十三章  智慧的碰撞！
2016-07-23 22:39:26,525 - app.origin - INFO - 已写入第二十四章 改革！
2016-07-23 22:39:26,938 - app.origin - INFO - 已写入第二十五章 去英超试训？
2016-07-23 22:39:27,418 - app.origin - INFO - 已写入第二十六章 造星运动
2016-07-23 22:39:27,892 - app.origin - INFO - 已写入第二十七章 失控
2016-07-23 22:39:28,292 - app.origin - INFO - 已写入第二十八章 奇怪的父亲
2016-07-23 22:39:28,679 - app.origin - INFO - 已写入第二十八章 和解
2016-07-23 22:39:29,088 - app.origin - INFO - 已写入第二十九章 爆炸性新闻
2016-07-23 22:39:29,519 - app.origin - INFO - 已写入第三十章 天才！天才！天才！
2016-07-23 22:39:29,946 - app.origin - INFO - 已写入第三十一章 上当
2016-07-23 22:39:30,336 - app.origin - INFO - 已写入第三十二章 把球传给三秒后的自己
2016-07-23 22:39:30,708 - app.origin - INFO - 已写入第三十三章 成为世界最佳主教练
2016-07-23 22:39:31,114 - app.origin - INFO - 已写入第三十四章 奇怪来客
2016-07-23 22:39:31,539 - app.origin - INFO - 已写入第三十五章 拉赞助商
2016-07-23 22:39:31,957 - app.origin - INFO - 已写入第三十六章 狭路相逢
2016-07-23 22:39:32,465 - app.origin - INFO - 已写入第三十八章 万元赞助
2016-07-23 22:39:32,874 - app.origin - INFO - 已写入第三十九章 共同利益
2016-07-23 22:39:33,337 - app.origin - INFO - 已写入第四十章 奖金分配
2016-07-23 22:39:33,824 - app.origin - INFO - 已写入第四十一章 初到蓝桥
2016-07-23 22:39:34,283 - app.origin - INFO - 已写入第四十二章 梦剧场外
2016-07-23 22:39:34,638 - app.origin - INFO - 已获取"白衣渡我九生尽"书籍信息
2016-07-23 22:39:34,700 - app.origin - INFO - 已写入第一章：破画1
2016-07-23 22:39:34,703 - app.origin - INFO - 已写入第四十三章 红色海洋
2016-07-23 22:39:34,756 - app.origin - INFO - 已写入第二章：破画2
2016-07-23 22:39:35,121 - app.origin - INFO - 已写入第四十四章 世界！
2016-07-23 22:39:35,570 - app.origin - INFO - 已写入第四十五章 奔跑！！奔跑！！
2016-07-23 22:39:35,986 - app.origin - INFO - 已写入第四十六章 谁年轻时没爱过一个人渣？
2016-07-23 22:39:36,385 - app.origin - INFO - 已写入第四十七章 不是冤家不聚头
2016-07-23 22:39:36,762 - app.origin - INFO - 已写入第四十八章 子龙的危机（感谢TT福克斯的打赏）
2016-07-23 22:39:37,254 - app.origin - INFO - 已写入第四十九章 剑拔弩张
2016-07-23 22:39:37,611 - app.origin - INFO - 已写入第五十章 朋友别哭
2016-07-23 22:39:38,038 - app.origin - INFO - 已写入第五十一章 放开我兄弟
2016-07-23 22:39:38,430 - app.origin - INFO - 已写入第五十二章 一日队友，终生兄弟！
2016-07-23 22:39:38,767 - app.origin - INFO - 已写入第五十三章 猴子请来的逗逼
2016-07-23 22:39:38,897 - app.origin - INFO - 已写入第三章：杀机起伏
2016-07-23 22:39:38,957 - app.origin - INFO - 已写入第四章：追珠之人
2016-07-23 22:39:39,026 - app.origin - INFO - 已写入第五章：她的故事
2016-07-23 22:39:39,106 - app.origin - INFO - 已写入第六章：拒宠
2016-07-23 22:39:39,177 - app.origin - INFO - 已写入第七章：师父诱敌
2016-07-23 22:39:39,177 - app.origin - INFO - 已写入第五十四章 激斗
2016-07-23 22:39:39,239 - app.origin - INFO - 已写入第八章：断剑
2016-07-23 22:39:39,306 - app.origin - INFO - 已写入第九章：公孙备
2016-07-23 22:39:39,370 - app.origin - INFO - 已写入第十章 离宫
2016-07-23 22:39:39,442 - app.origin - INFO - 已写入第十一章 水鬼
2016-07-23 22:39:39,500 - app.origin - INFO - 已写入第十二章 梦魇
2016-07-23 22:39:39,549 - app.origin - INFO - 已写入第五十五章 一波未平一波又起
2016-07-23 22:39:39,557 - app.origin - INFO - 已写入第十三章 入宫
2016-07-23 22:39:39,607 - app.origin - INFO - 已写入第十四章  雪燕之毒
2016-07-23 22:39:39,663 - app.origin - INFO - 已写入第十五章 金笼之祸
2016-07-23 22:39:39,740 - app.origin - INFO - 已写入第十六章 下药
2016-07-23 22:39:39,927 - app.origin - INFO - 已写入第五十六章 恶人先告状
2016-07-23 22:39:40,345 - app.origin - INFO - 已写入第五十七章 思然的愤怒（求月票，求收藏）
2016-07-23 22:39:40,744 - app.origin - INFO - 已写入第五十八章 何为人师?（求月票，求推荐）
2016-07-23 22:39:41,141 - app.origin - INFO - 已写入第五十九章 冲动的惩罚
2016-07-23 22:39:41,542 - app.origin - INFO - 已写入第六十章 不可接受
2016-07-23 22:39:41,938 - app.origin - INFO - 已写入第六十一章 自由的权利（庆祝德国获胜，进群发红包）
2016-07-23 22:39:42,389 - app.origin - INFO - 已写入第六十二章 吴非的努力
2016-07-23 22:39:42,802 - app.origin - INFO - 已写入第六十三章 交换条件
2016-07-23 22:39:43,211 - app.origin - INFO - 已写入第六十四章 合并？
2016-07-23 22:39:43,673 - app.origin - INFO - 已写入第六十五章 告别赛（上）
2016-07-23 22:39:44,204 - app.origin - INFO - 已写入第六十六章 告别赛（中）
2016-07-23 22:39:44,756 - app.origin - INFO - 已写入第六十六章 告别赛（下）
2016-07-23 22:39:45,329 - app.origin - INFO - 已写入第一章 海盗诞生
2016-07-23 22:39:45,898 - app.origin - INFO - 已写入第二章 邀请赛
2016-07-23 22:39:46,476 - app.origin - INFO - 已写入第三章 说服
2016-07-23 22:39:47,081 - app.origin - INFO - 已写入第四章 技术？战术？
2016-07-23 22:39:47,617 - app.origin - INFO - 已写入第五章 游戏？
2016-07-23 22:39:48,142 - app.origin - INFO - 已写入第六章 如获至宝
2016-07-23 22:39:48,670 - app.origin - INFO - 已写入第七章 挑衅
2016-07-23 22:39:49,140 - app.origin - INFO - 已写入第八章 荣誉感
2016-07-23 22:39:49,711 - app.origin - INFO - 已写入第九章 一切发生的都太快了
2016-07-23 22:39:50,291 - app.origin - INFO - 已写入第十章 电光火石之间
2016-07-23 22:39:50,804 - app.origin - INFO - 已写入第十一章 失衡的后果
2016-07-23 22:39:51,399 - app.origin - INFO - 已写入第十二章 中场休息
2016-07-23 22:39:51,896 - app.origin - INFO - 已写入第十三章 比赛才开始呢
2016-07-23 22:39:52,446 - app.origin - INFO - 已写入第十四章 林飞的心结
2016-07-23 22:39:53,060 - app.origin - INFO - 已写入第十五章 赛后采访
2016-07-23 22:39:53,606 - app.origin - INFO - 已写入第十六章 神秘来客
2016-07-23 22:39:54,064 - app.origin - INFO - 已写入第十七章 强大的实力
2016-07-23 22:39:54,465 - app.origin - INFO - 已写入第十八章 自闭少年
2016-07-23 22:39:54,872 - app.origin - INFO - 已写入第十九章 往事随风
2016-07-23 22:39:55,293 - app.origin - INFO - 已写入第二十章 美人计
2016-07-23 22:39:55,651 - app.origin - INFO - 已写入第二十一章 新队员
2016-07-23 22:39:56,076 - app.origin - INFO - 已写入第二十二章 制造争议（）
2016-07-23 22:39:56,435 - app.origin - INFO - 已写入第二十三章  弓如秋月，箭似流星
2016-07-23 22:39:56,835 - app.origin - INFO - 已写入第二十四章 世界波
2016-07-23 22:39:57,263 - app.origin - INFO - 已写入第二十五章 曝光
2016-07-23 22:39:57,618 - app.origin - INFO - 已写入第二十六章 推波助澜
2016-07-23 22:39:57,958 - app.origin - INFO - 已写入第二十七章 人生得一知己足矣(重新修改)
2016-07-23 22:39:58,330 - app.origin - INFO - 已写入第二十八章 报复？
2016-07-23 22:39:58,714 - app.origin - INFO - 已写入第二十九章 替补的声音
2016-07-23 22:39:59,978 - app.origin - INFO - 已写入第三十章 思然的威信
2016-07-23 22:40:00,394 - app.origin - INFO - 已写入第三十一章  大决战上（求月票！！！）
2016-07-23 22:40:00,795 - app.origin - INFO - 已写入第三十二章 大决战 中（庆祝第一个盟主）
2016-07-23 22:40:01,153 - app.origin - INFO - 已写入第三十三章 大决战 下
2016-07-23 22:40:01,574 - app.origin - INFO - 已写入第三十四章 史诗对决 上
2016-07-23 22:40:02,042 - app.origin - INFO - 已写入第三十五章 史诗对决 下
2016-07-23 22:40:02,441 - app.origin - INFO - 已写入第三十六章 未来可期
2016-07-23 22:40:02,936 - app.origin - INFO - 已写入第三十七章 大战一触即发
2016-07-23 22:40:03,338 - app.origin - INFO - 已写入第三十八章 意想不到的开局
2016-07-23 22:40:03,696 - app.origin - INFO - 已写入第三十九章 迷
2016-07-23 22:40:04,090 - app.origin - INFO - 已写入第四十章 宋天的选择(上)
2016-07-23 22:40:04,444 - app.origin - INFO - 已写入第四十一章 宋天的选择 下
2016-07-23 22:40:04,761 - app.origin - INFO - 已写入第四十二章 无奈
2016-07-23 22:40:05,153 - app.origin - INFO - 已写入第四十三章 不同的路
2016-07-23 22:40:05,514 - app.origin - INFO - 已写入第四十四章 最后的比赛
2016-07-23 22:40:49,234 - app.origin - INFO - 起点中文网未找到包含关键字"踢出个未来"的小说
2016-07-23 22:40:49,447 - app.origin - INFO - 红袖添香未找到包含关键字"踢出个未来"的小说
2016-07-23 22:40:51,972 - app.origin - INFO - 已获取"踢出个未来"信息。
2016-07-23 22:40:51,972 - app.origin - INFO - 踢出个未来112免费章节
2016-07-23 22:40:52,291 - app.origin - INFO - 已写入作者结婚啦，断更三天，5.20恢复
2016-07-23 22:40:52,740 - app.origin - INFO - 已写入第一章  梦至欧洲足球之巅
2016-07-23 22:40:53,208 - app.origin - INFO - 已写入第二章 陆止于此，海始于斯
2016-07-23 22:40:53,623 - app.origin - INFO - 已写入第三章 传奇初相逢
2016-07-23 22:40:54,068 - app.origin - INFO - 已写入第四章 告知天下
2016-07-23 22:40:54,451 - app.origin - INFO - 已写入第五章 命悬一线
2016-07-23 22:40:54,917 - app.origin - INFO - 已写入第六章 存亡边缘
2016-07-23 22:40:55,354 - app.origin - INFO - 已写入第七章 意气风发
2016-07-23 22:40:55,836 - app.origin - INFO - 已写入第八章 谈梦想的人
2016-07-23 22:40:56,282 - app.origin - INFO - 已写入第九章 挺进决赛
2016-07-23 22:40:56,740 - app.origin - INFO - 已写入第十章 破碎
2016-07-23 22:40:57,276 - app.origin - INFO - 已写入第十一章 重新开始
2016-07-23 22:40:57,705 - app.origin - INFO - 已写入第十二章  酒后失言
2016-07-23 22:40:58,179 - app.origin - INFO - 已写入第十三章 善良的人在互相伤害
2016-07-23 22:40:58,602 - app.origin - INFO - 已写入第十四章 情怀落地
2016-07-23 22:40:59,031 - app.origin - INFO - 已写入第十五章 南方姑娘
2016-07-23 22:40:59,459 - app.origin - INFO - 已写入第十六章 梦想新起航（求收藏）
2016-07-23 22:40:59,876 - app.origin - INFO - 已写入第十七章 认输
2016-07-23 22:41:00,287 - app.origin - INFO - 已写入第十八章 去欧洲看球？
2016-07-23 22:41:00,688 - app.origin - INFO - 已写入第十九章 25万英镑！！
2016-07-23 22:41:01,935 - app.origin - INFO - 已写入第二十章 大布局
2016-07-23 22:41:02,514 - app.origin - INFO - 已写入第二十一章 签约未来
2016-07-23 22:41:02,986 - app.origin - INFO - 已写入第二十二章  激战！！！
2016-07-23 22:41:03,403 - app.origin - INFO - 已写入第二十三章  智慧的碰撞！
2016-07-23 22:41:03,809 - app.origin - INFO - 已写入第二十四章 改革！
2016-07-23 22:41:04,361 - app.origin - INFO - 已写入第二十五章 去英超试训？
2016-07-23 22:41:04,738 - app.origin - INFO - 已写入第二十六章 造星运动
2016-07-23 22:41:05,167 - app.origin - INFO - 已写入第二十七章 失控
2016-07-23 22:41:05,584 - app.origin - INFO - 已写入第二十八章 奇怪的父亲
2016-07-23 22:41:05,991 - app.origin - INFO - 已写入第二十八章 和解
2016-07-23 22:41:06,377 - app.origin - INFO - 已写入第二十九章 爆炸性新闻
2016-07-23 22:41:06,763 - app.origin - INFO - 已写入第三十章 天才！天才！天才！
2016-07-23 22:41:07,211 - app.origin - INFO - 已写入第三十一章 上当
2016-07-23 22:41:07,597 - app.origin - INFO - 已写入第三十二章 把球传给三秒后的自己
2016-07-23 22:41:07,974 - app.origin - INFO - 已写入第三十三章 成为世界最佳主教练
2016-07-23 22:41:08,424 - app.origin - INFO - 已写入第三十四章 奇怪来客
2016-07-23 22:41:08,808 - app.origin - INFO - 已写入第三十五章 拉赞助商
2016-07-23 22:41:09,221 - app.origin - INFO - 已写入第三十六章 狭路相逢
2016-07-23 22:41:09,607 - app.origin - INFO - 已写入第三十八章 万元赞助
2016-07-23 22:41:09,966 - app.origin - INFO - 已写入第三十九章 共同利益
2016-07-23 22:41:10,387 - app.origin - INFO - 已写入第四十章 奖金分配
2016-07-23 22:41:10,829 - app.origin - INFO - 已写入第四十一章 初到蓝桥
2016-07-23 22:41:11,267 - app.origin - INFO - 已写入第四十二章 梦剧场外
2016-07-23 22:41:11,722 - app.origin - INFO - 已写入第四十三章 红色海洋
2016-07-23 22:41:12,199 - app.origin - INFO - 已写入第四十四章 世界！
2016-07-23 22:41:12,680 - app.origin - INFO - 已写入第四十五章 奔跑！！奔跑！！
2016-07-23 22:41:13,143 - app.origin - INFO - 已写入第四十六章 谁年轻时没爱过一个人渣？
2016-07-23 22:41:13,581 - app.origin - INFO - 已写入第四十七章 不是冤家不聚头
2016-07-23 22:41:13,975 - app.origin - INFO - 已写入第四十八章 子龙的危机（感谢TT福克斯的打赏）
2016-07-23 22:41:14,437 - app.origin - INFO - 已写入第四十九章 剑拔弩张
2016-07-23 22:41:14,825 - app.origin - INFO - 已写入第五十章 朋友别哭
2016-07-23 22:41:15,420 - app.origin - INFO - 已写入第五十一章 放开我兄弟
2016-07-23 22:41:16,032 - app.origin - INFO - 已写入第五十二章 一日队友，终生兄弟！
2016-07-23 22:41:16,609 - app.origin - INFO - 已写入第五十三章 猴子请来的逗逼
2016-07-23 22:41:17,224 - app.origin - INFO - 已写入第五十四章 激斗
2016-07-23 22:41:17,825 - app.origin - INFO - 已写入第五十五章 一波未平一波又起
2016-07-23 22:41:18,437 - app.origin - INFO - 已写入第五十六章 恶人先告状
2016-07-23 22:41:18,974 - app.origin - INFO - 已写入第五十七章 思然的愤怒（求月票，求收藏）
2016-07-23 22:41:19,393 - app.origin - INFO - 已写入第五十八章 何为人师?（求月票，求推荐）
2016-07-23 22:41:19,869 - app.origin - INFO - 已写入第五十九章 冲动的惩罚
2016-07-23 22:41:20,352 - app.origin - INFO - 已写入第六十章 不可接受
2016-07-23 22:41:20,788 - app.origin - INFO - 已写入第六十一章 自由的权利（庆祝德国获胜，进群发红包）
2016-07-23 22:41:21,314 - app.origin - INFO - 已写入第六十二章 吴非的努力
2016-07-23 22:41:21,799 - app.origin - INFO - 已写入第六十三章 交换条件
2016-07-23 22:41:22,301 - app.origin - INFO - 已写入第六十四章 合并？
2016-07-23 22:41:22,735 - app.origin - INFO - 已写入第六十五章 告别赛（上）
2016-07-23 22:41:23,515 - app.origin - INFO - 已写入第六十六章 告别赛（中）
2016-07-23 22:41:23,989 - app.origin - INFO - 已写入第六十六章 告别赛（下）
2016-07-23 22:41:24,479 - app.origin - INFO - 已写入第一章 海盗诞生
2016-07-23 22:41:24,894 - app.origin - INFO - 已写入第二章 邀请赛
2016-07-23 22:41:25,348 - app.origin - INFO - 已写入第三章 说服
2016-07-23 22:41:25,776 - app.origin - INFO - 已写入第四章 技术？战术？
2016-07-23 22:41:26,171 - app.origin - INFO - 已写入第五章 游戏？
2016-07-23 22:41:26,582 - app.origin - INFO - 已写入第六章 如获至宝
2016-07-23 22:41:26,974 - app.origin - INFO - 已写入第七章 挑衅
2016-07-23 22:41:27,427 - app.origin - INFO - 已写入第八章 荣誉感
2016-07-23 22:41:27,915 - app.origin - INFO - 已写入第九章 一切发生的都太快了
2016-07-23 22:41:28,392 - app.origin - INFO - 已写入第十章 电光火石之间
2016-07-23 22:41:28,789 - app.origin - INFO - 已写入第十一章 失衡的后果
2016-07-23 22:41:29,253 - app.origin - INFO - 已写入第十二章 中场休息
2016-07-23 22:41:29,703 - app.origin - INFO - 已写入第十三章 比赛才开始呢
2016-07-23 22:41:30,191 - app.origin - INFO - 已写入第十四章 林飞的心结
2016-07-23 22:41:30,647 - app.origin - INFO - 已写入第十五章 赛后采访
2016-07-23 22:41:31,151 - app.origin - INFO - 已写入第十六章 神秘来客
2016-07-23 22:41:31,882 - app.origin - INFO - 已写入第十七章 强大的实力
2016-07-23 22:41:32,613 - app.origin - INFO - 已写入第十八章 自闭少年
2016-07-23 22:41:33,354 - app.origin - INFO - 已写入第十九章 往事随风
2016-07-23 22:41:34,079 - app.origin - INFO - 已写入第二十章 美人计
2016-07-23 22:41:34,833 - app.origin - INFO - 已写入第二十一章 新队员
2016-07-23 22:41:35,480 - app.origin - INFO - 已写入第二十二章 制造争议（）
2016-07-23 22:41:36,018 - app.origin - INFO - 已写入第二十三章  弓如秋月，箭似流星
2016-07-23 22:41:36,635 - app.origin - INFO - 已写入第二十四章 世界波
2016-07-23 22:41:37,166 - app.origin - INFO - 已写入第二十五章 曝光
2016-07-23 22:41:37,786 - app.origin - INFO - 已写入第二十六章 推波助澜
2016-07-23 22:41:38,356 - app.origin - INFO - 已写入第二十七章 人生得一知己足矣(重新修改)
2016-07-23 22:41:38,910 - app.origin - INFO - 已写入第二十八章 报复？
2016-07-23 22:41:39,412 - app.origin - INFO - 已写入第二十九章 替补的声音
2016-07-23 22:41:39,899 - app.origin - INFO - 已写入第三十章 思然的威信
2016-07-23 22:41:40,394 - app.origin - INFO - 已写入第三十一章  大决战上（求月票！！！）
2016-07-23 22:41:40,846 - app.origin - INFO - 已写入第三十二章 大决战 中（庆祝第一个盟主）
2016-07-23 22:41:41,307 - app.origin - INFO - 已写入第三十三章 大决战 下
2016-07-23 22:41:41,781 - app.origin - INFO - 已写入第三十四章 史诗对决 上
2016-07-23 22:41:42,299 - app.origin - INFO - 已写入第三十五章 史诗对决 下
2016-07-23 22:41:42,743 - app.origin - INFO - 已写入第三十六章 未来可期
2016-07-23 22:41:43,181 - app.origin - INFO - 已写入第三十七章 大战一触即发
2016-07-23 22:41:43,640 - app.origin - INFO - 已写入第三十八章 意想不到的开局
2016-07-23 22:41:44,068 - app.origin - INFO - 已写入第三十九章 迷
2016-07-23 22:41:44,478 - app.origin - INFO - 已写入第四十章 宋天的选择(上)
2016-07-23 22:41:44,880 - app.origin - INFO - 已写入第四十一章 宋天的选择 下
2016-07-23 22:41:45,289 - app.origin - INFO - 已写入第四十二章 无奈
2016-07-23 22:41:45,653 - app.origin - INFO - 已写入第四十三章 不同的路
2016-07-23 22:41:46,029 - app.origin - INFO - 已写入第四十四章 最后的比赛
2016-07-23 22:47:46,483 - app.origin - INFO - 起点中文网未找到包含关键字"踢出个未来"的小说
2016-07-23 22:47:46,800 - app.origin - INFO - 红袖添香未找到包含关键字"踢出个未来"的小说
2016-07-23 22:47:51,240 - app.origin - INFO - 已获取"踢出个未来"信息。
2016-07-23 22:47:51,241 - app.origin - INFO - 踢出个未来112免费章节
2016-07-23 22:47:51,581 - app.origin - INFO - 已写入作者结婚啦，断更三天，5.20恢复
2016-07-23 22:47:52,049 - app.origin - INFO - 已写入第一章  梦至欧洲足球之巅
2016-07-23 22:47:52,488 - app.origin - INFO - 已写入第二章 陆止于此，海始于斯
2016-07-23 22:47:52,891 - app.origin - INFO - 已写入第三章 传奇初相逢
2016-07-23 22:47:53,370 - app.origin - INFO - 已写入第四章 告知天下
2016-07-23 22:47:53,806 - app.origin - INFO - 已写入第五章 命悬一线
2016-07-23 22:47:54,298 - app.origin - INFO - 已写入第六章 存亡边缘
2016-07-23 22:47:54,781 - app.origin - INFO - 已写入第七章 意气风发
2016-07-23 22:47:55,222 - app.origin - INFO - 已写入第八章 谈梦想的人
2016-07-23 22:47:55,686 - app.origin - INFO - 已写入第九章 挺进决赛
2016-07-23 22:47:56,168 - app.origin - INFO - 已写入第十章 破碎
2016-07-23 22:47:56,661 - app.origin - INFO - 已写入第十一章 重新开始
2016-07-23 22:47:57,074 - app.origin - INFO - 已写入第十二章  酒后失言
2016-07-23 22:47:57,461 - app.origin - INFO - 已写入第十三章 善良的人在互相伤害
2016-07-23 22:47:57,839 - app.origin - INFO - 已写入第十四章 情怀落地
2016-07-23 22:47:58,413 - app.origin - INFO - 已写入第十五章 南方姑娘
2016-07-23 22:47:58,789 - app.origin - INFO - 已写入第十六章 梦想新起航（求收藏）
2016-07-23 22:47:59,253 - app.origin - INFO - 已写入第十七章 认输
2016-07-23 22:47:59,671 - app.origin - INFO - 已写入第十八章 去欧洲看球？
2016-07-23 22:48:00,111 - app.origin - INFO - 已写入第十九章 25万英镑！！
2016-07-23 22:48:00,475 - app.origin - INFO - 已写入第二十章 大布局
2016-07-23 22:48:00,834 - app.origin - INFO - 已写入第二十一章 签约未来
2016-07-23 22:48:01,267 - app.origin - INFO - 已写入第二十二章  激战！！！
2016-07-23 22:48:01,687 - app.origin - INFO - 已写入第二十三章  智慧的碰撞！
2016-07-23 22:48:02,126 - app.origin - INFO - 已写入第二十四章 改革！
2016-07-23 22:48:02,554 - app.origin - INFO - 已写入第二十五章 去英超试训？
2016-07-23 22:48:02,989 - app.origin - INFO - 已写入第二十六章 造星运动
2016-07-23 22:48:03,429 - app.origin - INFO - 已写入第二十七章 失控
2016-07-23 22:48:03,848 - app.origin - INFO - 已写入第二十八章 奇怪的父亲
2016-07-23 22:48:04,317 - app.origin - INFO - 已写入第二十八章 和解
2016-07-23 22:48:04,745 - app.origin - INFO - 已写入第二十九章 爆炸性新闻
2016-07-23 22:48:05,165 - app.origin - INFO - 已写入第三十章 天才！天才！天才！
2016-07-23 22:48:05,588 - app.origin - INFO - 已写入第三十一章 上当
2016-07-23 22:48:05,972 - app.origin - INFO - 已写入第三十二章 把球传给三秒后的自己
2016-07-23 22:48:06,350 - app.origin - INFO - 已写入第三十三章 成为世界最佳主教练
2016-07-23 22:48:06,729 - app.origin - INFO - 已写入第三十四章 奇怪来客
2016-07-23 22:48:07,128 - app.origin - INFO - 已写入第三十五章 拉赞助商
2016-07-23 22:48:07,551 - app.origin - INFO - 已写入第三十六章 狭路相逢
2016-07-23 22:48:07,930 - app.origin - INFO - 已写入第三十八章 万元赞助
2016-07-23 22:48:08,326 - app.origin - INFO - 已写入第三十九章 共同利益
2016-07-23 22:48:08,725 - app.origin - INFO - 已写入第四十章 奖金分配
2016-07-23 22:48:09,197 - app.origin - INFO - 已写入第四十一章 初到蓝桥
2016-07-23 22:48:09,587 - app.origin - INFO - 已写入第四十二章 梦剧场外
2016-07-23 22:48:10,017 - app.origin - INFO - 已写入第四十三章 红色海洋
2016-07-23 22:48:11,326 - app.origin - INFO - 已写入第四十四章 世界！
2016-07-23 22:48:11,740 - app.origin - INFO - 已写入第四十五章 奔跑！！奔跑！！
2016-07-23 22:48:12,209 - app.origin - INFO - 已写入第四十六章 谁年轻时没爱过一个人渣？
2016-07-23 22:48:12,612 - app.origin - INFO - 已写入第四十七章 不是冤家不聚头
2016-07-23 22:48:13,036 - app.origin - INFO - 已写入第四十八章 子龙的危机（感谢TT福克斯的打赏）
2016-07-23 22:48:13,698 - app.origin - INFO - 已写入第四十九章 剑拔弩张
2016-07-23 22:48:14,249 - app.origin - INFO - 已写入第五十章 朋友别哭
2016-07-23 22:48:14,910 - app.origin - INFO - 已写入第五十一章 放开我兄弟
2016-07-23 22:48:15,524 - app.origin - INFO - 已写入第五十二章 一日队友，终生兄弟！
2016-07-23 22:48:16,096 - app.origin - INFO - 已写入第五十三章 猴子请来的逗逼
2016-07-23 22:48:16,623 - app.origin - INFO - 已写入第五十四章 激斗
2016-07-23 22:48:17,169 - app.origin - INFO - 已写入第五十五章 一波未平一波又起
2016-07-23 22:48:17,615 - app.origin - INFO - 已写入第五十六章 恶人先告状
2016-07-23 22:48:18,093 - app.origin - INFO - 已写入第五十七章 思然的愤怒（求月票，求收藏）
2016-07-23 22:48:18,572 - app.origin - INFO - 已写入第五十八章 何为人师?（求月票，求推荐）
2016-07-23 22:48:19,055 - app.origin - INFO - 已写入第五十九章 冲动的惩罚
2016-07-23 22:48:19,541 - app.origin - INFO - 已写入第六十章 不可接受
2016-07-23 22:48:20,002 - app.origin - INFO - 已写入第六十一章 自由的权利（庆祝德国获胜，进群发红包）
2016-07-23 22:48:20,528 - app.origin - INFO - 已写入第六十二章 吴非的努力
2016-07-23 22:48:21,033 - app.origin - INFO - 已写入第六十三章 交换条件
2016-07-23 22:48:21,510 - app.origin - INFO - 已写入第六十四章 合并？
2016-07-23 22:48:21,926 - app.origin - INFO - 已写入第六十五章 告别赛（上）
2016-07-23 22:48:22,413 - app.origin - INFO - 已写入第六十六章 告别赛（中）
2016-07-23 22:48:22,891 - app.origin - INFO - 已写入第六十六章 告别赛（下）
2016-07-23 22:48:23,325 - app.origin - INFO - 已写入第一章 海盗诞生
2016-07-23 22:48:23,729 - app.origin - INFO - 已写入第二章 邀请赛
2016-07-23 22:48:24,182 - app.origin - INFO - 已写入第三章 说服
2016-07-23 22:48:24,634 - app.origin - INFO - 已写入第四章 技术？战术？
2016-07-23 22:48:25,106 - app.origin - INFO - 已写入第五章 游戏？
2016-07-23 22:48:25,548 - app.origin - INFO - 已写入第六章 如获至宝
2016-07-23 22:48:25,993 - app.origin - INFO - 已写入第七章 挑衅
2016-07-23 22:48:26,444 - app.origin - INFO - 已写入第八章 荣誉感
2016-07-23 22:48:26,905 - app.origin - INFO - 已写入第九章 一切发生的都太快了
2016-07-23 22:48:27,377 - app.origin - INFO - 已写入第十章 电光火石之间
2016-07-23 22:48:27,784 - app.origin - INFO - 已写入第十一章 失衡的后果
2016-07-23 22:48:28,240 - app.origin - INFO - 已写入第十二章 中场休息
2016-07-23 22:48:28,698 - app.origin - INFO - 已写入第十三章 比赛才开始呢
2016-07-23 22:48:29,291 - app.origin - INFO - 已写入第十四章 林飞的心结
2016-07-23 22:48:29,871 - app.origin - INFO - 已写入第十五章 赛后采访
2016-07-23 22:48:30,612 - app.origin - INFO - 已写入第十六章 神秘来客
2016-07-23 22:48:31,354 - app.origin - INFO - 已写入第十七章 强大的实力
2016-07-23 22:48:31,923 - app.origin - INFO - 已写入第十八章 自闭少年
2016-07-23 22:48:32,673 - app.origin - INFO - 已写入第十九章 往事随风
2016-07-23 22:48:33,304 - app.origin - INFO - 已写入第二十章 美人计
2016-07-23 22:48:33,809 - app.origin - INFO - 已写入第二十一章 新队员
2016-07-23 22:48:34,418 - app.origin - INFO - 已写入第二十二章 制造争议（）
2016-07-23 22:48:35,032 - app.origin - INFO - 已写入第二十三章  弓如秋月，箭似流星
2016-07-23 22:48:35,901 - app.origin - INFO - 已写入第二十四章 世界波
2016-07-23 22:48:36,507 - app.origin - INFO - 已写入第二十五章 曝光
2016-07-23 22:48:37,091 - app.origin - INFO - 已写入第二十六章 推波助澜
2016-07-23 22:48:37,531 - app.origin - INFO - 已写入第二十七章 人生得一知己足矣(重新修改)
2016-07-23 22:48:37,963 - app.origin - INFO - 已写入第二十八章 报复？
2016-07-23 22:48:38,407 - app.origin - INFO - 已写入第二十九章 替补的声音
2016-07-23 22:48:38,849 - app.origin - INFO - 已写入第三十章 思然的威信
2016-07-23 22:48:39,343 - app.origin - INFO - 已写入第三十一章  大决战上（求月票！！！）
2016-07-23 22:48:39,856 - app.origin - INFO - 已写入第三十二章 大决战 中（庆祝第一个盟主）
2016-07-23 22:48:40,327 - app.origin - INFO - 已写入第三十三章 大决战 下
2016-07-23 22:48:40,809 - app.origin - INFO - 已写入第三十四章 史诗对决 上
2016-07-23 22:48:41,265 - app.origin - INFO - 已写入第三十五章 史诗对决 下
2016-07-23 22:48:41,660 - app.origin - INFO - 已写入第三十六章 未来可期
2016-07-23 22:48:42,096 - app.origin - INFO - 已写入第三十七章 大战一触即发
2016-07-23 22:48:42,641 - app.origin - INFO - 已写入第三十八章 意想不到的开局
2016-07-23 22:48:43,068 - app.origin - INFO - 已写入第三十九章 迷
2016-07-23 22:48:43,453 - app.origin - INFO - 已写入第四十章 宋天的选择(上)
2016-07-23 22:48:43,845 - app.origin - INFO - 已写入第四十一章 宋天的选择 下
2016-07-23 22:48:44,300 - app.origin - INFO - 已写入第四十二章 无奈
2016-07-23 22:48:44,676 - app.origin - INFO - 已写入第四十三章 不同的路
2016-07-23 22:48:45,047 - app.origin - INFO - 已写入第四十四章 最后的比赛
2016-07-23 22:52:34,485 - app.origin - INFO - 起点中文网未找到包含关键字"踢出个未来"的小说
2016-07-23 22:52:34,743 - app.origin - INFO - 红袖添香未找到包含关键字"踢出个未来"的小说
2016-07-23 22:54:28,126 - app.origin - INFO - 起点中文网未找到包含关键字"踢出个未来"的小说
2016-07-23 22:54:28,350 - app.origin - INFO - 红袖添香未找到包含关键字"踢出个未来"的小说
2016-07-23 23:00:14,009 - app.origin - INFO - 起点中文网未找到包含关键字"踢出个"的小说
2016-07-23 23:00:14,180 - app.origin - INFO - 红袖添香未找到包含关键字"踢出个"的小说
2016-07-23 23:03:15,845 - app.origin - ERROR - 无法连接http://4g.if.qidian.com/Atom.axd/Api/Search/AutoComplete?key=踢出个未来,
无法获取起点中文网搜索结果。
Traceback (most recent call last):
  File "/home/fyb/codes/fanclley/app/origins/search.py", line 37, in search_Qidian
    search_list = json.loads(self.s.get(_searchapi).content)
  File "/home/fyb/venv27/local/lib/python2.7/site-packages/requests/sessions.py", line 473, in get
    return self.request('GET', url, **kwargs)
  File "/home/fyb/venv27/local/lib/python2.7/site-packages/requests/sessions.py", line 461, in request
    resp = self.send(prep, **send_kwargs)
  File "/home/fyb/venv27/local/lib/python2.7/site-packages/requests/sessions.py", line 573, in send
    r = adapter.send(request, **kwargs)
  File "/home/fyb/venv27/local/lib/python2.7/site-packages/requests/adapters.py", line 415, in send
    raise ConnectionError(err, request=request)
ConnectionError: ('Connection aborted.', gaierror(-2, 'Name or service not known'))
2016-07-23 23:03:35,871 - app.origin - ERROR - 无法连接http://pad.hongxiu.com/aspxnovellist/androidclient/androidclientsearch.aspx?method=store.search&kw=踢出个未来&&order=mvote&&page=1&&per_page=5&,
无法获取红袖添香搜索结果。
Traceback (most recent call last):
  File "/home/fyb/codes/fanclley/app/origins/search.py", line 64, in search_Hongxiu
    search_list = json.loads(self.s.get(_searchapi).content)
  File "/home/fyb/venv27/local/lib/python2.7/site-packages/requests/sessions.py", line 473, in get
    return self.request('GET', url, **kwargs)
  File "/home/fyb/venv27/local/lib/python2.7/site-packages/requests/sessions.py", line 461, in request
    resp = self.send(prep, **send_kwargs)
  File "/home/fyb/venv27/local/lib/python2.7/site-packages/requests/sessions.py", line 573, in send
    r = adapter.send(request, **kwargs)
  File "/home/fyb/venv27/local/lib/python2.7/site-packages/requests/adapters.py", line 415, in send
    raise ConnectionError(err, request=request)
ConnectionError: ('Connection aborted.', gaierror(-2, 'Name or service not known'))
2016-07-23 23:03:55,893 - app.origin - ERROR - 无法连接http://search.17k.com/h5/sl?q=踢出个未来&page=0&pageSize=5,
无法获取17K搜索结果。
Traceback (most recent call last):
  File "/home/fyb/codes/fanclley/app/origins/search.py", line 86, in search_17k
    search_list = json.loads(self.s.get(_searchapi).content)
  File "/home/fyb/venv27/local/lib/python2.7/site-packages/requests/sessions.py", line 473, in get
    return self.request('GET', url, **kwargs)
  File "/home/fyb/venv27/local/lib/python2.7/site-packages/requests/sessions.py", line 461, in request
    resp = self.send(prep, **send_kwargs)
  File "/home/fyb/venv27/local/lib/python2.7/site-packages/requests/sessions.py", line 573, in send
    r = adapter.send(request, **kwargs)
  File "/home/fyb/venv27/local/lib/python2.7/site-packages/requests/adapters.py", line 415, in send
    raise ConnectionError(err, request=request)
ConnectionError: ('Connection aborted.', gaierror(-2, 'Name or service not known'))
2016-07-23 23:04:15,914 - app.origin - ERROR - 无法连接http://search.zongheng.com/search/all/踢出个未来/1.html,
无法获取纵横搜索结果。
Traceback (most recent call last):
  File "/home/fyb/codes/fanclley/app/origins/search.py", line 108, in search_zongheng
    res = self.s.get(url).text
  File "/home/fyb/venv27/local/lib/python2.7/site-packages/requests/sessions.py", line 473, in get
    return self.request('GET', url, **kwargs)
  File "/home/fyb/venv27/local/lib/python2.7/site-packages/requests/sessions.py", line 461, in request
    resp = self.send(prep, **send_kwargs)
  File "/home/fyb/venv27/local/lib/python2.7/site-packages/requests/sessions.py", line 573, in send
    r = adapter.send(request, **kwargs)
  File "/home/fyb/venv27/local/lib/python2.7/site-packages/requests/adapters.py", line 415, in send
    raise ConnectionError(err, request=request)
ConnectionError: ('Connection aborted.', gaierror(-2, 'Name or service not known'))
2016-07-23 23:05:15,223 - app.origin - ERROR - 无法连接http://4g.if.qidian.com/Atom.axd/Api/Search/AutoComplete?key=踢,
无法获取起点中文网搜索结果。
Traceback (most recent call last):
  File "/home/fyb/codes/fanclley/app/origins/search.py", line 37, in search_Qidian
    search_list = json.loads(self.s.get(_searchapi).content)
  File "/home/fyb/venv27/local/lib/python2.7/site-packages/requests/sessions.py", line 473, in get
    return self.request('GET', url, **kwargs)
  File "/home/fyb/venv27/local/lib/python2.7/site-packages/requests/sessions.py", line 461, in request
    resp = self.send(prep, **send_kwargs)
  File "/home/fyb/venv27/local/lib/python2.7/site-packages/requests/sessions.py", line 573, in send
    r = adapter.send(request, **kwargs)
  File "/home/fyb/venv27/local/lib/python2.7/site-packages/requests/adapters.py", line 415, in send
    raise ConnectionError(err, request=request)
ConnectionError: ('Connection aborted.', gaierror(-2, 'Name or service not known'))
