2016-07-25 08:35:16,300 - app.origin - INFO - 已获取"白马"信息。
2016-07-25 08:35:16,349 - app.origin - INFO - 白马177免费章节
2016-07-25 08:35:17,157 - app.origin - INFO - 已写入序章
2016-07-25 08:35:17,633 - app.origin - INFO - 已写入求订阅
2016-07-25 08:35:18,193 - app.origin - INFO - 已写入完本感言
2016-07-25 08:35:18,735 - app.origin - INFO - 已写入第一章 一步风情
2016-07-25 08:35:19,264 - app.origin - INFO - 已写入第二章 偷窥无罪
2016-07-25 08:35:19,879 - app.origin - INFO - 已写入第三章 弄巧成拙
2016-07-25 08:35:20,417 - app.origin - INFO - 已写入第四章 卢植音钟
2016-07-25 08:35:20,964 - app.origin - INFO - 已写入第五章 此事没完
2016-07-25 08:35:21,647 - app.origin - INFO - 已写入第六章 小吏邹丹
2016-07-25 08:35:22,223 - app.origin - INFO - 已写入第七章 你不能走
2016-07-25 08:35:22,784 - app.origin - INFO - 已写入第八章 嚣张跋扈
2016-07-25 08:35:23,389 - app.origin - INFO - 已写入第九章 散生田丰
2016-07-25 08:35:24,057 - app.origin - INFO - 已写入第十章 太平道众
2016-07-25 08:35:24,690 - app.origin - INFO - 已写入第十一章 巷口巧遇
2016-07-25 08:35:25,272 - app.origin - INFO - 已写入第十二章 咸猪无赖
2016-07-25 08:35:25,813 - app.origin - INFO - 已写入第十三章 中山之后
2016-07-25 08:35:26,489 - app.origin - INFO - 已写入第十四章 东街赛马
2016-07-25 08:35:27,136 - app.origin - INFO - 已写入第十五章 赌斗之赢
2016-07-25 08:35:27,703 - app.origin - INFO - 已写入第十六章 成王败寇
2016-07-25 08:35:28,350 - app.origin - INFO - 已写入第十七章 北海郑玄
2016-07-25 08:35:29,149 - app.origin - INFO - 已写入第十八章 白马为题
2016-07-25 08:35:29,818 - app.origin - INFO - 已写入第十九章 你我兄弟
2016-07-25 08:35:30,493 - app.origin - INFO - 已写入第二十章 崔烈相邀
2016-07-25 08:35:31,082 - app.origin - INFO - 已写入第二十一章 一众大家
2016-07-25 08:35:31,654 - app.origin - INFO - 已写入第二十二章 今古文经
2016-07-25 08:35:32,266 - app.origin - INFO - 已写入第二十三章 白马非马
2016-07-25 08:35:32,898 - app.origin - INFO - 已写入第二十四章 绵里藏针
2016-07-25 08:35:33,625 - app.origin - INFO - 已写入第二十五章 酸腐之辈
2016-07-25 08:35:34,262 - app.origin - INFO - 已写入第二十六章 夜巷狙杀
2016-07-25 08:35:34,918 - app.origin - INFO - 已写入第二十七章 神秘高手
2016-07-25 08:35:35,592 - app.origin - INFO - 已写入第二十八章 又见玉娘
2016-07-25 08:35:36,183 - app.origin - INFO - 已写入第二十九章 风平浪静
2016-07-25 08:35:36,779 - app.origin - INFO - 已写入第三十章 朝廷征调
2016-07-25 08:35:37,385 - app.origin - INFO - 已写入第三十一章 睚眦必报
2016-07-25 08:35:37,959 - app.origin - INFO - 已写入第三十二章 注定一死
2016-07-25 08:35:38,699 - app.origin - INFO - 已写入第三十三章 白马结义
2016-07-25 08:35:39,230 - app.origin - INFO - 已写入第一章 辽西上吏
2016-07-25 08:35:40,022 - app.origin - INFO - 已写入第二章 马惊失阵
2016-07-25 08:35:40,634 - app.origin - INFO - 已写入第三章 轻商践贾
2016-07-25 08:35:41,277 - app.origin - INFO - 已写入第四章 辽西郡守
2016-07-25 08:35:41,891 - app.origin - INFO - 已写入第五章 原来是她
2016-07-25 08:35:42,503 - app.origin - INFO - 已写入第六章 一夜酒醉
2016-07-25 08:35:43,084 - app.origin - INFO - 已写入第七章 辽西突变
2016-07-25 08:35:43,645 - app.origin - INFO - 已写入第八章 南下日南
2016-07-25 08:35:44,217 - app.origin - INFO - 已写入第九章 相争高下
2016-07-25 08:35:44,857 - app.origin - INFO - 已写入第十章 文士解围
2016-07-25 08:35:45,439 - app.origin - INFO - 已写入第十一章 有人诬陷
2016-07-25 08:35:46,092 - app.origin - INFO - 已写入第十二章 凉州三明
2016-07-25 08:35:46,665 - app.origin - INFO - 已写入第十三章 心比天高
2016-07-25 08:35:47,358 - app.origin - INFO - 已写入第十四章 弘农张奂
2016-07-25 08:35:48,142 - app.origin - INFO - 已写入第十五章 后继有人
2016-07-25 08:35:48,943 - app.origin - INFO - 已写入第十六章 七荐之恩
2016-07-25 08:35:49,741 - app.origin - INFO - 已写入第十七章 邙山一拜
2016-07-25 08:35:50,655 - app.origin - INFO - 已写入第十八章 初见帝胄
2016-07-25 08:35:51,419 - app.origin - INFO - 已写入第十九章 北军五校
2016-07-25 08:35:52,300 - app.origin - INFO - 已写入第二十章 东观指路
2016-07-25 08:35:53,406 - app.origin - INFO - 已写入第二十一章 武夫田晏
2016-07-25 08:35:54,128 - app.origin - INFO - 已写入第二十二章 太尉段颎
2016-07-25 08:35:54,773 - app.origin - INFO - 已写入第二十三章 何必解释
2016-07-25 08:35:55,604 - app.origin - INFO - 已写入第二十四章 痴人蔡邕
2016-07-25 08:35:56,429 - app.origin - INFO - 已写入第二十五章 公主阳安
2016-07-25 08:35:57,118 - app.origin - INFO - 已写入第二十六章 蝴蝶效应
2016-07-25 08:35:57,745 - app.origin - INFO - 已写入第二十七章 公主举荐
2016-07-25 08:35:58,402 - app.origin - INFO - 已写入第二十八章 名士清议
2016-07-25 08:35:59,009 - app.origin - INFO - 已写入第二十九章 不问鬼神
2016-07-25 08:35:59,594 - app.origin - INFO - 已写入第三十章 长亭诀别
2016-07-25 08:36:00,233 - app.origin - INFO - 已写入第三十一章 洪都门生
2016-07-25 08:36:00,851 - app.origin - INFO - 已写入第三十二章 忘恩负义
2016-07-25 08:36:01,660 - app.origin - INFO - 已写入第三十三章 别打我脸
2016-07-25 08:36:02,371 - app.origin - INFO - 已写入第一章 时光荏苒
2016-07-25 08:36:02,943 - app.origin - INFO - 已写入第二章 拦路酒鬼
2016-07-25 08:36:03,612 - app.origin - INFO - 已写入第三章 击掌为誓
2016-07-25 08:36:04,261 - app.origin - INFO - 已写入第四章 负俗之讥
2016-07-25 08:36:04,873 - app.origin - INFO - 已写入第五章 塞北兵败
2016-07-25 08:36:05,450 - app.origin - INFO - 已写入第六章 辽东赴任
2016-07-25 08:36:06,020 - app.origin - INFO - 已写入第七章 兖州东郡
2016-07-25 08:36:06,681 - app.origin - INFO - 已写入第八章 怎么称呼
2016-07-25 08:36:07,268 - app.origin - INFO - 已写入第九章 不好意思
2016-07-25 08:36:07,950 - app.origin - INFO - 已写入第十章 突发意外
2016-07-25 08:36:08,577 - app.origin - INFO - 已写入第十一章 你信不信
2016-07-25 08:36:09,214 - app.origin - INFO - 已写入第十二章 抽身而去
2016-07-25 08:36:09,818 - app.origin - INFO - 已写入第十三章 中山马场
2016-07-25 08:36:10,435 - app.origin - INFO - 已写入第十四章 常山马匪
2016-07-25 08:36:11,103 - app.origin - INFO - 已写入第十五章 揪出马贼
2016-07-25 08:36:11,695 - app.origin - INFO - 已写入第十六章 常山之行
2016-07-25 08:36:12,266 - app.origin - INFO - 已写入第十七章 其实是贼
2016-07-25 08:36:12,909 - app.origin - INFO - 已写入第十八章 河间四将
2016-07-25 08:36:13,514 - app.origin - INFO - 已写入第十九章 人马全要
2016-07-25 08:36:14,069 - app.origin - INFO - 已写入第二十章 站直活着
2016-07-25 08:36:14,618 - app.origin - INFO - 已写入第二十一章 先生入辽
2016-07-25 08:36:15,234 - app.origin - INFO - 已写入第二十二章 枪王韩荀
2016-07-25 08:36:15,869 - app.origin - INFO - 已写入第二十三章 三合之战
2016-07-25 08:36:16,504 - app.origin - INFO - 已写入第二十四章 兄弟聚首
2016-07-25 08:36:17,108 - app.origin - INFO - 已写入第二十五章 逐一介绍
2016-07-25 08:36:17,725 - app.origin - INFO - 已写入第二十六章 辽东边军
2016-07-25 08:36:18,323 - app.origin - INFO - 已写入第二十七章 髡头兵痞
2016-07-25 08:36:18,969 - app.origin - INFO - 已写入第二十八章 我叫狄清
2016-07-25 08:36:19,595 - app.origin - INFO - 已写入第二十九章 非我族类
2016-07-25 08:36:20,220 - app.origin - INFO - 已写入第三十章 佳人受辱
2016-07-25 08:36:20,857 - app.origin - INFO - 已写入第三十一章 你敢杀我
2016-07-25 08:36:21,630 - app.origin - INFO - 已写入第三十二章 诛杀此贼
2016-07-25 08:36:22,334 - app.origin - INFO - 已写入第三十三章 白马义从
2016-07-25 08:36:22,931 - app.origin - INFO - 已写入第一章 三部鲜卑
2016-07-25 08:36:23,491 - app.origin - INFO - 已写入第二章 辽东乌丸
2016-07-25 08:36:24,058 - app.origin - INFO - 已写入第三章 狡高句丽
2016-07-25 08:36:24,617 - app.origin - INFO - 已写入第四章 效仿甘陈
2016-07-25 08:36:25,195 - app.origin - INFO - 已写入第五章 围城之战
2016-07-25 08:36:25,773 - app.origin - INFO - 已写入第六章 蚁附攻城
2016-07-25 08:36:26,397 - app.origin - INFO - 已写入第七章 武夫豪情
2016-07-25 08:36:26,934 - app.origin - INFO - 已写入第八章 误国士儒
2016-07-25 08:36:27,584 - app.origin - INFO - 已写入第九章 中兴之志
2016-07-25 08:36:28,176 - app.origin - INFO - 已写入第十章 昌黎大战
2016-07-25 08:36:28,909 - app.origin - INFO - 已写入第十一章 刨土撞城
2016-07-25 08:36:29,530 - app.origin - INFO - 已写入第十二章 宦官决断
2016-07-25 08:36:30,167 - app.origin - INFO - 已写入第十三章 朝堂议政
2016-07-25 08:36:30,801 - app.origin - INFO - 已写入第十四章 段颎死志
2016-07-25 08:36:31,404 - app.origin - INFO - 已写入第十五章 豁口力拼
2016-07-25 08:36:32,019 - app.origin - INFO - 已写入第十六章 昌黎血战
2016-07-25 08:36:32,622 - app.origin - INFO - 已写入第十七章 沮授诈军
2016-07-25 08:36:33,331 - app.origin - INFO - 已写入第十八章 此战亲往
2016-07-25 08:36:33,897 - app.origin - INFO - 已写入第十九章 深夜誓师
2016-07-25 08:36:34,537 - app.origin - INFO - 已写入第二十章 辽西公孙
2016-07-25 08:36:35,199 - app.origin - INFO - 已写入第二十一章 马踏连营
2016-07-25 08:36:35,923 - app.origin - INFO - 已写入第二十二章 鼓声如雷
2016-07-25 08:36:36,681 - app.origin - INFO - 已写入第二十三章 侵掠如火
2016-07-25 08:36:37,468 - app.origin - INFO - 已写入第二十四章 斩将夺旗
2016-07-25 08:36:38,015 - app.origin - INFO - 已写入第二十五章 胆颤乌丸
2016-07-25 08:36:38,641 - app.origin - INFO - 已写入第二十六章 犹豫不决
2016-07-25 08:36:39,295 - app.origin - INFO - 已写入第二十七章 阴险狡诈
2016-07-25 08:36:39,861 - app.origin - INFO - 已写入第二十八章 慕容鲜卑
2016-07-25 08:36:40,488 - app.origin - INFO - 已写入第二十九章 洛阳鼎沸
2016-07-25 08:36:41,136 - app.origin - INFO - 已写入第三十章 南宫鼎沸
2016-07-25 08:36:41,719 - app.origin - INFO - 已写入第三十一章 暗流涌动
2016-07-25 08:36:42,302 - app.origin - INFO - 已写入第三十二章 借刀杀人
2016-07-25 08:36:42,895 - app.origin - INFO - 已写入第三十三章 臣妹北上
2016-07-25 08:36:43,505 - app.origin - INFO - 已写入第三十四章 和连暴怒
2016-07-25 08:36:44,354 - app.origin - INFO - 已写入第三十五章 号角响起
2016-07-25 08:36:45,213 - app.origin - INFO - 已写入第三十六章 昌黎死战
2016-07-25 08:36:45,846 - app.origin - INFO - 已写入第三十七章 悬尸挂旗
2016-07-25 08:36:46,398 - app.origin - INFO - 已写入第三十八章 誓死存亡
2016-07-25 08:36:47,025 - app.origin - INFO - 已写入第三十九章 龙旗飘过
2016-07-25 08:36:47,628 - app.origin - INFO - 已写入第四十章 三道圣旨
2016-07-25 08:36:48,211 - app.origin - INFO - 已写入第四十一章 大跌眼镜
2016-07-25 08:36:48,782 - app.origin - INFO - 已写入第四十二章 拉下马来
2016-07-25 08:36:49,361 - app.origin - INFO - 已写入第四十三章 路遇公主
2016-07-25 08:36:49,947 - app.origin - INFO - 已写入第四十四章 是我们吗
2016-07-25 08:36:50,532 - app.origin - INFO - 已写入第四十五章 其疾如风
2016-07-25 08:36:51,243 - app.origin - INFO - 已写入第四十六章 上策不追
2016-07-25 08:36:51,855 - app.origin - INFO - 已写入第四十七章 一世骂名
2016-07-25 08:36:52,496 - app.origin - INFO - 已写入第四十八章 大汉之风
2016-07-25 08:36:53,219 - app.origin - INFO - 已写入第四十九章 冤情难伸
2016-07-25 08:36:53,927 - app.origin - INFO - 已写入第五十章 燕国后裔
2016-07-25 08:36:54,512 - app.origin - INFO - 已写入第五十一章 各处心机
2016-07-25 08:36:55,066 - app.origin - INFO - 已写入第五十二章 王后于氏
2016-07-25 08:36:55,715 - app.origin - INFO - 已写入第五十三章 扶立新君
2016-07-25 08:36:56,318 - app.origin - INFO - 已写入第五十四章 死在此地
2016-07-25 08:36:56,878 - app.origin - INFO - 已写入第五十五章 明临答夫
2016-07-25 08:36:57,573 - app.origin - INFO - 已写入第五十六章 春宵一刻
2016-07-25 08:36:58,404 - app.origin - INFO - 已写入第五十七章 痛下杀手
2016-07-25 08:36:59,022 - app.origin - INFO - 已写入第五十八章 死战被俘
2016-07-25 08:36:59,563 - app.origin - INFO - 已写入第五十九章 公主之忧
2016-07-25 08:37:00,357 - app.origin - INFO - 已写入第六十章 请君入瓮
2016-07-25 08:37:01,128 - app.origin - INFO - 已写入第六十一章 生死相随
2016-07-25 08:37:01,748 - app.origin - INFO - 已写入第六十二章 绝域卢龙
2016-07-25 08:37:02,355 - app.origin - INFO - 已写入第六十三章 河北刀王
2016-07-25 08:37:02,906 - app.origin - INFO - 已写入第六十四章 天降奇兵
2016-07-25 08:37:03,453 - app.origin - INFO - 已写入第六十五章 死葬辽东
2016-07-25 08:37:04,121 - app.origin - INFO - 已写入第六十六章 壮士卸甲
2016-07-25 08:37:04,815 - app.origin - INFO - 已写入第一章 赴任河东
2016-07-25 08:37:05,457 - app.origin - INFO - 已写入第二章 踏上征途
2016-07-25 08:37:06,204 - app.origin - INFO - 已写入第三章 步步惊心
2016-07-25 08:37:06,849 - app.origin - INFO - 已写入第四章 太平符水
2016-07-25 08:37:07,467 - app.origin - INFO - 已写入第五章 娼妓卞玉
2016-07-25 08:37:08,064 - app.origin - INFO - 已写入第六章 白马都尉
2016-07-25 08:37:08,626 - app.origin - INFO - 已写入第七章 河东关羽
2016-07-25 08:37:09,279 - app.origin - INFO - 已写入第八章 徐徐图之
2016-07-25 08:37:09,929 - app.origin - INFO - 已写入第九章 枭雄曹操
2016-07-25 08:42:15,535 - app.origin - INFO - 已获取"白马"信息。
2016-07-25 08:42:15,552 - app.origin - INFO - 白马177免费章节
2016-07-25 08:42:16,115 - app.origin - INFO - 已写入序章
2016-07-25 08:42:16,491 - app.origin - INFO - 已写入求订阅
2016-07-25 08:42:16,863 - app.origin - INFO - 已写入完本感言
2016-07-25 08:42:17,308 - app.origin - INFO - 已写入第一章 一步风情
2016-07-25 08:42:17,749 - app.origin - INFO - 已写入第二章 偷窥无罪
2016-07-25 08:42:18,183 - app.origin - INFO - 已写入第三章 弄巧成拙
2016-07-25 08:42:18,615 - app.origin - INFO - 已写入第四章 卢植音钟
2016-07-25 08:42:19,046 - app.origin - INFO - 已写入第五章 此事没完
2016-07-25 08:42:19,489 - app.origin - INFO - 已写入第六章 小吏邹丹
2016-07-25 08:42:19,922 - app.origin - INFO - 已写入第七章 你不能走
2016-07-25 08:42:20,322 - app.origin - INFO - 已写入第八章 嚣张跋扈
2016-07-25 08:42:20,736 - app.origin - INFO - 已写入第九章 散生田丰
2016-07-25 08:42:21,229 - app.origin - INFO - 已写入第十章 太平道众
2016-07-25 08:42:21,683 - app.origin - INFO - 已写入第十一章 巷口巧遇
2016-07-25 08:42:22,142 - app.origin - INFO - 已写入第十二章 咸猪无赖
2016-07-25 08:42:22,723 - app.origin - INFO - 已写入第十三章 中山之后
2016-07-25 08:42:23,506 - app.origin - INFO - 已写入第十四章 东街赛马
2016-07-25 08:42:24,206 - app.origin - INFO - 已写入第十五章 赌斗之赢
2016-07-25 08:42:24,801 - app.origin - INFO - 已写入第十六章 成王败寇
2016-07-25 08:42:25,501 - app.origin - INFO - 已写入第十七章 北海郑玄
2016-07-25 08:42:26,223 - app.origin - INFO - 已写入第十八章 白马为题
2016-07-25 08:42:26,748 - app.origin - INFO - 已写入第十九章 你我兄弟
2016-07-25 08:42:27,226 - app.origin - INFO - 已写入第二十章 崔烈相邀
2016-07-25 08:42:27,677 - app.origin - INFO - 已写入第二十一章 一众大家
2016-07-25 08:42:28,182 - app.origin - INFO - 已写入第二十二章 今古文经
2016-07-25 08:42:28,656 - app.origin - INFO - 已写入第二十三章 白马非马
2016-07-25 08:42:29,168 - app.origin - INFO - 已写入第二十四章 绵里藏针
2016-07-25 08:42:29,690 - app.origin - INFO - 已写入第二十五章 酸腐之辈
2016-07-25 08:42:30,154 - app.origin - INFO - 已写入第二十六章 夜巷狙杀
2016-07-25 08:42:30,691 - app.origin - INFO - 已写入第二十七章 神秘高手
2016-07-25 08:42:31,357 - app.origin - INFO - 已写入第二十八章 又见玉娘
2016-07-25 08:42:32,023 - app.origin - INFO - 已写入第二十九章 风平浪静
2016-07-25 08:42:32,695 - app.origin - INFO - 已写入第三十章 朝廷征调
2016-07-25 08:42:33,430 - app.origin - INFO - 已写入第三十一章 睚眦必报
2016-07-25 08:42:34,101 - app.origin - INFO - 已写入第三十二章 注定一死
2016-07-25 08:42:35,194 - app.origin - INFO - 已写入第三十三章 白马结义
2016-07-25 08:42:36,188 - app.origin - INFO - 已写入第一章 辽西上吏
2016-07-25 08:42:37,223 - app.origin - INFO - 已写入第二章 马惊失阵
2016-07-25 08:42:38,262 - app.origin - INFO - 已写入第三章 轻商践贾
2016-07-25 08:42:39,005 - app.origin - INFO - 已写入第四章 辽西郡守
2016-07-25 08:42:39,771 - app.origin - INFO - 已写入第五章 原来是她
2016-07-25 08:42:40,600 - app.origin - INFO - 已写入第六章 一夜酒醉
2016-07-25 08:42:41,429 - app.origin - INFO - 已写入第七章 辽西突变
2016-07-25 08:42:42,438 - app.origin - INFO - 已写入第八章 南下日南
2016-07-25 08:42:43,439 - app.origin - INFO - 已写入第九章 相争高下
2016-07-25 08:42:44,239 - app.origin - INFO - 已写入第十章 文士解围
2016-07-25 08:42:45,125 - app.origin - INFO - 已写入第十一章 有人诬陷
2016-07-25 08:42:45,817 - app.origin - INFO - 已写入第十二章 凉州三明
2016-07-25 08:42:46,450 - app.origin - INFO - 已写入第十三章 心比天高
2016-07-25 08:42:46,978 - app.origin - INFO - 已写入第十四章 弘农张奂
2016-07-25 08:42:47,463 - app.origin - INFO - 已写入第十五章 后继有人
2016-07-25 08:42:47,982 - app.origin - INFO - 已写入第十六章 七荐之恩
2016-07-25 08:42:48,461 - app.origin - INFO - 已写入第十七章 邙山一拜
2016-07-25 08:42:49,153 - app.origin - INFO - 已写入第十八章 初见帝胄
2016-07-25 08:42:49,590 - app.origin - INFO - 已写入第十九章 北军五校
2016-07-25 08:42:50,191 - app.origin - INFO - 已写入第二十章 东观指路
2016-07-25 08:42:50,728 - app.origin - INFO - 已写入第二十一章 武夫田晏
2016-07-25 08:42:51,179 - app.origin - INFO - 已写入第二十二章 太尉段颎
2016-07-25 08:42:51,605 - app.origin - INFO - 已写入第二十三章 何必解释
2016-07-25 08:42:52,118 - app.origin - INFO - 已写入第二十四章 痴人蔡邕
2016-07-25 08:42:52,696 - app.origin - INFO - 已写入第二十五章 公主阳安
2016-07-25 08:42:53,173 - app.origin - INFO - 已写入第二十六章 蝴蝶效应
2016-07-25 08:42:53,635 - app.origin - INFO - 已写入第二十七章 公主举荐
2016-07-25 08:42:54,098 - app.origin - INFO - 已写入第二十八章 名士清议
2016-07-25 08:42:54,610 - app.origin - INFO - 已写入第二十九章 不问鬼神
2016-07-25 08:42:55,082 - app.origin - INFO - 已写入第三十章 长亭诀别
2016-07-25 08:42:55,600 - app.origin - INFO - 已写入第三十一章 洪都门生
2016-07-25 08:42:56,211 - app.origin - INFO - 已写入第三十二章 忘恩负义
2016-07-25 08:42:56,955 - app.origin - INFO - 已写入第三十三章 别打我脸
2016-07-25 08:42:57,420 - app.origin - INFO - 已写入第一章 时光荏苒
2016-07-25 08:42:58,041 - app.origin - INFO - 已写入第二章 拦路酒鬼
2016-07-25 08:42:58,707 - app.origin - INFO - 已写入第三章 击掌为誓
2016-07-25 08:42:59,494 - app.origin - INFO - 已写入第四章 负俗之讥
2016-07-25 08:43:00,269 - app.origin - INFO - 已写入第五章 塞北兵败
2016-07-25 08:43:01,142 - app.origin - INFO - 已写入第六章 辽东赴任
2016-07-25 08:43:02,150 - app.origin - INFO - 已写入第七章 兖州东郡
2016-07-25 08:43:03,070 - app.origin - INFO - 已写入第八章 怎么称呼
2016-07-25 08:43:03,955 - app.origin - INFO - 已写入第九章 不好意思
2016-07-25 08:43:04,974 - app.origin - INFO - 已写入第十章 突发意外
2016-07-25 08:43:05,754 - app.origin - INFO - 已写入第十一章 你信不信
2016-07-25 08:43:06,451 - app.origin - INFO - 已写入第十二章 抽身而去
2016-07-25 08:43:07,368 - app.origin - INFO - 已写入第十三章 中山马场
2016-07-25 08:43:08,420 - app.origin - INFO - 已写入第十四章 常山马匪
2016-07-25 08:43:09,142 - app.origin - INFO - 已写入第十五章 揪出马贼
2016-07-25 08:43:09,942 - app.origin - INFO - 已写入第十六章 常山之行
2016-07-25 08:43:10,981 - app.origin - INFO - 已写入第十七章 其实是贼
2016-07-25 08:43:11,989 - app.origin - INFO - 已写入第十八章 河间四将
2016-07-25 08:43:12,723 - app.origin - INFO - 已写入第十九章 人马全要
2016-07-25 08:43:13,637 - app.origin - INFO - 已写入第二十章 站直活着
2016-07-25 08:43:14,510 - app.origin - INFO - 已写入第二十一章 先生入辽
2016-07-25 08:43:16,344 - app.origin - INFO - 已写入第二十二章 枪王韩荀
2016-07-25 08:43:17,904 - app.origin - INFO - 已写入第二十三章 三合之战
2016-07-25 08:43:18,797 - app.origin - INFO - 已写入第二十四章 兄弟聚首
2016-07-25 08:43:19,494 - app.origin - INFO - 已写入第二十五章 逐一介绍
2016-07-25 08:43:20,156 - app.origin - INFO - 已写入第二十六章 辽东边军
2016-07-25 08:43:20,835 - app.origin - INFO - 已写入第二十七章 髡头兵痞
2016-07-25 08:43:22,369 - app.origin - INFO - 已写入第二十八章 我叫狄清
2016-07-25 08:43:22,854 - app.origin - INFO - 已写入第二十九章 非我族类
2016-07-25 08:43:23,343 - app.origin - INFO - 已写入第三十章 佳人受辱
2016-07-25 08:43:23,809 - app.origin - INFO - 已写入第三十一章 你敢杀我
2016-07-25 08:43:24,395 - app.origin - INFO - 已写入第三十二章 诛杀此贼
2016-07-25 08:43:25,034 - app.origin - INFO - 已写入第三十三章 白马义从
2016-07-25 08:43:25,537 - app.origin - INFO - 已写入第一章 三部鲜卑
2016-07-25 08:43:26,107 - app.origin - INFO - 已写入第二章 辽东乌丸
2016-07-25 08:43:31,574 - app.origin - INFO - 已写入第三章 狡高句丽
2016-07-25 08:43:31,964 - app.origin - INFO - 已写入第四章 效仿甘陈
2016-07-25 08:43:32,361 - app.origin - INFO - 已写入第五章 围城之战
2016-07-25 08:43:32,756 - app.origin - INFO - 已写入第六章 蚁附攻城
2016-07-25 08:43:33,203 - app.origin - INFO - 已写入第七章 武夫豪情
2016-07-25 08:43:33,596 - app.origin - INFO - 已写入第八章 误国士儒
2016-07-25 08:43:34,017 - app.origin - INFO - 已写入第九章 中兴之志
2016-07-25 08:43:34,425 - app.origin - INFO - 已写入第十章 昌黎大战
2016-07-25 08:43:34,871 - app.origin - INFO - 已写入第十一章 刨土撞城
2016-07-25 08:43:35,382 - app.origin - INFO - 已写入第十二章 宦官决断
2016-07-25 08:43:35,837 - app.origin - INFO - 已写入第十三章 朝堂议政
2016-07-25 08:43:36,353 - app.origin - INFO - 已写入第十四章 段颎死志
2016-07-25 08:43:36,873 - app.origin - INFO - 已写入第十五章 豁口力拼
2016-07-25 08:43:37,331 - app.origin - INFO - 已写入第十六章 昌黎血战
2016-07-25 08:43:37,762 - app.origin - INFO - 已写入第十七章 沮授诈军
2016-07-25 08:43:38,184 - app.origin - INFO - 已写入第十八章 此战亲往
2016-07-25 08:43:38,775 - app.origin - INFO - 已写入第十九章 深夜誓师
2016-07-25 08:43:39,483 - app.origin - INFO - 已写入第二十章 辽西公孙
2016-07-25 08:43:40,194 - app.origin - INFO - 已写入第二十一章 马踏连营
2016-07-25 08:43:40,730 - app.origin - INFO - 已写入第二十二章 鼓声如雷
2016-07-25 08:43:41,380 - app.origin - INFO - 已写入第二十三章 侵掠如火
2016-07-25 08:43:42,271 - app.origin - INFO - 已写入第二十四章 斩将夺旗
2016-07-25 08:43:43,315 - app.origin - INFO - 已写入第二十五章 胆颤乌丸
2016-07-25 08:43:44,273 - app.origin - INFO - 已写入第二十六章 犹豫不决
2016-07-25 08:43:45,251 - app.origin - INFO - 已写入第二十七章 阴险狡诈
2016-07-25 08:43:46,061 - app.origin - INFO - 已写入第二十八章 慕容鲜卑
2016-07-25 08:43:47,036 - app.origin - INFO - 已写入第二十九章 洛阳鼎沸
2016-07-25 08:43:48,008 - app.origin - INFO - 已写入第三十章 南宫鼎沸
2016-07-25 08:43:48,775 - app.origin - INFO - 已写入第三十一章 暗流涌动
2016-07-25 08:43:49,684 - app.origin - INFO - 已写入第三十二章 借刀杀人
2016-07-25 08:43:50,500 - app.origin - INFO - 已写入第三十三章 臣妹北上
2016-07-25 08:43:51,214 - app.origin - INFO - 已写入第三十四章 和连暴怒
2016-07-25 08:43:51,956 - app.origin - INFO - 已写入第三十五章 号角响起
2016-07-25 08:43:52,636 - app.origin - INFO - 已写入第三十六章 昌黎死战
2016-07-25 08:43:53,367 - app.origin - INFO - 已写入第三十七章 悬尸挂旗
2016-07-25 08:43:53,867 - app.origin - INFO - 已写入第三十八章 誓死存亡
2016-07-25 08:43:54,761 - app.origin - INFO - 已写入第三十九章 龙旗飘过
2016-07-25 08:43:57,260 - app.origin - INFO - 已写入第四十章 三道圣旨
2016-07-25 08:43:58,155 - app.origin - INFO - 已写入第四十一章 大跌眼镜
2016-07-25 08:43:58,885 - app.origin - INFO - 已写入第四十二章 拉下马来
2016-07-25 08:43:59,860 - app.origin - INFO - 已写入第四十三章 路遇公主
2016-07-25 08:44:00,682 - app.origin - INFO - 已写入第四十四章 是我们吗
2016-07-25 08:44:01,409 - app.origin - INFO - 已写入第四十五章 其疾如风
2016-07-25 08:44:02,154 - app.origin - INFO - 已写入第四十六章 上策不追
2016-07-25 08:44:02,748 - app.origin - INFO - 已写入第四十七章 一世骂名
2016-07-25 08:44:03,230 - app.origin - INFO - 已写入第四十八章 大汉之风
2016-07-25 08:44:03,737 - app.origin - INFO - 已写入第四十九章 冤情难伸
2016-07-25 08:44:04,233 - app.origin - INFO - 已写入第五十章 燕国后裔
2016-07-25 08:44:04,698 - app.origin - INFO - 已写入第五十一章 各处心机
2016-07-25 08:44:05,171 - app.origin - INFO - 已写入第五十二章 王后于氏
2016-07-25 08:44:05,705 - app.origin - INFO - 已写入第五十三章 扶立新君
2016-07-25 08:44:06,356 - app.origin - INFO - 已写入第五十四章 死在此地
2016-07-25 08:44:06,888 - app.origin - INFO - 已写入第五十五章 明临答夫
2016-07-25 08:44:07,475 - app.origin - INFO - 已写入第五十六章 春宵一刻
2016-07-25 08:44:10,485 - app.origin - INFO - 已写入第五十七章 痛下杀手
2016-07-25 08:44:11,067 - app.origin - INFO - 已写入第五十八章 死战被俘
2016-07-25 08:44:11,561 - app.origin - INFO - 已写入第五十九章 公主之忧
2016-07-25 08:44:12,038 - app.origin - INFO - 已写入第六十章 请君入瓮
2016-07-25 08:44:12,526 - app.origin - INFO - 已写入第六十一章 生死相随
2016-07-25 08:44:12,994 - app.origin - INFO - 已写入第六十二章 绝域卢龙
2016-07-25 08:44:13,485 - app.origin - INFO - 已写入第六十三章 河北刀王
2016-07-25 08:44:13,986 - app.origin - INFO - 已写入第六十四章 天降奇兵
2016-07-25 08:44:14,583 - app.origin - INFO - 已写入第六十五章 死葬辽东
2016-07-25 08:44:15,563 - app.origin - INFO - 已写入第六十六章 壮士卸甲
2016-07-25 08:44:16,566 - app.origin - INFO - 已写入第一章 赴任河东
2016-07-25 08:44:17,530 - app.origin - INFO - 已写入第二章 踏上征途
2016-07-25 08:44:18,403 - app.origin - INFO - 已写入第三章 步步惊心
2016-07-25 08:44:19,213 - app.origin - INFO - 已写入第四章 太平符水
2016-07-25 08:44:19,936 - app.origin - INFO - 已写入第五章 娼妓卞玉
2016-07-25 08:44:20,684 - app.origin - INFO - 已写入第六章 白马都尉
2016-07-25 08:44:21,401 - app.origin - INFO - 已写入第七章 河东关羽
2016-07-25 08:44:22,144 - app.origin - INFO - 已写入第八章 徐徐图之
2016-07-25 08:44:22,712 - app.origin - INFO - 已写入第九章 枭雄曹操
2016-07-25 09:12:16,751 - app.origin - INFO - 诛仙31免费章节
2016-07-25 09:12:16,933 - app.origin - INFO - 已写入序章
2016-07-25 09:12:17,104 - app.origin - INFO - 已写入第一章 青云
2016-07-25 09:12:17,270 - app.origin - INFO - 已写入第二章 迷局
2016-07-25 09:12:17,400 - app.origin - INFO - 已写入第三章 宏愿
2016-07-25 09:12:17,579 - app.origin - INFO - 已写入第四章 惊变
2016-07-25 09:12:17,799 - app.origin - INFO - 已写入第五章 入门
2016-07-25 09:12:17,943 - app.origin - INFO - 已写入第六章 拜师
2016-07-25 09:12:18,080 - app.origin - INFO - 已写入第七章 初始
2016-07-25 09:12:18,249 - app.origin - INFO - 已写入第八章 传艺
2016-07-25 09:12:18,388 - app.origin - INFO - 已写入第九章 佛与道
2016-07-25 09:12:18,630 - app.origin - INFO - 已写入第十章 幽谷
2016-07-25 09:12:18,769 - app.origin - INFO - 已写入第十一章 异变
2016-07-25 09:12:19,089 - app.origin - INFO - 已写入第十二章 重逢
2016-07-25 09:12:19,253 - app.origin - INFO - 已写入第十三章 奇才
2016-07-25 09:12:19,399 - app.origin - INFO - 已写入第十四章 神通
2016-07-25 09:12:19,539 - app.origin - INFO - 已写入第十五章 私传
2016-07-25 09:12:19,730 - app.origin - INFO - 已写入第十六章 驱物
2016-07-25 09:12:19,965 - app.origin - INFO - 已写入第十七章 赴会
2016-07-25 09:12:20,114 - app.origin - INFO - 已写入第十八章 相逢
2016-07-25 09:12:20,250 - app.origin - INFO - 已写入第十九章 抽签
2016-07-25 09:12:20,440 - app.origin - INFO - 已写入第二十章 魔踪
2016-07-25 09:12:20,624 - app.origin - INFO - 已写入第二十一章 黑夜
2016-07-25 09:12:20,764 - app.origin - INFO - 已写入第二十二章 比试
2016-07-25 09:12:20,912 - app.origin - INFO - 已写入第二十三章 神剑
2016-07-25 09:12:21,082 - app.origin - INFO - 已写入第二十四章 意外
2016-07-25 09:12:21,242 - app.origin - INFO - 已写入第二十五章 运气
2016-07-25 09:12:21,413 - app.origin - INFO - 已写入第二十六章 自尊
2016-07-25 09:12:21,595 - app.origin - INFO - 已写入第二十七章 坚持
2016-07-25 09:12:21,734 - app.origin - INFO - 已写入第二十八章 前四
2016-07-25 09:12:21,914 - app.origin - INFO - 已写入第二十九章 奇术
2016-07-25 09:12:22,056 - app.origin - INFO - 已写入第三十章 怀疑
2016-07-25 09:23:52,407 - app.origin - INFO - 诛仙31免费章节
2016-07-25 09:23:52,503 - app.origin - INFO - 已写入序章
2016-07-25 09:23:52,629 - app.origin - INFO - 已写入第一章 青云
2016-07-25 09:23:52,757 - app.origin - INFO - 已写入第二章 迷局
2016-07-25 09:23:52,893 - app.origin - INFO - 已写入第三章 宏愿
2016-07-25 09:23:53,028 - app.origin - INFO - 已写入第四章 惊变
2016-07-25 09:23:53,164 - app.origin - INFO - 已写入第五章 入门
2016-07-25 09:23:53,290 - app.origin - INFO - 已写入第六章 拜师
2016-07-25 09:23:53,433 - app.origin - INFO - 已写入第七章 初始
2016-07-25 09:23:53,582 - app.origin - INFO - 已写入第八章 传艺
2016-07-25 09:23:53,715 - app.origin - INFO - 已写入第九章 佛与道
2016-07-25 09:23:53,849 - app.origin - INFO - 已写入第十章 幽谷
2016-07-25 09:23:53,995 - app.origin - INFO - 已写入第十一章 异变
2016-07-25 09:23:54,130 - app.origin - INFO - 已写入第十二章 重逢
2016-07-25 09:23:54,264 - app.origin - INFO - 已写入第十三章 奇才
2016-07-25 09:23:54,401 - app.origin - INFO - 已写入第十四章 神通
2016-07-25 09:23:54,539 - app.origin - INFO - 已写入第十五章 私传
2016-07-25 09:23:54,675 - app.origin - INFO - 已写入第十六章 驱物
2016-07-25 09:23:54,831 - app.origin - INFO - 已写入第十七章 赴会
2016-07-25 09:23:54,968 - app.origin - INFO - 已写入第十八章 相逢
2016-07-25 09:23:55,087 - app.origin - INFO - 已写入第十九章 抽签
2016-07-25 09:23:55,208 - app.origin - INFO - 已写入第二十章 魔踪
2016-07-25 09:23:55,388 - app.origin - INFO - 已写入第二十一章 黑夜
2016-07-25 09:23:55,520 - app.origin - INFO - 已写入第二十二章 比试
2016-07-25 09:23:55,659 - app.origin - INFO - 已写入第二十三章 神剑
2016-07-25 09:23:55,792 - app.origin - INFO - 已写入第二十四章 意外
2016-07-25 09:23:55,980 - app.origin - INFO - 已写入第二十五章 运气
2016-07-25 09:23:56,096 - app.origin - INFO - 已写入第二十六章 自尊
2016-07-25 09:23:56,245 - app.origin - INFO - 已写入第二十七章 坚持
2016-07-25 09:23:56,396 - app.origin - INFO - 已写入第二十八章 前四
2016-07-25 09:23:56,567 - app.origin - INFO - 已写入第二十九章 奇术
2016-07-25 09:23:56,729 - app.origin - INFO - 已写入第三十章 怀疑
2016-07-25 09:27:27,401 - app.origin - INFO - 诛仙31免费章节
2016-07-25 09:27:27,505 - app.origin - INFO - 已写入序章
2016-07-25 09:27:27,532 - app.origin - INFO - 已写入第一章 青云
2016-07-25 09:27:27,632 - app.origin - INFO - 已写入第二章 迷局
2016-07-25 09:27:27,845 - app.origin - INFO - 已写入第三章 宏愿
2016-07-25 09:27:27,949 - app.origin - INFO - 已写入第四章 惊变
2016-07-25 09:27:28,079 - app.origin - INFO - 已写入第五章 入门
2016-07-25 09:27:28,229 - app.origin - INFO - 已写入第六章 拜师
2016-07-25 09:27:28,348 - app.origin - INFO - 已写入第七章 初始
2016-07-25 09:27:28,459 - app.origin - INFO - 已写入第八章 传艺
2016-07-25 09:27:28,488 - app.origin - INFO - 已写入第九章 佛与道
2016-07-25 09:27:28,614 - app.origin - INFO - 已写入第十章 幽谷
2016-07-25 09:27:28,831 - app.origin - INFO - 已写入第十一章 异变
2016-07-25 09:27:28,959 - app.origin - INFO - 已写入第十二章 重逢
2016-07-25 09:27:29,091 - app.origin - INFO - 已写入第十三章 奇才
2016-07-25 09:27:29,204 - app.origin - INFO - 已写入第十四章 神通
2016-07-25 09:27:29,424 - app.origin - INFO - 已写入第十五章 私传
2016-07-25 09:27:29,726 - app.origin - INFO - 已写入第十六章 驱物
2016-07-25 09:27:29,854 - app.origin - INFO - 已写入第十七章 赴会
2016-07-25 09:27:29,992 - app.origin - INFO - 已写入第十八章 相逢
2016-07-25 09:27:30,437 - app.origin - INFO - 已写入第十九章 抽签
2016-07-25 09:27:30,556 - app.origin - INFO - 已写入第二十章 魔踪
2016-07-25 09:27:30,671 - app.origin - INFO - 已写入第二十一章 黑夜
2016-07-25 09:27:30,829 - app.origin - INFO - 已写入第二十二章 比试
2016-07-25 09:27:30,953 - app.origin - INFO - 已写入第二十三章 神剑
2016-07-25 09:27:31,100 - app.origin - INFO - 已写入第二十四章 意外
2016-07-25 09:27:31,230 - app.origin - INFO - 已写入第二十五章 运气
2016-07-25 09:27:31,369 - app.origin - INFO - 已写入第二十六章 自尊
2016-07-25 09:27:31,482 - app.origin - INFO - 已写入第二十七章 坚持
2016-07-25 09:27:31,629 - app.origin - INFO - 已写入第二十八章 前四
2016-07-25 09:27:31,762 - app.origin - INFO - 已写入第二十九章 奇术
2016-07-25 09:27:31,916 - app.origin - INFO - 已写入第三十章 怀疑
2016-07-25 09:29:24,435 - app.origin - INFO - 诛仙31免费章节
2016-07-25 09:29:24,529 - app.origin - INFO - 已写入序章
2016-07-25 09:29:24,667 - app.origin - INFO - 已写入第一章 青云
2016-07-25 09:29:24,788 - app.origin - INFO - 已写入第二章 迷局
2016-07-25 09:29:24,979 - app.origin - INFO - 已写入第三章 宏愿
2016-07-25 09:29:25,082 - app.origin - INFO - 已写入第四章 惊变
2016-07-25 09:29:25,256 - app.origin - INFO - 已写入第五章 入门
2016-07-25 09:29:25,397 - app.origin - INFO - 已写入第六章 拜师
2016-07-25 09:29:25,528 - app.origin - INFO - 已写入第七章 初始
2016-07-25 09:29:25,685 - app.origin - INFO - 已写入第八章 传艺
2016-07-25 09:29:25,819 - app.origin - INFO - 已写入第九章 佛与道
2016-07-25 09:29:25,957 - app.origin - INFO - 已写入第十章 幽谷
2016-07-25 09:29:26,071 - app.origin - INFO - 已写入第十一章 异变
2016-07-25 09:29:26,223 - app.origin - INFO - 已写入第十二章 重逢
2016-07-25 09:29:26,366 - app.origin - INFO - 已写入第十三章 奇才
2016-07-25 09:29:26,518 - app.origin - INFO - 已写入第十四章 神通
2016-07-25 09:29:26,627 - app.origin - INFO - 已写入第十五章 私传
2016-07-25 09:29:26,769 - app.origin - INFO - 已写入第十六章 驱物
2016-07-25 09:29:26,914 - app.origin - INFO - 已写入第十七章 赴会
2016-07-25 09:29:27,020 - app.origin - INFO - 已写入第十八章 相逢
2016-07-25 09:29:27,118 - app.origin - INFO - 已写入第十九章 抽签
2016-07-25 09:29:27,220 - app.origin - INFO - 已写入第二十章 魔踪
2016-07-25 09:29:27,337 - app.origin - INFO - 已写入第二十一章 黑夜
2016-07-25 09:29:27,579 - app.origin - INFO - 已写入第二十二章 比试
2016-07-25 09:29:27,736 - app.origin - INFO - 已写入第二十三章 神剑
2016-07-25 09:29:27,871 - app.origin - INFO - 已写入第二十四章 意外
2016-07-25 09:29:27,999 - app.origin - INFO - 已写入第二十五章 运气
2016-07-25 09:29:28,145 - app.origin - INFO - 已写入第二十六章 自尊
2016-07-25 09:29:28,306 - app.origin - INFO - 已写入第二十七章 坚持
2016-07-25 09:29:28,470 - app.origin - INFO - 已写入第二十八章 前四
2016-07-25 09:29:28,622 - app.origin - INFO - 已写入第二十九章 奇术
2016-07-25 09:29:28,740 - app.origin - INFO - 已写入第三十章 怀疑
2016-07-25 09:31:48,403 - app.origin - INFO - 诛仙31免费章节
2016-07-25 09:31:48,487 - app.origin - INFO - 已写入序章
2016-07-25 09:31:48,508 - app.origin - INFO - 已写入第一章 青云
2016-07-25 09:31:48,619 - app.origin - INFO - 已写入第二章 迷局
2016-07-25 09:31:48,832 - app.origin - INFO - 已写入第三章 宏愿
2016-07-25 09:31:48,948 - app.origin - INFO - 已写入第四章 惊变
2016-07-25 09:31:49,058 - app.origin - INFO - 已写入第五章 入门
2016-07-25 09:31:49,161 - app.origin - INFO - 已写入第六章 拜师
2016-07-25 09:31:49,273 - app.origin - INFO - 已写入第七章 初始
2016-07-25 09:31:49,396 - app.origin - INFO - 已写入第八章 传艺
2016-07-25 09:31:49,418 - app.origin - INFO - 已写入第九章 佛与道
2016-07-25 09:31:49,441 - app.origin - INFO - 已写入第十章 幽谷
2016-07-25 09:31:49,582 - app.origin - INFO - 已写入第十一章 异变
2016-07-25 09:31:49,708 - app.origin - INFO - 已写入第十二章 重逢
2016-07-25 09:31:49,827 - app.origin - INFO - 已写入第十三章 奇才
2016-07-25 09:31:49,930 - app.origin - INFO - 已写入第十四章 神通
2016-07-25 09:31:50,048 - app.origin - INFO - 已写入第十五章 私传
2016-07-25 09:31:50,167 - app.origin - INFO - 已写入第十六章 驱物
2016-07-25 09:31:50,284 - app.origin - INFO - 已写入第十七章 赴会
2016-07-25 09:31:50,434 - app.origin - INFO - 已写入第十八章 相逢
2016-07-25 09:31:50,610 - app.origin - INFO - 已写入第十九章 抽签
2016-07-25 09:31:50,746 - app.origin - INFO - 已写入第二十章 魔踪
2016-07-25 09:31:50,893 - app.origin - INFO - 已写入第二十一章 黑夜
2016-07-25 09:31:51,020 - app.origin - INFO - 已写入第二十二章 比试
2016-07-25 09:31:51,159 - app.origin - INFO - 已写入第二十三章 神剑
2016-07-25 09:31:51,313 - app.origin - INFO - 已写入第二十四章 意外
2016-07-25 09:31:51,430 - app.origin - INFO - 已写入第二十五章 运气
2016-07-25 09:31:51,590 - app.origin - INFO - 已写入第二十六章 自尊
2016-07-25 09:31:51,709 - app.origin - INFO - 已写入第二十七章 坚持
2016-07-25 09:31:51,838 - app.origin - INFO - 已写入第二十八章 前四
2016-07-25 09:31:51,979 - app.origin - INFO - 已写入第二十九章 奇术
2016-07-25 09:31:52,103 - app.origin - INFO - 已写入第三十章 怀疑
2016-07-25 09:39:36,897 - app.origin - INFO - 诛仙31免费章节
2016-07-25 09:39:36,916 - app.origin - INFO - 已写入序章
2016-07-25 09:39:36,939 - app.origin - INFO - 已写入第一章 青云
2016-07-25 09:39:36,958 - app.origin - INFO - 已写入第二章 迷局
2016-07-25 09:39:36,975 - app.origin - INFO - 已写入第三章 宏愿
2016-07-25 09:39:36,995 - app.origin - INFO - 已写入第四章 惊变
2016-07-25 09:39:37,016 - app.origin - INFO - 已写入第五章 入门
2016-07-25 09:39:37,044 - app.origin - INFO - 已写入第六章 拜师
2016-07-25 09:39:37,062 - app.origin - INFO - 已写入第七章 初始
2016-07-25 09:39:37,079 - app.origin - INFO - 已写入第八章 传艺
2016-07-25 09:39:37,096 - app.origin - INFO - 已写入第九章 佛与道
2016-07-25 09:39:37,116 - app.origin - INFO - 已写入第十章 幽谷
2016-07-25 09:39:37,136 - app.origin - INFO - 已写入第十一章 异变
2016-07-25 09:39:37,155 - app.origin - INFO - 已写入第十二章 重逢
2016-07-25 09:39:37,177 - app.origin - INFO - 已写入第十三章 奇才
2016-07-25 09:39:37,197 - app.origin - INFO - 已写入第十四章 神通
2016-07-25 09:39:37,214 - app.origin - INFO - 已写入第十五章 私传
2016-07-25 09:39:37,233 - app.origin - INFO - 已写入第十六章 驱物
2016-07-25 09:39:37,254 - app.origin - INFO - 已写入第十七章 赴会
2016-07-25 09:39:37,273 - app.origin - INFO - 已写入第十八章 相逢
2016-07-25 09:39:37,294 - app.origin - INFO - 已写入第十九章 抽签
2016-07-25 09:39:37,313 - app.origin - INFO - 已写入第二十章 魔踪
2016-07-25 09:39:37,334 - app.origin - INFO - 已写入第二十一章 黑夜
2016-07-25 09:39:37,373 - app.origin - INFO - 已写入第二十二章 比试
2016-07-25 09:39:37,395 - app.origin - INFO - 已写入第二十三章 神剑
2016-07-25 09:39:37,418 - app.origin - INFO - 已写入第二十四章 意外
2016-07-25 09:39:37,437 - app.origin - INFO - 已写入第二十五章 运气
2016-07-25 09:39:37,456 - app.origin - INFO - 已写入第二十六章 自尊
2016-07-25 09:39:37,475 - app.origin - INFO - 已写入第二十七章 坚持
2016-07-25 09:39:37,495 - app.origin - INFO - 已写入第二十八章 前四
2016-07-25 09:39:37,516 - app.origin - INFO - 已写入第二十九章 奇术
2016-07-25 09:39:37,536 - app.origin - INFO - 已写入第三十章 怀疑
2016-07-25 09:40:46,442 - app.origin - INFO - 诛仙31免费章节
2016-07-25 09:40:46,459 - app.origin - INFO - 已写入序章
2016-07-25 09:40:46,478 - app.origin - INFO - 已写入第一章 青云
2016-07-25 09:40:46,495 - app.origin - INFO - 已写入第二章 迷局
2016-07-25 09:40:46,515 - app.origin - INFO - 已写入第三章 宏愿
2016-07-25 09:40:46,535 - app.origin - INFO - 已写入第四章 惊变
2016-07-25 09:40:46,552 - app.origin - INFO - 已写入第五章 入门
2016-07-25 09:40:46,570 - app.origin - INFO - 已写入第六章 拜师
2016-07-25 09:40:46,618 - app.origin - INFO - 已写入第七章 初始
2016-07-25 09:40:46,638 - app.origin - INFO - 已写入第八章 传艺
2016-07-25 09:40:46,671 - app.origin - INFO - 已写入第九章 佛与道
2016-07-25 09:40:46,688 - app.origin - INFO - 已写入第十章 幽谷
2016-07-25 09:40:46,708 - app.origin - INFO - 已写入第十一章 异变
2016-07-25 09:40:46,732 - app.origin - INFO - 已写入第十二章 重逢
2016-07-25 09:40:46,750 - app.origin - INFO - 已写入第十三章 奇才
2016-07-25 09:40:46,781 - app.origin - INFO - 已写入第十四章 神通
2016-07-25 09:40:46,797 - app.origin - INFO - 已写入第十五章 私传
2016-07-25 09:40:46,817 - app.origin - INFO - 已写入第十六章 驱物
2016-07-25 09:40:46,833 - app.origin - INFO - 已写入第十七章 赴会
2016-07-25 09:40:46,851 - app.origin - INFO - 已写入第十八章 相逢
2016-07-25 09:40:46,868 - app.origin - INFO - 已写入第十九章 抽签
2016-07-25 09:40:46,888 - app.origin - INFO - 已写入第二十章 魔踪
2016-07-25 09:40:46,908 - app.origin - INFO - 已写入第二十一章 黑夜
2016-07-25 09:40:46,929 - app.origin - INFO - 已写入第二十二章 比试
2016-07-25 09:40:46,977 - app.origin - INFO - 已写入第二十三章 神剑
2016-07-25 09:40:46,998 - app.origin - INFO - 已写入第二十四章 意外
2016-07-25 09:40:47,023 - app.origin - INFO - 已写入第二十五章 运气
2016-07-25 09:40:47,041 - app.origin - INFO - 已写入第二十六章 自尊
2016-07-25 09:40:47,063 - app.origin - INFO - 已写入第二十七章 坚持
2016-07-25 09:40:47,082 - app.origin - INFO - 已写入第二十八章 前四
2016-07-25 09:40:47,100 - app.origin - INFO - 已写入第二十九章 奇术
2016-07-25 09:40:47,119 - app.origin - INFO - 已写入第三十章 怀疑
2016-07-25 09:42:15,295 - app.origin - INFO - 诛仙31免费章节
2016-07-25 09:42:15,397 - app.origin - INFO - 已写入序章
2016-07-25 09:42:15,532 - app.origin - INFO - 已写入第一章 青云
2016-07-25 09:42:15,714 - app.origin - INFO - 已写入第二章 迷局
2016-07-25 09:42:15,871 - app.origin - INFO - 已写入第三章 宏愿
2016-07-25 09:42:16,045 - app.origin - INFO - 已写入第四章 惊变
2016-07-25 09:42:16,184 - app.origin - INFO - 已写入第五章 入门
2016-07-25 09:42:16,326 - app.origin - INFO - 已写入第六章 拜师
2016-07-25 09:42:16,469 - app.origin - INFO - 已写入第七章 初始
2016-07-25 09:42:16,620 - app.origin - INFO - 已写入第八章 传艺
2016-07-25 09:42:16,825 - app.origin - INFO - 已写入第九章 佛与道
2016-07-25 09:42:16,962 - app.origin - INFO - 已写入第十章 幽谷
2016-07-25 09:42:17,107 - app.origin - INFO - 已写入第十一章 异变
2016-07-25 09:42:17,304 - app.origin - INFO - 已写入第十二章 重逢
2016-07-25 09:42:17,458 - app.origin - INFO - 已写入第十三章 奇才
2016-07-25 09:42:17,747 - app.origin - INFO - 已写入第十四章 神通
2016-07-25 09:42:17,888 - app.origin - INFO - 已写入第十五章 私传
2016-07-25 09:42:18,034 - app.origin - INFO - 已写入第十六章 驱物
2016-07-25 09:42:18,183 - app.origin - INFO - 已写入第十七章 赴会
2016-07-25 09:42:18,325 - app.origin - INFO - 已写入第十八章 相逢
2016-07-25 09:42:18,481 - app.origin - INFO - 已写入第十九章 抽签
2016-07-25 09:42:18,620 - app.origin - INFO - 已写入第二十章 魔踪
2016-07-25 09:42:18,931 - app.origin - INFO - 已写入第二十一章 黑夜
2016-07-25 09:42:22,105 - app.origin - INFO - 已写入第二十二章 比试
2016-07-25 09:42:22,524 - app.origin - INFO - 已写入第二十三章 神剑
2016-07-25 09:42:22,700 - app.origin - INFO - 已写入第二十四章 意外
2016-07-25 09:42:22,847 - app.origin - INFO - 已写入第二十五章 运气
2016-07-25 09:42:23,020 - app.origin - INFO - 已写入第二十六章 自尊
2016-07-25 09:42:23,231 - app.origin - INFO - 已写入第二十七章 坚持
2016-07-25 09:42:23,700 - app.origin - INFO - 已写入第二十八章 前四
2016-07-25 09:42:23,839 - app.origin - INFO - 已写入第二十九章 奇术
2016-07-25 09:42:23,978 - app.origin - INFO - 已写入第三十章 怀疑
2016-07-25 09:43:31,704 - app.origin - INFO - 诛仙31免费章节
2016-07-25 09:43:31,725 - app.origin - INFO - 已写入序章
2016-07-25 09:43:31,745 - app.origin - INFO - 已写入第一章 青云
2016-07-25 09:43:31,766 - app.origin - INFO - 已写入第二章 迷局
2016-07-25 09:43:31,783 - app.origin - INFO - 已写入第三章 宏愿
2016-07-25 09:43:31,804 - app.origin - INFO - 已写入第四章 惊变
2016-07-25 09:43:31,827 - app.origin - INFO - 已写入第五章 入门
2016-07-25 09:43:31,846 - app.origin - INFO - 已写入第六章 拜师
2016-07-25 09:43:31,866 - app.origin - INFO - 已写入第七章 初始
2016-07-25 09:43:31,884 - app.origin - INFO - 已写入第八章 传艺
2016-07-25 09:43:31,902 - app.origin - INFO - 已写入第九章 佛与道
2016-07-25 09:43:31,922 - app.origin - INFO - 已写入第十章 幽谷
2016-07-25 09:43:31,947 - app.origin - INFO - 已写入第十一章 异变
2016-07-25 09:43:31,967 - app.origin - INFO - 已写入第十二章 重逢
2016-07-25 09:43:31,985 - app.origin - INFO - 已写入第十三章 奇才
2016-07-25 09:43:32,005 - app.origin - INFO - 已写入第十四章 神通
2016-07-25 09:43:32,024 - app.origin - INFO - 已写入第十五章 私传
2016-07-25 09:43:32,044 - app.origin - INFO - 已写入第十六章 驱物
2016-07-25 09:43:32,063 - app.origin - INFO - 已写入第十七章 赴会
2016-07-25 09:43:32,084 - app.origin - INFO - 已写入第十八章 相逢
2016-07-25 09:43:32,105 - app.origin - INFO - 已写入第十九章 抽签
2016-07-25 09:43:32,124 - app.origin - INFO - 已写入第二十章 魔踪
2016-07-25 09:43:32,144 - app.origin - INFO - 已写入第二十一章 黑夜
2016-07-25 09:43:32,163 - app.origin - INFO - 已写入第二十二章 比试
2016-07-25 09:43:32,188 - app.origin - INFO - 已写入第二十三章 神剑
2016-07-25 09:43:32,207 - app.origin - INFO - 已写入第二十四章 意外
2016-07-25 09:43:32,226 - app.origin - INFO - 已写入第二十五章 运气
2016-07-25 09:43:32,246 - app.origin - INFO - 已写入第二十六章 自尊
2016-07-25 09:43:32,269 - app.origin - INFO - 已写入第二十七章 坚持
2016-07-25 09:43:32,288 - app.origin - INFO - 已写入第二十八章 前四
2016-07-25 09:43:32,308 - app.origin - INFO - 已写入第二十九章 奇术
2016-07-25 09:43:32,327 - app.origin - INFO - 已写入第三十章 怀疑
2016-07-25 09:43:55,393 - app.origin - INFO - 诛仙31免费章节
2016-07-25 09:43:55,412 - app.origin - INFO - 已写入序章
2016-07-25 09:43:55,429 - app.origin - INFO - 已写入第一章 青云
2016-07-25 09:43:55,455 - app.origin - INFO - 已写入第二章 迷局
2016-07-25 09:43:55,476 - app.origin - INFO - 已写入第三章 宏愿
2016-07-25 09:43:55,498 - app.origin - INFO - 已写入第四章 惊变
2016-07-25 09:43:55,518 - app.origin - INFO - 已写入第五章 入门
2016-07-25 09:43:55,535 - app.origin - INFO - 已写入第六章 拜师
2016-07-25 09:43:55,555 - app.origin - INFO - 已写入第七章 初始
2016-07-25 09:43:55,576 - app.origin - INFO - 已写入第八章 传艺
2016-07-25 09:43:55,595 - app.origin - INFO - 已写入第九章 佛与道
2016-07-25 09:43:55,621 - app.origin - INFO - 已写入第十章 幽谷
2016-07-25 09:43:55,638 - app.origin - INFO - 已写入第十一章 异变
2016-07-25 09:43:55,658 - app.origin - INFO - 已写入第十二章 重逢
2016-07-25 09:43:55,675 - app.origin - INFO - 已写入第十三章 奇才
2016-07-25 09:43:55,699 - app.origin - INFO - 已写入第十四章 神通
2016-07-25 09:43:55,718 - app.origin - INFO - 已写入第十五章 私传
2016-07-25 09:43:55,752 - app.origin - INFO - 已写入第十六章 驱物
2016-07-25 09:43:55,768 - app.origin - INFO - 已写入第十七章 赴会
2016-07-25 09:43:55,790 - app.origin - INFO - 已写入第十八章 相逢
2016-07-25 09:43:55,808 - app.origin - INFO - 已写入第十九章 抽签
2016-07-25 09:43:55,827 - app.origin - INFO - 已写入第二十章 魔踪
2016-07-25 09:43:55,847 - app.origin - INFO - 已写入第二十一章 黑夜
2016-07-25 09:43:55,869 - app.origin - INFO - 已写入第二十二章 比试
2016-07-25 09:43:55,891 - app.origin - INFO - 已写入第二十三章 神剑
2016-07-25 09:43:55,917 - app.origin - INFO - 已写入第二十四章 意外
2016-07-25 09:43:55,936 - app.origin - INFO - 已写入第二十五章 运气
2016-07-25 09:43:55,956 - app.origin - INFO - 已写入第二十六章 自尊
2016-07-25 09:43:55,980 - app.origin - INFO - 已写入第二十七章 坚持
2016-07-25 09:43:55,996 - app.origin - INFO - 已写入第二十八章 前四
2016-07-25 09:43:56,017 - app.origin - INFO - 已写入第二十九章 奇术
2016-07-25 09:43:56,034 - app.origin - INFO - 已写入第三十章 怀疑
2016-07-25 09:44:56,041 - app.origin - INFO - 诛仙31免费章节
2016-07-25 09:44:56,060 - app.origin - INFO - 已写入序章
2016-07-25 09:44:56,080 - app.origin - INFO - 已写入第一章 青云
2016-07-25 09:44:56,103 - app.origin - INFO - 已写入第二章 迷局
2016-07-25 09:44:56,126 - app.origin - INFO - 已写入第三章 宏愿
2016-07-25 09:44:56,145 - app.origin - INFO - 已写入第四章 惊变
2016-07-25 09:44:56,165 - app.origin - INFO - 已写入第五章 入门
2016-07-25 09:44:56,187 - app.origin - INFO - 已写入第六章 拜师
2016-07-25 09:44:56,209 - app.origin - INFO - 已写入第七章 初始
2016-07-25 09:44:56,228 - app.origin - INFO - 已写入第八章 传艺
2016-07-25 09:44:56,260 - app.origin - INFO - 已写入第九章 佛与道
2016-07-25 09:44:56,295 - app.origin - INFO - 已写入第十章 幽谷
2016-07-25 09:44:56,334 - app.origin - INFO - 已写入第十一章 异变
2016-07-25 09:44:56,371 - app.origin - INFO - 已写入第十二章 重逢
2016-07-25 09:44:56,410 - app.origin - INFO - 已写入第十三章 奇才
2016-07-25 09:44:56,448 - app.origin - INFO - 已写入第十四章 神通
2016-07-25 09:44:56,469 - app.origin - INFO - 已写入第十五章 私传
2016-07-25 09:44:56,490 - app.origin - INFO - 已写入第十六章 驱物
2016-07-25 09:44:56,517 - app.origin - INFO - 已写入第十七章 赴会
2016-07-25 09:44:56,540 - app.origin - INFO - 已写入第十八章 相逢
2016-07-25 09:44:56,562 - app.origin - INFO - 已写入第十九章 抽签
2016-07-25 09:44:56,588 - app.origin - INFO - 已写入第二十章 魔踪
2016-07-25 09:44:56,608 - app.origin - INFO - 已写入第二十一章 黑夜
2016-07-25 09:44:56,635 - app.origin - INFO - 已写入第二十二章 比试
2016-07-25 09:44:56,657 - app.origin - INFO - 已写入第二十三章 神剑
2016-07-25 09:44:56,678 - app.origin - INFO - 已写入第二十四章 意外
2016-07-25 09:44:56,700 - app.origin - INFO - 已写入第二十五章 运气
2016-07-25 09:44:56,723 - app.origin - INFO - 已写入第二十六章 自尊
2016-07-25 09:44:56,745 - app.origin - INFO - 已写入第二十七章 坚持
2016-07-25 09:44:56,765 - app.origin - INFO - 已写入第二十八章 前四
2016-07-25 09:44:56,788 - app.origin - INFO - 已写入第二十九章 奇术
2016-07-25 09:44:56,809 - app.origin - INFO - 已写入第三十章 怀疑
2016-07-25 09:46:07,325 - app.origin - INFO - 诛仙31免费章节
2016-07-25 09:46:07,392 - app.origin - INFO - 已写入序章
2016-07-25 09:46:07,628 - app.origin - INFO - 已写入第一章 青云
2016-07-25 09:46:07,719 - app.origin - INFO - 已写入第二章 迷局
2016-07-25 09:46:07,886 - app.origin - INFO - 已写入第三章 宏愿
2016-07-25 09:46:07,991 - app.origin - INFO - 已写入第四章 惊变
2016-07-25 09:46:08,127 - app.origin - INFO - 已写入第五章 入门
2016-07-25 09:46:08,262 - app.origin - INFO - 已写入第六章 拜师
2016-07-25 09:46:08,415 - app.origin - INFO - 已写入第七章 初始
2016-07-25 09:46:08,542 - app.origin - INFO - 已写入第八章 传艺
2016-07-25 09:46:08,654 - app.origin - INFO - 已写入第九章 佛与道
2016-07-25 09:46:08,829 - app.origin - INFO - 已写入第十章 幽谷
2016-07-25 09:46:08,991 - app.origin - INFO - 已写入第十一章 异变
2016-07-25 09:46:09,098 - app.origin - INFO - 已写入第十二章 重逢
2016-07-25 09:46:09,204 - app.origin - INFO - 已写入第十三章 奇才
2016-07-25 09:46:09,377 - app.origin - INFO - 已写入第十四章 神通
2016-07-25 09:46:09,502 - app.origin - INFO - 已写入第十五章 私传
2016-07-25 09:46:09,645 - app.origin - INFO - 已写入第十六章 驱物
2016-07-25 09:46:09,892 - app.origin - INFO - 已写入第十七章 赴会
2016-07-25 09:46:10,040 - app.origin - INFO - 已写入第十八章 相逢
2016-07-25 09:46:10,191 - app.origin - INFO - 已写入第十九章 抽签
2016-07-25 09:46:10,295 - app.origin - INFO - 已写入第二十章 魔踪
2016-07-25 09:46:10,423 - app.origin - INFO - 已写入第二十一章 黑夜
2016-07-25 09:46:10,591 - app.origin - INFO - 已写入第二十二章 比试
2016-07-25 09:46:10,713 - app.origin - INFO - 已写入第二十三章 神剑
2016-07-25 09:46:10,839 - app.origin - INFO - 已写入第二十四章 意外
2016-07-25 09:46:10,941 - app.origin - INFO - 已写入第二十五章 运气
2016-07-25 09:46:11,042 - app.origin - INFO - 已写入第二十六章 自尊
2016-07-25 09:46:11,183 - app.origin - INFO - 已写入第二十七章 坚持
2016-07-25 09:46:11,314 - app.origin - INFO - 已写入第二十八章 前四
2016-07-25 09:46:11,410 - app.origin - INFO - 已写入第二十九章 奇术
2016-07-25 09:46:11,532 - app.origin - INFO - 已写入第三十章 怀疑
2016-07-25 09:46:15,495 - app.origin - INFO - 诛仙31免费章节
2016-07-25 09:46:15,587 - app.origin - INFO - 已写入序章
2016-07-25 09:46:15,707 - app.origin - INFO - 已写入第一章 青云
2016-07-25 09:46:15,812 - app.origin - INFO - 已写入第二章 迷局
2016-07-25 09:46:15,940 - app.origin - INFO - 已写入第三章 宏愿
2016-07-25 09:46:16,044 - app.origin - INFO - 已写入第四章 惊变
2016-07-25 09:46:16,181 - app.origin - INFO - 已写入第五章 入门
2016-07-25 09:46:16,313 - app.origin - INFO - 已写入第六章 拜师
2016-07-25 09:46:16,450 - app.origin - INFO - 已写入第七章 初始
2016-07-25 09:46:16,570 - app.origin - INFO - 已写入第八章 传艺
2016-07-25 09:46:17,688 - app.origin - INFO - 已写入第九章 佛与道
2016-07-25 09:46:17,796 - app.origin - INFO - 已写入第十章 幽谷
2016-07-25 09:46:17,945 - app.origin - INFO - 已写入第十一章 异变
2016-07-25 09:46:18,072 - app.origin - INFO - 已写入第十二章 重逢
2016-07-25 09:46:18,198 - app.origin - INFO - 已写入第十三章 奇才
2016-07-25 09:46:18,349 - app.origin - INFO - 已写入第十四章 神通
2016-07-25 09:46:18,478 - app.origin - INFO - 已写入第十五章 私传
2016-07-25 09:46:18,599 - app.origin - INFO - 已写入第十六章 驱物
2016-07-25 09:46:18,742 - app.origin - INFO - 已写入第十七章 赴会
2016-07-25 09:46:18,852 - app.origin - INFO - 已写入第十八章 相逢
2016-07-25 09:46:18,982 - app.origin - INFO - 已写入第十九章 抽签
2016-07-25 09:46:19,111 - app.origin - INFO - 已写入第二十章 魔踪
2016-07-25 09:46:19,242 - app.origin - INFO - 已写入第二十一章 黑夜
2016-07-25 09:46:19,381 - app.origin - INFO - 已写入第二十二章 比试
2016-07-25 09:46:19,519 - app.origin - INFO - 已写入第二十三章 神剑
2016-07-25 09:46:19,629 - app.origin - INFO - 已写入第二十四章 意外
2016-07-25 09:46:19,807 - app.origin - INFO - 已写入第二十五章 运气
2016-07-25 09:46:19,923 - app.origin - INFO - 已写入第二十六章 自尊
2016-07-25 09:46:20,050 - app.origin - INFO - 已写入第二十七章 坚持
2016-07-25 09:46:20,173 - app.origin - INFO - 已写入第二十八章 前四
2016-07-25 09:46:20,328 - app.origin - INFO - 已写入第二十九章 奇术
2016-07-25 09:46:20,459 - app.origin - INFO - 已写入第三十章 怀疑
2016-07-25 09:47:26,688 - app.origin - INFO - 诛仙31免费章节
2016-07-25 09:47:26,704 - app.origin - INFO - 已写入序章
2016-07-25 09:47:26,719 - app.origin - INFO - 已写入第一章 青云
2016-07-25 09:47:26,739 - app.origin - INFO - 已写入第二章 迷局
2016-07-25 09:47:26,756 - app.origin - INFO - 已写入第三章 宏愿
2016-07-25 09:47:26,773 - app.origin - INFO - 已写入第四章 惊变
2016-07-25 09:47:26,789 - app.origin - INFO - 已写入第五章 入门
2016-07-25 09:47:26,805 - app.origin - INFO - 已写入第六章 拜师
2016-07-25 09:47:26,825 - app.origin - INFO - 已写入第七章 初始
2016-07-25 09:47:26,844 - app.origin - INFO - 已写入第八章 传艺
2016-07-25 09:47:26,864 - app.origin - INFO - 已写入第九章 佛与道
2016-07-25 09:47:26,887 - app.origin - INFO - 已写入第十章 幽谷
2016-07-25 09:47:26,906 - app.origin - INFO - 已写入第十一章 异变
2016-07-25 09:47:26,925 - app.origin - INFO - 已写入第十二章 重逢
2016-07-25 09:47:26,944 - app.origin - INFO - 已写入第十三章 奇才
2016-07-25 09:47:26,960 - app.origin - INFO - 已写入第十四章 神通
2016-07-25 09:47:26,976 - app.origin - INFO - 已写入第十五章 私传
2016-07-25 09:47:26,994 - app.origin - INFO - 已写入第十六章 驱物
2016-07-25 09:47:27,010 - app.origin - INFO - 已写入第十七章 赴会
2016-07-25 09:47:27,025 - app.origin - INFO - 已写入第十八章 相逢
2016-07-25 09:47:27,047 - app.origin - INFO - 已写入第十九章 抽签
2016-07-25 09:47:27,064 - app.origin - INFO - 已写入第二十章 魔踪
2016-07-25 09:47:27,081 - app.origin - INFO - 已写入第二十一章 黑夜
2016-07-25 09:47:27,100 - app.origin - INFO - 已写入第二十二章 比试
2016-07-25 09:47:27,117 - app.origin - INFO - 已写入第二十三章 神剑
2016-07-25 09:47:27,140 - app.origin - INFO - 已写入第二十四章 意外
2016-07-25 09:47:27,161 - app.origin - INFO - 已写入第二十五章 运气
2016-07-25 09:47:27,181 - app.origin - INFO - 已写入第二十六章 自尊
2016-07-25 09:47:27,203 - app.origin - INFO - 已写入第二十七章 坚持
2016-07-25 09:47:27,220 - app.origin - INFO - 已写入第二十八章 前四
2016-07-25 09:47:27,239 - app.origin - INFO - 已写入第二十九章 奇术
2016-07-25 09:47:27,265 - app.origin - INFO - 已写入第三十章 怀疑
2016-07-25 09:48:46,124 - app.origin - INFO - 诛仙31免费章节
2016-07-25 09:48:46,138 - app.origin - INFO - 已写入序章
2016-07-25 09:48:46,153 - app.origin - INFO - 已写入第一章 青云
2016-07-25 09:48:46,171 - app.origin - INFO - 已写入第二章 迷局
2016-07-25 09:48:46,198 - app.origin - INFO - 已写入第三章 宏愿
2016-07-25 09:48:46,216 - app.origin - INFO - 已写入第四章 惊变
2016-07-25 09:48:46,235 - app.origin - INFO - 已写入第五章 入门
2016-07-25 09:48:46,254 - app.origin - INFO - 已写入第六章 拜师
2016-07-25 09:48:46,271 - app.origin - INFO - 已写入第七章 初始
2016-07-25 09:48:46,291 - app.origin - INFO - 已写入第八章 传艺
2016-07-25 09:48:46,312 - app.origin - INFO - 已写入第九章 佛与道
2016-07-25 09:48:46,331 - app.origin - INFO - 已写入第十章 幽谷
2016-07-25 09:48:46,351 - app.origin - INFO - 已写入第十一章 异变
2016-07-25 09:48:46,366 - app.origin - INFO - 已写入第十二章 重逢
2016-07-25 09:48:46,383 - app.origin - INFO - 已写入第十三章 奇才
2016-07-25 09:48:46,403 - app.origin - INFO - 已写入第十四章 神通
2016-07-25 09:48:46,420 - app.origin - INFO - 已写入第十五章 私传
2016-07-25 09:48:46,438 - app.origin - INFO - 已写入第十六章 驱物
2016-07-25 09:48:46,455 - app.origin - INFO - 已写入第十七章 赴会
2016-07-25 09:48:46,472 - app.origin - INFO - 已写入第十八章 相逢
2016-07-25 09:48:46,491 - app.origin - INFO - 已写入第十九章 抽签
2016-07-25 09:48:46,513 - app.origin - INFO - 已写入第二十章 魔踪
2016-07-25 09:48:46,534 - app.origin - INFO - 已写入第二十一章 黑夜
2016-07-25 09:48:46,553 - app.origin - INFO - 已写入第二十二章 比试
2016-07-25 09:48:46,573 - app.origin - INFO - 已写入第二十三章 神剑
2016-07-25 09:48:46,594 - app.origin - INFO - 已写入第二十四章 意外
2016-07-25 09:48:46,617 - app.origin - INFO - 已写入第二十五章 运气
2016-07-25 09:48:46,638 - app.origin - INFO - 已写入第二十六章 自尊
2016-07-25 09:48:46,656 - app.origin - INFO - 已写入第二十七章 坚持
2016-07-25 09:48:46,673 - app.origin - INFO - 已写入第二十八章 前四
2016-07-25 09:48:46,721 - app.origin - INFO - 已写入第二十九章 奇术
2016-07-25 09:48:46,740 - app.origin - INFO - 已写入第三十章 怀疑
2016-07-25 09:50:11,260 - app.origin - INFO - 诛仙31免费章节
2016-07-25 09:50:11,342 - app.origin - INFO - 已写入序章
2016-07-25 09:50:11,362 - app.origin - INFO - 已写入第一章 青云
2016-07-25 09:50:11,383 - app.origin - INFO - 已写入第二章 迷局
2016-07-25 09:50:11,488 - app.origin - INFO - 已写入第三章 宏愿
2016-07-25 09:50:11,509 - app.origin - INFO - 已写入第四章 惊变
2016-07-25 09:50:11,628 - app.origin - INFO - 已写入第五章 入门
2016-07-25 09:50:11,777 - app.origin - INFO - 已写入第六章 拜师
2016-07-25 09:50:11,908 - app.origin - INFO - 已写入第七章 初始
2016-07-25 09:50:12,010 - app.origin - INFO - 已写入第八章 传艺
2016-07-25 09:50:12,121 - app.origin - INFO - 已写入第九章 佛与道
2016-07-25 09:50:12,250 - app.origin - INFO - 已写入第十章 幽谷
2016-07-25 09:50:12,380 - app.origin - INFO - 已写入第十一章 异变
2016-07-25 09:50:12,522 - app.origin - INFO - 已写入第十二章 重逢
2016-07-25 09:50:12,655 - app.origin - INFO - 已写入第十三章 奇才
2016-07-25 09:50:12,799 - app.origin - INFO - 已写入第十四章 神通
2016-07-25 09:50:12,903 - app.origin - INFO - 已写入第十五章 私传
2016-07-25 09:50:13,016 - app.origin - INFO - 已写入第十六章 驱物
2016-07-25 09:50:13,143 - app.origin - INFO - 已写入第十七章 赴会
2016-07-25 09:50:13,260 - app.origin - INFO - 已写入第十八章 相逢
2016-07-25 09:50:13,368 - app.origin - INFO - 已写入第十九章 抽签
2016-07-25 09:50:13,608 - app.origin - INFO - 已写入第二十章 魔踪
2016-07-25 09:50:13,754 - app.origin - INFO - 已写入第二十一章 黑夜
2016-07-25 09:50:13,874 - app.origin - INFO - 已写入第二十二章 比试
2016-07-25 09:50:14,089 - app.origin - INFO - 已写入第二十三章 神剑
2016-07-25 09:50:14,199 - app.origin - INFO - 已写入第二十四章 意外
2016-07-25 09:50:14,443 - app.origin - INFO - 已写入第二十五章 运气
2016-07-25 09:50:14,589 - app.origin - INFO - 已写入第二十六章 自尊
2016-07-25 09:50:14,701 - app.origin - INFO - 已写入第二十七章 坚持
2016-07-25 09:50:14,838 - app.origin - INFO - 已写入第二十八章 前四
2016-07-25 09:50:14,982 - app.origin - INFO - 已写入第二十九章 奇术
2016-07-25 09:50:15,113 - app.origin - INFO - 已写入第三十章 怀疑
2016-07-25 09:51:23,954 - app.origin - INFO - 诛仙31免费章节
2016-07-25 09:51:24,061 - app.origin - INFO - 已写入序章
2016-07-25 09:51:24,190 - app.origin - INFO - 已写入第一章 青云
2016-07-25 09:51:24,313 - app.origin - INFO - 已写入第二章 迷局
2016-07-25 09:51:24,768 - app.origin - INFO - 已写入第三章 宏愿
2016-07-25 09:51:25,438 - app.origin - INFO - 已写入第四章 惊变
2016-07-25 09:51:25,688 - app.origin - INFO - 已写入第五章 入门
2016-07-25 09:51:25,817 - app.origin - INFO - 已写入第六章 拜师
2016-07-25 09:51:25,944 - app.origin - INFO - 已写入第七章 初始
2016-07-25 09:51:26,060 - app.origin - INFO - 已写入第八章 传艺
2016-07-25 09:51:26,082 - app.origin - INFO - 已写入第九章 佛与道
2016-07-25 09:51:26,202 - app.origin - INFO - 已写入第十章 幽谷
2016-07-25 09:51:26,330 - app.origin - INFO - 已写入第十一章 异变
2016-07-25 09:51:26,479 - app.origin - INFO - 已写入第十二章 重逢
2016-07-25 09:51:26,589 - app.origin - INFO - 已写入第十三章 奇才
2016-07-25 09:51:26,720 - app.origin - INFO - 已写入第十四章 神通
2016-07-25 09:51:26,852 - app.origin - INFO - 已写入第十五章 私传
2016-07-25 09:51:26,997 - app.origin - INFO - 已写入第十六章 驱物
2016-07-25 09:51:27,115 - app.origin - INFO - 已写入第十七章 赴会
2016-07-25 09:51:27,267 - app.origin - INFO - 已写入第十八章 相逢
2016-07-25 09:51:27,418 - app.origin - INFO - 已写入第十九章 抽签
2016-07-25 09:51:27,547 - app.origin - INFO - 已写入第二十章 魔踪
2016-07-25 09:51:27,681 - app.origin - INFO - 已写入第二十一章 黑夜
2016-07-25 09:51:27,811 - app.origin - INFO - 已写入第二十二章 比试
2016-07-25 09:51:27,997 - app.origin - INFO - 已写入第二十三章 神剑
2016-07-25 09:51:28,301 - app.origin - INFO - 已写入第二十四章 意外
2016-07-25 09:51:28,508 - app.origin - INFO - 已写入第二十五章 运气
2016-07-25 09:51:28,664 - app.origin - INFO - 已写入第二十六章 自尊
2016-07-25 09:51:28,821 - app.origin - INFO - 已写入第二十七章 坚持
2016-07-25 09:51:30,010 - app.origin - INFO - 已写入第二十八章 前四
2016-07-25 09:51:30,171 - app.origin - INFO - 已写入第二十九章 奇术
2016-07-25 09:51:30,335 - app.origin - INFO - 已写入第三十章 怀疑
2016-07-25 09:54:55,872 - app.origin - INFO - 诛仙31免费章节
2016-07-25 09:54:55,899 - app.origin - INFO - 已写入序章
2016-07-25 09:54:55,919 - app.origin - INFO - 已写入第一章 青云
2016-07-25 09:54:55,939 - app.origin - INFO - 已写入第二章 迷局
2016-07-25 09:54:55,964 - app.origin - INFO - 已写入第三章 宏愿
2016-07-25 09:54:55,986 - app.origin - INFO - 已写入第四章 惊变
2016-07-25 09:54:56,017 - app.origin - INFO - 已写入第五章 入门
2016-07-25 09:54:56,041 - app.origin - INFO - 已写入第六章 拜师
2016-07-25 09:54:56,066 - app.origin - INFO - 已写入第七章 初始
2016-07-25 09:54:56,089 - app.origin - INFO - 已写入第八章 传艺
2016-07-25 09:54:56,121 - app.origin - INFO - 已写入第九章 佛与道
2016-07-25 09:54:56,140 - app.origin - INFO - 已写入第十章 幽谷
2016-07-25 09:54:56,160 - app.origin - INFO - 已写入第十一章 异变
2016-07-25 09:54:56,179 - app.origin - INFO - 已写入第十二章 重逢
2016-07-25 09:54:56,199 - app.origin - INFO - 已写入第十三章 奇才
2016-07-25 09:54:56,219 - app.origin - INFO - 已写入第十四章 神通
2016-07-25 09:54:56,240 - app.origin - INFO - 已写入第十五章 私传
2016-07-25 09:54:56,261 - app.origin - INFO - 已写入第十六章 驱物
2016-07-25 09:54:56,280 - app.origin - INFO - 已写入第十七章 赴会
2016-07-25 09:54:56,299 - app.origin - INFO - 已写入第十八章 相逢
2016-07-25 09:54:56,319 - app.origin - INFO - 已写入第十九章 抽签
2016-07-25 09:54:56,339 - app.origin - INFO - 已写入第二十章 魔踪
2016-07-25 09:54:56,360 - app.origin - INFO - 已写入第二十一章 黑夜
2016-07-25 09:54:56,382 - app.origin - INFO - 已写入第二十二章 比试
2016-07-25 09:54:56,400 - app.origin - INFO - 已写入第二十三章 神剑
2016-07-25 09:54:56,422 - app.origin - INFO - 已写入第二十四章 意外
2016-07-25 09:54:56,440 - app.origin - INFO - 已写入第二十五章 运气
2016-07-25 09:54:56,459 - app.origin - INFO - 已写入第二十六章 自尊
2016-07-25 09:54:56,482 - app.origin - INFO - 已写入第二十七章 坚持
2016-07-25 09:54:56,501 - app.origin - INFO - 已写入第二十八章 前四
2016-07-25 09:54:56,524 - app.origin - INFO - 已写入第二十九章 奇术
2016-07-25 09:54:56,546 - app.origin - INFO - 已写入第三十章 怀疑
2016-07-25 09:58:28,885 - app.origin - INFO - 诛仙31免费章节
2016-07-25 09:58:28,907 - app.origin - INFO - 已写入序章
2016-07-25 09:58:28,928 - app.origin - INFO - 已写入第一章 青云
2016-07-25 09:58:28,949 - app.origin - INFO - 已写入第二章 迷局
2016-07-25 09:58:28,969 - app.origin - INFO - 已写入第三章 宏愿
2016-07-25 09:58:28,995 - app.origin - INFO - 已写入第四章 惊变
2016-07-25 09:58:29,018 - app.origin - INFO - 已写入第五章 入门
2016-07-25 09:58:29,040 - app.origin - INFO - 已写入第六章 拜师
2016-07-25 09:58:29,060 - app.origin - INFO - 已写入第七章 初始
2016-07-25 09:58:29,083 - app.origin - INFO - 已写入第八章 传艺
2016-07-25 09:58:29,106 - app.origin - INFO - 已写入第九章 佛与道
2016-07-25 09:58:29,131 - app.origin - INFO - 已写入第十章 幽谷
2016-07-25 09:58:29,151 - app.origin - INFO - 已写入第十一章 异变
2016-07-25 09:58:29,174 - app.origin - INFO - 已写入第十二章 重逢
2016-07-25 09:58:29,211 - app.origin - INFO - 已写入第十三章 奇才
2016-07-25 09:58:29,246 - app.origin - INFO - 已写入第十四章 神通
2016-07-25 09:58:29,286 - app.origin - INFO - 已写入第十五章 私传
2016-07-25 09:58:29,328 - app.origin - INFO - 已写入第十六章 驱物
2016-07-25 09:58:29,367 - app.origin - INFO - 已写入第十七章 赴会
2016-07-25 09:58:29,406 - app.origin - INFO - 已写入第十八章 相逢
2016-07-25 09:58:29,431 - app.origin - INFO - 已写入第十九章 抽签
2016-07-25 09:58:29,452 - app.origin - INFO - 已写入第二十章 魔踪
2016-07-25 09:58:29,478 - app.origin - INFO - 已写入第二十一章 黑夜
2016-07-25 09:58:29,499 - app.origin - INFO - 已写入第二十二章 比试
2016-07-25 09:58:29,554 - app.origin - INFO - 已写入第二十三章 神剑
2016-07-25 09:58:29,600 - app.origin - INFO - 已写入第二十四章 意外
2016-07-25 09:58:29,634 - app.origin - INFO - 已写入第二十五章 运气
2016-07-25 09:58:29,677 - app.origin - INFO - 已写入第二十六章 自尊
2016-07-25 09:58:29,701 - app.origin - INFO - 已写入第二十七章 坚持
2016-07-25 09:58:29,722 - app.origin - INFO - 已写入第二十八章 前四
2016-07-25 09:58:29,745 - app.origin - INFO - 已写入第二十九章 奇术
2016-07-25 09:58:29,766 - app.origin - INFO - 已写入第三十章 怀疑
2016-07-25 10:00:53,293 - app.origin - INFO - 已获取"总裁，离婚吧！"书籍信息
2016-07-25 10:00:57,643 - app.origin - INFO - 已写入001 婆婆和嫂子
2016-07-25 10:00:58,425 - app.origin - INFO - 晶武天下123免费章节
2016-07-25 10:00:58,508 - app.origin - INFO - 已写入第一章  少年和少女
2016-07-25 10:00:58,564 - app.origin - INFO - 已写入第二章  荒原搏杀
2016-07-25 10:00:58,614 - app.origin - INFO - 已写入第三章  沙地遇险
2016-07-25 10:00:58,694 - app.origin - INFO - 已写入第四章  地底惊魂
2016-07-25 10:00:58,742 - app.origin - INFO - 已写入第五章  蛛口逃生
2016-07-25 10:00:58,791 - app.origin - INFO - 已写入第六章  逃出洞穴
2016-07-25 10:00:58,851 - app.origin - INFO - 已写入第七章  混战
2016-07-25 10:00:58,897 - app.origin - INFO - 已写入第八章  刀爷
2016-07-25 10:00:58,954 - app.origin - INFO - 已写入第九章  合作
2016-07-25 10:00:59,015 - app.origin - INFO - 已写入第十章  归来
2016-07-25 10:00:59,075 - app.origin - INFO - 已写入第十一章  相见
2016-07-25 10:00:59,135 - app.origin - INFO - 已写入第十二章  暴风雨前的宁静
2016-07-25 10:00:59,187 - app.origin - INFO - 已写入第十三章  骤雨来临
2016-07-25 10:00:59,244 - app.origin - INFO - 已写入第十四章  夜战（一）
2016-07-25 10:00:59,304 - app.origin - INFO - 已写入第十五章  夜战（二）
2016-07-25 10:00:59,370 - app.origin - INFO - 已写入第十六章  分离
2016-07-25 10:00:59,418 - app.origin - INFO - 已写入第十七章  惨烈
2016-07-25 10:00:59,474 - app.origin - INFO - 已写入第十八章  森罗万象
2016-07-25 10:00:59,524 - app.origin - INFO - 已写入第十九章  皮洛小镇
2016-07-25 10:00:59,574 - app.origin - INFO - 已写入第二十章  齐齐出动
2016-07-25 10:00:59,633 - app.origin - INFO - 已写入第二十一章  荒原上的追逐
2016-07-25 10:00:59,692 - app.origin - INFO - 已写入第二十二章   狭路相逢叶凡胜
2016-07-25 10:00:59,754 - app.origin - INFO - 已写入第二十三章  初战晶师
2016-07-25 10:00:59,754 - app.origin - INFO - 已写入002 您房间的马桶堵着了
2016-07-25 10:00:59,792 - app.origin - INFO - 已写入003 陌生的疯子
2016-07-25 10:00:59,808 - app.origin - INFO - 已写入第二十四章  跟着他们一起走
2016-07-25 10:00:59,830 - app.origin - INFO - 已写入004 是不是景南骁？
2016-07-25 10:00:59,844 - app.origin - INFO - 已写入第二十五章  冲突
2016-07-25 10:00:59,867 - app.origin - INFO - 已写入005 到底有没有？（修改版）
2016-07-25 10:00:59,884 - app.origin - INFO - 已写入第二十六章  相见
2016-07-25 10:00:59,914 - app.origin - INFO - 已写入006 景氏丑闻（修改版）
2016-07-25 10:00:59,944 - app.origin - INFO - 已写入第二十七章  杀风满楼
2016-07-25 10:00:59,956 - app.origin - INFO - 已写入007 吃里扒外
2016-07-25 10:01:00,005 - app.origin - INFO - 已写入008 她已结婚？（修改版）
2016-07-25 10:01:00,005 - app.origin - INFO - 已写入第二十八章  混乱
2016-07-25 10:01:00,043 - app.origin - INFO - 已写入009 要个孩子（修改版）
2016-07-25 10:01:00,072 - app.origin - INFO - 已写入第二十九章  暴露
2016-07-25 10:01:00,081 - app.origin - INFO - 已写入010 出轨了？（修改版）
2016-07-25 10:01:00,123 - app.origin - INFO - 已写入011 这样的老公（已修改）
2016-07-25 10:01:00,131 - app.origin - INFO - 已写入第三十章  围战晶皇
2016-07-25 10:01:00,160 - app.origin - INFO - 已写入012 没有意义的节日（修改版）
2016-07-25 10:01:00,175 - app.origin - INFO - 已写入第三十一章  暧昧的眼神
2016-07-25 10:01:00,202 - app.origin - INFO - 已写入013 妇检查（修改版）
2016-07-25 10:01:00,233 - app.origin - INFO - 已写入第三十二章  激战
2016-07-25 10:01:00,240 - app.origin - INFO - 已写入014 咫尺天涯（修改版）
2016-07-25 10:01:00,284 - app.origin - INFO - 已写入被抛弃
2016-07-25 10:01:00,292 - app.origin - INFO - 已写入第三十三章   暴走的叶凡
2016-07-25 10:01:00,336 - app.origin - INFO - 已写入两不相欠
2016-07-25 10:01:00,353 - app.origin - INFO - 已写入第三十四章  再入地底
2016-07-25 10:01:00,373 - app.origin - INFO - 已写入不要自作多情
2016-07-25 10:01:00,396 - app.origin - INFO - 已写入第三十五章  叶家
2016-07-25 10:01:00,418 - app.origin - INFO - 已写入独守空房
2016-07-25 10:01:00,457 - app.origin - INFO - 已写入第三十六章  叶玄霖
2016-07-25 10:01:00,465 - app.origin - INFO - 已写入莫大的屈辱
2016-07-25 10:01:00,503 - app.origin - INFO - 已写入第三十七章  活着
2016-07-25 10:01:00,517 - app.origin - INFO - 已写入忍着
2016-07-25 10:01:00,568 - app.origin - INFO - 已写入第三十八章  下马威
2016-07-25 10:01:00,571 - app.origin - INFO - 已写入她的……
2016-07-25 10:01:00,624 - app.origin - INFO - 已写入第三十九章  挑衅不断
2016-07-25 10:01:00,668 - app.origin - INFO - 已写入第四十章  小黑的直觉
2016-07-25 10:01:00,722 - app.origin - INFO - 已写入为什么骗我？
2016-07-25 10:01:00,730 - app.origin - INFO - 已写入第四十一章  习练三变
2016-07-25 10:01:00,774 - app.origin - INFO - 已写入把她带进来！
2016-07-25 10:01:00,789 - app.origin - INFO - 已写入第四十二章  略有小成
2016-07-25 10:01:00,809 - app.origin - INFO - 已写入这也算什么都没发生？
2016-07-25 10:01:00,842 - app.origin - INFO - 已写入第四十三章   变故
2016-07-25 10:01:00,855 - app.origin - INFO - 已写入可恶的人
2016-07-25 10:01:00,888 - app.origin - INFO - 已写入一天一夜都呆在酒店
2016-07-25 10:01:00,900 - app.origin - INFO - 已写入第四十四章 遇险
2016-07-25 10:01:00,934 - app.origin - INFO - 已写入幸灾乐祸
2016-07-25 10:01:00,953 - app.origin - INFO - 已写入第四十五章   晶鼠狂潮
2016-07-25 10:01:00,991 - app.origin - INFO - 已写入顾千寻，我们离婚吧！
2016-07-25 10:01:01,013 - app.origin - INFO - 已写入第四十六章  起源
2016-07-25 10:01:01,029 - app.origin - INFO - 已写入尽义务
2016-07-25 10:01:01,068 - app.origin - INFO - 已写入第四十七章   匪夷所思
2016-07-25 10:01:01,068 - app.origin - INFO - 已写入恶心
2016-07-25 10:01:01,113 - app.origin - INFO - 已写入爱上你，下辈子吧！
2016-07-25 10:01:01,124 - app.origin - INFO - 已写入第四十八章  再遇晶蛛
2016-07-25 10:01:01,147 - app.origin - INFO - 已写入见着你老公了！（2更）
2016-07-25 10:01:01,163 - app.origin - INFO - 已写入第四十九章  猎杀晶蛛
2016-07-25 10:01:01,189 - app.origin - INFO - 已写入男人的女神
2016-07-25 10:01:01,226 - app.origin - INFO - 已写入偶然相逢
2016-07-25 10:01:01,228 - app.origin - INFO - 已写入第五十章  一波未平一波又起
2016-07-25 10:01:01,265 - app.origin - INFO - 已写入带我走！
2016-07-25 10:01:01,289 - app.origin - INFO - 已写入第五十一章  发现线索
2016-07-25 10:01:01,305 - app.origin - INFO - 已写入少给我乱扯
2016-07-25 10:01:01,345 - app.origin - INFO - 已写入蠢货
2016-07-25 10:01:01,347 - app.origin - INFO - 已写入第五十二章  追上
2016-07-25 10:01:01,386 - app.origin - INFO - 已写入难受
2016-07-25 10:01:01,408 - app.origin - INFO - 已写入第五十三章   拖延逃脱
2016-07-25 10:01:01,424 - app.origin - INFO - 已写入救命稻草
2016-07-25 10:01:01,461 - app.origin - INFO - 已写入他怎么了？
2016-07-25 10:01:01,462 - app.origin - INFO - 已写入第五十四章  奔雷
2016-07-25 10:01:01,507 - app.origin - INFO - 已写入救命稻草
2016-07-25 10:01:01,528 - app.origin - INFO - 已写入第五十五章  盛事
2016-07-25 10:01:01,553 - app.origin - INFO - 已写入慕夜白，我已经结婚了！
2016-07-25 10:01:01,596 - app.origin - INFO - 已写入第五十六章   迟到的叶凡
2016-07-25 10:01:01,596 - app.origin - INFO - 已写入参观屋子
2016-07-25 10:01:01,632 - app.origin - INFO - 已写入给她破了例
2016-07-25 10:01:01,645 - app.origin - INFO - 已写入第五十七章   弃权
2016-07-25 10:01:01,669 - app.origin - INFO - 已写入怀念那份温暖
2016-07-25 10:01:01,687 - app.origin - INFO - 已写入第五十八章  侥幸
2016-07-25 10:01:01,705 - app.origin - INFO - 已写入发挥魅力拿下他
2016-07-25 10:01:01,741 - app.origin - INFO - 已写入第五十九章  叶玄霖的招亲
2016-07-25 10:01:01,743 - app.origin - INFO - 已写入千寻，献身吧！
2016-07-25 10:01:01,785 - app.origin - INFO - 已写入信不信我杀了你？
2016-07-25 10:01:01,794 - app.origin - INFO - 已写入第六十章  激战
2016-07-25 10:01:01,821 - app.origin - INFO - 已写入谢谢老公成全
2016-07-25 10:01:01,849 - app.origin - INFO - 已写入第六十一章   一战成名
2016-07-25 10:01:01,863 - app.origin - INFO - 已写入我们都累了
2016-07-25 10:01:01,905 - app.origin - INFO - 已写入绝不离婚
2016-07-25 10:01:01,926 - app.origin - INFO - 已写入第六十二章   幻境
2016-07-25 10:01:01,944 - app.origin - INFO - 已写入签好协议书
2016-07-25 10:01:01,975 - app.origin - INFO - 已写入第六十三章  叶凡入境
2016-07-25 10:01:01,982 - app.origin - INFO - 已写入这是我嫂子
2016-07-25 10:01:02,036 - app.origin - INFO - 已写入四面楚歌
2016-07-25 10:01:02,037 - app.origin - INFO - 已写入第六十四章  幻晶本源
2016-07-25 10:01:02,084 - app.origin - INFO - 已写入被推入深渊
2016-07-25 10:01:02,106 - app.origin - INFO - 已写入第六十五章   异变
2016-07-25 10:01:02,122 - app.origin - INFO - 已写入刷走45万
2016-07-25 10:01:02,162 - app.origin - INFO - 已写入用钱衡量我们的关系？
2016-07-25 10:01:02,175 - app.origin - INFO - 已写入第六十六章  族变
2016-07-25 10:01:02,207 - app.origin - INFO - 已写入在和谁闹脾气？
2016-07-25 10:01:02,238 - app.origin - INFO - 已写入第六十七章  黑雾再现
2016-07-25 10:01:02,245 - app.origin - INFO - 已写入草木皆兵
2016-07-25 10:01:02,281 - app.origin - INFO - 已写入胡说八道
2016-07-25 10:01:02,296 - app.origin - INFO - 已写入第六十八章  帝
2016-07-25 10:01:02,324 - app.origin - INFO - 已写入至少得先学会拒绝我
2016-07-25 10:01:02,353 - app.origin - INFO - 已写入第六十九章  迷雾重重
2016-07-25 10:01:02,404 - app.origin - INFO - 已写入第七十章  叶玄霖的请求
2016-07-25 10:01:02,464 - app.origin - INFO - 已写入第七十一章  阻止
2016-07-25 10:01:02,525 - app.origin - INFO - 已写入第七十二章  冲关
2016-07-25 10:01:02,587 - app.origin - INFO - 已写入第七十三章  再下两关
2016-07-25 10:01:02,653 - app.origin - INFO - 已写入第七十四章  叶甲灵的阵
2016-07-25 10:01:02,715 - app.origin - INFO - 已写入第七十五章  沉痛的代价
2016-07-25 10:01:02,737 - app.origin - INFO - 已写入慕夜白的身家背景
2016-07-25 10:01:02,778 - app.origin - INFO - 已写入第七十六章 过不去的第七关
2016-07-25 10:01:02,795 - app.origin - INFO - 已写入陌生来电
2016-07-25 10:01:02,837 - app.origin - INFO - 已写入第七十七章  一个走，一个留
2016-07-25 10:01:02,838 - app.origin - INFO - 已写入很失望
2016-07-25 10:01:02,899 - app.origin - INFO - 已写入虚惊一场
2016-07-25 10:01:02,923 - app.origin - INFO - 已写入第七十八章  晶山
2016-07-25 10:01:02,940 - app.origin - INFO - 已写入慕总驾到
2016-07-25 10:01:02,979 - app.origin - INFO - 已写入第七十九章  修行
2016-07-25 10:01:02,983 - app.origin - INFO - 已写入非常手段（3更）
2016-07-25 10:01:03,021 - app.origin - INFO - 已写入职场风云
2016-07-25 10:01:03,042 - app.origin - INFO - 已写入第八十章  初遇
2016-07-25 10:01:03,058 - app.origin - INFO - 已写入关系不清不楚
2016-07-25 10:01:03,095 - app.origin - INFO - 已写入两个人的空间
2016-07-25 10:01:03,099 - app.origin - INFO - 已写入第八十一章  晶虎
2016-07-25 10:01:03,132 - app.origin - INFO - 已写入手牵手
2016-07-25 10:01:03,173 - app.origin - INFO - 已写入第八十二章  死里逃生
2016-07-25 10:01:03,173 - app.origin - INFO - 已写入吃醋了吗？（1更）
2016-07-25 10:01:03,212 - app.origin - INFO - 已写入你是第一个（2更）
2016-07-25 10:01:03,232 - app.origin - INFO - 已写入第八十三章   黑雾与白雾
2016-07-25 10:01:03,247 - app.origin - INFO - 已写入别给我丢脸（3更）
2016-07-25 10:01:03,284 - app.origin - INFO - 已写入生命中过客（4更）
2016-07-25 10:01:03,296 - app.origin - INFO - 已写入第八十四章  冒险队
2016-07-25 10:01:03,332 - app.origin - INFO - 已写入亲爱的老婆（1更）
2016-07-25 10:01:03,353 - app.origin - INFO - 已写入第八十五章  拉拢
2016-07-25 10:01:03,375 - app.origin - INFO - 已写入表演表演（2更）
2016-07-25 10:01:03,410 - app.origin - INFO - 已写入唯恐天下不乱（3更）
2016-07-25 10:01:03,414 - app.origin - INFO - 已写入第八十六章  遗迹
2016-07-25 10:01:03,447 - app.origin - INFO - 已写入你是什么人？（4更）
2016-07-25 10:01:03,466 - app.origin - INFO - 已写入第八十七章  机甲战士
2016-07-25 10:01:03,488 - app.origin - INFO - 已写入枷锁
2016-07-25 10:01:03,524 - app.origin - INFO - 已写入第八十八章  凌波步
2016-07-25 10:01:03,572 - app.origin - INFO - 已写入第八十九章  撕脸
2016-07-25 10:01:03,632 - app.origin - INFO - 已写入第九十章  渔翁得利
2016-07-25 10:01:03,691 - app.origin - INFO - 已写入第九十一章  守护者
2016-07-25 10:01:03,756 - app.origin - INFO - 已写入第九十二章  吸收原石
2016-07-25 10:01:03,826 - app.origin - INFO - 已写入第九十三章  尴尬的再遇
2016-07-25 10:01:03,888 - app.origin - INFO - 已写入第九十四章  拔刀相助
2016-07-25 10:01:03,944 - app.origin - INFO - 已写入第九十五章  技惊四座
2016-07-25 10:01:04,007 - app.origin - INFO - 已写入第九十六章  因为像
2016-07-25 10:01:04,064 - app.origin - INFO - 已写入第九十七章   所以我要杀你
2016-07-25 10:01:04,128 - app.origin - INFO - 已写入第九十八章  远方飘来她的消息
2016-07-25 10:01:04,250 - app.origin - INFO - 已写入第九十九章  重返叶家
2016-07-25 10:01:04,309 - app.origin - INFO - 已写入第一百章  我来了
2016-07-25 10:01:04,361 - app.origin - INFO - 已写入第一百零一章 成魔也成疯（一）
2016-07-25 10:01:04,408 - app.origin - INFO - 已写入第一百零二章 成魔也成疯（二）
2016-07-25 10:01:04,457 - app.origin - INFO - 已写入第一百零三章  天罗地网
2016-07-25 10:01:04,511 - app.origin - INFO - 已写入第一百零四章  战双皇
2016-07-25 10:01:04,562 - app.origin - INFO - 已写入第一百零五章  杀你又如何
2016-07-25 10:01:04,614 - app.origin - INFO - 已写入第一百零六章 带你看世界
2016-07-25 10:01:04,672 - app.origin - INFO - 已写入第一百零七章  若能长相伴
2016-07-25 10:01:04,731 - app.origin - INFO - 已写入第一百零八章  荒原深处有人家
2016-07-25 10:01:04,787 - app.origin - INFO - 已写入第一百零九章  收留
2016-07-25 10:01:04,842 - app.origin - INFO - 已写入第一百一十章 遗民
2016-07-25 10:01:04,902 - app.origin - INFO - 已写入第一百一十一章 入谷
2016-07-25 10:01:04,975 - app.origin - INFO - 已写入第一百一十二章  西少
2016-07-25 10:01:05,048 - app.origin - INFO - 已写入第一百一十三章  庆典与绝望
2016-07-25 10:01:05,104 - app.origin - INFO - 已写入第一百一十四章  庆典上的比斗（一）
2016-07-25 10:01:05,184 - app.origin - INFO - 已写入第一百一十五章  庆典上的比斗（二）
2016-07-25 10:01:05,236 - app.origin - INFO - 已写入第一百一十六章  恩怨
2016-07-25 10:01:05,294 - app.origin - INFO - 已写入第一百一十七章  火花
2016-07-25 10:01:05,351 - app.origin - INFO - 已写入第一百一十八章 轻松一血
2016-07-25 10:01:05,409 - app.origin - INFO - 已写入第一百一十九章 连胜就是这么简单
2016-07-25 10:01:05,472 - app.origin - INFO - 已写入第一百二十章 她想他
2016-07-25 10:01:05,520 - app.origin - INFO - 已写入第一百二十一章  虽负尤荣
2016-07-25 10:01:05,574 - app.origin - INFO - 已写入第一百二十二章 摸底战
2016-07-25 10:01:05,613 - app.origin - INFO - 已写入第一百二十三章 雷电
2016-07-25 10:01:20,641 - app.origin - INFO - 左岸晴空右岸流离90免费章节
2016-07-25 10:01:20,786 - app.origin - INFO - 已写入给点动力吧
2016-07-25 10:01:20,870 - app.origin - INFO - 已写入关于更文
2016-07-25 10:01:20,952 - app.origin - INFO - 已写入签约感言
2016-07-25 10:01:21,248 - app.origin - INFO - 已写入深夜难眠
2016-07-25 10:01:22,337 - app.origin - INFO - 已写入感觉很倒霉
2016-07-25 10:01:22,483 - app.origin - INFO - 已写入上架感言
2016-07-25 10:01:22,576 - app.origin - INFO - 已写入完结感言
2016-07-25 10:01:22,694 - app.origin - INFO - 已写入新书上传啦
2016-07-25 10:01:22,769 - app.origin - INFO - 已写入璎珞点击收藏了/百里璎珞（文）
2016-07-25 10:01:22,850 - app.origin - INFO - 已写入美文如斯意长存/百里璎珞（文）
2016-07-25 10:01:23,093 - app.origin - INFO - 已写入好书~~~~ /南王（文）
2016-07-25 10:01:23,434 - app.origin - INFO - 已写入彼岸花浮想/其子（文）
2016-07-25 10:01:23,550 - app.origin - INFO - 已写入妙语连珠铭刻骨/爱谷（文）
2016-07-25 10:01:23,638 - app.origin - INFO - 已写入清新爽快极好文/爱谷（文）
2016-07-25 10:01:23,879 - app.origin - INFO - 已写入理科书生读后感/书北（文）
2016-07-25 10:01:24,115 - app.origin - INFO - 已写入第一章 枫林的绝美天使
2016-07-25 10:01:24,247 - app.origin - INFO - 已写入第二章 美如冠玉欧阳熙
2016-07-25 10:01:24,341 - app.origin - INFO - 已写入第三章 惊心动魄的梦魇
2016-07-25 10:01:24,439 - app.origin - INFO - 已写入第四章 复仇恶魔的归来
2016-07-25 10:01:24,529 - app.origin - INFO - 已写入第五章 总裁变身转校生
2016-07-25 10:01:24,823 - app.origin - INFO - 已写入第六章 地狱撒旦隆登场
2016-07-25 10:01:24,955 - app.origin - INFO - 已写入第七章 恶魔的魅惑战帖
2016-07-25 10:01:25,075 - app.origin - INFO - 已写入第八章 邪恶的霸道之吻
2016-07-25 10:01:25,188 - app.origin - INFO - 已写入第九章 花心大少袁凯峰
2016-07-25 10:01:25,409 - app.origin - INFO - 已写入第十章 晴枫校园暗潮涌
2016-07-25 10:01:25,683 - app.origin - INFO - 已写入第十一章 午夜惊醒的梦魇
2016-07-25 10:01:25,769 - app.origin - INFO - 已写入第十二章 归来的搞怪天才
2016-07-25 10:01:25,852 - app.origin - INFO - 已写入第十三章 恶魔与王子对决
2016-07-25 10:01:25,960 - app.origin - INFO - 已写入第十四章 酒进肠肚悲痛绝
2016-07-25 10:01:26,061 - app.origin - INFO - 已写入第十五章 踌躇不定的彷徨
2016-07-25 10:01:26,276 - app.origin - INFO - 已写入第十六章 黯然神伤乱如麻
2016-07-25 10:01:26,377 - app.origin - INFO - 已写入第十七章 棋逢敌手平秋色
2016-07-25 10:01:26,456 - app.origin - INFO - 已写入第十八章 愧疚难言悔交加
2016-07-25 10:01:26,557 - app.origin - INFO - 已写入第十九章 暧昧照片蜚语长
2016-07-25 10:01:26,646 - app.origin - INFO - 已写入第二十章 夜半轮回少时梦
2016-07-25 10:01:26,743 - app.origin - INFO - 已写入第二十一章 温情荡漾满胸怀
2016-07-25 10:01:26,836 - app.origin - INFO - 已写入第二十二章 阴谋败露恶女擒
2016-07-25 10:01:26,919 - app.origin - INFO - 已写入第二十三章 似曾相识的古屋
2016-07-25 10:01:27,016 - app.origin - INFO - 已写入第二十四章 入侵的黑客女贼
2016-07-25 10:01:27,107 - app.origin - INFO - 已写入第二十五章 她是我的女朋友
2016-07-25 10:01:27,198 - app.origin - INFO - 已写入第二十六章 暗藏危机辩论赛
2016-07-25 10:01:27,309 - app.origin - INFO - 已写入第二十七章 恶魔的卑鄙威逼
2016-07-25 10:01:27,554 - app.origin - INFO - 已写入第二十八章 黑色花海曼陀罗
2016-07-25 10:01:27,661 - app.origin - INFO - 已写入第二十九章 夺霸场上斗不断
2016-07-25 10:01:27,765 - app.origin - INFO - 已写入第三十章 华丽退场傲女神
2016-07-25 10:01:27,858 - app.origin - INFO - 已写入第三十一章 不为人知的秘密
2016-07-25 10:01:27,968 - app.origin - INFO - 已写入第三十二章 莫名其妙的绑架
2016-07-25 10:01:28,100 - app.origin - INFO - 已写入第三十三章 盛情邀请何美人
2016-07-25 10:01:28,196 - app.origin - INFO - 已写入第三十四章 荒郊外的陌女子
2016-07-25 10:01:28,347 - app.origin - INFO - 已写入第三十五章 雾惨云愁的人儿
2016-07-25 10:01:28,509 - app.origin - INFO - 已写入第三十六章 出手搭救神秘人
2016-07-25 10:01:28,606 - app.origin - INFO - 已写入第三十七章 冰山撒旦也脸红
2016-07-25 10:01:28,693 - app.origin - INFO - 已写入第三十八章 柔情似水的陷阱
2016-07-25 10:01:28,795 - app.origin - INFO - 已写入第三十九章 与恶魔同床共枕
2016-07-25 10:01:28,894 - app.origin - INFO - 已写入第四十章 每逢细雨黯伤神
2016-07-25 10:01:29,066 - app.origin - INFO - 已写入第四十一章 明艳动人插班生
2016-07-25 10:01:29,140 - app.origin - INFO - 已写入第四十二章 病愈后重返校园
2016-07-25 10:01:29,240 - app.origin - INFO - 已写入第四十三章 主角演变电灯胆
2016-07-25 10:01:29,340 - app.origin - INFO - 已写入第四十四章 高深莫测陆焰风
2016-07-25 10:01:29,436 - app.origin - INFO - 已写入第四十五章 重回故地孤儿院
2016-07-25 10:01:29,526 - app.origin - INFO - 已写入第四十六章 天外飞来的情书
2016-07-25 10:01:29,619 - app.origin - INFO - 已写入第四十七章 当红偶像帅轩尘
2016-07-25 10:01:29,768 - app.origin - INFO - 已写入第四十八章 擦肩而过的彼此
2016-07-25 10:01:29,866 - app.origin - INFO - 已写入第四十九章 我的专属不许碰
2016-07-25 10:01:30,016 - app.origin - INFO - 已写入第五十章 蓝色信笺再重现
2016-07-25 10:01:30,118 - app.origin - INFO - 已写入第五十一章 揭秘神圣送信使
2016-07-25 10:01:30,223 - app.origin - INFO - 已写入第五十二章 显赫身世嵌离奇
2016-07-25 10:01:30,320 - app.origin - INFO - 已写入第五十三章 暗地里邪恶交易
2016-07-25 10:01:30,420 - app.origin - INFO - 已写入第五十四章 天使王子的邀约
2016-07-25 10:01:30,512 - app.origin - INFO - 已写入第五十五章 差强人意的饭局
2016-07-25 10:01:30,600 - app.origin - INFO - 已写入第五十六章 记者丛中巧脱离
2016-07-25 10:01:30,686 - app.origin - INFO - 已写入第五十七章 关系进一步决裂
2016-07-25 10:01:30,787 - app.origin - INFO - 已写入第五十八章 意外之中的号码
2016-07-25 10:01:30,887 - app.origin - INFO - 已写入第五十九章 失足深陷绯闻中
2016-07-25 10:01:30,969 - app.origin - INFO - 已写入第六十章 前去拜访慕容府
2016-07-25 10:01:31,061 - app.origin - INFO - 已写入第六十一章 公然挑战慕容展
2016-07-25 10:01:31,157 - app.origin - INFO - 已写入第六十二章 驻足等待黄昏后
2016-07-25 10:01:31,253 - app.origin - INFO - 已写入第六十三章 老谋深算的交易
2016-07-25 10:01:31,570 - app.origin - INFO - 已写入第六十四章 到底谁比谁寂寞
2016-07-25 10:01:31,662 - app.origin - INFO - 已写入第六十五章 深山中独自一人
2016-07-25 10:01:31,742 - app.origin - INFO - 已写入第六十六章 再次消失的流离
2016-07-25 10:01:31,828 - app.origin - INFO - 已写入第六十七章 半路杀出的幽幽
2016-07-25 10:01:31,937 - app.origin - INFO - 已写入第六十八章 颠覆错转的信封
2016-07-25 10:01:32,030 - app.origin - INFO - 已写入第六十九章 情书突变恐吓信
2016-07-25 10:01:32,283 - app.origin - INFO - 已写入第七十章 单枪匹马来赴约
2016-07-25 10:01:32,398 - app.origin - INFO - 已写入第七十一章 异样痛楚难归咎
2016-07-25 10:01:33,081 - app.origin - INFO - 已写入第七十二章 掌心传来的温度
2016-07-25 10:01:33,176 - app.origin - INFO - 已写入第七十三章 微乎其微的转变
2016-07-25 10:01:33,281 - app.origin - INFO - 已写入第七十四章 相聚时刻总觉短
2016-07-25 10:01:33,363 - app.origin - INFO - 已写入第七十五章 浅藏名字忽被揭
2016-07-25 11:13:48,423 - app.origin - INFO - 已获取"一花一世界一叶一青莲"信息。
2016-07-25 11:13:48,440 - app.origin - INFO - 一花一世界一叶一青莲20免费章节
2016-07-25 11:13:48,933 - app.origin - INFO - 已写入第一章 百里月卿
2016-07-25 11:13:49,210 - app.origin - INFO - 已写入第二章 渡界之河
2016-07-25 11:13:49,454 - app.origin - INFO - 已写入第三章 即墨倾痕
2016-07-25 11:13:49,701 - app.origin - INFO - 已写入第四章 青莲九灼凤兮琴
2016-07-25 11:13:49,937 - app.origin - INFO - 已写入第五章 桃染师兄
2016-07-25 11:13:50,450 - app.origin - INFO - 已写入第六章 天下最美是妖王
2016-07-25 11:13:50,659 - app.origin - INFO - 已写入第七章 鬼魅梦魇花
2016-07-25 11:13:50,900 - app.origin - INFO - 已写入第八章 折梦哥哥
2016-07-25 11:13:51,166 - app.origin - INFO - 已写入第九章 灵妖汩汩
2016-07-25 11:13:51,433 - app.origin - INFO - 已写入第十章 兵临城下
2016-07-25 11:13:51,666 - app.origin - INFO - 已写入第十一章 白衣胜雪的魔君
2016-07-25 11:13:51,924 - app.origin - INFO - 已写入第十二章 瑶城与幽皖
2016-07-25 11:13:52,158 - app.origin - INFO - 已写入第十三章 琴箫合奏
2016-07-25 11:13:52,378 - app.origin - INFO - 已写入第十四章 珠素瑶城的阴谋（一）
2016-07-25 11:13:52,626 - app.origin - INFO - 已写入第十五章 珠素瑶城的阴谋（二）
2016-07-25 11:13:52,851 - app.origin - INFO - 已写入第十六章 重回人间
2016-07-25 11:13:53,130 - app.origin - INFO - 已写入第十七章 被绑男子
2016-07-25 11:13:53,325 - app.origin - INFO - 已写入第十八章 镜中花幻境
2016-07-25 11:13:53,539 - app.origin - INFO - 已写入第十九章 重见千酌影
2016-07-25 11:13:53,802 - app.origin - INFO - 已写入第二十章 云华上仙
