2016-07-27 20:26:20,941 - app.origin - ERROR - 无法连接http://search.zongheng.com/search/all/茗/1.html,
无法获取纵横搜索结果。
Traceback (most recent call last):
  File "/home/fyb/codes/fanclley/app/origins/search.py", line 108, in search_zongheng
    soup = BeautifulSoup(res, 'lxml')
  File "/home/fyb/te/local/lib/python2.7/site-packages/bs4/__init__.py", line 165, in __init__
    % ",".join(features))
FeatureNotFound: Couldn't find a tree builder with the features you requested: lxml. Do you need to install a parser library?
2016-07-27 20:26:42,693 - app.origin - ERROR - 无法连接http://search.zongheng.com/search/all/茗/1.html,
无法获取纵横搜索结果。
Traceback (most recent call last):
  File "/home/fyb/codes/fanclley/app/origins/search.py", line 108, in search_zongheng
    soup = BeautifulSoup(res, 'lxml')
  File "/home/fyb/te/local/lib/python2.7/site-packages/bs4/__init__.py", line 165, in __init__
    % ",".join(features))
FeatureNotFound: Couldn't find a tree builder with the features you requested: lxml. Do you need to install a parser library?
2016-07-27 20:26:50,042 - app.origin - INFO - 茗雪谣12免费章节
2016-07-27 20:26:50,172 - app.origin - INFO - 已写入番外1
2016-07-27 20:26:50,336 - app.origin - INFO - 已写入第一章 东茗
2016-07-27 20:26:50,415 - app.origin - INFO - 已写入第一章 第三节（下）
2016-07-27 20:26:50,501 - app.origin - INFO - 已写入第一章 第四节 入室弟子（上）
2016-07-27 20:26:50,604 - app.origin - INFO - 已写入第一章 第四节 入室弟子（下）
2016-07-27 20:26:50,868 - app.origin - INFO - 已写入第一章 第五节 东茗茶符
2016-07-27 20:26:50,963 - app.origin - INFO - 已写入第一章 第六节 朱罗符咒
2016-07-27 20:26:52,250 - app.origin - INFO - 已写入第二章 祥云大会 第一节 若火祥云
2016-07-27 20:26:52,360 - app.origin - INFO - 已写入第二章 祥云大会 第二节 赤隐 （上）
2016-07-27 20:26:52,466 - app.origin - INFO - 已写入第二章 祥云大会 第二节 赤隐（下）
2016-07-27 20:26:52,583 - app.origin - INFO - 已写入第二章 祥云大会 第三节 仙女台(一）
2016-07-27 20:26:53,210 - app.origin - INFO - 已写入第二章 祥云大会 第三节 仙女台（二）
2016-07-27 20:27:51,308 - app.origin - ERROR - 无法连接http://search.zongheng.com/search/all/茗/1.html,
无法获取纵横搜索结果。
Traceback (most recent call last):
  File "/home/fyb/codes/fanclley/app/origins/search.py", line 108, in search_zongheng
    soup = BeautifulSoup(res, 'lxml')
  File "/home/fyb/te/local/lib/python2.7/site-packages/bs4/__init__.py", line 165, in __init__
    % ",".join(features))
FeatureNotFound: Couldn't find a tree builder with the features you requested: lxml. Do you need to install a parser library?
2016-07-27 20:27:53,972 - app.origin - INFO - 茗雪谣12免费章节
2016-07-27 20:27:54,067 - app.origin - INFO - 已写入番外1
2016-07-27 20:27:54,166 - app.origin - INFO - 已写入第一章 东茗
2016-07-27 20:27:54,254 - app.origin - INFO - 已写入第一章 第三节（下）
2016-07-27 20:27:54,333 - app.origin - INFO - 已写入第一章 第四节 入室弟子（上）
2016-07-27 20:27:54,424 - app.origin - INFO - 已写入第一章 第四节 入室弟子（下）
2016-07-27 20:27:54,510 - app.origin - INFO - 已写入第一章 第五节 东茗茶符
2016-07-27 20:27:54,614 - app.origin - INFO - 已写入第一章 第六节 朱罗符咒
2016-07-27 20:27:54,700 - app.origin - INFO - 已写入第二章 祥云大会 第一节 若火祥云
2016-07-27 20:27:54,804 - app.origin - INFO - 已写入第二章 祥云大会 第二节 赤隐 （上）
2016-07-27 20:27:54,890 - app.origin - INFO - 已写入第二章 祥云大会 第二节 赤隐（下）
2016-07-27 20:27:54,981 - app.origin - INFO - 已写入第二章 祥云大会 第三节 仙女台(一）
2016-07-27 20:27:55,078 - app.origin - INFO - 已写入第二章 祥云大会 第三节 仙女台（二）
2016-07-27 20:34:31,464 - app.origin - ERROR - 无法连接http://search.zongheng.com/search/all/茗/1.html,
无法获取纵横搜索结果。
Traceback (most recent call last):
  File "/home/fyb/codes/fanclley/app/origins/search.py", line 108, in search_zongheng
    soup = BeautifulSoup(res, 'lxml')
  File "/home/fyb/te/local/lib/python2.7/site-packages/bs4/__init__.py", line 165, in __init__
    % ",".join(features))
FeatureNotFound: Couldn't find a tree builder with the features you requested: lxml. Do you need to install a parser library?
2016-07-27 20:34:34,502 - app.origin - INFO - 茗雪谣12免费章节
2016-07-27 20:34:37,604 - app.origin - INFO - 已写入番外1
2016-07-27 20:34:37,806 - app.origin - INFO - 已写入第一章 东茗
2016-07-27 20:34:37,899 - app.origin - INFO - 已写入第一章 第三节（下）
2016-07-27 20:34:37,991 - app.origin - INFO - 已写入第一章 第四节 入室弟子（上）
2016-07-27 20:34:38,087 - app.origin - INFO - 已写入第一章 第四节 入室弟子（下）
2016-07-27 20:34:38,189 - app.origin - INFO - 已写入第一章 第五节 东茗茶符
2016-07-27 20:34:38,302 - app.origin - INFO - 已写入第一章 第六节 朱罗符咒
2016-07-27 20:34:38,390 - app.origin - INFO - 已写入第二章 祥云大会 第一节 若火祥云
2016-07-27 20:34:38,547 - app.origin - INFO - 已写入第二章 祥云大会 第二节 赤隐 （上）
2016-07-27 20:34:38,643 - app.origin - INFO - 已写入第二章 祥云大会 第二节 赤隐（下）
2016-07-27 20:34:38,734 - app.origin - INFO - 已写入第二章 祥云大会 第三节 仙女台(一）
2016-07-27 20:34:38,866 - app.origin - INFO - 已写入第二章 祥云大会 第三节 仙女台（二）
2016-07-27 20:36:11,148 - app.origin - INFO - 茗雪谣12免费章节
2016-07-27 20:36:11,175 - app.origin - INFO - 已写入番外1
2016-07-27 20:36:11,205 - app.origin - INFO - 已写入第一章 东茗
2016-07-27 20:36:11,224 - app.origin - INFO - 已写入第一章 第三节（下）
2016-07-27 20:36:11,240 - app.origin - INFO - 已写入第一章 第四节 入室弟子（上）
2016-07-27 20:36:11,259 - app.origin - INFO - 已写入第一章 第四节 入室弟子（下）
2016-07-27 20:36:11,275 - app.origin - INFO - 已写入第一章 第五节 东茗茶符
2016-07-27 20:36:11,295 - app.origin - INFO - 已写入第一章 第六节 朱罗符咒
2016-07-27 20:36:11,319 - app.origin - INFO - 已写入第二章 祥云大会 第一节 若火祥云
2016-07-27 20:36:11,336 - app.origin - INFO - 已写入第二章 祥云大会 第二节 赤隐 （上）
2016-07-27 20:36:11,355 - app.origin - INFO - 已写入第二章 祥云大会 第二节 赤隐（下）
2016-07-27 20:36:11,374 - app.origin - INFO - 已写入第二章 祥云大会 第三节 仙女台(一）
2016-07-27 20:36:11,391 - app.origin - INFO - 已写入第二章 祥云大会 第三节 仙女台（二）
2016-07-27 20:38:33,643 - app.origin - INFO - 已获取"醉红颜"书籍信息
2016-07-27 20:38:33,758 - app.origin - INFO - 已写入穿越
2016-07-27 20:38:33,848 - app.origin - INFO - 已写入初次了解
2016-07-27 20:38:33,946 - app.origin - INFO - 已写入惊喜
2016-07-27 20:38:34,046 - app.origin - INFO - 已写入合作
2016-07-27 20:38:34,118 - app.origin - INFO - 已写入说亲
2016-07-27 20:38:34,197 - app.origin - INFO - 已写入争吵
2016-07-27 20:38:34,291 - app.origin - INFO - 已写入见面
2016-07-27 20:38:34,372 - app.origin - INFO - 已写入定亲
2016-07-27 20:38:34,436 - app.origin - INFO - 已写入出嫁
2016-07-27 20:38:34,491 - app.origin - INFO - 已写入回门
2016-07-27 20:38:34,563 - app.origin - INFO - 已写入过年
2016-07-27 20:38:34,622 - app.origin - INFO - 已写入拜年
2016-07-27 20:38:34,686 - app.origin - INFO - 已写入相遇
2016-07-27 20:38:34,744 - app.origin - INFO - 已写入约定
2016-07-27 20:38:52,241 - app.origin - INFO - 茗雪谣12免费章节
2016-07-27 20:38:52,339 - app.origin - INFO - 已写入番外1
2016-07-27 20:38:52,456 - app.origin - INFO - 已写入第一章 东茗
2016-07-27 20:38:53,849 - app.origin - INFO - 已写入第一章 第三节（下）
2016-07-27 20:38:53,942 - app.origin - INFO - 已写入第一章 第四节 入室弟子（上）
2016-07-27 20:38:54,057 - app.origin - INFO - 已写入第一章 第四节 入室弟子（下）
2016-07-27 20:38:54,142 - app.origin - INFO - 已写入第一章 第五节 东茗茶符
2016-07-27 20:38:54,235 - app.origin - INFO - 已写入第一章 第六节 朱罗符咒
2016-07-27 20:38:54,328 - app.origin - INFO - 已写入第二章 祥云大会 第一节 若火祥云
2016-07-27 20:38:54,426 - app.origin - INFO - 已写入第二章 祥云大会 第二节 赤隐 （上）
2016-07-27 20:38:54,507 - app.origin - INFO - 已写入第二章 祥云大会 第二节 赤隐（下）
2016-07-27 20:38:54,595 - app.origin - INFO - 已写入第二章 祥云大会 第三节 仙女台(一）
2016-07-27 20:38:54,846 - app.origin - INFO - 已写入第二章 祥云大会 第三节 仙女台（二）
2016-07-27 21:10:48,325 - app.origin - INFO - 已获取"我乃浩克"信息。
2016-07-27 21:10:48,325 - app.origin - INFO - 我乃浩克205免费章节
2016-07-27 21:10:48,544 - app.origin - INFO - 已写入诸位，考验我们的时刻到了！
2016-07-27 21:10:48,782 - app.origin - INFO - 已写入声明，作者君回来了。
2016-07-27 21:10:49,055 - app.origin - INFO - 已写入人物补全：红坦克与X教授
2016-07-27 21:10:49,314 - app.origin - INFO - 已写入第一章 我乃浩克！
2016-07-27 21:10:49,567 - app.origin - INFO - 已写入第二章 绿巨人大战金刚狼
2016-07-27 21:10:49,849 - app.origin - INFO - 已写入第三章 X小队
2016-07-27 21:10:50,063 - app.origin - INFO - 已写入第四章 手合会
2016-07-27 21:10:50,285 - app.origin - INFO - 已写入第五章 百合子
2016-07-27 21:10:51,258 - app.origin - INFO - 已写入第六章 浩克来了
2016-07-27 21:10:51,513 - app.origin - INFO - 已写入第七章 超级英雄齐至
2016-07-27 21:10:51,837 - app.origin - INFO - 已写入第八章 西海岸复仇者
2016-07-27 21:10:52,344 - app.origin - INFO - 已写入第九章 惩罚者
2016-07-27 21:10:52,640 - app.origin - INFO - 已写入第十章 九头蛇与地狱火！
2016-07-27 21:10:52,987 - app.origin - INFO - 已写入第十一章 初见X-Men
2016-07-27 21:10:53,272 - app.origin - INFO - 已写入第十二章 夜幕下的洛杉矶
2016-07-27 21:10:53,519 - app.origin - INFO - 已写入第十三章 诺曼公司
2016-07-27 21:10:54,033 - app.origin - INFO - 已写入第十四章 似曾相识
2016-07-27 21:10:54,293 - app.origin - INFO - 已写入第十五章 中国少年！龙！
2016-07-27 21:10:54,715 - app.origin - INFO - 已写入第十六章 醉拳
2016-07-27 21:10:55,034 - app.origin - INFO - 已写入第十七章 章鱼博士
2016-07-27 21:10:55,398 - app.origin - INFO - 已写入第十八章 罪恶克星！
2016-07-27 21:10:55,672 - app.origin - INFO - 已写入第十九章 至贱无敌
2016-07-27 21:10:55,942 - app.origin - INFO - 已写入第二十章 剑客与情人
2016-07-27 21:10:56,208 - app.origin - INFO - 已写入第二十一章 尘归土
2016-07-27 21:10:56,578 - app.origin - INFO - 已写入第二十二章 夏洛特和戴肯
2016-07-27 21:10:56,940 - app.origin - INFO - 已写入第二十三章 突遇手合会
2016-07-27 21:10:57,175 - app.origin - INFO - 已写入第二十四章 神盾局长
2016-07-27 21:10:57,498 - app.origin - INFO - 已写入第二十五章 开幕！笼中斗！
2016-07-27 21:10:57,722 - app.origin - INFO - 已写入第二十六章 笼中斗！
2016-07-27 21:10:58,040 - app.origin - INFO - 已写入第二十七章 枪对枪！
2016-07-27 21:10:58,349 - app.origin - INFO - 已写入第二十八章 铁拳？醉拳！
2016-07-27 21:10:58,782 - app.origin - INFO - 已写入第二十九章 杀了我也没用！
2016-07-27 21:10:59,078 - app.origin - INFO - 已写入第三十章 余波
2016-07-27 21:10:59,343 - app.origin - INFO - 已写入第三十一章 叛忍
2016-07-27 21:10:59,646 - app.origin - INFO - 已写入第三十二章 有事相求！
2016-07-27 21:10:59,958 - app.origin - INFO - 已写入第三十三章 纽约！我回来了！
2016-07-27 21:11:00,269 - app.origin - INFO - 已写入第三十四章 胆大包天！
2016-07-27 21:11:00,641 - app.origin - INFO - 已写入第三十五章 快银！
2016-07-27 21:11:00,898 - app.origin - INFO - 已写入第三十六章 一打三！
2016-07-27 21:11:01,322 - app.origin - INFO - 已写入第三十七章 超级英雄再聚！
2016-07-27 21:11:01,715 - app.origin - INFO - 已写入第三十八章 出战！
2016-07-27 21:11:02,229 - app.origin - INFO - 已写入第三十九章 再战！
2016-07-27 21:11:02,551 - app.origin - INFO - 已写入第四十章 生力军！X战警！
2016-07-27 21:11:03,055 - app.origin - INFO - 已写入第四十一章 超级恶棍！
2016-07-27 21:11:03,404 - app.origin - INFO - 已写入第四十二章 哈利路亚！
2016-07-27 21:11:03,814 - app.origin - INFO - 已写入第四十三章 败北！
2016-07-27 21:11:04,081 - app.origin - INFO - 已写入第四十四章 纽约无大事！
2016-07-27 21:11:04,482 - app.origin - INFO - 已写入第四十五章 黑暗中的绿色曙光！
2016-07-27 21:11:04,768 - app.origin - INFO - 已写入第四十六章 善恶到头终有报！
2016-07-27 21:11:05,052 - app.origin - INFO - 已写入第四十七章 全球联合峰会！
2016-07-27 21:11:05,516 - app.origin - INFO - 已写入第四十八章 灾难伊始
2016-07-27 21:11:06,001 - app.origin - INFO - 已写入第四十九章 灾难！
2016-07-27 21:11:06,306 - app.origin - INFO - 已写入第五十章 皇图霸业谈笑中！
2016-07-27 21:11:06,581 - app.origin - ERROR - 无法获取http://book.zongheng.com/chapter/420951/7207014.html的章节内容。
Traceback (most recent call last):
  File "/home/fyb/codes/fanclley/app/origins/zonghengfree.py", line 67, in get_singel_novel
    res = self.s.get(url,proxies=random.choice(PROXIES)).content
  File "/home/fyb/te/local/lib/python2.7/site-packages/requests/sessions.py", line 473, in get
    return self.request('GET', url, **kwargs)
  File "/home/fyb/te/local/lib/python2.7/site-packages/requests/sessions.py", line 461, in request
    resp = self.send(prep, **send_kwargs)
  File "/home/fyb/te/local/lib/python2.7/site-packages/requests/sessions.py", line 610, in send
    r.content
  File "/home/fyb/te/local/lib/python2.7/site-packages/requests/models.py", line 728, in content
    self._content = bytes().join(self.iter_content(CONTENT_CHUNK_SIZE)) or bytes()
  File "/home/fyb/te/local/lib/python2.7/site-packages/requests/models.py", line 656, in generate
    raise ChunkedEncodingError(e)
ChunkedEncodingError: ('Connection broken: IncompleteRead(8126 bytes read)', IncompleteRead(8126 bytes read))
2016-07-27 21:11:06,603 - app.origin - INFO - 已写入第五十一章 算账！
2016-07-27 21:11:06,745 - app.origin - INFO - 已写入第五十二章 泽维尔天才青少年学校！
2016-07-27 21:11:07,092 - app.origin - INFO - 已写入第五十三章 我的学生！
2016-07-27 21:11:07,352 - app.origin - INFO - 已写入第五十四章 外面的消息！
2016-07-27 21:11:07,657 - app.origin - INFO - 已写入第五十五章 你敢杀了我不成！
2016-07-27 21:11:07,980 - app.origin - INFO - 已写入第五十六章 暴打！
2016-07-27 21:11:08,313 - app.origin - INFO - 已写入第五十七章 我选择留下来！
2016-07-27 21:11:08,662 - app.origin - INFO - 已写入第五十八章 绿巨人吊打镭射眼！
2016-07-27 21:11:08,926 - app.origin - INFO - 已写入第五十九章 骤变突起
2016-07-27 21:11:09,275 - app.origin - INFO - 已写入第六十章 谁是叛徒？
2016-07-27 21:11:09,596 - app.origin - INFO - 已写入第六十一章 绿巨人大战沙人！
2016-07-27 21:11:10,097 - app.origin - INFO - 已写入第六十二章 阿尔法飞行队
2016-07-27 21:11:10,370 - app.origin - INFO - 已写入第六十三章 叛徒就是你！
2016-07-27 21:11:10,594 - app.origin - INFO - 已写入第六十四章 拉拢
2016-07-27 21:11:10,953 - app.origin - INFO - 已写入第六十五章 最后的援军！
2016-07-27 21:11:11,289 - app.origin - INFO - 已写入第六十六章 绿巨人大战红巨人！
2016-07-27 21:11:11,604 - app.origin - INFO - 已写入第六十七章 告辞
2016-07-27 21:11:11,910 - app.origin - INFO - 已写入第六十八章 新宿，歌舞伎町！
2016-07-27 21:11:12,158 - app.origin - INFO - 已写入第六十九章 东京连环杀人案！
2016-07-27 21:11:12,467 - app.origin - INFO - 已写入第七十章 与你有关的人都得死！
2016-07-27 21:11:12,745 - app.origin - INFO - 已写入第七十一章 来自手合会的请帖！
2016-07-27 21:11:12,982 - app.origin - INFO - 已写入第七十二章 来自纽约的熟人！
2016-07-27 21:11:13,296 - app.origin - INFO - 已写入第七十三章 算计！（求收藏！）
2016-07-27 21:11:13,610 - app.origin - INFO - 已写入第七十四章 挑战！
2016-07-27 21:11:13,920 - app.origin - INFO - 已写入第七十五章 妖刀村正
2016-07-27 21:11:14,277 - app.origin - INFO - 已写入第七十六章 过往仇怨今日报！
2016-07-27 21:11:14,583 - app.origin - INFO - 已写入第七十七章 参见会长！
2016-07-27 21:11:14,823 - app.origin - INFO - 已写入第七十八章 我是会长！
2016-07-27 21:11:15,081 - app.origin - INFO - 已写入第七十九章 清理门户
2016-07-27 21:11:15,433 - app.origin - INFO - 已写入第八十章 踢馆！
2016-07-27 21:11:15,710 - app.origin - INFO - 已写入第八十一章 问你以何服人？我以拳服人！
2016-07-27 21:11:16,064 - app.origin - INFO - 已写入第八十二章 日出之前
2016-07-27 21:11:16,328 - app.origin - INFO - 已写入第八十三章 人渣的味道！
2016-07-27 21:11:16,587 - app.origin - INFO - 已写入第八十四章 恶灵骑士
2016-07-27 21:11:16,989 - app.origin - INFO - 已写入第八十五章 上气！
2016-07-27 21:11:17,291 - app.origin - INFO - 已写入第八十六章 中国武术协会！
2016-07-27 21:11:17,622 - app.origin - INFO - 已写入第八十七章 截胡！
2016-07-27 21:11:17,899 - app.origin - INFO - 已写入第八十八章 夜色男女！
2016-07-27 21:11:18,227 - app.origin - INFO - 已写入第八十九章 绿巨人撕裂恶灵骑士！
2016-07-27 21:11:18,636 - app.origin - INFO - 已写入第九十章 再见熟人！
2016-07-27 21:11:18,880 - app.origin - INFO - 已写入第九十一章 巅峰对决（绿巨人大战红坦克！）
2016-07-27 21:11:19,491 - app.origin - INFO - 已写入第九十二章 我来断后！
2016-07-27 21:11:19,840 - app.origin - INFO - 已写入第九十三章 两个女人
2016-07-27 21:11:20,068 - app.origin - INFO - 已写入第九十四章 雷神之锤！
2016-07-27 21:11:20,422 - app.origin - INFO - 已写入第九十五章 不同的态度
2016-07-27 21:11:20,756 - app.origin - INFO - 已写入第九十六章 喂！那是我的锤！
2016-07-27 21:11:21,112 - app.origin - INFO - 已写入第九十七章 绿巨人吊打雷神！
2016-07-27 21:11:21,590 - app.origin - INFO - 已写入第九十八章 战雷神！（求收藏）
2016-07-27 21:11:21,951 - app.origin - INFO - 已写入第九十九章 此战之后，你我再也不欠！
2016-07-27 21:11:22,215 - app.origin - INFO - 已写入第一百章 几多波折，终能团聚
2016-07-27 21:11:22,512 - app.origin - INFO - 已写入第一百零一章 收尾，局长有请
2016-07-27 21:11:22,866 - app.origin - INFO - 已写入第一百零二章 绝世高手就在眼前！
2016-07-27 21:11:23,214 - app.origin - INFO - 已写入第一百零三章 师傅！
2016-07-27 21:11:23,503 - app.origin - INFO - 已写入第一百零四章 坏消息？好消息？
2016-07-27 21:11:23,739 - app.origin - INFO - 已写入第一百零五章 再遇万磁王！
2016-07-27 21:11:24,033 - app.origin - INFO - 已写入第一百零六章 一个爱上了机器人的女人
2016-07-27 21:11:24,278 - app.origin - INFO - 已写入第一百零七章 绿巨人大战幻视
2016-07-27 21:11:24,520 - app.origin - INFO - 已写入第一百零八章 绯红女巫
2016-07-27 21:11:24,801 - app.origin - INFO - 已写入第一百零九章 至尊法师
2016-07-27 21:11:25,157 - app.origin - INFO - 已写入第一百一十章 绿巨人大战神奇四侠一
2016-07-27 21:11:25,476 - app.origin - INFO - 已写入第一百一十一章 绿巨人大战神奇四侠二
2016-07-27 21:11:25,727 - app.origin - INFO - 已写入第一百一十二章 绿巨人大战神奇四侠三
2016-07-27 21:11:26,367 - app.origin - INFO - 已写入第一百一十三章 大言不惭，三分钟足矣！
2016-07-27 21:11:26,994 - app.origin - INFO - 已写入第一百一十四章 群殴？NO，单挑！
2016-07-27 21:11:27,330 - app.origin - INFO - 已写入第一百一十五章 该你们了！
2016-07-27 21:11:27,629 - app.origin - INFO - 已写入第一百一十六章 罚你一月不上床！
2016-07-27 21:11:28,125 - app.origin - INFO - 已写入第一百一十七章 太平洋的水里，还缺人吗？
2016-07-27 21:11:28,366 - app.origin - INFO - 已写入第一百一十八章 父女档！复出的超级英雄？
2016-07-27 21:11:28,635 - app.origin - INFO - 已写入第一百一十九章 当超级英雄遇到了超级恶棍
2016-07-27 21:11:28,923 - app.origin - INFO - 已写入第一百二十章 让子弹，飞一会吧！
2016-07-27 21:11:29,157 - app.origin - INFO - 已写入第一百二十一章 钱已经无法解决这件事了
2016-07-27 21:11:29,529 - app.origin - INFO - 已写入第一百二十二章 一个不留
2016-07-27 21:11:29,829 - app.origin - INFO - 已写入第一百二十三章 一个悲伤的故事
2016-07-27 21:11:30,101 - app.origin - INFO - 已写入第一百二十四章 越狱
2016-07-27 21:11:30,421 - app.origin - INFO - 已写入第一百二十五章 群魔乱舞
2016-07-27 21:11:30,787 - app.origin - INFO - 已写入第一百二十六章 群魔乱舞
2016-07-27 21:11:31,119 - app.origin - INFO - 已写入第一百二十七章 我要在表妹面前杀表哥！
2016-07-27 21:11:31,376 - app.origin - INFO - 已写入第一百二十八章 这是我们的承诺！
2016-07-27 21:11:31,769 - app.origin - INFO - 已写入第一百二十九章 下辈子吧！
2016-07-27 21:11:32,162 - app.origin - INFO - 已写入第一百三十章 夜访吸血鬼
2016-07-27 21:11:32,457 - app.origin - INFO - 已写入第一百三十一章 让我来！
2016-07-27 21:11:32,754 - app.origin - INFO - 已写入第一百三十二章 就问还有谁？
2016-07-27 21:11:33,441 - app.origin - INFO - 已写入第一百三十三章 万物皆可杀？你也可杀！知否？
2016-07-27 21:11:33,780 - app.origin - INFO - 已写入第一百三十四章 此件事了
2016-07-27 21:11:34,075 - app.origin - INFO - 已写入第一百三十五章 大战余声
2016-07-27 21:11:34,449 - app.origin - INFO - 已写入第一百三十六章 我的朋友喝醉了
2016-07-27 21:11:34,728 - app.origin - INFO - 已写入第一百三十七章 买命钱
2016-07-27 21:11:35,278 - app.origin - INFO - 已写入第一百三十八章 围剿
2016-07-27 21:11:35,654 - app.origin - INFO - 已写入第一百三十九章 冬日战士
2016-07-27 21:11:36,003 - app.origin - INFO - 已写入第一百四十章 邪术师(感谢书友3718129！)
2016-07-27 21:11:36,296 - app.origin - INFO - 已写入第一百四十一章 死亡之尘
2016-07-27 21:11:36,551 - app.origin - INFO - 已写入第一百四十二章 粉身碎骨，挫骨扬灰！
2016-07-27 21:11:36,869 - app.origin - INFO - 已写入蚂蚱有事请假一天
2016-07-27 21:11:37,188 - app.origin - INFO - 已写入第一百四十三章 谈判！
2016-07-27 21:11:37,433 - app.origin - INFO - 已写入第一百四十四章 机械红骷髅
2016-07-27 21:11:37,718 - app.origin - INFO - 已写入第一百四十五章 救驾来迟
2016-07-27 21:11:37,958 - app.origin - INFO - 已写入第一百四十六章 Thank you
2016-07-27 21:11:38,239 - app.origin - INFO - 已写入第一百四十七章 横冲直撞
2016-07-27 21:11:38,584 - app.origin - INFO - 已写入第一百四十八章 超光子格斗术
2016-07-27 21:11:38,854 - app.origin - INFO - 已写入第一百四十九章 佐拉博士
2016-07-27 21:11:39,136 - app.origin - INFO - 已写入第一百五十章 你不给我，我自己抢过来就是了
2016-07-27 21:11:39,396 - app.origin - INFO - 已写入第一百五十一章 大叔很忙
2016-07-27 21:11:39,672 - app.origin - INFO - 已写入第一百五十二章 我，浩克，来了！
2016-07-27 21:11:39,931 - app.origin - INFO - 已写入第一百五十三章 收获
2016-07-27 21:11:40,261 - app.origin - INFO - 已写入第一百五十四章 那还不快点来参见会长！
2016-07-27 21:11:40,555 - app.origin - INFO - 已写入第一百五十五章 刀锋战士（感谢霸王要上弓！）
2016-07-27 21:11:41,041 - app.origin - INFO - 已写入第一百五十六章 战书！
2016-07-27 21:11:41,329 - app.origin - INFO - 已写入第一百五十七章 全面开战！
2016-07-27 21:11:41,569 - app.origin - INFO - 已写入第一百五十八章 你有神功，我有科学，你落伍了！
2016-07-27 21:11:41,830 - app.origin - INFO - 已写入第一百五十九章 三个女人
2016-07-27 21:11:42,137 - app.origin - INFO - 已写入第一百六十章 亚特兰蒂斯
2016-07-27 21:11:42,402 - app.origin - INFO - 已写入第一百六十一章 海王
2016-07-27 21:11:42,680 - app.origin - INFO - 已写入第一百六十二章 讨个公道
2016-07-27 21:11:43,329 - app.origin - INFO - 已写入第一百六十三章 你想怎么死！
2016-07-27 21:11:43,580 - app.origin - INFO - 已写入第一百六十四章 我可是铁做的！
2016-07-27 21:11:43,859 - app.origin - INFO - 已写入第一百六十五章 我来晚了！
2016-07-27 21:11:44,148 - app.origin - INFO - 已写入第一百六十六章 告诉我，红骷髅在哪里？
2016-07-27 21:11:44,450 - app.origin - INFO - 已写入第一百六十七章 闭嘴，你这个蠢货！
2016-07-27 21:11:44,868 - app.origin - INFO - 已写入第一百六十八章 就让黄金，铺满我脚下大地吧！
2016-07-27 21:11:45,205 - app.origin - INFO - 已写入第一百六十九章 功德圆满
2016-07-27 21:11:45,575 - app.origin - INFO - 已写入第一百七十章 月圆之夜，我来找你！
2016-07-27 21:11:45,969 - app.origin - INFO - 已写入第一百七十一章 两相算清！
2016-07-27 21:11:46,286 - app.origin - INFO - 已写入第一百七十二章 吸血鬼猎人布兰奇！
2016-07-27 21:11:46,605 - app.origin - INFO - 已写入第一百七十三章 杀人，用拳头！
2016-07-27 21:11:46,975 - app.origin - INFO - 已写入第一百七十四章 你的事，大了！
2016-07-27 21:11:47,263 - app.origin - INFO - 已写入第一百七十五章 说，你到底是谁！
2016-07-27 21:11:47,669 - app.origin - INFO - 已写入第一百七十六章 想知道我是谁，打赢再说！
2016-07-27 21:11:48,016 - app.origin - INFO - 已写入第一百七十七章 统统埋葬这里！
2016-07-27 21:11:48,356 - app.origin - INFO - 已写入第一百七十八章 你且等我率大军救你！
2016-07-27 21:11:48,617 - app.origin - INFO - 已写入第一百七十九章 雷神，来了
2016-07-27 21:11:48,897 - app.origin - INFO - 已写入第一百八十章 说出你的选择，士兵！
2016-07-27 21:11:49,187 - app.origin - INFO - 已写入第一百八十一章 太阳照常升起
2016-07-27 21:11:49,574 - app.origin - INFO - 已写入第一百八十二章 活活将你们打死！
2016-07-27 21:11:49,902 - app.origin - INFO - 已写入第一百八十三章 一波未平一波又起
2016-07-27 21:11:50,308 - app.origin - INFO - 已写入第一百八十四章 布鲁斯班纳？
2016-07-27 21:11:50,580 - app.origin - INFO - 已写入第一百八十五章 你想多了！
2016-07-27 21:11:50,872 - app.origin - INFO - 已写入第一百八十六章 杀一人是杀，杀两人也是杀！
2016-07-27 21:11:51,376 - app.origin - INFO - 已写入第一百八十七章 出手吧，大师！
2016-07-27 21:11:51,613 - app.origin - INFO - 已写入第一百八十八章  送他去见上帝！
2016-07-27 21:11:51,890 - app.origin - INFO - 已写入第一百八十九章 兵分五路！
2016-07-27 21:11:52,145 - app.origin - INFO - 已写入第一百九十章 统统打爆！
2016-07-27 21:11:52,369 - app.origin - INFO - 已写入公告！将在下个周正常更新。。。
2016-07-27 21:11:52,663 - app.origin - INFO - 已写入第一百九十一章 知错也得死！
2016-07-27 21:11:52,943 - app.origin - INFO - 已写入第一百九十二章 于万军之中取尔首级
2016-07-27 21:11:53,280 - app.origin - INFO - 已写入第一百九十三章 屠神之路(感谢兄弟们的月票！)
2016-07-27 21:11:53,560 - app.origin - INFO - 已写入第一百九十四章 两头下注
2016-07-27 21:11:53,859 - app.origin - INFO - 已写入第一百九十五章 黑王黑后
2016-07-27 21:11:54,285 - app.origin - INFO - 已写入第一百九十六章 你自裁吧！
2016-07-27 21:11:54,806 - app.origin - INFO - 已写入第一百九十七章 还有谁能救得了你！
2016-07-27 21:11:55,148 - app.origin - INFO - 已写入第一百九十八章 打的你飞起来
2016-07-27 21:11:55,471 - app.origin - INFO - 已写入第一百九十九章 善后
2016-07-27 21:11:55,848 - app.origin - INFO - 已写入第二百章 卷终！
2016-07-27 21:19:32,037 - app.origin - INFO - 诛仙31免费章节
2016-07-27 21:19:32,069 - app.origin - INFO - 已写入序章
2016-07-27 21:19:32,093 - app.origin - INFO - 已写入第一章 青云
2016-07-27 21:19:32,122 - app.origin - INFO - 已写入第二章 迷局
2016-07-27 21:19:32,149 - app.origin - INFO - 已写入第三章 宏愿
2016-07-27 21:19:32,345 - app.origin - INFO - 已写入第四章 惊变
2016-07-27 21:19:32,373 - app.origin - INFO - 已写入第五章 入门
2016-07-27 21:19:32,492 - app.origin - INFO - 已写入第六章 拜师
2016-07-27 21:19:32,672 - app.origin - INFO - 已写入第七章 初始
2016-07-27 21:19:32,701 - app.origin - INFO - 已写入第八章 传艺
2016-07-27 21:19:32,728 - app.origin - INFO - 已写入第九章 佛与道
2016-07-27 21:19:32,976 - app.origin - INFO - 已写入第十章 幽谷
2016-07-27 21:19:33,001 - app.origin - INFO - 已写入第十一章 异变
2016-07-27 21:19:33,024 - app.origin - INFO - 已写入第十二章 重逢
2016-07-27 21:19:33,042 - app.origin - INFO - 已写入第十三章 奇才
2016-07-27 21:19:33,061 - app.origin - INFO - 已写入第十四章 神通
2016-07-27 21:19:33,079 - app.origin - INFO - 已写入第十五章 私传
2016-07-27 21:19:33,097 - app.origin - INFO - 已写入第十六章 驱物
2016-07-27 21:19:33,121 - app.origin - INFO - 已写入第十七章 赴会
2016-07-27 21:19:33,148 - app.origin - INFO - 已写入第十八章 相逢
2016-07-27 21:19:33,292 - app.origin - INFO - 已写入第十九章 抽签
2016-07-27 21:19:33,317 - app.origin - INFO - 已写入第二十章 魔踪
2016-07-27 21:19:33,339 - app.origin - INFO - 已写入第二十一章 黑夜
2016-07-27 21:19:33,359 - app.origin - INFO - 已写入第二十二章 比试
2016-07-27 21:19:33,380 - app.origin - INFO - 已写入第二十三章 神剑
2016-07-27 21:19:33,406 - app.origin - INFO - 已写入第二十四章 意外
2016-07-27 21:19:33,426 - app.origin - INFO - 已写入第二十五章 运气
2016-07-27 21:19:33,451 - app.origin - INFO - 已写入第二十六章 自尊
2016-07-27 21:19:33,469 - app.origin - INFO - 已写入第二十七章 坚持
2016-07-27 21:19:33,487 - app.origin - INFO - 已写入第二十八章 前四
2016-07-27 21:19:33,508 - app.origin - INFO - 已写入第二十九章 奇术
2016-07-27 21:19:33,534 - app.origin - INFO - 已写入第三十章 怀疑
